[2023-09-11 14:10:43,581][INFO][solver][run_plan] Setting up workspace.
[2023-09-11 14:10:43,583][INFO][solver][run_plan] Running transformation opt_cont.
[2023-09-11 14:20:13,233][INFO][workspace][write] Saving monitors for transformation opt_cont with event info {'state': 'start'} [1].
[2023-09-11 14:34:16,932][INFO][workspace][write] Saving monitors for transformation opt_cont with event info {'iteration': 1, 'state': 'optimizing'} [2].
[2023-09-11 14:52:43,222][INFO][workspace][write] Saving monitors for transformation opt_cont with event info {'iteration': 2, 'state': 'optimizing'} [3].
[2023-09-11 15:01:46,827][INFO][workspace][write] Saving monitors for transformation opt_cont with event info {'iteration': 3, 'state': 'optimizing'} [4].
[2023-09-11 15:11:00,999][INFO][workspace][write] Saving monitors for transformation opt_cont with event info {'iteration': 4, 'state': 'optimizing'} [5].
[2023-09-11 15:20:07,734][INFO][workspace][write] Saving monitors for transformation opt_cont with event info {'iteration': 5, 'state': 'optimizing'} [6].
[2023-09-11 15:38:26,678][INFO][workspace][write] Saving monitors for transformation opt_cont with event info {'iteration': 6, 'state': 'optimizing'} [7].
[2023-09-11 15:56:46,586][INFO][workspace][write] Saving monitors for transformation opt_cont with event info {'iteration': 7, 'state': 'optimizing'} [8].
[2023-09-11 16:06:05,657][INFO][workspace][write] Saving monitors for transformation opt_cont with event info {'iteration': 8, 'state': 'optimizing'} [9].
[2023-09-11 16:15:25,515][INFO][workspace][write] Saving monitors for transformation opt_cont with event info {'iteration': 9, 'state': 'optimizing'} [10].
[2023-09-11 16:24:38,176][INFO][workspace][write] Saving monitors for transformation opt_cont with event info {'iteration': 10, 'state': 'optimizing'} [11].
[2023-09-11 16:33:51,999][INFO][workspace][write] Saving monitors for transformation opt_cont with event info {'iteration': 11, 'state': 'optimizing'} [12].
[2023-09-11 16:43:13,009][INFO][workspace][write] Saving monitors for transformation opt_cont with event info {'iteration': 12, 'state': 'optimizing'} [13].
[2023-09-11 16:52:23,223][INFO][workspace][write] Saving monitors for transformation opt_cont with event info {'iteration': 13, 'state': 'optimizing'} [14].
[2023-09-11 17:01:34,614][INFO][workspace][write] Saving monitors for transformation opt_cont with event info {'iteration': 14, 'state': 'optimizing'} [15].
[2023-09-11 17:10:31,614][INFO][workspace][write] Saving monitors for transformation opt_cont with event info {'iteration': 15, 'state': 'optimizing'} [16].
[2023-09-11 17:19:59,580][INFO][workspace][write] Saving monitors for transformation opt_cont with event info {'iteration': 16, 'state': 'optimizing'} [17].
[2023-09-11 17:29:03,093][INFO][workspace][write] Saving monitors for transformation opt_cont with event info {'iteration': 17, 'state': 'optimizing'} [18].
[2023-09-11 17:38:06,407][INFO][workspace][write] Saving monitors for transformation opt_cont with event info {'iteration': 18, 'state': 'optimizing'} [19].
[2023-09-11 17:47:25,800][INFO][workspace][write] Saving monitors for transformation opt_cont with event info {'iteration': 19, 'state': 'optimizing'} [20].
[2023-09-11 17:56:30,499][INFO][workspace][write] Saving monitors for transformation opt_cont with event info {'iteration': 20, 'state': 'optimizing'} [21].
[2023-09-11 18:05:30,429][INFO][workspace][write] Saving monitors for transformation opt_cont with event info {'iteration': 21, 'state': 'optimizing'} [22].
[2023-09-11 18:14:49,051][INFO][workspace][write] Saving monitors for transformation opt_cont with event info {'iteration': 22, 'state': 'optimizing'} [23].
[2023-09-11 18:23:51,618][INFO][workspace][write] Saving monitors for transformation opt_cont with event info {'iteration': 23, 'state': 'optimizing'} [24].
[2023-09-11 18:32:53,690][INFO][workspace][write] Saving monitors for transformation opt_cont with event info {'iteration': 24, 'state': 'optimizing'} [25].
[2023-09-11 18:42:09,110][INFO][workspace][write] Saving monitors for transformation opt_cont with event info {'iteration': 25, 'state': 'optimizing'} [26].
[2023-09-11 18:51:18,620][INFO][workspace][write] Saving monitors for transformation opt_cont with event info {'iteration': 26, 'state': 'optimizing'} [27].
[2023-09-11 19:00:28,685][INFO][workspace][write] Saving monitors for transformation opt_cont with event info {'iteration': 27, 'state': 'optimizing'} [28].
[2023-09-11 19:09:50,892][INFO][workspace][write] Saving monitors for transformation opt_cont with event info {'iteration': 28, 'state': 'optimizing'} [29].
[2023-09-11 19:19:09,288][INFO][workspace][write] Saving monitors for transformation opt_cont with event info {'iteration': 29, 'state': 'optimizing'} [30].
[2023-09-11 19:28:17,689][INFO][workspace][write] Saving monitors for transformation opt_cont with event info {'iteration': 30, 'state': 'optimizing'} [31].
[2023-09-11 19:37:24,005][INFO][workspace][write] Saving monitors for transformation opt_cont with event info {'iteration': 31, 'state': 'optimizing'} [32].
[2023-09-11 19:46:46,429][INFO][workspace][write] Saving monitors for transformation opt_cont with event info {'iteration': 32, 'state': 'optimizing'} [33].
[2023-09-11 19:55:56,616][INFO][workspace][write] Saving monitors for transformation opt_cont with event info {'iteration': 33, 'state': 'optimizing'} [34].
[2023-09-11 20:05:10,648][INFO][workspace][write] Saving monitors for transformation opt_cont with event info {'iteration': 34, 'state': 'optimizing'} [35].
[2023-09-11 20:14:16,315][INFO][workspace][write] Saving monitors for transformation opt_cont with event info {'iteration': 35, 'state': 'optimizing'} [36].
[2023-09-11 20:23:20,659][INFO][workspace][write] Saving monitors for transformation opt_cont with event info {'iteration': 36, 'state': 'optimizing'} [37].
[2023-09-11 20:32:46,908][INFO][workspace][write] Saving monitors for transformation opt_cont with event info {'iteration': 37, 'state': 'optimizing'} [38].
[2023-09-11 20:41:57,115][INFO][workspace][write] Saving monitors for transformation opt_cont with event info {'iteration': 38, 'state': 'optimizing'} [39].
[2023-09-11 20:51:16,523][INFO][workspace][write] Saving monitors for transformation opt_cont with event info {'iteration': 39, 'state': 'optimizing'} [40].
[2023-09-11 21:09:29,989][INFO][workspace][write] Saving monitors for transformation opt_cont with event info {'iteration': 40, 'state': 'optimizing'} [41].
[2023-09-11 21:18:36,123][INFO][workspace][write] Saving monitors for transformation opt_cont with event info {'iteration': 41, 'state': 'optimizing'} [42].
[2023-09-11 21:27:39,225][INFO][workspace][write] Saving monitors for transformation opt_cont with event info {'iteration': 42, 'state': 'optimizing'} [43].
[2023-09-11 21:36:40,995][INFO][workspace][write] Saving monitors for transformation opt_cont with event info {'iteration': 43, 'state': 'optimizing'} [44].
[2023-09-11 21:45:49,716][INFO][workspace][write] Saving monitors for transformation opt_cont with event info {'iteration': 44, 'state': 'optimizing'} [45].
[2023-09-11 21:55:04,095][INFO][workspace][write] Saving monitors for transformation opt_cont with event info {'iteration': 45, 'state': 'optimizing'} [46].
[2023-09-11 22:04:21,946][INFO][workspace][write] Saving monitors for transformation opt_cont with event info {'iteration': 46, 'state': 'optimizing'} [47].
[2023-09-11 22:13:28,010][INFO][workspace][write] Saving monitors for transformation opt_cont with event info {'iteration': 47, 'state': 'optimizing'} [48].
[2023-09-11 22:22:30,797][INFO][workspace][write] Saving monitors for transformation opt_cont with event info {'iteration': 48, 'state': 'optimizing'} [49].
[2023-09-11 22:31:44,746][INFO][workspace][write] Saving monitors for transformation opt_cont with event info {'iteration': 49, 'state': 'optimizing'} [50].
[2023-09-11 22:40:50,198][INFO][workspace][write] Saving monitors for transformation opt_cont with event info {'iteration': 50, 'state': 'optimizing'} [51].
[2023-09-11 22:40:50,830][INFO][workspace][write] Saving monitors for transformation opt_cont with event info {'state': 'end'} [52].
[2023-09-11 22:40:51,005][INFO][workspace][write_checkpoint] Saving checkpoint file: opt_cont.chkpt.pkl
[2023-09-11 22:40:51,008][INFO][solver][run_plan] Running transformation opt_cont_disc.
[2023-09-11 22:40:51,698][INFO][workspace][write] Saving monitors for transformation opt_cont_disc with event info {'state': 'start'} [53].
[2023-09-11 22:50:06,770][INFO][workspace][write] Saving monitors for transformation opt_cont_disc with event info {'iteration': 1, 'state': 'optimizing'} [54].
[2023-09-11 22:59:12,613][INFO][workspace][write] Saving monitors for transformation opt_cont_disc with event info {'iteration': 2, 'state': 'optimizing'} [55].
[2023-09-11 23:08:24,521][INFO][workspace][write] Saving monitors for transformation opt_cont_disc with event info {'iteration': 3, 'state': 'optimizing'} [56].
[2023-09-11 23:17:34,000][INFO][workspace][write] Saving monitors for transformation opt_cont_disc with event info {'iteration': 4, 'state': 'optimizing'} [57].
[2023-09-11 23:26:49,400][INFO][workspace][write] Saving monitors for transformation opt_cont_disc with event info {'iteration': 5, 'state': 'optimizing'} [58].
[2023-09-11 23:36:02,610][INFO][workspace][write] Saving monitors for transformation opt_cont_disc with event info {'iteration': 6, 'state': 'optimizing'} [59].
[2023-09-11 23:45:10,042][INFO][workspace][write] Saving monitors for transformation opt_cont_disc with event info {'iteration': 7, 'state': 'optimizing'} [60].
[2023-09-11 23:54:16,957][INFO][workspace][write] Saving monitors for transformation opt_cont_disc with event info {'iteration': 8, 'state': 'optimizing'} [61].
[2023-09-12 00:12:37,421][INFO][workspace][write] Saving monitors for transformation opt_cont_disc with event info {'iteration': 9, 'state': 'optimizing'} [62].
[2023-09-12 00:30:58,007][INFO][workspace][write] Saving monitors for transformation opt_cont_disc with event info {'iteration': 10, 'state': 'optimizing'} [63].
[2023-09-12 00:49:17,301][INFO][workspace][write] Saving monitors for transformation opt_cont_disc with event info {'iteration': 11, 'state': 'optimizing'} [64].
[2023-09-12 00:58:28,780][INFO][workspace][write] Saving monitors for transformation opt_cont_disc with event info {'iteration': 12, 'state': 'optimizing'} [65].
[2023-09-12 00:58:29,501][INFO][workspace][write] Saving monitors for transformation opt_cont_disc with event info {'state': 'end'} [66].
[2023-09-12 00:58:30,142][INFO][workspace][write_checkpoint] Saving checkpoint file: opt_cont_disc.chkpt.pkl
[2023-09-12 00:58:30,145][INFO][solver][run_plan] Running transformation cont_to_disc.
[2023-09-12 00:58:31,910][INFO][workspace][write_checkpoint] Saving checkpoint file: cont_to_disc.chkpt.pkl
[2023-09-12 00:58:31,916][INFO][solver][run_plan] Running transformation opt_disc.
[2023-09-12 01:03:19,149][INFO][workspace][write] Saving monitors for transformation opt_disc with event info {'state': 'start'} [67].
[2023-09-12 01:12:21,398][INFO][workspace][write] Saving monitors for transformation opt_disc with event info {'iteration': 1, 'state': 'optimizing'} [68].
[2023-09-12 01:21:34,816][INFO][workspace][write] Saving monitors for transformation opt_disc with event info {'iteration': 2, 'state': 'optimizing'} [69].
[2023-09-12 01:30:47,464][INFO][workspace][write] Saving monitors for transformation opt_disc with event info {'iteration': 3, 'state': 'optimizing'} [70].
[2023-09-12 01:40:05,198][INFO][workspace][write] Saving monitors for transformation opt_disc with event info {'iteration': 4, 'state': 'optimizing'} [71].
[2023-09-12 01:49:16,763][INFO][workspace][write] Saving monitors for transformation opt_disc with event info {'iteration': 5, 'state': 'optimizing'} [72].
[2023-09-12 01:58:20,128][INFO][workspace][write] Saving monitors for transformation opt_disc with event info {'iteration': 6, 'state': 'optimizing'} [73].
[2023-09-12 02:07:32,165][INFO][workspace][write] Saving monitors for transformation opt_disc with event info {'iteration': 7, 'state': 'optimizing'} [74].
[2023-09-12 02:16:32,529][INFO][workspace][write] Saving monitors for transformation opt_disc with event info {'iteration': 8, 'state': 'optimizing'} [75].
[2023-09-12 02:25:46,344][INFO][workspace][write] Saving monitors for transformation opt_disc with event info {'iteration': 9, 'state': 'optimizing'} [76].
[2023-09-12 02:34:59,653][INFO][workspace][write] Saving monitors for transformation opt_disc with event info {'iteration': 10, 'state': 'optimizing'} [77].
[2023-09-12 02:44:00,805][INFO][workspace][write] Saving monitors for transformation opt_disc with event info {'iteration': 11, 'state': 'optimizing'} [78].
[2023-09-12 02:53:09,407][INFO][workspace][write] Saving monitors for transformation opt_disc with event info {'iteration': 12, 'state': 'optimizing'} [79].
[2023-09-12 03:02:32,403][INFO][workspace][write] Saving monitors for transformation opt_disc with event info {'iteration': 13, 'state': 'optimizing'} [80].
[2023-09-12 03:11:43,806][INFO][workspace][write] Saving monitors for transformation opt_disc with event info {'iteration': 14, 'state': 'optimizing'} [81].
[2023-09-12 03:20:48,761][INFO][workspace][write] Saving monitors for transformation opt_disc with event info {'iteration': 15, 'state': 'optimizing'} [82].
[2023-09-12 03:29:50,158][INFO][workspace][write] Saving monitors for transformation opt_disc with event info {'iteration': 16, 'state': 'optimizing'} [83].
[2023-09-12 03:43:41,816][INFO][workspace][write] Saving monitors for transformation opt_disc with event info {'iteration': 17, 'state': 'optimizing'} [84].
[2023-09-12 03:52:45,097][INFO][workspace][write] Saving monitors for transformation opt_disc with event info {'iteration': 18, 'state': 'optimizing'} [85].
[2023-09-12 04:02:04,977][INFO][workspace][write] Saving monitors for transformation opt_disc with event info {'iteration': 19, 'state': 'optimizing'} [86].
[2023-09-12 04:11:38,182][INFO][workspace][write] Saving monitors for transformation opt_disc with event info {'iteration': 20, 'state': 'optimizing'} [87].
[2023-09-12 04:21:02,559][INFO][workspace][write] Saving monitors for transformation opt_disc with event info {'iteration': 21, 'state': 'optimizing'} [88].
[2023-09-12 04:30:26,417][INFO][workspace][write] Saving monitors for transformation opt_disc with event info {'iteration': 22, 'state': 'optimizing'} [89].
[2023-09-12 04:39:31,866][INFO][workspace][write] Saving monitors for transformation opt_disc with event info {'iteration': 23, 'state': 'optimizing'} [90].
[2023-09-12 04:48:49,470][INFO][workspace][write] Saving monitors for transformation opt_disc with event info {'iteration': 24, 'state': 'optimizing'} [91].
[2023-09-12 04:58:00,369][INFO][workspace][write] Saving monitors for transformation opt_disc with event info {'iteration': 25, 'state': 'optimizing'} [92].
[2023-09-12 05:07:05,458][INFO][workspace][write] Saving monitors for transformation opt_disc with event info {'iteration': 26, 'state': 'optimizing'} [93].
[2023-09-12 05:16:16,148][INFO][workspace][write] Saving monitors for transformation opt_disc with event info {'iteration': 27, 'state': 'optimizing'} [94].
[2023-09-12 05:25:23,141][INFO][workspace][write] Saving monitors for transformation opt_disc with event info {'iteration': 28, 'state': 'optimizing'} [95].
[2023-09-12 05:34:37,407][INFO][workspace][write] Saving monitors for transformation opt_disc with event info {'iteration': 29, 'state': 'optimizing'} [96].
[2023-09-12 05:43:45,851][INFO][workspace][write] Saving monitors for transformation opt_disc with event info {'iteration': 30, 'state': 'optimizing'} [97].
[2023-09-12 05:52:55,509][INFO][workspace][write] Saving monitors for transformation opt_disc with event info {'iteration': 31, 'state': 'optimizing'} [98].
[2023-09-12 06:02:01,509][INFO][workspace][write] Saving monitors for transformation opt_disc with event info {'iteration': 32, 'state': 'optimizing'} [99].
[2023-09-12 06:11:21,515][INFO][workspace][write] Saving monitors for transformation opt_disc with event info {'iteration': 33, 'state': 'optimizing'} [100].
[2023-09-12 06:20:48,122][INFO][workspace][write] Saving monitors for transformation opt_disc with event info {'iteration': 34, 'state': 'optimizing'} [101].
[2023-09-12 06:29:57,454][INFO][workspace][write] Saving monitors for transformation opt_disc with event info {'iteration': 35, 'state': 'optimizing'} [102].
[2023-09-12 06:39:04,533][INFO][workspace][write] Saving monitors for transformation opt_disc with event info {'iteration': 36, 'state': 'optimizing'} [103].
[2023-09-12 06:48:14,203][INFO][workspace][write] Saving monitors for transformation opt_disc with event info {'iteration': 37, 'state': 'optimizing'} [104].
[2023-09-12 06:57:12,604][INFO][workspace][write] Saving monitors for transformation opt_disc with event info {'iteration': 38, 'state': 'optimizing'} [105].
[2023-09-12 07:06:20,094][INFO][workspace][write] Saving monitors for transformation opt_disc with event info {'iteration': 39, 'state': 'optimizing'} [106].
[2023-09-12 07:15:28,204][INFO][workspace][write] Saving monitors for transformation opt_disc with event info {'iteration': 40, 'state': 'optimizing'} [107].
[2023-09-12 07:24:37,672][INFO][workspace][write] Saving monitors for transformation opt_disc with event info {'iteration': 41, 'state': 'optimizing'} [108].
[2023-09-12 07:33:40,398][INFO][workspace][write] Saving monitors for transformation opt_disc with event info {'iteration': 42, 'state': 'optimizing'} [109].
[2023-09-12 07:42:53,319][INFO][workspace][write] Saving monitors for transformation opt_disc with event info {'iteration': 43, 'state': 'optimizing'} [110].
[2023-09-12 07:52:07,279][INFO][workspace][write] Saving monitors for transformation opt_disc with event info {'iteration': 44, 'state': 'optimizing'} [111].
[2023-09-12 08:01:17,460][INFO][workspace][write] Saving monitors for transformation opt_disc with event info {'iteration': 45, 'state': 'optimizing'} [112].
[2023-09-12 08:10:33,226][INFO][workspace][write] Saving monitors for transformation opt_disc with event info {'iteration': 46, 'state': 'optimizing'} [113].
[2023-09-12 08:19:43,760][INFO][workspace][write] Saving monitors for transformation opt_disc with event info {'iteration': 47, 'state': 'optimizing'} [114].
[2023-09-12 08:28:45,825][INFO][workspace][write] Saving monitors for transformation opt_disc with event info {'iteration': 48, 'state': 'optimizing'} [115].
[2023-09-12 08:38:13,904][INFO][workspace][write] Saving monitors for transformation opt_disc with event info {'iteration': 49, 'state': 'optimizing'} [116].
[2023-09-12 08:47:26,813][INFO][workspace][write] Saving monitors for transformation opt_disc with event info {'iteration': 50, 'state': 'optimizing'} [117].
[2023-09-12 08:56:52,430][INFO][workspace][write] Saving monitors for transformation opt_disc with event info {'iteration': 51, 'state': 'optimizing'} [118].
[2023-09-12 09:06:08,084][INFO][workspace][write] Saving monitors for transformation opt_disc with event info {'iteration': 52, 'state': 'optimizing'} [119].
[2023-09-12 09:15:17,519][INFO][workspace][write] Saving monitors for transformation opt_disc with event info {'iteration': 53, 'state': 'optimizing'} [120].
[2023-09-12 09:28:56,878][INFO][workspace][write] Saving monitors for transformation opt_disc with event info {'iteration': 54, 'state': 'optimizing'} [121].
[2023-09-12 09:38:13,094][INFO][workspace][write] Saving monitors for transformation opt_disc with event info {'iteration': 55, 'state': 'optimizing'} [122].
[2023-09-12 09:47:26,961][INFO][workspace][write] Saving monitors for transformation opt_disc with event info {'iteration': 56, 'state': 'optimizing'} [123].
[2023-09-12 09:56:39,541][INFO][workspace][write] Saving monitors for transformation opt_disc with event info {'iteration': 57, 'state': 'optimizing'} [124].
[2023-09-12 10:05:54,600][INFO][workspace][write] Saving monitors for transformation opt_disc with event info {'iteration': 58, 'state': 'optimizing'} [125].
[2023-09-12 10:15:04,250][INFO][workspace][write] Saving monitors for transformation opt_disc with event info {'iteration': 59, 'state': 'optimizing'} [126].
[2023-09-12 10:24:15,347][INFO][workspace][write] Saving monitors for transformation opt_disc with event info {'iteration': 60, 'state': 'optimizing'} [127].
[2023-09-12 10:33:22,912][INFO][workspace][write] Saving monitors for transformation opt_disc with event info {'iteration': 61, 'state': 'optimizing'} [128].
[2023-09-12 10:42:29,536][INFO][workspace][write] Saving monitors for transformation opt_disc with event info {'iteration': 62, 'state': 'optimizing'} [129].
[2023-09-12 10:51:55,558][INFO][workspace][write] Saving monitors for transformation opt_disc with event info {'iteration': 63, 'state': 'optimizing'} [130].
[2023-09-12 11:01:12,173][INFO][workspace][write] Saving monitors for transformation opt_disc with event info {'iteration': 64, 'state': 'optimizing'} [131].
[2023-09-12 11:10:18,518][INFO][workspace][write] Saving monitors for transformation opt_disc with event info {'iteration': 65, 'state': 'optimizing'} [132].
[2023-09-12 11:19:36,570][INFO][workspace][write] Saving monitors for transformation opt_disc with event info {'iteration': 66, 'state': 'optimizing'} [133].
[2023-09-12 11:28:38,651][INFO][workspace][write] Saving monitors for transformation opt_disc with event info {'iteration': 67, 'state': 'optimizing'} [134].
[2023-09-12 11:37:49,197][INFO][workspace][write] Saving monitors for transformation opt_disc with event info {'iteration': 68, 'state': 'optimizing'} [135].
[2023-09-12 11:47:03,344][INFO][workspace][write] Saving monitors for transformation opt_disc with event info {'iteration': 69, 'state': 'optimizing'} [136].
[2023-09-12 11:56:08,471][INFO][workspace][write] Saving monitors for transformation opt_disc with event info {'iteration': 70, 'state': 'optimizing'} [137].
[2023-09-12 12:10:03,686][INFO][workspace][write] Saving monitors for transformation opt_disc with event info {'iteration': 71, 'state': 'optimizing'} [138].
[2023-09-12 12:19:15,806][INFO][workspace][write] Saving monitors for transformation opt_disc with event info {'iteration': 72, 'state': 'optimizing'} [139].
[2023-09-12 12:28:38,155][INFO][workspace][write] Saving monitors for transformation opt_disc with event info {'iteration': 73, 'state': 'optimizing'} [140].
[2023-09-12 12:37:52,879][INFO][workspace][write] Saving monitors for transformation opt_disc with event info {'iteration': 74, 'state': 'optimizing'} [141].
[2023-09-12 12:47:02,301][INFO][workspace][write] Saving monitors for transformation opt_disc with event info {'iteration': 75, 'state': 'optimizing'} [142].
[2023-09-12 12:56:21,707][INFO][workspace][write] Saving monitors for transformation opt_disc with event info {'iteration': 76, 'state': 'optimizing'} [143].
[2023-09-12 13:05:41,949][INFO][workspace][write] Saving monitors for transformation opt_disc with event info {'iteration': 77, 'state': 'optimizing'} [144].
[2023-09-12 13:14:49,633][INFO][workspace][write] Saving monitors for transformation opt_disc with event info {'iteration': 78, 'state': 'optimizing'} [145].
[2023-09-12 13:23:57,008][INFO][workspace][write] Saving monitors for transformation opt_disc with event info {'iteration': 79, 'state': 'optimizing'} [146].
[2023-09-12 13:33:05,670][INFO][workspace][write] Saving monitors for transformation opt_disc with event info {'iteration': 80, 'state': 'optimizing'} [147].
[2023-09-12 13:42:13,172][INFO][workspace][write] Saving monitors for transformation opt_disc with event info {'iteration': 81, 'state': 'optimizing'} [148].
[2023-09-12 13:51:26,150][INFO][workspace][write] Saving monitors for transformation opt_disc with event info {'iteration': 82, 'state': 'optimizing'} [149].
[2023-09-12 14:05:17,332][INFO][workspace][write] Saving monitors for transformation opt_disc with event info {'iteration': 83, 'state': 'optimizing'} [150].
[2023-09-12 14:14:30,913][INFO][workspace][write] Saving monitors for transformation opt_disc with event info {'iteration': 84, 'state': 'optimizing'} [151].
[2023-09-12 14:23:48,956][INFO][workspace][write] Saving monitors for transformation opt_disc with event info {'iteration': 85, 'state': 'optimizing'} [152].
[2023-09-12 14:32:52,895][INFO][workspace][write] Saving monitors for transformation opt_disc with event info {'iteration': 86, 'state': 'optimizing'} [153].
[2023-09-12 14:42:02,857][INFO][workspace][write] Saving monitors for transformation opt_disc with event info {'iteration': 87, 'state': 'optimizing'} [154].
[2023-09-12 14:51:14,805][INFO][workspace][write] Saving monitors for transformation opt_disc with event info {'iteration': 88, 'state': 'optimizing'} [155].
[2023-09-12 15:00:19,574][INFO][workspace][write] Saving monitors for transformation opt_disc with event info {'iteration': 89, 'state': 'optimizing'} [156].
[2023-09-12 15:09:24,132][INFO][workspace][write] Saving monitors for transformation opt_disc with event info {'iteration': 90, 'state': 'optimizing'} [157].
[2023-09-12 15:18:26,418][INFO][workspace][write] Saving monitors for transformation opt_disc with event info {'iteration': 91, 'state': 'optimizing'} [158].
[2023-09-12 15:27:44,010][INFO][workspace][write] Saving monitors for transformation opt_disc with event info {'iteration': 92, 'state': 'optimizing'} [159].
[2023-09-12 15:36:43,984][INFO][workspace][write] Saving monitors for transformation opt_disc with event info {'iteration': 93, 'state': 'optimizing'} [160].
[2023-09-12 15:50:11,205][INFO][workspace][write] Saving monitors for transformation opt_disc with event info {'iteration': 94, 'state': 'optimizing'} [161].
[2023-09-12 15:59:23,188][INFO][workspace][write] Saving monitors for transformation opt_disc with event info {'iteration': 95, 'state': 'optimizing'} [162].
[2023-09-12 16:13:07,002][INFO][workspace][write] Saving monitors for transformation opt_disc with event info {'iteration': 96, 'state': 'optimizing'} [163].
[2023-09-12 16:22:12,586][INFO][workspace][write] Saving monitors for transformation opt_disc with event info {'iteration': 97, 'state': 'optimizing'} [164].
[2023-09-12 16:31:18,809][INFO][workspace][write] Saving monitors for transformation opt_disc with event info {'iteration': 98, 'state': 'optimizing'} [165].
[2023-09-12 16:40:43,879][INFO][workspace][write] Saving monitors for transformation opt_disc with event info {'iteration': 99, 'state': 'optimizing'} [166].
[2023-09-12 16:50:00,207][INFO][workspace][write] Saving monitors for transformation opt_disc with event info {'iteration': 100, 'state': 'optimizing'} [167].
[2023-09-12 16:59:17,713][INFO][workspace][write] Saving monitors for transformation opt_disc with event info {'iteration': 101, 'state': 'optimizing'} [168].
[2023-09-12 17:08:38,269][INFO][workspace][write] Saving monitors for transformation opt_disc with event info {'iteration': 102, 'state': 'optimizing'} [169].
[2023-09-12 17:18:06,042][INFO][workspace][write] Saving monitors for transformation opt_disc with event info {'iteration': 103, 'state': 'optimizing'} [170].
[2023-09-12 17:27:13,553][INFO][workspace][write] Saving monitors for transformation opt_disc with event info {'iteration': 104, 'state': 'optimizing'} [171].
[2023-09-12 17:36:21,534][INFO][workspace][write] Saving monitors for transformation opt_disc with event info {'iteration': 105, 'state': 'optimizing'} [172].
[2023-09-12 17:45:33,335][INFO][workspace][write] Saving monitors for transformation opt_disc with event info {'iteration': 106, 'state': 'optimizing'} [173].
[2023-09-12 17:54:49,684][INFO][workspace][write] Saving monitors for transformation opt_disc with event info {'iteration': 107, 'state': 'optimizing'} [174].
[2023-09-12 18:03:56,940][INFO][workspace][write] Saving monitors for transformation opt_disc with event info {'iteration': 108, 'state': 'optimizing'} [175].
[2023-09-12 18:13:04,766][INFO][workspace][write] Saving monitors for transformation opt_disc with event info {'iteration': 109, 'state': 'optimizing'} [176].
[2023-09-12 18:22:13,780][INFO][workspace][write] Saving monitors for transformation opt_disc with event info {'iteration': 110, 'state': 'optimizing'} [177].
[2023-09-12 18:31:33,072][INFO][workspace][write] Saving monitors for transformation opt_disc with event info {'iteration': 111, 'state': 'optimizing'} [178].
[2023-09-12 18:40:45,689][INFO][workspace][write] Saving monitors for transformation opt_disc with event info {'iteration': 112, 'state': 'optimizing'} [179].
[2023-09-12 18:49:48,118][INFO][workspace][write] Saving monitors for transformation opt_disc with event info {'iteration': 113, 'state': 'optimizing'} [180].
[2023-09-12 18:58:57,198][INFO][workspace][write] Saving monitors for transformation opt_disc with event info {'iteration': 114, 'state': 'optimizing'} [181].
[2023-09-12 19:12:46,458][INFO][workspace][write] Saving monitors for transformation opt_disc with event info {'iteration': 115, 'state': 'optimizing'} [182].
[2023-09-12 19:22:00,544][INFO][workspace][write] Saving monitors for transformation opt_disc with event info {'iteration': 116, 'state': 'optimizing'} [183].
[2023-09-12 19:31:05,827][INFO][workspace][write] Saving monitors for transformation opt_disc with event info {'iteration': 117, 'state': 'optimizing'} [184].
[2023-09-12 19:40:24,285][INFO][workspace][write] Saving monitors for transformation opt_disc with event info {'iteration': 118, 'state': 'optimizing'} [185].
[2023-09-12 19:49:57,023][INFO][workspace][write] Saving monitors for transformation opt_disc with event info {'iteration': 119, 'state': 'optimizing'} [186].
[2023-09-12 19:59:19,150][INFO][workspace][write] Saving monitors for transformation opt_disc with event info {'iteration': 120, 'state': 'optimizing'} [187].
[2023-09-12 20:08:30,401][INFO][workspace][write] Saving monitors for transformation opt_disc with event info {'iteration': 121, 'state': 'optimizing'} [188].
[2023-09-12 20:17:39,390][INFO][workspace][write] Saving monitors for transformation opt_disc with event info {'iteration': 122, 'state': 'optimizing'} [189].
[2023-09-12 20:27:08,231][INFO][workspace][write] Saving monitors for transformation opt_disc with event info {'iteration': 123, 'state': 'optimizing'} [190].
[2023-09-12 20:36:26,401][INFO][workspace][write] Saving monitors for transformation opt_disc with event info {'iteration': 124, 'state': 'optimizing'} [191].
[2023-09-12 20:45:40,868][INFO][workspace][write] Saving monitors for transformation opt_disc with event info {'iteration': 125, 'state': 'optimizing'} [192].
[2023-09-12 20:54:52,724][INFO][workspace][write] Saving monitors for transformation opt_disc with event info {'iteration': 126, 'state': 'optimizing'} [193].
[2023-09-12 21:08:43,085][INFO][workspace][write] Saving monitors for transformation opt_disc with event info {'iteration': 127, 'state': 'optimizing'} [194].
[2023-09-12 21:18:00,589][INFO][workspace][write] Saving monitors for transformation opt_disc with event info {'iteration': 128, 'state': 'optimizing'} [195].
[2023-09-12 21:27:09,375][INFO][workspace][write] Saving monitors for transformation opt_disc with event info {'iteration': 129, 'state': 'optimizing'} [196].
[2023-09-12 21:36:26,982][INFO][workspace][write] Saving monitors for transformation opt_disc with event info {'iteration': 130, 'state': 'optimizing'} [197].
[2023-09-12 21:45:50,080][INFO][workspace][write] Saving monitors for transformation opt_disc with event info {'iteration': 131, 'state': 'optimizing'} [198].
[2023-09-12 21:55:12,168][INFO][workspace][write] Saving monitors for transformation opt_disc with event info {'iteration': 132, 'state': 'optimizing'} [199].
[2023-09-12 22:04:41,393][INFO][workspace][write] Saving monitors for transformation opt_disc with event info {'iteration': 133, 'state': 'optimizing'} [200].
[2023-09-12 22:13:53,797][INFO][workspace][write] Saving monitors for transformation opt_disc with event info {'iteration': 134, 'state': 'optimizing'} [201].
[2023-09-12 22:23:12,617][INFO][workspace][write] Saving monitors for transformation opt_disc with event info {'iteration': 135, 'state': 'optimizing'} [202].
[2023-09-12 22:32:33,835][INFO][workspace][write] Saving monitors for transformation opt_disc with event info {'iteration': 136, 'state': 'optimizing'} [203].
[2023-09-12 22:41:59,039][INFO][workspace][write] Saving monitors for transformation opt_disc with event info {'iteration': 137, 'state': 'optimizing'} [204].
[2023-09-12 22:51:16,464][INFO][workspace][write] Saving monitors for transformation opt_disc with event info {'iteration': 138, 'state': 'optimizing'} [205].
[2023-09-12 23:04:53,021][INFO][workspace][write] Saving monitors for transformation opt_disc with event info {'iteration': 139, 'state': 'optimizing'} [206].
[2023-09-12 23:14:12,543][INFO][workspace][write] Saving monitors for transformation opt_disc with event info {'iteration': 140, 'state': 'optimizing'} [207].
[2023-09-12 23:23:23,631][INFO][workspace][write] Saving monitors for transformation opt_disc with event info {'iteration': 141, 'state': 'optimizing'} [208].
[2023-09-12 23:32:31,500][INFO][workspace][write] Saving monitors for transformation opt_disc with event info {'iteration': 142, 'state': 'optimizing'} [209].
[2023-09-12 23:46:14,554][INFO][workspace][write] Saving monitors for transformation opt_disc with event info {'iteration': 143, 'state': 'optimizing'} [210].
[2023-09-13 00:00:04,996][INFO][workspace][write] Saving monitors for transformation opt_disc with event info {'iteration': 144, 'state': 'optimizing'} [211].
[2023-09-13 00:09:18,714][INFO][workspace][write] Saving monitors for transformation opt_disc with event info {'iteration': 145, 'state': 'optimizing'} [212].
[2023-09-13 00:23:24,538][INFO][workspace][write] Saving monitors for transformation opt_disc with event info {'iteration': 146, 'state': 'optimizing'} [213].
[2023-09-13 00:37:17,444][INFO][workspace][write] Saving monitors for transformation opt_disc with event info {'iteration': 147, 'state': 'optimizing'} [214].
[2023-09-13 00:46:31,010][INFO][workspace][write] Saving monitors for transformation opt_disc with event info {'iteration': 148, 'state': 'optimizing'} [215].
[2023-09-13 01:00:19,159][INFO][workspace][write] Saving monitors for transformation opt_disc with event info {'iteration': 149, 'state': 'optimizing'} [216].
[2023-09-13 01:09:43,914][INFO][workspace][write] Saving monitors for transformation opt_disc with event info {'iteration': 150, 'state': 'optimizing'} [217].
[2023-09-13 01:19:07,202][INFO][workspace][write] Saving monitors for transformation opt_disc with event info {'iteration': 151, 'state': 'optimizing'} [218].
[2023-09-13 01:28:21,590][INFO][workspace][write] Saving monitors for transformation opt_disc with event info {'iteration': 152, 'state': 'optimizing'} [219].
[2023-09-13 01:37:35,478][INFO][workspace][write] Saving monitors for transformation opt_disc with event info {'iteration': 153, 'state': 'optimizing'} [220].
[2023-09-13 01:46:55,346][INFO][workspace][write] Saving monitors for transformation opt_disc with event info {'iteration': 154, 'state': 'optimizing'} [221].
[2023-09-13 01:56:01,377][INFO][workspace][write] Saving monitors for transformation opt_disc with event info {'iteration': 155, 'state': 'optimizing'} [222].
[2023-09-13 02:05:08,709][INFO][workspace][write] Saving monitors for transformation opt_disc with event info {'iteration': 156, 'state': 'optimizing'} [223].
[2023-09-13 02:14:21,492][INFO][workspace][write] Saving monitors for transformation opt_disc with event info {'iteration': 157, 'state': 'optimizing'} [224].
[2023-09-13 02:23:30,598][INFO][workspace][write] Saving monitors for transformation opt_disc with event info {'iteration': 158, 'state': 'optimizing'} [225].
[2023-09-13 02:32:58,539][INFO][workspace][write] Saving monitors for transformation opt_disc with event info {'iteration': 159, 'state': 'optimizing'} [226].
[2023-09-13 02:42:17,689][INFO][workspace][write] Saving monitors for transformation opt_disc with event info {'iteration': 160, 'state': 'optimizing'} [227].
[2023-09-13 02:51:31,856][INFO][workspace][write] Saving monitors for transformation opt_disc with event info {'iteration': 161, 'state': 'optimizing'} [228].
[2023-09-13 03:01:08,918][INFO][workspace][write] Saving monitors for transformation opt_disc with event info {'iteration': 162, 'state': 'optimizing'} [229].
[2023-09-13 03:10:34,542][INFO][workspace][write] Saving monitors for transformation opt_disc with event info {'iteration': 163, 'state': 'optimizing'} [230].
[2023-09-13 03:19:46,794][INFO][workspace][write] Saving monitors for transformation opt_disc with event info {'iteration': 164, 'state': 'optimizing'} [231].
[2023-09-13 03:29:06,463][INFO][workspace][write] Saving monitors for transformation opt_disc with event info {'iteration': 165, 'state': 'optimizing'} [232].
[2023-09-13 03:43:14,273][INFO][workspace][write] Saving monitors for transformation opt_disc with event info {'iteration': 166, 'state': 'optimizing'} [233].
[2023-09-13 03:57:10,705][INFO][workspace][write] Saving monitors for transformation opt_disc with event info {'iteration': 167, 'state': 'optimizing'} [234].
[2023-09-13 04:06:16,234][INFO][workspace][write] Saving monitors for transformation opt_disc with event info {'iteration': 168, 'state': 'optimizing'} [235].
[2023-09-13 04:24:55,678][INFO][workspace][write] Saving monitors for transformation opt_disc with event info {'iteration': 169, 'state': 'optimizing'} [236].
[2023-09-13 04:34:22,388][INFO][workspace][write] Saving monitors for transformation opt_disc with event info {'iteration': 170, 'state': 'optimizing'} [237].
[2023-09-13 04:48:29,305][INFO][workspace][write] Saving monitors for transformation opt_disc with event info {'iteration': 171, 'state': 'optimizing'} [238].
[2023-09-13 05:02:31,987][INFO][workspace][write] Saving monitors for transformation opt_disc with event info {'iteration': 172, 'state': 'optimizing'} [239].
[2023-09-13 05:11:45,604][INFO][workspace][write] Saving monitors for transformation opt_disc with event info {'iteration': 173, 'state': 'optimizing'} [240].
[2023-09-13 05:20:57,508][INFO][workspace][write] Saving monitors for transformation opt_disc with event info {'iteration': 174, 'state': 'optimizing'} [241].
[2023-09-13 05:30:20,139][INFO][workspace][write] Saving monitors for transformation opt_disc with event info {'iteration': 175, 'state': 'optimizing'} [242].
[2023-09-13 05:39:32,790][INFO][workspace][write] Saving monitors for transformation opt_disc with event info {'iteration': 176, 'state': 'optimizing'} [243].
[2023-09-13 05:48:43,086][INFO][workspace][write] Saving monitors for transformation opt_disc with event info {'iteration': 177, 'state': 'optimizing'} [244].
[2023-09-13 05:57:58,832][INFO][workspace][write] Saving monitors for transformation opt_disc with event info {'iteration': 178, 'state': 'optimizing'} [245].
[2023-09-13 06:07:11,540][INFO][workspace][write] Saving monitors for transformation opt_disc with event info {'iteration': 179, 'state': 'optimizing'} [246].
[2023-09-13 06:21:02,245][INFO][workspace][write] Saving monitors for transformation opt_disc with event info {'iteration': 180, 'state': 'optimizing'} [247].
[2023-09-13 06:30:10,487][INFO][workspace][write] Saving monitors for transformation opt_disc with event info {'iteration': 181, 'state': 'optimizing'} [248].
[2023-09-13 06:39:18,043][INFO][workspace][write] Saving monitors for transformation opt_disc with event info {'iteration': 182, 'state': 'optimizing'} [249].
[2023-09-13 06:57:49,497][INFO][workspace][write] Saving monitors for transformation opt_disc with event info {'iteration': 183, 'state': 'optimizing'} [250].
[2023-09-13 07:07:00,035][INFO][workspace][write] Saving monitors for transformation opt_disc with event info {'iteration': 184, 'state': 'optimizing'} [251].
[2023-09-13 07:29:40,052][INFO][workspace][write] Saving monitors for transformation opt_disc with event info {'iteration': 185, 'state': 'optimizing'} [252].
[2023-09-13 07:38:46,497][INFO][workspace][write] Saving monitors for transformation opt_disc with event info {'iteration': 186, 'state': 'optimizing'} [253].
[2023-09-13 07:47:55,893][INFO][workspace][write] Saving monitors for transformation opt_disc with event info {'iteration': 187, 'state': 'optimizing'} [254].
[2023-09-13 07:57:10,550][INFO][workspace][write] Saving monitors for transformation opt_disc with event info {'iteration': 188, 'state': 'optimizing'} [255].
[2023-09-13 08:06:15,070][INFO][workspace][write] Saving monitors for transformation opt_disc with event info {'iteration': 189, 'state': 'optimizing'} [256].
[2023-09-13 08:20:06,985][INFO][workspace][write] Saving monitors for transformation opt_disc with event info {'iteration': 190, 'state': 'optimizing'} [257].
[2023-09-13 08:29:22,179][INFO][workspace][write] Saving monitors for transformation opt_disc with event info {'iteration': 191, 'state': 'optimizing'} [258].
[2023-09-13 08:43:21,708][INFO][workspace][write] Saving monitors for transformation opt_disc with event info {'iteration': 192, 'state': 'optimizing'} [259].
[2023-09-13 08:52:28,233][INFO][workspace][write] Saving monitors for transformation opt_disc with event info {'iteration': 193, 'state': 'optimizing'} [260].
[2023-09-13 09:01:49,857][INFO][workspace][write] Saving monitors for transformation opt_disc with event info {'iteration': 194, 'state': 'optimizing'} [261].
[2023-09-13 09:10:58,211][INFO][workspace][write] Saving monitors for transformation opt_disc with event info {'iteration': 195, 'state': 'optimizing'} [262].
[2023-09-13 09:20:19,728][INFO][workspace][write] Saving monitors for transformation opt_disc with event info {'iteration': 196, 'state': 'optimizing'} [263].
[2023-09-13 09:29:51,389][INFO][workspace][write] Saving monitors for transformation opt_disc with event info {'iteration': 197, 'state': 'optimizing'} [264].
[2023-09-13 09:38:57,016][INFO][workspace][write] Saving monitors for transformation opt_disc with event info {'iteration': 198, 'state': 'optimizing'} [265].
[2023-09-13 09:48:02,960][INFO][workspace][write] Saving monitors for transformation opt_disc with event info {'iteration': 199, 'state': 'optimizing'} [266].
[2023-09-13 09:52:37,177][INFO][workspace][write] Saving monitors for transformation opt_disc with event info {'iteration': 200, 'state': 'optimizing'} [267].
[2023-09-13 09:52:37,819][INFO][workspace][write] Saving monitors for transformation opt_disc with event info {'state': 'end'} [268].
[2023-09-13 09:52:38,281][INFO][workspace][write_checkpoint] Saving checkpoint file: opt_disc.chkpt.pkl
[2023-09-13 09:52:38,285][INFO][solver][run_plan] Spins finished.
