[INFO] - Work loader start
[INFO] - uuid: 0eb0 created
[INFO] - work: {'lambda_0': 1.12e-06, 'FWHM': 2e-08, 'alpha': 0.0, 'penalty': [[0.01, 1e-08], [0.02, 1e-07]], 'N': 25, 'maxiter': 100, 'MIN_FEATURE_SIZE': 4e-08, 'FOM_typ': 'square', 'SOURCE_typ': 'gaussian_released', 'grating_typ': 'grating', 'start_radius': 1.2e-05, 'plot': False, 'NL': 2, 'NH': 3, 'paras_init': None, 'logger': None, 'taper_angle': 24, 'uuid': '0eb0'}
[INFO] - uuid: 0694 created
[INFO] - work: {'lambda_0': 1.44e-06, 'FWHM': 2e-08, 'alpha': 0.0, 'penalty': [[0.01, 1e-08], [0.02, 1e-07]], 'N': 25, 'maxiter': 100, 'MIN_FEATURE_SIZE': 4e-08, 'FOM_typ': 'square', 'SOURCE_typ': 'gaussian_packaged', 'grating_typ': 'grating', 'start_radius': 1.2e-05, 'plot': False, 'NL': 2, 'NH': 3, 'paras_init': None, 'logger': None, 'taper_angle': 24, 'uuid': '0694'}
[INFO] - uuid: df22 created
[INFO] - work: {'lambda_0': 1.48e-06, 'FWHM': 2e-08, 'alpha': 0.0, 'penalty': [[0.01, 1e-08], [0.02, 1e-07]], 'N': 25, 'maxiter': 100, 'MIN_FEATURE_SIZE': 4e-08, 'FOM_typ': 'square', 'SOURCE_typ': 'gaussian_packaged', 'grating_typ': 'grating', 'start_radius': 1.2e-05, 'plot': False, 'NL': 2, 'NH': 3, 'paras_init': None, 'logger': None, 'taper_angle': 24, 'uuid': 'df22'}
[INFO] - uuid: 61f2 created
[INFO] - work: {'lambda_0': 1.52e-06, 'FWHM': 2e-08, 'alpha': 0.0, 'penalty': [[0.01, 1e-08], [0.02, 1e-07]], 'N': 25, 'maxiter': 100, 'MIN_FEATURE_SIZE': 4e-08, 'FOM_typ': 'square', 'SOURCE_typ': 'gaussian_packaged', 'grating_typ': 'grating', 'start_radius': 1.2e-05, 'plot': False, 'NL': 2, 'NH': 3, 'paras_init': None, 'logger': None, 'taper_angle': 24, 'uuid': '61f2'}
[INFO] - uuid: 1807 created
[INFO] - work: {'lambda_0': 1.56e-06, 'FWHM': 2e-08, 'alpha': 0.0, 'penalty': [[0.01, 1e-08], [0.02, 1e-07]], 'N': 25, 'maxiter': 100, 'MIN_FEATURE_SIZE': 4e-08, 'FOM_typ': 'square', 'SOURCE_typ': 'gaussian_released', 'grating_typ': 'grating', 'start_radius': 1.2e-05, 'plot': False, 'NL': 2, 'NH': 3, 'paras_init': None, 'logger': None, 'taper_angle': 24, 'uuid': '1807'}
[INFO] - uuid: 070f created
[INFO] - work: {'lambda_0': 1.56e-06, 'FWHM': 2e-08, 'alpha': 0.0, 'penalty': [[0.01, 1e-08], [0.02, 1e-07]], 'N': 25, 'maxiter': 100, 'MIN_FEATURE_SIZE': 4e-08, 'FOM_typ': 'square', 'SOURCE_typ': 'gaussian_packaged', 'grating_typ': 'grating', 'start_radius': 1.2e-05, 'plot': False, 'NL': 2, 'NH': 3, 'paras_init': None, 'logger': None, 'taper_angle': 24, 'uuid': '070f'}
[INFO] - uuid: 0eb0 finished
[INFO] - uuid: 0694 finished
[INFO] - uuid: df22 finished
[INFO] - uuid: 61f2 finished
[INFO] - uuid: 1807 finished
[INFO] - uuid: 070f finished
[INFO] - 0 uuid: 0eb0 finished
[INFO] - 1 uuid: 0694 finished
[INFO] - 2 uuid: df22 finished
[INFO] - 3 uuid: 61f2 finished
[INFO] - 4 uuid: 1807 finished
[INFO] - 5 uuid: 070f finished
[INFO] - Work loader end
