[INFO] - Work loader start
[INFO] - uuid: 11ad created
[INFO] - work: {'FOM_typ': 'square', 'FWHM': 5e-08, 'MIN_FEATURE_SIZE': 4e-08, 'N': 9, 'NH': 2, 'NL': 2, 'SOURCE_typ': 'gaussian_released', 'alpha': 0.0, 'lambda_0': 1.326e-06, 'maxiter': 70, 'penalty': [[0.01, 1e-08], [0.02, 1e-07]], 'simulation_typ': 2, 'source_angle': 5.0, 'start_radius': 1.2e-05, 'BOX': 'SiO2', 'uuid': '11ad'}
[INFO] - uuid: f647 created
[INFO] - work: {'FOM_typ': 'square', 'FWHM': 5e-08, 'MIN_FEATURE_SIZE': 4e-08, 'N': 9, 'NH': 2, 'NL': 2, 'SOURCE_typ': 'gaussian_released', 'alpha': 0.0, 'lambda_0': 1.326e-06, 'maxiter': 70, 'penalty': [[0.01, 1e-08], [0.02, 1e-07]], 'simulation_typ': 2, 'source_angle': 10.0, 'start_radius': 1.2e-05, 'BOX': 'SiO2', 'uuid': 'f647'}
[INFO] - uuid: 396a created
[INFO] - work: {'FOM_typ': 'square', 'FWHM': 5e-08, 'MIN_FEATURE_SIZE': 4e-08, 'N': 9, 'NH': 2, 'NL': 2, 'SOURCE_typ': 'gaussian_released', 'alpha': 0.0, 'lambda_0': 1.326e-06, 'maxiter': 70, 'penalty': [[0.01, 1e-08], [0.02, 1e-07]], 'simulation_typ': 2, 'source_angle': 15.0, 'start_radius': 1.2e-05, 'BOX': 'SiO2', 'uuid': '396a'}
[INFO] - uuid: 2480 created
[INFO] - work: {'FOM_typ': 'square', 'FWHM': 5e-08, 'MIN_FEATURE_SIZE': 4e-08, 'N': 9, 'NH': 2, 'NL': 2, 'SOURCE_typ': 'gaussian_released', 'alpha': 0.0, 'lambda_0': 1.326e-06, 'maxiter': 70, 'penalty': [[0.01, 1e-08], [0.02, 1e-07]], 'simulation_typ': 2, 'source_angle': 20.0, 'start_radius': 1.2e-05, 'BOX': 'SiO2', 'uuid': '2480'}
[INFO] - uuid: 73e2 created
[INFO] - work: {'FOM_typ': 'square', 'FWHM': 5e-08, 'MIN_FEATURE_SIZE': 4e-08, 'N': 9, 'NH': 2, 'NL': 2, 'SOURCE_typ': 'gaussian_released', 'alpha': 0.0, 'lambda_0': 1.326e-06, 'maxiter': 70, 'penalty': [[0.01, 1e-08], [0.02, 1e-07]], 'simulation_typ': 2, 'source_angle': 25.0, 'start_radius': 1.2e-05, 'BOX': 'SiO2', 'uuid': '73e2'}
[INFO] - uuid: 855b created
[INFO] - work: {'FOM_typ': 'square', 'FWHM': 5e-08, 'MIN_FEATURE_SIZE': 4e-08, 'N': 9, 'NH': 2, 'NL': 2, 'SOURCE_typ': 'gaussian_released', 'alpha': 0.0, 'lambda_0': 1.326e-06, 'maxiter': 70, 'penalty': [[0.01, 1e-08], [0.02, 1e-07]], 'simulation_typ': 2, 'source_angle': 30.0, 'start_radius': 1.2e-05, 'BOX': 'SiO2', 'uuid': '855b'}
[INFO] - uuid: 9315 created
[INFO] - work: {'FOM_typ': 'square', 'FWHM': 5e-08, 'MIN_FEATURE_SIZE': 4e-08, 'N': 9, 'NH': 2, 'NL': 2, 'SOURCE_typ': 'gaussian_released', 'alpha': 0.0, 'lambda_0': 1.326e-06, 'maxiter': 70, 'penalty': [[0.01, 1e-08], [0.02, 1e-07]], 'simulation_typ': 2, 'source_angle': 35.0, 'start_radius': 1.2e-05, 'BOX': 'SiO2', 'uuid': '9315'}
[INFO] - uuid: 06bf created
[INFO] - work: {'FOM_typ': 'square', 'FWHM': 5e-08, 'MIN_FEATURE_SIZE': 4e-08, 'N': 9, 'NH': 2, 'NL': 2, 'SOURCE_typ': 'gaussian_released', 'alpha': 0.0, 'lambda_0': 1.326e-06, 'maxiter': 70, 'penalty': [[0.01, 1e-08], [0.02, 1e-07]], 'simulation_typ': 2, 'source_angle': 40.0, 'start_radius': 1.2e-05, 'BOX': 'SiO2', 'uuid': '06bf'}
[INFO] - uuid: aa46 created
[INFO] - work: {'FOM_typ': 'square', 'FWHM': 5e-08, 'MIN_FEATURE_SIZE': 4e-08, 'N': 9, 'NH': 2, 'NL': 2, 'SOURCE_typ': 'gaussian_released', 'alpha': 0.0, 'lambda_0': 1.326e-06, 'maxiter': 70, 'penalty': [[0.01, 1e-08], [0.02, 1e-07]], 'simulation_typ': 2, 'source_angle': 45.0, 'start_radius': 1.2e-05, 'BOX': 'SiO2', 'uuid': 'aa46'}
[INFO] - uuid: 11ad finished
[INFO] - uuid: f647 finished
[INFO] - uuid: 396a finished
[INFO] - uuid: 2480 finished
[ERROR] - Error in uuid: 73e2 : "Can not find result 'T' in the result provider 'output'"
[ERROR] - Error in uuid: 855b : 'appOpen error: \n Failed to start messaging, check licenses...'
[ERROR] - Error in uuid: 9315 : 'appOpen error: \n Failed to start messaging, check licenses...'
[ERROR] - Error in uuid: 06bf : 'appOpen error: \n Failed to start messaging, check licenses...'
[ERROR] - Error in uuid: aa46 : 'appOpen error: \n Failed to start messaging, check licenses...'
[INFO] - 0 uuid: 	11ad	 finished
[INFO] - 1 uuid: 	f647	 finished
[INFO] - 2 uuid: 	396a	 finished
[INFO] - 3 uuid: 	2480	 finished
[INFO] - 4 uuid: 	73e2	 unfinished
[INFO] - 5 uuid: 	855b	 unfinished
[INFO] - 6 uuid: 	9315	 unfinished
[INFO] - 7 uuid: 	06bf	 unfinished
[INFO] - 8 uuid: 	aa46	 unfinished
