[INFO] - Work loader start
[INFO] - uuid: 73e2 created
[INFO] - work: {'FOM_typ': 'square', 'FWHM': 5e-08, 'MIN_FEATURE_SIZE': 4e-08, 'N': 9, 'NH': 2, 'NL': 2, 'SOURCE_typ': 'gaussian_released', 'alpha': 0.0, 'lambda_0': 1.326e-06, 'maxiter': 70, 'penalty': [[0.01, 1e-08], [0.02, 1e-07]], 'simulation_typ': 2, 'source_angle': 25.0, 'start_radius': 1.2e-05, 'BOX': 'SiO2', 'uuid': '73e2'}
[INFO] - uuid: 855b created
[INFO] - work: {'FOM_typ': 'square', 'FWHM': 5e-08, 'MIN_FEATURE_SIZE': 4e-08, 'N': 9, 'NH': 2, 'NL': 2, 'SOURCE_typ': 'gaussian_released', 'alpha': 0.0, 'lambda_0': 1.326e-06, 'maxiter': 70, 'penalty': [[0.01, 1e-08], [0.02, 1e-07]], 'simulation_typ': 2, 'source_angle': 30.0, 'start_radius': 1.2e-05, 'BOX': 'SiO2', 'uuid': '855b'}
[INFO] - uuid: 9315 created
[INFO] - work: {'FOM_typ': 'square', 'FWHM': 5e-08, 'MIN_FEATURE_SIZE': 4e-08, 'N': 9, 'NH': 2, 'NL': 2, 'SOURCE_typ': 'gaussian_released', 'alpha': 0.0, 'lambda_0': 1.326e-06, 'maxiter': 70, 'penalty': [[0.01, 1e-08], [0.02, 1e-07]], 'simulation_typ': 2, 'source_angle': 35.0, 'start_radius': 1.2e-05, 'BOX': 'SiO2', 'uuid': '9315'}
[INFO] - uuid: 06bf created
[INFO] - work: {'FOM_typ': 'square', 'FWHM': 5e-08, 'MIN_FEATURE_SIZE': 4e-08, 'N': 9, 'NH': 2, 'NL': 2, 'SOURCE_typ': 'gaussian_released', 'alpha': 0.0, 'lambda_0': 1.326e-06, 'maxiter': 70, 'penalty': [[0.01, 1e-08], [0.02, 1e-07]], 'simulation_typ': 2, 'source_angle': 40.0, 'start_radius': 1.2e-05, 'BOX': 'SiO2', 'uuid': '06bf'}
[INFO] - uuid: aa46 created
[INFO] - work: {'FOM_typ': 'square', 'FWHM': 5e-08, 'MIN_FEATURE_SIZE': 4e-08, 'N': 9, 'NH': 2, 'NL': 2, 'SOURCE_typ': 'gaussian_released', 'alpha': 0.0, 'lambda_0': 1.326e-06, 'maxiter': 70, 'penalty': [[0.01, 1e-08], [0.02, 1e-07]], 'simulation_typ': 2, 'source_angle': 45.0, 'start_radius': 1.2e-05, 'BOX': 'SiO2', 'uuid': 'aa46'}
[INFO] - uuid: 73e2 finished
[INFO] - uuid: 855b finished
[INFO] - uuid: 9315 finished
[INFO] - uuid: 06bf finished
[INFO] - uuid: aa46 finished
[INFO] - 0 uuid: 	73e2	 finished
[INFO] - 1 uuid: 	855b	 finished
[INFO] - 2 uuid: 	9315	 finished
[INFO] - 3 uuid: 	06bf	 finished
[INFO] - 4 uuid: 	aa46	 finished
