[INFO] - Work loader start
[INFO] - uuid: b461 created
[INFO] - uuid: 04cf created
[INFO] - uuid: 4e25 created
[INFO] - uuid: f295 created
[INFO] - uuid: 8677 created
[INFO] - uuid: 0e08 created
[INFO] - uuid: 810c created
[INFO] - uuid: e37c created
[INFO] - uuid: 80d4 created
[INFO] - uuid: b461 finished
[INFO] - uuid: 04cf finished
[INFO] - uuid: 4e25 finished
[INFO] - uuid: f295 finished
[INFO] - uuid: 8677 finished
[INFO] - uuid: 0e08 finished
[INFO] - uuid: 810c finished
[INFO] - uuid: e37c finished
[INFO] - uuid: 80d4 finished
[INFO] - 0 uuid: b461 finished
[INFO] - 1 uuid: 04cf finished
[INFO] - 2 uuid: 4e25 finished
[INFO] - 3 uuid: f295 finished
[INFO] - 4 uuid: 8677 finished
[INFO] - 5 uuid: 0e08 finished
[INFO] - 6 uuid: 810c finished
[INFO] - 7 uuid: e37c finished
[INFO] - 8 uuid: 80d4 finished
[INFO] - Work loader end
