[2023-09-10 12:40:40,733][INFO][solver][run_plan] Setting up workspace.
[2023-09-10 12:40:40,733][INFO][solver][run_plan] Running transformation opt_cont.
/global/home/users/xinwei/.local/lib/python3.9/site-packages/scipy/sparse/_data.py:72: ComplexWarning: Casting complex values to real discards the imaginary part
  self.data.astype(dtype, casting=casting, copy=True),
[2023-09-10 12:43:59,518][INFO][workspace][write] Saving monitors for transformation opt_cont with event info {'state': 'start'} [1].
[2023-09-10 12:49:04,653][INFO][workspace][write] Saving monitors for transformation opt_cont with event info {'iteration': 1, 'state': 'optimizing'} [2].
[2023-09-10 12:55:55,166][INFO][workspace][write] Saving monitors for transformation opt_cont with event info {'iteration': 2, 'state': 'optimizing'} [3].
[2023-09-10 13:02:41,420][INFO][workspace][write] Saving monitors for transformation opt_cont with event info {'iteration': 3, 'state': 'optimizing'} [4].
[2023-09-10 13:06:04,041][INFO][workspace][write] Saving monitors for transformation opt_cont with event info {'iteration': 4, 'state': 'optimizing'} [5].
[2023-09-10 13:09:26,779][INFO][workspace][write] Saving monitors for transformation opt_cont with event info {'iteration': 5, 'state': 'optimizing'} [6].
[2023-09-10 13:16:11,937][INFO][workspace][write] Saving monitors for transformation opt_cont with event info {'iteration': 6, 'state': 'optimizing'} [7].
[2023-09-10 13:22:58,078][INFO][workspace][write] Saving monitors for transformation opt_cont with event info {'iteration': 7, 'state': 'optimizing'} [8].
[2023-09-10 13:29:43,497][INFO][workspace][write] Saving monitors for transformation opt_cont with event info {'iteration': 8, 'state': 'optimizing'} [9].
[2023-09-10 13:33:07,208][INFO][workspace][write] Saving monitors for transformation opt_cont with event info {'iteration': 9, 'state': 'optimizing'} [10].
[2023-09-10 13:39:51,727][INFO][workspace][write] Saving monitors for transformation opt_cont with event info {'iteration': 10, 'state': 'optimizing'} [11].
[2023-09-10 13:43:16,682][INFO][workspace][write] Saving monitors for transformation opt_cont with event info {'iteration': 11, 'state': 'optimizing'} [12].
[2023-09-10 13:46:40,356][INFO][workspace][write] Saving monitors for transformation opt_cont with event info {'iteration': 12, 'state': 'optimizing'} [13].
[2023-09-10 13:50:10,064][INFO][workspace][write] Saving monitors for transformation opt_cont with event info {'iteration': 13, 'state': 'optimizing'} [14].
[2023-09-10 13:53:39,436][INFO][workspace][write] Saving monitors for transformation opt_cont with event info {'iteration': 14, 'state': 'optimizing'} [15].
[2023-09-10 14:00:35,710][INFO][workspace][write] Saving monitors for transformation opt_cont with event info {'iteration': 15, 'state': 'optimizing'} [16].
[2023-09-10 14:07:20,671][INFO][workspace][write] Saving monitors for transformation opt_cont with event info {'iteration': 16, 'state': 'optimizing'} [17].
[2023-09-10 14:10:44,322][INFO][workspace][write] Saving monitors for transformation opt_cont with event info {'iteration': 17, 'state': 'optimizing'} [18].
[2023-09-10 14:14:05,991][INFO][workspace][write] Saving monitors for transformation opt_cont with event info {'iteration': 18, 'state': 'optimizing'} [19].
[2023-09-10 14:17:29,572][INFO][workspace][write] Saving monitors for transformation opt_cont with event info {'iteration': 19, 'state': 'optimizing'} [20].
[2023-09-10 14:20:51,544][INFO][workspace][write] Saving monitors for transformation opt_cont with event info {'iteration': 20, 'state': 'optimizing'} [21].
[2023-09-10 14:24:13,638][INFO][workspace][write] Saving monitors for transformation opt_cont with event info {'iteration': 21, 'state': 'optimizing'} [22].
[2023-09-10 14:30:57,491][INFO][workspace][write] Saving monitors for transformation opt_cont with event info {'iteration': 22, 'state': 'optimizing'} [23].
[2023-09-10 14:34:15,422][INFO][workspace][write] Saving monitors for transformation opt_cont with event info {'iteration': 23, 'state': 'optimizing'} [24].
[2023-09-10 14:37:42,129][INFO][workspace][write] Saving monitors for transformation opt_cont with event info {'iteration': 24, 'state': 'optimizing'} [25].
[2023-09-10 14:44:30,692][INFO][workspace][write] Saving monitors for transformation opt_cont with event info {'iteration': 25, 'state': 'optimizing'} [26].
[2023-09-10 14:47:56,231][INFO][workspace][write] Saving monitors for transformation opt_cont with event info {'iteration': 26, 'state': 'optimizing'} [27].
[2023-09-10 14:51:27,830][INFO][workspace][write] Saving monitors for transformation opt_cont with event info {'iteration': 27, 'state': 'optimizing'} [28].
[2023-09-10 14:54:48,682][INFO][workspace][write] Saving monitors for transformation opt_cont with event info {'iteration': 28, 'state': 'optimizing'} [29].
[2023-09-10 14:58:09,827][INFO][workspace][write] Saving monitors for transformation opt_cont with event info {'iteration': 29, 'state': 'optimizing'} [30].
[2023-09-10 15:01:29,847][INFO][workspace][write] Saving monitors for transformation opt_cont with event info {'iteration': 30, 'state': 'optimizing'} [31].
[2023-09-10 15:04:49,859][INFO][workspace][write] Saving monitors for transformation opt_cont with event info {'iteration': 31, 'state': 'optimizing'} [32].
[2023-09-10 15:08:09,460][INFO][workspace][write] Saving monitors for transformation opt_cont with event info {'iteration': 32, 'state': 'optimizing'} [33].
[2023-09-10 15:11:31,573][INFO][workspace][write] Saving monitors for transformation opt_cont with event info {'iteration': 33, 'state': 'optimizing'} [34].
[2023-09-10 15:14:52,648][INFO][workspace][write] Saving monitors for transformation opt_cont with event info {'iteration': 34, 'state': 'optimizing'} [35].
[2023-09-10 15:18:15,216][INFO][workspace][write] Saving monitors for transformation opt_cont with event info {'iteration': 35, 'state': 'optimizing'} [36].
[2023-09-10 15:21:35,083][INFO][workspace][write] Saving monitors for transformation opt_cont with event info {'iteration': 36, 'state': 'optimizing'} [37].
[2023-09-10 15:24:55,319][INFO][workspace][write] Saving monitors for transformation opt_cont with event info {'iteration': 37, 'state': 'optimizing'} [38].
[2023-09-10 15:28:14,309][INFO][workspace][write] Saving monitors for transformation opt_cont with event info {'iteration': 38, 'state': 'optimizing'} [39].
[2023-09-10 15:31:40,072][INFO][workspace][write] Saving monitors for transformation opt_cont with event info {'iteration': 39, 'state': 'optimizing'} [40].
[2023-09-10 15:35:02,679][INFO][workspace][write] Saving monitors for transformation opt_cont with event info {'iteration': 40, 'state': 'optimizing'} [41].
[2023-09-10 15:38:29,954][INFO][workspace][write] Saving monitors for transformation opt_cont with event info {'iteration': 41, 'state': 'optimizing'} [42].
[2023-09-10 15:41:57,589][INFO][workspace][write] Saving monitors for transformation opt_cont with event info {'iteration': 42, 'state': 'optimizing'} [43].
[2023-09-10 15:45:34,245][INFO][workspace][write] Saving monitors for transformation opt_cont with event info {'iteration': 43, 'state': 'optimizing'} [44].
[2023-09-10 15:48:54,712][INFO][workspace][write] Saving monitors for transformation opt_cont with event info {'iteration': 44, 'state': 'optimizing'} [45].
[2023-09-10 15:52:15,513][INFO][workspace][write] Saving monitors for transformation opt_cont with event info {'iteration': 45, 'state': 'optimizing'} [46].
[2023-09-10 15:55:37,847][INFO][workspace][write] Saving monitors for transformation opt_cont with event info {'iteration': 46, 'state': 'optimizing'} [47].
[2023-09-10 15:58:57,765][INFO][workspace][write] Saving monitors for transformation opt_cont with event info {'iteration': 47, 'state': 'optimizing'} [48].
[2023-09-10 16:02:17,217][INFO][workspace][write] Saving monitors for transformation opt_cont with event info {'iteration': 48, 'state': 'optimizing'} [49].
[2023-09-10 16:05:38,500][INFO][workspace][write] Saving monitors for transformation opt_cont with event info {'iteration': 49, 'state': 'optimizing'} [50].
[2023-09-10 16:08:57,253][INFO][workspace][write] Saving monitors for transformation opt_cont with event info {'iteration': 50, 'state': 'optimizing'} [51].
[2023-09-10 16:08:58,045][INFO][workspace][write] Saving monitors for transformation opt_cont with event info {'state': 'end'} [52].
[2023-09-10 16:08:58,823][INFO][workspace][write_checkpoint] Saving checkpoint file: opt_cont.chkpt.pkl
[2023-09-10 16:08:58,878][INFO][solver][run_plan] Running transformation opt_cont_disc.
[2023-09-10 16:08:59,046][INFO][workspace][write] Saving monitors for transformation opt_cont_disc with event info {'state': 'start'} [53].
[2023-09-10 16:12:22,673][INFO][workspace][write] Saving monitors for transformation opt_cont_disc with event info {'iteration': 1, 'state': 'optimizing'} [54].
[2023-09-10 16:15:42,781][INFO][workspace][write] Saving monitors for transformation opt_cont_disc with event info {'iteration': 2, 'state': 'optimizing'} [55].
[2023-09-10 16:19:01,898][INFO][workspace][write] Saving monitors for transformation opt_cont_disc with event info {'iteration': 3, 'state': 'optimizing'} [56].
[2023-09-10 16:22:21,493][INFO][workspace][write] Saving monitors for transformation opt_cont_disc with event info {'iteration': 4, 'state': 'optimizing'} [57].
[2023-09-10 16:25:46,419][INFO][workspace][write] Saving monitors for transformation opt_cont_disc with event info {'iteration': 5, 'state': 'optimizing'} [58].
[2023-09-10 16:29:06,090][INFO][workspace][write] Saving monitors for transformation opt_cont_disc with event info {'iteration': 6, 'state': 'optimizing'} [59].
[2023-09-10 16:32:27,796][INFO][workspace][write] Saving monitors for transformation opt_cont_disc with event info {'iteration': 7, 'state': 'optimizing'} [60].
[2023-09-10 16:35:54,694][INFO][workspace][write] Saving monitors for transformation opt_cont_disc with event info {'iteration': 8, 'state': 'optimizing'} [61].
[2023-09-10 16:42:44,989][INFO][workspace][write] Saving monitors for transformation opt_cont_disc with event info {'iteration': 9, 'state': 'optimizing'} [62].
[2023-09-10 16:46:06,503][INFO][workspace][write] Saving monitors for transformation opt_cont_disc with event info {'iteration': 10, 'state': 'optimizing'} [63].
[2023-09-10 16:49:27,348][INFO][workspace][write] Saving monitors for transformation opt_cont_disc with event info {'iteration': 11, 'state': 'optimizing'} [64].
[2023-09-10 16:52:46,756][INFO][workspace][write] Saving monitors for transformation opt_cont_disc with event info {'iteration': 12, 'state': 'optimizing'} [65].
[2023-09-10 16:56:06,182][INFO][workspace][write] Saving monitors for transformation opt_cont_disc with event info {'iteration': 13, 'state': 'optimizing'} [66].
[2023-09-10 16:59:27,485][INFO][workspace][write] Saving monitors for transformation opt_cont_disc with event info {'iteration': 14, 'state': 'optimizing'} [67].
[2023-09-10 17:02:46,546][INFO][workspace][write] Saving monitors for transformation opt_cont_disc with event info {'iteration': 15, 'state': 'optimizing'} [68].
[2023-09-10 17:06:12,888][INFO][workspace][write] Saving monitors for transformation opt_cont_disc with event info {'iteration': 16, 'state': 'optimizing'} [69].
[2023-09-10 17:09:31,735][INFO][workspace][write] Saving monitors for transformation opt_cont_disc with event info {'iteration': 17, 'state': 'optimizing'} [70].
[2023-09-10 17:16:09,428][INFO][workspace][write] Saving monitors for transformation opt_cont_disc with event info {'iteration': 18, 'state': 'optimizing'} [71].
[2023-09-10 17:19:36,856][INFO][workspace][write] Saving monitors for transformation opt_cont_disc with event info {'iteration': 19, 'state': 'optimizing'} [72].
[2023-09-10 17:22:57,993][INFO][workspace][write] Saving monitors for transformation opt_cont_disc with event info {'iteration': 20, 'state': 'optimizing'} [73].
[2023-09-10 17:26:18,549][INFO][workspace][write] Saving monitors for transformation opt_cont_disc with event info {'iteration': 21, 'state': 'optimizing'} [74].
[2023-09-10 17:29:41,238][INFO][workspace][write] Saving monitors for transformation opt_cont_disc with event info {'iteration': 22, 'state': 'optimizing'} [75].
[2023-09-10 17:33:09,633][INFO][workspace][write] Saving monitors for transformation opt_cont_disc with event info {'iteration': 23, 'state': 'optimizing'} [76].
[2023-09-10 17:36:28,985][INFO][workspace][write] Saving monitors for transformation opt_cont_disc with event info {'iteration': 24, 'state': 'optimizing'} [77].
[2023-09-10 17:39:50,261][INFO][workspace][write] Saving monitors for transformation opt_cont_disc with event info {'iteration': 25, 'state': 'optimizing'} [78].
[2023-09-10 17:43:11,413][INFO][workspace][write] Saving monitors for transformation opt_cont_disc with event info {'iteration': 26, 'state': 'optimizing'} [79].
[2023-09-10 17:49:51,403][INFO][workspace][write] Saving monitors for transformation opt_cont_disc with event info {'iteration': 27, 'state': 'optimizing'} [80].
[2023-09-10 17:56:29,573][INFO][workspace][write] Saving monitors for transformation opt_cont_disc with event info {'iteration': 28, 'state': 'optimizing'} [81].
[2023-09-10 17:59:51,246][INFO][workspace][write] Saving monitors for transformation opt_cont_disc with event info {'iteration': 29, 'state': 'optimizing'} [82].
[2023-09-10 18:03:10,316][INFO][workspace][write] Saving monitors for transformation opt_cont_disc with event info {'iteration': 30, 'state': 'optimizing'} [83].
[2023-09-10 18:06:39,581][INFO][workspace][write] Saving monitors for transformation opt_cont_disc with event info {'iteration': 31, 'state': 'optimizing'} [84].
[2023-09-10 18:09:58,807][INFO][workspace][write] Saving monitors for transformation opt_cont_disc with event info {'iteration': 32, 'state': 'optimizing'} [85].
[2023-09-10 18:13:19,052][INFO][workspace][write] Saving monitors for transformation opt_cont_disc with event info {'iteration': 33, 'state': 'optimizing'} [86].
[2023-09-10 18:16:38,835][INFO][workspace][write] Saving monitors for transformation opt_cont_disc with event info {'iteration': 34, 'state': 'optimizing'} [87].
[2023-09-10 18:19:58,269][INFO][workspace][write] Saving monitors for transformation opt_cont_disc with event info {'iteration': 35, 'state': 'optimizing'} [88].
[2023-09-10 18:23:25,481][INFO][workspace][write] Saving monitors for transformation opt_cont_disc with event info {'iteration': 36, 'state': 'optimizing'} [89].
[2023-09-10 18:26:45,575][INFO][workspace][write] Saving monitors for transformation opt_cont_disc with event info {'iteration': 37, 'state': 'optimizing'} [90].
[2023-09-10 18:30:04,672][INFO][workspace][write] Saving monitors for transformation opt_cont_disc with event info {'iteration': 38, 'state': 'optimizing'} [91].
[2023-09-10 18:43:23,455][INFO][workspace][write] Saving monitors for transformation opt_cont_disc with event info {'iteration': 39, 'state': 'optimizing'} [92].
[2023-09-10 18:46:44,835][INFO][workspace][write] Saving monitors for transformation opt_cont_disc with event info {'iteration': 40, 'state': 'optimizing'} [93].
[2023-09-10 18:50:05,588][INFO][workspace][write] Saving monitors for transformation opt_cont_disc with event info {'iteration': 41, 'state': 'optimizing'} [94].
[2023-09-10 18:56:47,925][INFO][workspace][write] Saving monitors for transformation opt_cont_disc with event info {'iteration': 42, 'state': 'optimizing'} [95].
[2023-09-10 19:00:15,432][INFO][workspace][write] Saving monitors for transformation opt_cont_disc with event info {'iteration': 43, 'state': 'optimizing'} [96].
[2023-09-10 19:03:34,915][INFO][workspace][write] Saving monitors for transformation opt_cont_disc with event info {'iteration': 44, 'state': 'optimizing'} [97].
[2023-09-10 19:07:00,451][INFO][workspace][write] Saving monitors for transformation opt_cont_disc with event info {'iteration': 45, 'state': 'optimizing'} [98].
[2023-09-10 19:13:40,342][INFO][workspace][write] Saving monitors for transformation opt_cont_disc with event info {'iteration': 46, 'state': 'optimizing'} [99].
[2023-09-10 19:17:02,121][INFO][workspace][write] Saving monitors for transformation opt_cont_disc with event info {'iteration': 47, 'state': 'optimizing'} [100].
[2023-09-10 19:20:29,139][INFO][workspace][write] Saving monitors for transformation opt_cont_disc with event info {'iteration': 48, 'state': 'optimizing'} [101].
[2023-09-10 19:27:11,080][INFO][workspace][write] Saving monitors for transformation opt_cont_disc with event info {'iteration': 49, 'state': 'optimizing'} [102].
[2023-09-10 19:30:32,376][INFO][workspace][write] Saving monitors for transformation opt_cont_disc with event info {'iteration': 50, 'state': 'optimizing'} [103].
[2023-09-10 19:30:33,125][INFO][workspace][write] Saving monitors for transformation opt_cont_disc with event info {'state': 'end'} [104].
[2023-09-10 19:30:33,677][INFO][workspace][write_checkpoint] Saving checkpoint file: opt_cont_disc.chkpt.pkl
[2023-09-10 19:30:33,714][INFO][solver][run_plan] Running transformation cont_to_disc.
[2023-09-10 19:30:38,319][INFO][workspace][write_checkpoint] Saving checkpoint file: cont_to_disc.chkpt.pkl
[2023-09-10 19:30:38,398][INFO][solver][run_plan] Running transformation opt_disc.
[2023-09-10 19:32:17,630][INFO][workspace][write] Saving monitors for transformation opt_disc with event info {'state': 'start'} [105].
[2023-09-10 19:35:37,655][INFO][workspace][write] Saving monitors for transformation opt_disc with event info {'iteration': 1, 'state': 'optimizing'} [106].
[2023-09-10 19:38:57,453][INFO][workspace][write] Saving monitors for transformation opt_disc with event info {'iteration': 2, 'state': 'optimizing'} [107].
[2023-09-10 19:42:17,165][INFO][workspace][write] Saving monitors for transformation opt_disc with event info {'iteration': 3, 'state': 'optimizing'} [108].
[2023-09-10 19:45:38,482][INFO][workspace][write] Saving monitors for transformation opt_disc with event info {'iteration': 4, 'state': 'optimizing'} [109].
[2023-09-10 19:48:56,620][INFO][workspace][write] Saving monitors for transformation opt_disc with event info {'iteration': 5, 'state': 'optimizing'} [110].
[2023-09-10 19:52:24,108][INFO][workspace][write] Saving monitors for transformation opt_disc with event info {'iteration': 6, 'state': 'optimizing'} [111].
[2023-09-10 19:55:42,631][INFO][workspace][write] Saving monitors for transformation opt_disc with event info {'iteration': 7, 'state': 'optimizing'} [112].
[2023-09-10 19:59:00,390][INFO][workspace][write] Saving monitors for transformation opt_disc with event info {'iteration': 8, 'state': 'optimizing'} [113].
[2023-09-10 20:02:26,499][INFO][workspace][write] Saving monitors for transformation opt_disc with event info {'iteration': 9, 'state': 'optimizing'} [114].
[2023-09-10 20:05:47,819][INFO][workspace][write] Saving monitors for transformation opt_disc with event info {'iteration': 10, 'state': 'optimizing'} [115].
[2023-09-10 20:09:05,366][INFO][workspace][write] Saving monitors for transformation opt_disc with event info {'iteration': 11, 'state': 'optimizing'} [116].
[2023-09-10 20:12:26,666][INFO][workspace][write] Saving monitors for transformation opt_disc with event info {'iteration': 12, 'state': 'optimizing'} [117].
[2023-09-10 20:15:48,254][INFO][workspace][write] Saving monitors for transformation opt_disc with event info {'iteration': 13, 'state': 'optimizing'} [118].
[2023-09-10 20:19:09,050][INFO][workspace][write] Saving monitors for transformation opt_disc with event info {'iteration': 14, 'state': 'optimizing'} [119].
[2023-09-10 20:22:30,741][INFO][workspace][write] Saving monitors for transformation opt_disc with event info {'iteration': 15, 'state': 'optimizing'} [120].
[2023-09-10 20:25:48,910][INFO][workspace][write] Saving monitors for transformation opt_disc with event info {'iteration': 16, 'state': 'optimizing'} [121].
[2023-09-10 20:29:08,583][INFO][workspace][write] Saving monitors for transformation opt_disc with event info {'iteration': 17, 'state': 'optimizing'} [122].
[2023-09-10 20:32:26,798][INFO][workspace][write] Saving monitors for transformation opt_disc with event info {'iteration': 18, 'state': 'optimizing'} [123].
[2023-09-10 20:35:46,209][INFO][workspace][write] Saving monitors for transformation opt_disc with event info {'iteration': 19, 'state': 'optimizing'} [124].
[2023-09-10 20:39:05,890][INFO][workspace][write] Saving monitors for transformation opt_disc with event info {'iteration': 20, 'state': 'optimizing'} [125].
[2023-09-10 20:42:25,089][INFO][workspace][write] Saving monitors for transformation opt_disc with event info {'iteration': 21, 'state': 'optimizing'} [126].
[2023-09-10 20:45:48,111][INFO][workspace][write] Saving monitors for transformation opt_disc with event info {'iteration': 22, 'state': 'optimizing'} [127].
[2023-09-10 20:49:05,555][INFO][workspace][write] Saving monitors for transformation opt_disc with event info {'iteration': 23, 'state': 'optimizing'} [128].
[2023-09-10 20:52:23,939][INFO][workspace][write] Saving monitors for transformation opt_disc with event info {'iteration': 24, 'state': 'optimizing'} [129].
[2023-09-10 20:57:27,833][INFO][workspace][write] Saving monitors for transformation opt_disc with event info {'iteration': 25, 'state': 'optimizing'} [130].
[2023-09-10 21:02:25,146][INFO][workspace][write] Saving monitors for transformation opt_disc with event info {'iteration': 26, 'state': 'optimizing'} [131].
[2023-09-10 21:09:10,254][INFO][workspace][write] Saving monitors for transformation opt_disc with event info {'iteration': 27, 'state': 'optimizing'} [132].
[2023-09-10 21:12:33,460][INFO][workspace][write] Saving monitors for transformation opt_disc with event info {'iteration': 28, 'state': 'optimizing'} [133].
[2023-09-10 21:15:54,388][INFO][workspace][write] Saving monitors for transformation opt_disc with event info {'iteration': 29, 'state': 'optimizing'} [134].
[2023-09-10 21:19:14,070][INFO][workspace][write] Saving monitors for transformation opt_disc with event info {'iteration': 30, 'state': 'optimizing'} [135].
[2023-09-10 21:22:35,363][INFO][workspace][write] Saving monitors for transformation opt_disc with event info {'iteration': 31, 'state': 'optimizing'} [136].
[2023-09-10 21:25:53,229][INFO][workspace][write] Saving monitors for transformation opt_disc with event info {'iteration': 32, 'state': 'optimizing'} [137].
[2023-09-10 21:29:11,597][INFO][workspace][write] Saving monitors for transformation opt_disc with event info {'iteration': 33, 'state': 'optimizing'} [138].
[2023-09-10 21:32:31,253][INFO][workspace][write] Saving monitors for transformation opt_disc with event info {'iteration': 34, 'state': 'optimizing'} [139].
[2023-09-10 21:35:51,239][INFO][workspace][write] Saving monitors for transformation opt_disc with event info {'iteration': 35, 'state': 'optimizing'} [140].
[2023-09-10 21:39:12,410][INFO][workspace][write] Saving monitors for transformation opt_disc with event info {'iteration': 36, 'state': 'optimizing'} [141].
[2023-09-10 21:44:12,065][INFO][workspace][write] Saving monitors for transformation opt_disc with event info {'iteration': 37, 'state': 'optimizing'} [142].
[2023-09-10 21:47:38,232][INFO][workspace][write] Saving monitors for transformation opt_disc with event info {'iteration': 38, 'state': 'optimizing'} [143].
[2023-09-10 21:52:40,465][INFO][workspace][write] Saving monitors for transformation opt_disc with event info {'iteration': 39, 'state': 'optimizing'} [144].
[2023-09-10 21:55:57,606][INFO][workspace][write] Saving monitors for transformation opt_disc with event info {'iteration': 40, 'state': 'optimizing'} [145].
[2023-09-10 21:59:17,692][INFO][workspace][write] Saving monitors for transformation opt_disc with event info {'iteration': 41, 'state': 'optimizing'} [146].
[2023-09-10 22:02:45,959][INFO][workspace][write] Saving monitors for transformation opt_disc with event info {'iteration': 42, 'state': 'optimizing'} [147].
[2023-09-10 22:06:13,881][INFO][workspace][write] Saving monitors for transformation opt_disc with event info {'iteration': 43, 'state': 'optimizing'} [148].
[2023-09-10 22:09:39,873][INFO][workspace][write] Saving monitors for transformation opt_disc with event info {'iteration': 44, 'state': 'optimizing'} [149].
[2023-09-10 22:12:59,102][INFO][workspace][write] Saving monitors for transformation opt_disc with event info {'iteration': 45, 'state': 'optimizing'} [150].
[2023-09-10 22:16:20,318][INFO][workspace][write] Saving monitors for transformation opt_disc with event info {'iteration': 46, 'state': 'optimizing'} [151].
[2023-09-10 22:19:39,430][INFO][workspace][write] Saving monitors for transformation opt_disc with event info {'iteration': 47, 'state': 'optimizing'} [152].
[2023-09-10 22:22:59,766][INFO][workspace][write] Saving monitors for transformation opt_disc with event info {'iteration': 48, 'state': 'optimizing'} [153].
[2023-09-10 22:26:21,281][INFO][workspace][write] Saving monitors for transformation opt_disc with event info {'iteration': 49, 'state': 'optimizing'} [154].
[2023-09-10 22:29:40,699][INFO][workspace][write] Saving monitors for transformation opt_disc with event info {'iteration': 50, 'state': 'optimizing'} [155].
[2023-09-10 22:33:03,024][INFO][workspace][write] Saving monitors for transformation opt_disc with event info {'iteration': 51, 'state': 'optimizing'} [156].
[2023-09-10 22:36:22,487][INFO][workspace][write] Saving monitors for transformation opt_disc with event info {'iteration': 52, 'state': 'optimizing'} [157].
[2023-09-10 22:39:41,754][INFO][workspace][write] Saving monitors for transformation opt_disc with event info {'iteration': 53, 'state': 'optimizing'} [158].
[2023-09-10 22:43:09,138][INFO][workspace][write] Saving monitors for transformation opt_disc with event info {'iteration': 54, 'state': 'optimizing'} [159].
[2023-09-10 22:46:28,925][INFO][workspace][write] Saving monitors for transformation opt_disc with event info {'iteration': 55, 'state': 'optimizing'} [160].
[2023-09-10 22:49:45,987][INFO][workspace][write] Saving monitors for transformation opt_disc with event info {'iteration': 56, 'state': 'optimizing'} [161].
[2023-09-10 22:53:06,672][INFO][workspace][write] Saving monitors for transformation opt_disc with event info {'iteration': 57, 'state': 'optimizing'} [162].
[2023-09-10 22:56:33,184][INFO][workspace][write] Saving monitors for transformation opt_disc with event info {'iteration': 58, 'state': 'optimizing'} [163].
[2023-09-10 22:59:54,404][INFO][workspace][write] Saving monitors for transformation opt_disc with event info {'iteration': 59, 'state': 'optimizing'} [164].
[2023-09-10 23:04:59,284][INFO][workspace][write] Saving monitors for transformation opt_disc with event info {'iteration': 60, 'state': 'optimizing'} [165].
[2023-09-10 23:09:57,191][INFO][workspace][write] Saving monitors for transformation opt_disc with event info {'iteration': 61, 'state': 'optimizing'} [166].
[2023-09-10 23:14:54,012][INFO][workspace][write] Saving monitors for transformation opt_disc with event info {'iteration': 62, 'state': 'optimizing'} [167].
[2023-09-10 23:18:14,903][INFO][workspace][write] Saving monitors for transformation opt_disc with event info {'iteration': 63, 'state': 'optimizing'} [168].
[2023-09-10 23:21:35,329][INFO][workspace][write] Saving monitors for transformation opt_disc with event info {'iteration': 64, 'state': 'optimizing'} [169].
[2023-09-10 23:24:55,481][INFO][workspace][write] Saving monitors for transformation opt_disc with event info {'iteration': 65, 'state': 'optimizing'} [170].
[2023-09-10 23:29:54,326][INFO][workspace][write] Saving monitors for transformation opt_disc with event info {'iteration': 66, 'state': 'optimizing'} [171].
[2023-09-10 23:33:11,721][INFO][workspace][write] Saving monitors for transformation opt_disc with event info {'iteration': 67, 'state': 'optimizing'} [172].
[2023-09-10 23:36:33,087][INFO][workspace][write] Saving monitors for transformation opt_disc with event info {'iteration': 68, 'state': 'optimizing'} [173].
[2023-09-10 23:39:53,170][INFO][workspace][write] Saving monitors for transformation opt_disc with event info {'iteration': 69, 'state': 'optimizing'} [174].
[2023-09-10 23:43:09,873][INFO][workspace][write] Saving monitors for transformation opt_disc with event info {'iteration': 70, 'state': 'optimizing'} [175].
[2023-09-10 23:46:30,155][INFO][workspace][write] Saving monitors for transformation opt_disc with event info {'iteration': 71, 'state': 'optimizing'} [176].
[2023-09-10 23:53:12,777][INFO][workspace][write] Saving monitors for transformation opt_disc with event info {'iteration': 72, 'state': 'optimizing'} [177].
[2023-09-10 23:58:09,161][INFO][workspace][write] Saving monitors for transformation opt_disc with event info {'iteration': 73, 'state': 'optimizing'} [178].
[2023-09-11 00:01:28,129][INFO][workspace][write] Saving monitors for transformation opt_disc with event info {'iteration': 74, 'state': 'optimizing'} [179].
[2023-09-11 00:04:46,854][INFO][workspace][write] Saving monitors for transformation opt_disc with event info {'iteration': 75, 'state': 'optimizing'} [180].
[2023-09-11 00:08:06,337][INFO][workspace][write] Saving monitors for transformation opt_disc with event info {'iteration': 76, 'state': 'optimizing'} [181].
[2023-09-11 00:11:29,122][INFO][workspace][write] Saving monitors for transformation opt_disc with event info {'iteration': 77, 'state': 'optimizing'} [182].
[2023-09-11 00:14:48,832][INFO][workspace][write] Saving monitors for transformation opt_disc with event info {'iteration': 78, 'state': 'optimizing'} [183].
[2023-09-11 00:19:47,651][INFO][workspace][write] Saving monitors for transformation opt_disc with event info {'iteration': 79, 'state': 'optimizing'} [184].
[2023-09-11 00:23:06,270][INFO][workspace][write] Saving monitors for transformation opt_disc with event info {'iteration': 80, 'state': 'optimizing'} [185].
[2023-09-11 00:26:26,377][INFO][workspace][write] Saving monitors for transformation opt_disc with event info {'iteration': 81, 'state': 'optimizing'} [186].
[2023-09-11 00:29:51,242][INFO][workspace][write] Saving monitors for transformation opt_disc with event info {'iteration': 82, 'state': 'optimizing'} [187].
[2023-09-11 00:33:11,156][INFO][workspace][write] Saving monitors for transformation opt_disc with event info {'iteration': 83, 'state': 'optimizing'} [188].
[2023-09-11 00:36:28,734][INFO][workspace][write] Saving monitors for transformation opt_disc with event info {'iteration': 84, 'state': 'optimizing'} [189].
[2023-09-11 00:39:48,239][INFO][workspace][write] Saving monitors for transformation opt_disc with event info {'iteration': 85, 'state': 'optimizing'} [190].
[2023-09-11 00:43:07,860][INFO][workspace][write] Saving monitors for transformation opt_disc with event info {'iteration': 86, 'state': 'optimizing'} [191].
[2023-09-11 00:46:26,277][INFO][workspace][write] Saving monitors for transformation opt_disc with event info {'iteration': 87, 'state': 'optimizing'} [192].
[2023-09-11 00:49:43,413][INFO][workspace][write] Saving monitors for transformation opt_disc with event info {'iteration': 88, 'state': 'optimizing'} [193].
[2023-09-11 00:53:01,845][INFO][workspace][write] Saving monitors for transformation opt_disc with event info {'iteration': 89, 'state': 'optimizing'} [194].
[2023-09-11 00:56:22,381][INFO][workspace][write] Saving monitors for transformation opt_disc with event info {'iteration': 90, 'state': 'optimizing'} [195].
[2023-09-11 00:59:42,523][INFO][workspace][write] Saving monitors for transformation opt_disc with event info {'iteration': 91, 'state': 'optimizing'} [196].
[2023-09-11 01:03:03,722][INFO][workspace][write] Saving monitors for transformation opt_disc with event info {'iteration': 92, 'state': 'optimizing'} [197].
[2023-09-11 01:08:03,597][INFO][workspace][write] Saving monitors for transformation opt_disc with event info {'iteration': 93, 'state': 'optimizing'} [198].
[2023-09-11 01:11:25,142][INFO][workspace][write] Saving monitors for transformation opt_disc with event info {'iteration': 94, 'state': 'optimizing'} [199].
[2023-09-11 01:16:24,437][INFO][workspace][write] Saving monitors for transformation opt_disc with event info {'iteration': 95, 'state': 'optimizing'} [200].
[2023-09-11 01:19:43,762][INFO][workspace][write] Saving monitors for transformation opt_disc with event info {'iteration': 96, 'state': 'optimizing'} [201].
[2023-09-11 01:24:50,336][INFO][workspace][write] Saving monitors for transformation opt_disc with event info {'iteration': 97, 'state': 'optimizing'} [202].
[2023-09-11 01:30:04,827][INFO][workspace][write] Saving monitors for transformation opt_disc with event info {'iteration': 98, 'state': 'optimizing'} [203].
[2023-09-11 01:35:03,445][INFO][workspace][write] Saving monitors for transformation opt_disc with event info {'iteration': 99, 'state': 'optimizing'} [204].
[2023-09-11 01:40:03,928][INFO][workspace][write] Saving monitors for transformation opt_disc with event info {'iteration': 100, 'state': 'optimizing'} [205].
[2023-09-11 01:45:00,467][INFO][workspace][write] Saving monitors for transformation opt_disc with event info {'iteration': 101, 'state': 'optimizing'} [206].
[2023-09-11 01:48:19,573][INFO][workspace][write] Saving monitors for transformation opt_disc with event info {'iteration': 102, 'state': 'optimizing'} [207].
[2023-09-11 01:51:38,069][INFO][workspace][write] Saving monitors for transformation opt_disc with event info {'iteration': 103, 'state': 'optimizing'} [208].
[2023-09-11 01:56:39,854][INFO][workspace][write] Saving monitors for transformation opt_disc with event info {'iteration': 104, 'state': 'optimizing'} [209].
[2023-09-11 02:03:20,556][INFO][workspace][write] Saving monitors for transformation opt_disc with event info {'iteration': 105, 'state': 'optimizing'} [210].
[2023-09-11 02:08:22,843][INFO][workspace][write] Saving monitors for transformation opt_disc with event info {'iteration': 106, 'state': 'optimizing'} [211].
[2023-09-11 02:15:15,628][INFO][workspace][write] Saving monitors for transformation opt_disc with event info {'iteration': 107, 'state': 'optimizing'} [212].
[2023-09-11 02:18:36,479][INFO][workspace][write] Saving monitors for transformation opt_disc with event info {'iteration': 108, 'state': 'optimizing'} [213].
[2023-09-11 02:22:10,570][INFO][workspace][write] Saving monitors for transformation opt_disc with event info {'iteration': 109, 'state': 'optimizing'} [214].
[2023-09-11 02:25:30,289][INFO][workspace][write] Saving monitors for transformation opt_disc with event info {'iteration': 110, 'state': 'optimizing'} [215].
[2023-09-11 02:28:49,771][INFO][workspace][write] Saving monitors for transformation opt_disc with event info {'iteration': 111, 'state': 'optimizing'} [216].
[2023-09-11 02:32:11,425][INFO][workspace][write] Saving monitors for transformation opt_disc with event info {'iteration': 112, 'state': 'optimizing'} [217].
[2023-09-11 02:35:32,832][INFO][workspace][write] Saving monitors for transformation opt_disc with event info {'iteration': 113, 'state': 'optimizing'} [218].
[2023-09-11 02:38:51,549][INFO][workspace][write] Saving monitors for transformation opt_disc with event info {'iteration': 114, 'state': 'optimizing'} [219].
[2023-09-11 02:42:13,651][INFO][workspace][write] Saving monitors for transformation opt_disc with event info {'iteration': 115, 'state': 'optimizing'} [220].
[2023-09-11 02:45:34,895][INFO][workspace][write] Saving monitors for transformation opt_disc with event info {'iteration': 116, 'state': 'optimizing'} [221].
[2023-09-11 02:48:56,287][INFO][workspace][write] Saving monitors for transformation opt_disc with event info {'iteration': 117, 'state': 'optimizing'} [222].
[2023-09-11 02:52:19,041][INFO][workspace][write] Saving monitors for transformation opt_disc with event info {'iteration': 118, 'state': 'optimizing'} [223].
[2023-09-11 02:55:39,798][INFO][workspace][write] Saving monitors for transformation opt_disc with event info {'iteration': 119, 'state': 'optimizing'} [224].
[2023-09-11 02:59:00,993][INFO][workspace][write] Saving monitors for transformation opt_disc with event info {'iteration': 120, 'state': 'optimizing'} [225].
[2023-09-11 03:02:24,592][INFO][workspace][write] Saving monitors for transformation opt_disc with event info {'iteration': 121, 'state': 'optimizing'} [226].
[2023-09-11 03:05:47,011][INFO][workspace][write] Saving monitors for transformation opt_disc with event info {'iteration': 122, 'state': 'optimizing'} [227].
[2023-09-11 03:09:13,633][INFO][workspace][write] Saving monitors for transformation opt_disc with event info {'iteration': 123, 'state': 'optimizing'} [228].
[2023-09-11 03:12:35,161][INFO][workspace][write] Saving monitors for transformation opt_disc with event info {'iteration': 124, 'state': 'optimizing'} [229].
[2023-09-11 03:16:09,686][INFO][workspace][write] Saving monitors for transformation opt_disc with event info {'iteration': 125, 'state': 'optimizing'} [230].
[2023-09-11 03:19:29,545][INFO][workspace][write] Saving monitors for transformation opt_disc with event info {'iteration': 126, 'state': 'optimizing'} [231].
[2023-09-11 03:24:30,209][INFO][workspace][write] Saving monitors for transformation opt_disc with event info {'iteration': 127, 'state': 'optimizing'} [232].
[2023-09-11 03:27:50,193][INFO][workspace][write] Saving monitors for transformation opt_disc with event info {'iteration': 128, 'state': 'optimizing'} [233].
[2023-09-11 03:31:10,690][INFO][workspace][write] Saving monitors for transformation opt_disc with event info {'iteration': 129, 'state': 'optimizing'} [234].
[2023-09-11 03:36:13,995][INFO][workspace][write] Saving monitors for transformation opt_disc with event info {'iteration': 130, 'state': 'optimizing'} [235].
[2023-09-11 03:39:35,009][INFO][workspace][write] Saving monitors for transformation opt_disc with event info {'iteration': 131, 'state': 'optimizing'} [236].
[2023-09-11 03:42:57,294][INFO][workspace][write] Saving monitors for transformation opt_disc with event info {'iteration': 132, 'state': 'optimizing'} [237].
[2023-09-11 03:46:19,673][INFO][workspace][write] Saving monitors for transformation opt_disc with event info {'iteration': 133, 'state': 'optimizing'} [238].
[2023-09-11 03:51:18,345][INFO][workspace][write] Saving monitors for transformation opt_disc with event info {'iteration': 134, 'state': 'optimizing'} [239].
[2023-09-11 03:54:40,424][INFO][workspace][write] Saving monitors for transformation opt_disc with event info {'iteration': 135, 'state': 'optimizing'} [240].
[2023-09-11 03:58:12,970][INFO][workspace][write] Saving monitors for transformation opt_disc with event info {'iteration': 136, 'state': 'optimizing'} [241].
[2023-09-11 04:01:32,683][INFO][workspace][write] Saving monitors for transformation opt_disc with event info {'iteration': 137, 'state': 'optimizing'} [242].
[2023-09-11 04:05:00,132][INFO][workspace][write] Saving monitors for transformation opt_disc with event info {'iteration': 138, 'state': 'optimizing'} [243].
[2023-09-11 04:11:53,351][INFO][workspace][write] Saving monitors for transformation opt_disc with event info {'iteration': 139, 'state': 'optimizing'} [244].
[2023-09-11 04:15:14,371][INFO][workspace][write] Saving monitors for transformation opt_disc with event info {'iteration': 140, 'state': 'optimizing'} [245].
[2023-09-11 04:18:36,601][INFO][workspace][write] Saving monitors for transformation opt_disc with event info {'iteration': 141, 'state': 'optimizing'} [246].
[2023-09-11 04:21:57,049][INFO][workspace][write] Saving monitors for transformation opt_disc with event info {'iteration': 142, 'state': 'optimizing'} [247].
[2023-09-11 04:25:18,204][INFO][workspace][write] Saving monitors for transformation opt_disc with event info {'iteration': 143, 'state': 'optimizing'} [248].
[2023-09-11 04:28:41,388][INFO][workspace][write] Saving monitors for transformation opt_disc with event info {'iteration': 144, 'state': 'optimizing'} [249].
[2023-09-11 04:32:06,573][INFO][workspace][write] Saving monitors for transformation opt_disc with event info {'iteration': 145, 'state': 'optimizing'} [250].
[2023-09-11 04:35:31,855][INFO][workspace][write] Saving monitors for transformation opt_disc with event info {'iteration': 146, 'state': 'optimizing'} [251].
[2023-09-11 04:38:53,499][INFO][workspace][write] Saving monitors for transformation opt_disc with event info {'iteration': 147, 'state': 'optimizing'} [252].
[2023-09-11 04:42:16,821][INFO][workspace][write] Saving monitors for transformation opt_disc with event info {'iteration': 148, 'state': 'optimizing'} [253].
[2023-09-11 04:45:41,158][INFO][workspace][write] Saving monitors for transformation opt_disc with event info {'iteration': 149, 'state': 'optimizing'} [254].
[2023-09-11 04:49:05,585][INFO][workspace][write] Saving monitors for transformation opt_disc with event info {'iteration': 150, 'state': 'optimizing'} [255].
[2023-09-11 04:52:30,230][INFO][workspace][write] Saving monitors for transformation opt_disc with event info {'iteration': 151, 'state': 'optimizing'} [256].
[2023-09-11 04:55:52,348][INFO][workspace][write] Saving monitors for transformation opt_disc with event info {'iteration': 152, 'state': 'optimizing'} [257].
[2023-09-11 04:59:16,772][INFO][workspace][write] Saving monitors for transformation opt_disc with event info {'iteration': 153, 'state': 'optimizing'} [258].
[2023-09-11 05:04:23,087][INFO][workspace][write] Saving monitors for transformation opt_disc with event info {'iteration': 154, 'state': 'optimizing'} [259].
[2023-09-11 05:09:26,366][INFO][workspace][write] Saving monitors for transformation opt_disc with event info {'iteration': 155, 'state': 'optimizing'} [260].
[2023-09-11 05:12:50,288][INFO][workspace][write] Saving monitors for transformation opt_disc with event info {'iteration': 156, 'state': 'optimizing'} [261].
[2023-09-11 05:16:13,639][INFO][workspace][write] Saving monitors for transformation opt_disc with event info {'iteration': 157, 'state': 'optimizing'} [262].
[2023-09-11 05:21:14,895][INFO][workspace][write] Saving monitors for transformation opt_disc with event info {'iteration': 158, 'state': 'optimizing'} [263].
[2023-09-11 05:24:36,104][INFO][workspace][write] Saving monitors for transformation opt_disc with event info {'iteration': 159, 'state': 'optimizing'} [264].
[2023-09-11 05:29:42,824][INFO][workspace][write] Saving monitors for transformation opt_disc with event info {'iteration': 160, 'state': 'optimizing'} [265].
[2023-09-11 05:34:44,205][INFO][workspace][write] Saving monitors for transformation opt_disc with event info {'iteration': 161, 'state': 'optimizing'} [266].
[2023-09-11 05:39:48,298][INFO][workspace][write] Saving monitors for transformation opt_disc with event info {'iteration': 162, 'state': 'optimizing'} [267].
[2023-09-11 05:44:54,305][INFO][workspace][write] Saving monitors for transformation opt_disc with event info {'iteration': 163, 'state': 'optimizing'} [268].
[2023-09-11 05:48:19,551][INFO][workspace][write] Saving monitors for transformation opt_disc with event info {'iteration': 164, 'state': 'optimizing'} [269].
[2023-09-11 05:51:43,848][INFO][workspace][write] Saving monitors for transformation opt_disc with event info {'iteration': 165, 'state': 'optimizing'} [270].
[2023-09-11 05:55:09,253][INFO][workspace][write] Saving monitors for transformation opt_disc with event info {'iteration': 166, 'state': 'optimizing'} [271].
[2023-09-11 05:58:35,330][INFO][workspace][write] Saving monitors for transformation opt_disc with event info {'iteration': 167, 'state': 'optimizing'} [272].
[2023-09-11 06:03:39,345][INFO][workspace][write] Saving monitors for transformation opt_disc with event info {'iteration': 168, 'state': 'optimizing'} [273].
[2023-09-11 06:07:04,246][INFO][workspace][write] Saving monitors for transformation opt_disc with event info {'iteration': 169, 'state': 'optimizing'} [274].
[2023-09-11 06:12:07,853][INFO][workspace][write] Saving monitors for transformation opt_disc with event info {'iteration': 170, 'state': 'optimizing'} [275].
[2023-09-11 06:17:08,271][INFO][workspace][write] Saving monitors for transformation opt_disc with event info {'iteration': 171, 'state': 'optimizing'} [276].
[2023-09-11 06:22:13,164][INFO][workspace][write] Saving monitors for transformation opt_disc with event info {'iteration': 172, 'state': 'optimizing'} [277].
[2023-09-11 06:27:16,649][INFO][workspace][write] Saving monitors for transformation opt_disc with event info {'iteration': 173, 'state': 'optimizing'} [278].
[2023-09-11 06:30:37,934][INFO][workspace][write] Saving monitors for transformation opt_disc with event info {'iteration': 174, 'state': 'optimizing'} [279].
[2023-09-11 06:35:43,858][INFO][workspace][write] Saving monitors for transformation opt_disc with event info {'iteration': 175, 'state': 'optimizing'} [280].
[2023-09-11 06:40:50,878][INFO][workspace][write] Saving monitors for transformation opt_disc with event info {'iteration': 176, 'state': 'optimizing'} [281].
[2023-09-11 06:45:56,945][INFO][workspace][write] Saving monitors for transformation opt_disc with event info {'iteration': 177, 'state': 'optimizing'} [282].
[2023-09-11 06:51:03,996][INFO][workspace][write] Saving monitors for transformation opt_disc with event info {'iteration': 178, 'state': 'optimizing'} [283].
[2023-09-11 06:56:09,710][INFO][workspace][write] Saving monitors for transformation opt_disc with event info {'iteration': 179, 'state': 'optimizing'} [284].
[2023-09-11 06:59:31,271][INFO][workspace][write] Saving monitors for transformation opt_disc with event info {'iteration': 180, 'state': 'optimizing'} [285].
[2023-09-11 07:02:56,180][INFO][workspace][write] Saving monitors for transformation opt_disc with event info {'iteration': 181, 'state': 'optimizing'} [286].
[2023-09-11 07:06:20,687][INFO][workspace][write] Saving monitors for transformation opt_disc with event info {'iteration': 182, 'state': 'optimizing'} [287].
[2023-09-11 07:09:39,704][INFO][workspace][write] Saving monitors for transformation opt_disc with event info {'iteration': 183, 'state': 'optimizing'} [288].
[2023-09-11 07:14:41,909][INFO][workspace][write] Saving monitors for transformation opt_disc with event info {'iteration': 184, 'state': 'optimizing'} [289].
[2023-09-11 07:19:44,762][INFO][workspace][write] Saving monitors for transformation opt_disc with event info {'iteration': 185, 'state': 'optimizing'} [290].
[2023-09-11 07:23:11,549][INFO][workspace][write] Saving monitors for transformation opt_disc with event info {'iteration': 186, 'state': 'optimizing'} [291].
[2023-09-11 07:28:16,359][INFO][workspace][write] Saving monitors for transformation opt_disc with event info {'iteration': 187, 'state': 'optimizing'} [292].
[2023-09-11 07:31:40,798][INFO][workspace][write] Saving monitors for transformation opt_disc with event info {'iteration': 188, 'state': 'optimizing'} [293].
[2023-09-11 07:35:05,128][INFO][workspace][write] Saving monitors for transformation opt_disc with event info {'iteration': 189, 'state': 'optimizing'} [294].
[2023-09-11 07:38:26,961][INFO][workspace][write] Saving monitors for transformation opt_disc with event info {'iteration': 190, 'state': 'optimizing'} [295].
[2023-09-11 07:41:54,995][INFO][workspace][write] Saving monitors for transformation opt_disc with event info {'iteration': 191, 'state': 'optimizing'} [296].
[2023-09-11 07:45:19,854][INFO][workspace][write] Saving monitors for transformation opt_disc with event info {'iteration': 192, 'state': 'optimizing'} [297].
[2023-09-11 07:50:25,300][INFO][workspace][write] Saving monitors for transformation opt_disc with event info {'iteration': 193, 'state': 'optimizing'} [298].
[2023-09-11 07:53:47,064][INFO][workspace][write] Saving monitors for transformation opt_disc with event info {'iteration': 194, 'state': 'optimizing'} [299].
[2023-09-11 07:57:11,950][INFO][workspace][write] Saving monitors for transformation opt_disc with event info {'iteration': 195, 'state': 'optimizing'} [300].
[2023-09-11 08:02:15,801][INFO][workspace][write] Saving monitors for transformation opt_disc with event info {'iteration': 196, 'state': 'optimizing'} [301].
[2023-09-11 08:07:17,528][INFO][workspace][write] Saving monitors for transformation opt_disc with event info {'iteration': 197, 'state': 'optimizing'} [302].
[2023-09-11 08:12:23,234][INFO][workspace][write] Saving monitors for transformation opt_disc with event info {'iteration': 198, 'state': 'optimizing'} [303].
[2023-09-11 08:15:47,441][INFO][workspace][write] Saving monitors for transformation opt_disc with event info {'iteration': 199, 'state': 'optimizing'} [304].
[2023-09-11 08:17:29,275][INFO][workspace][write] Saving monitors for transformation opt_disc with event info {'iteration': 200, 'state': 'optimizing'} [305].
[2023-09-11 08:17:30,440][INFO][workspace][write] Saving monitors for transformation opt_disc with event info {'state': 'end'} [306].
[2023-09-11 08:17:30,830][INFO][workspace][write_checkpoint] Saving checkpoint file: opt_disc.chkpt.pkl
[2023-09-11 08:17:30,834][INFO][solver][run_plan] Spins finished.
Traceback (most recent call last):
  File "/global/home/users/xinwei/Tim/QDG_Tim/230907_spins/3_grating_straight_w1326_released_1/grating.py", line 699, in <module>
    view_opt(args.save_folder)
  File "/global/home/users/xinwei/Tim/QDG_Tim/230907_spins/3_grating_straight_w1326_released_1/grating.py", line 587, in view_opt
    monitor_descriptions = log_tools.load_from_yml(
  File "/global/scratch/users/xinwei/spins-b/spins/invdes/problem_graph/log_tools/monitor_spec.py", line 182, in load_from_yml
    monitor_descriptions = MonitorDescriptionList(yaml.load(fp))
TypeError: load() missing 1 required positional argument: 'Loader'
end of job
