[2023-09-07 19:13:22,492][INFO][solver][run_plan] Setting up workspace.
[2023-09-07 19:13:22,493][INFO][solver][run_plan] Running transformation opt_cont.
[2023-09-07 19:13:50,337][INFO][workspace][write] Saving monitors for transformation opt_cont with event info {'state': 'start'} [1].
[2023-09-07 19:14:32,119][INFO][workspace][write] Saving monitors for transformation opt_cont with event info {'iteration': 1, 'state': 'optimizing'} [2].
[2023-09-07 19:15:00,792][INFO][workspace][write] Saving monitors for transformation opt_cont with event info {'iteration': 2, 'state': 'optimizing'} [3].
[2023-09-07 19:15:56,894][INFO][workspace][write] Saving monitors for transformation opt_cont with event info {'iteration': 3, 'state': 'optimizing'} [4].
[2023-09-07 19:16:25,198][INFO][workspace][write] Saving monitors for transformation opt_cont with event info {'iteration': 4, 'state': 'optimizing'} [5].
[2023-09-07 19:16:53,689][INFO][workspace][write] Saving monitors for transformation opt_cont with event info {'iteration': 5, 'state': 'optimizing'} [6].
[2023-09-07 19:17:22,334][INFO][workspace][write] Saving monitors for transformation opt_cont with event info {'iteration': 6, 'state': 'optimizing'} [7].
[2023-09-07 19:18:18,323][INFO][workspace][write] Saving monitors for transformation opt_cont with event info {'iteration': 7, 'state': 'optimizing'} [8].
[2023-09-07 19:19:15,025][INFO][workspace][write] Saving monitors for transformation opt_cont with event info {'iteration': 8, 'state': 'optimizing'} [9].
[2023-09-07 19:19:43,832][INFO][workspace][write] Saving monitors for transformation opt_cont with event info {'iteration': 9, 'state': 'optimizing'} [10].
[2023-09-07 19:20:13,452][INFO][workspace][write] Saving monitors for transformation opt_cont with event info {'iteration': 10, 'state': 'optimizing'} [11].
[2023-09-07 19:20:42,495][INFO][workspace][write] Saving monitors for transformation opt_cont with event info {'iteration': 11, 'state': 'optimizing'} [12].
[2023-09-07 19:21:38,392][INFO][workspace][write] Saving monitors for transformation opt_cont with event info {'iteration': 12, 'state': 'optimizing'} [13].
[2023-09-07 19:22:35,263][INFO][workspace][write] Saving monitors for transformation opt_cont with event info {'iteration': 13, 'state': 'optimizing'} [14].
[2023-09-07 19:23:03,202][INFO][workspace][write] Saving monitors for transformation opt_cont with event info {'iteration': 14, 'state': 'optimizing'} [15].
[2023-09-07 19:23:31,588][INFO][workspace][write] Saving monitors for transformation opt_cont with event info {'iteration': 15, 'state': 'optimizing'} [16].
[2023-09-07 19:24:00,160][INFO][workspace][write] Saving monitors for transformation opt_cont with event info {'iteration': 16, 'state': 'optimizing'} [17].
[2023-09-07 19:24:28,752][INFO][workspace][write] Saving monitors for transformation opt_cont with event info {'iteration': 17, 'state': 'optimizing'} [18].
[2023-09-07 19:24:57,816][INFO][workspace][write] Saving monitors for transformation opt_cont with event info {'iteration': 18, 'state': 'optimizing'} [19].
[2023-09-07 19:25:25,823][INFO][workspace][write] Saving monitors for transformation opt_cont with event info {'iteration': 19, 'state': 'optimizing'} [20].
[2023-09-07 19:25:54,579][INFO][workspace][write] Saving monitors for transformation opt_cont with event info {'iteration': 20, 'state': 'optimizing'} [21].
[2023-09-07 19:26:22,303][INFO][workspace][write] Saving monitors for transformation opt_cont with event info {'iteration': 21, 'state': 'optimizing'} [22].
[2023-09-07 19:26:50,343][INFO][workspace][write] Saving monitors for transformation opt_cont with event info {'iteration': 22, 'state': 'optimizing'} [23].
[2023-09-07 19:27:17,753][INFO][workspace][write] Saving monitors for transformation opt_cont with event info {'iteration': 23, 'state': 'optimizing'} [24].
[2023-09-07 19:27:45,722][INFO][workspace][write] Saving monitors for transformation opt_cont with event info {'iteration': 24, 'state': 'optimizing'} [25].
[2023-09-07 19:28:13,528][INFO][workspace][write] Saving monitors for transformation opt_cont with event info {'iteration': 25, 'state': 'optimizing'} [26].
[2023-09-07 19:28:41,842][INFO][workspace][write] Saving monitors for transformation opt_cont with event info {'iteration': 26, 'state': 'optimizing'} [27].
[2023-09-07 19:29:09,829][INFO][workspace][write] Saving monitors for transformation opt_cont with event info {'iteration': 27, 'state': 'optimizing'} [28].
[2023-09-07 19:29:38,401][INFO][workspace][write] Saving monitors for transformation opt_cont with event info {'iteration': 28, 'state': 'optimizing'} [29].
[2023-09-07 19:30:07,214][INFO][workspace][write] Saving monitors for transformation opt_cont with event info {'iteration': 29, 'state': 'optimizing'} [30].
[2023-09-07 19:30:34,797][INFO][workspace][write] Saving monitors for transformation opt_cont with event info {'iteration': 30, 'state': 'optimizing'} [31].
[2023-09-07 19:31:02,298][INFO][workspace][write] Saving monitors for transformation opt_cont with event info {'iteration': 31, 'state': 'optimizing'} [32].
[2023-09-07 19:31:57,393][INFO][workspace][write] Saving monitors for transformation opt_cont with event info {'iteration': 32, 'state': 'optimizing'} [33].
[2023-09-07 19:32:25,960][INFO][workspace][write] Saving monitors for transformation opt_cont with event info {'iteration': 33, 'state': 'optimizing'} [34].
[2023-09-07 19:32:53,852][INFO][workspace][write] Saving monitors for transformation opt_cont with event info {'iteration': 34, 'state': 'optimizing'} [35].
[2023-09-07 19:33:21,521][INFO][workspace][write] Saving monitors for transformation opt_cont with event info {'iteration': 35, 'state': 'optimizing'} [36].
[2023-09-07 19:33:49,351][INFO][workspace][write] Saving monitors for transformation opt_cont with event info {'iteration': 36, 'state': 'optimizing'} [37].
[2023-09-07 19:34:17,495][INFO][workspace][write] Saving monitors for transformation opt_cont with event info {'iteration': 37, 'state': 'optimizing'} [38].
[2023-09-07 19:34:45,540][INFO][workspace][write] Saving monitors for transformation opt_cont with event info {'iteration': 38, 'state': 'optimizing'} [39].
[2023-09-07 19:35:13,354][INFO][workspace][write] Saving monitors for transformation opt_cont with event info {'iteration': 39, 'state': 'optimizing'} [40].
[2023-09-07 19:35:40,869][INFO][workspace][write] Saving monitors for transformation opt_cont with event info {'iteration': 40, 'state': 'optimizing'} [41].
[2023-09-07 19:36:08,504][INFO][workspace][write] Saving monitors for transformation opt_cont with event info {'iteration': 41, 'state': 'optimizing'} [42].
[2023-09-07 19:36:35,868][INFO][workspace][write] Saving monitors for transformation opt_cont with event info {'iteration': 42, 'state': 'optimizing'} [43].
[2023-09-07 19:37:03,416][INFO][workspace][write] Saving monitors for transformation opt_cont with event info {'iteration': 43, 'state': 'optimizing'} [44].
[2023-09-07 19:37:30,931][INFO][workspace][write] Saving monitors for transformation opt_cont with event info {'iteration': 44, 'state': 'optimizing'} [45].
[2023-09-07 19:37:59,306][INFO][workspace][write] Saving monitors for transformation opt_cont with event info {'iteration': 45, 'state': 'optimizing'} [46].
[2023-09-07 19:38:27,127][INFO][workspace][write] Saving monitors for transformation opt_cont with event info {'iteration': 46, 'state': 'optimizing'} [47].
[2023-09-07 19:38:55,105][INFO][workspace][write] Saving monitors for transformation opt_cont with event info {'iteration': 47, 'state': 'optimizing'} [48].
[2023-09-07 19:39:22,631][INFO][workspace][write] Saving monitors for transformation opt_cont with event info {'iteration': 48, 'state': 'optimizing'} [49].
[2023-09-07 19:39:51,316][INFO][workspace][write] Saving monitors for transformation opt_cont with event info {'iteration': 49, 'state': 'optimizing'} [50].
[2023-09-07 19:40:18,899][INFO][workspace][write] Saving monitors for transformation opt_cont with event info {'iteration': 50, 'state': 'optimizing'} [51].
[2023-09-07 19:40:19,002][INFO][workspace][write] Saving monitors for transformation opt_cont with event info {'state': 'end'} [52].
[2023-09-07 19:40:19,369][INFO][workspace][write_checkpoint] Saving checkpoint file: opt_cont.chkpt.pkl
[2023-09-07 19:40:19,416][INFO][solver][run_plan] Running transformation opt_cont_disc.
[2023-09-07 19:40:19,497][INFO][workspace][write] Saving monitors for transformation opt_cont_disc with event info {'state': 'start'} [53].
[2023-09-07 19:40:47,611][INFO][workspace][write] Saving monitors for transformation opt_cont_disc with event info {'iteration': 1, 'state': 'optimizing'} [54].
[2023-09-07 19:41:15,341][INFO][workspace][write] Saving monitors for transformation opt_cont_disc with event info {'iteration': 2, 'state': 'optimizing'} [55].
[2023-09-07 19:41:43,081][INFO][workspace][write] Saving monitors for transformation opt_cont_disc with event info {'iteration': 3, 'state': 'optimizing'} [56].
[2023-09-07 19:42:11,233][INFO][workspace][write] Saving monitors for transformation opt_cont_disc with event info {'iteration': 4, 'state': 'optimizing'} [57].
[2023-09-07 19:42:38,908][INFO][workspace][write] Saving monitors for transformation opt_cont_disc with event info {'iteration': 5, 'state': 'optimizing'} [58].
[2023-09-07 19:43:07,578][INFO][workspace][write] Saving monitors for transformation opt_cont_disc with event info {'iteration': 6, 'state': 'optimizing'} [59].
[2023-09-07 19:43:36,310][INFO][workspace][write] Saving monitors for transformation opt_cont_disc with event info {'iteration': 7, 'state': 'optimizing'} [60].
[2023-09-07 19:44:04,551][INFO][workspace][write] Saving monitors for transformation opt_cont_disc with event info {'iteration': 8, 'state': 'optimizing'} [61].
[2023-09-07 19:44:32,734][INFO][workspace][write] Saving monitors for transformation opt_cont_disc with event info {'iteration': 9, 'state': 'optimizing'} [62].
[2023-09-07 19:45:01,282][INFO][workspace][write] Saving monitors for transformation opt_cont_disc with event info {'iteration': 10, 'state': 'optimizing'} [63].
[2023-09-07 19:45:29,124][INFO][workspace][write] Saving monitors for transformation opt_cont_disc with event info {'iteration': 11, 'state': 'optimizing'} [64].
[2023-09-07 19:45:57,015][INFO][workspace][write] Saving monitors for transformation opt_cont_disc with event info {'iteration': 12, 'state': 'optimizing'} [65].
[2023-09-07 19:46:25,013][INFO][workspace][write] Saving monitors for transformation opt_cont_disc with event info {'iteration': 13, 'state': 'optimizing'} [66].
[2023-09-07 19:46:52,964][INFO][workspace][write] Saving monitors for transformation opt_cont_disc with event info {'iteration': 14, 'state': 'optimizing'} [67].
[2023-09-07 19:47:21,177][INFO][workspace][write] Saving monitors for transformation opt_cont_disc with event info {'iteration': 15, 'state': 'optimizing'} [68].
[2023-09-07 19:47:49,746][INFO][workspace][write] Saving monitors for transformation opt_cont_disc with event info {'iteration': 16, 'state': 'optimizing'} [69].
[2023-09-07 19:48:45,563][INFO][workspace][write] Saving monitors for transformation opt_cont_disc with event info {'iteration': 17, 'state': 'optimizing'} [70].
[2023-09-07 19:49:13,600][INFO][workspace][write] Saving monitors for transformation opt_cont_disc with event info {'iteration': 18, 'state': 'optimizing'} [71].
[2023-09-07 19:49:41,622][INFO][workspace][write] Saving monitors for transformation opt_cont_disc with event info {'iteration': 19, 'state': 'optimizing'} [72].
[2023-09-07 19:50:10,834][INFO][workspace][write] Saving monitors for transformation opt_cont_disc with event info {'iteration': 20, 'state': 'optimizing'} [73].
[2023-09-07 19:50:38,536][INFO][workspace][write] Saving monitors for transformation opt_cont_disc with event info {'iteration': 21, 'state': 'optimizing'} [74].
[2023-09-07 19:51:07,296][INFO][workspace][write] Saving monitors for transformation opt_cont_disc with event info {'iteration': 22, 'state': 'optimizing'} [75].
[2023-09-07 19:51:35,380][INFO][workspace][write] Saving monitors for transformation opt_cont_disc with event info {'iteration': 23, 'state': 'optimizing'} [76].
[2023-09-07 19:52:03,791][INFO][workspace][write] Saving monitors for transformation opt_cont_disc with event info {'iteration': 24, 'state': 'optimizing'} [77].
[2023-09-07 19:52:32,299][INFO][workspace][write] Saving monitors for transformation opt_cont_disc with event info {'iteration': 25, 'state': 'optimizing'} [78].
[2023-09-07 19:53:01,209][INFO][workspace][write] Saving monitors for transformation opt_cont_disc with event info {'iteration': 26, 'state': 'optimizing'} [79].
[2023-09-07 19:53:30,119][INFO][workspace][write] Saving monitors for transformation opt_cont_disc with event info {'iteration': 27, 'state': 'optimizing'} [80].
[2023-09-07 19:53:58,160][INFO][workspace][write] Saving monitors for transformation opt_cont_disc with event info {'iteration': 28, 'state': 'optimizing'} [81].
[2023-09-07 19:54:53,583][INFO][workspace][write] Saving monitors for transformation opt_cont_disc with event info {'iteration': 29, 'state': 'optimizing'} [82].
[2023-09-07 19:55:48,995][INFO][workspace][write] Saving monitors for transformation opt_cont_disc with event info {'iteration': 30, 'state': 'optimizing'} [83].
[2023-09-07 19:56:17,358][INFO][workspace][write] Saving monitors for transformation opt_cont_disc with event info {'iteration': 31, 'state': 'optimizing'} [84].
[2023-09-07 19:56:45,529][INFO][workspace][write] Saving monitors for transformation opt_cont_disc with event info {'iteration': 32, 'state': 'optimizing'} [85].
[2023-09-07 19:57:14,002][INFO][workspace][write] Saving monitors for transformation opt_cont_disc with event info {'iteration': 33, 'state': 'optimizing'} [86].
[2023-09-07 19:57:42,143][INFO][workspace][write] Saving monitors for transformation opt_cont_disc with event info {'iteration': 34, 'state': 'optimizing'} [87].
[2023-09-07 19:58:37,581][INFO][workspace][write] Saving monitors for transformation opt_cont_disc with event info {'iteration': 35, 'state': 'optimizing'} [88].
[2023-09-07 19:59:33,194][INFO][workspace][write] Saving monitors for transformation opt_cont_disc with event info {'iteration': 36, 'state': 'optimizing'} [89].
[2023-09-07 20:00:58,024][INFO][workspace][write] Saving monitors for transformation opt_cont_disc with event info {'iteration': 37, 'state': 'optimizing'} [90].
[2023-09-07 20:01:53,782][INFO][workspace][write] Saving monitors for transformation opt_cont_disc with event info {'iteration': 38, 'state': 'optimizing'} [91].
[2023-09-07 20:02:21,737][INFO][workspace][write] Saving monitors for transformation opt_cont_disc with event info {'iteration': 39, 'state': 'optimizing'} [92].
[2023-09-07 20:03:17,333][INFO][workspace][write] Saving monitors for transformation opt_cont_disc with event info {'iteration': 40, 'state': 'optimizing'} [93].
[2023-09-07 20:03:45,155][INFO][workspace][write] Saving monitors for transformation opt_cont_disc with event info {'iteration': 41, 'state': 'optimizing'} [94].
[2023-09-07 20:04:40,426][INFO][workspace][write] Saving monitors for transformation opt_cont_disc with event info {'iteration': 42, 'state': 'optimizing'} [95].
[2023-09-07 20:05:36,384][INFO][workspace][write] Saving monitors for transformation opt_cont_disc with event info {'iteration': 43, 'state': 'optimizing'} [96].
[2023-09-07 20:06:32,115][INFO][workspace][write] Saving monitors for transformation opt_cont_disc with event info {'iteration': 44, 'state': 'optimizing'} [97].
[2023-09-07 20:07:00,128][INFO][workspace][write] Saving monitors for transformation opt_cont_disc with event info {'iteration': 45, 'state': 'optimizing'} [98].
[2023-09-07 20:07:55,972][INFO][workspace][write] Saving monitors for transformation opt_cont_disc with event info {'iteration': 46, 'state': 'optimizing'} [99].
[2023-09-07 20:08:51,461][INFO][workspace][write] Saving monitors for transformation opt_cont_disc with event info {'iteration': 47, 'state': 'optimizing'} [100].
[2023-09-07 20:09:47,758][INFO][workspace][write] Saving monitors for transformation opt_cont_disc with event info {'iteration': 48, 'state': 'optimizing'} [101].
[2023-09-07 20:10:43,909][INFO][workspace][write] Saving monitors for transformation opt_cont_disc with event info {'iteration': 49, 'state': 'optimizing'} [102].
[2023-09-07 20:11:39,575][INFO][workspace][write] Saving monitors for transformation opt_cont_disc with event info {'iteration': 50, 'state': 'optimizing'} [103].
[2023-09-07 20:11:40,025][INFO][workspace][write] Saving monitors for transformation opt_cont_disc with event info {'state': 'end'} [104].
[2023-09-07 20:11:40,355][INFO][workspace][write_checkpoint] Saving checkpoint file: opt_cont_disc.chkpt.pkl
[2023-09-07 20:11:40,452][INFO][solver][run_plan] Running transformation cont_to_disc.
[2023-09-07 20:11:42,143][INFO][workspace][write_checkpoint] Saving checkpoint file: cont_to_disc.chkpt.pkl
[2023-09-07 20:11:42,233][INFO][solver][run_plan] Running transformation opt_disc.
[2023-09-07 20:11:56,230][INFO][workspace][write] Saving monitors for transformation opt_disc with event info {'state': 'start'} [105].
[2023-09-07 20:12:24,769][INFO][workspace][write] Saving monitors for transformation opt_disc with event info {'iteration': 1, 'state': 'optimizing'} [106].
[2023-09-07 20:12:52,721][INFO][workspace][write] Saving monitors for transformation opt_disc with event info {'iteration': 2, 'state': 'optimizing'} [107].
[2023-09-07 20:13:20,539][INFO][workspace][write] Saving monitors for transformation opt_disc with event info {'iteration': 3, 'state': 'optimizing'} [108].
[2023-09-07 20:13:48,405][INFO][workspace][write] Saving monitors for transformation opt_disc with event info {'iteration': 4, 'state': 'optimizing'} [109].
[2023-09-07 20:14:16,421][INFO][workspace][write] Saving monitors for transformation opt_disc with event info {'iteration': 5, 'state': 'optimizing'} [110].
[2023-09-07 20:14:44,517][INFO][workspace][write] Saving monitors for transformation opt_disc with event info {'iteration': 6, 'state': 'optimizing'} [111].
[2023-09-07 20:15:12,617][INFO][workspace][write] Saving monitors for transformation opt_disc with event info {'iteration': 7, 'state': 'optimizing'} [112].
[2023-09-07 20:15:40,545][INFO][workspace][write] Saving monitors for transformation opt_disc with event info {'iteration': 8, 'state': 'optimizing'} [113].
[2023-09-07 20:16:08,788][INFO][workspace][write] Saving monitors for transformation opt_disc with event info {'iteration': 9, 'state': 'optimizing'} [114].
[2023-09-07 20:16:36,905][INFO][workspace][write] Saving monitors for transformation opt_disc with event info {'iteration': 10, 'state': 'optimizing'} [115].
[2023-09-07 20:17:04,966][INFO][workspace][write] Saving monitors for transformation opt_disc with event info {'iteration': 11, 'state': 'optimizing'} [116].
[2023-09-07 20:17:32,712][INFO][workspace][write] Saving monitors for transformation opt_disc with event info {'iteration': 12, 'state': 'optimizing'} [117].
[2023-09-07 20:18:00,894][INFO][workspace][write] Saving monitors for transformation opt_disc with event info {'iteration': 13, 'state': 'optimizing'} [118].
[2023-09-07 20:18:28,920][INFO][workspace][write] Saving monitors for transformation opt_disc with event info {'iteration': 14, 'state': 'optimizing'} [119].
[2023-09-07 20:18:56,889][INFO][workspace][write] Saving monitors for transformation opt_disc with event info {'iteration': 15, 'state': 'optimizing'} [120].
[2023-09-07 20:19:38,893][INFO][workspace][write] Saving monitors for transformation opt_disc with event info {'iteration': 16, 'state': 'optimizing'} [121].
[2023-09-07 20:20:21,756][INFO][workspace][write] Saving monitors for transformation opt_disc with event info {'iteration': 17, 'state': 'optimizing'} [122].
[2023-09-07 20:21:03,088][INFO][workspace][write] Saving monitors for transformation opt_disc with event info {'iteration': 18, 'state': 'optimizing'} [123].
[2023-09-07 20:21:31,810][INFO][workspace][write] Saving monitors for transformation opt_disc with event info {'iteration': 19, 'state': 'optimizing'} [124].
[2023-09-07 20:21:59,749][INFO][workspace][write] Saving monitors for transformation opt_disc with event info {'iteration': 20, 'state': 'optimizing'} [125].
[2023-09-07 20:22:27,413][INFO][workspace][write] Saving monitors for transformation opt_disc with event info {'iteration': 21, 'state': 'optimizing'} [126].
[2023-09-07 20:22:55,081][INFO][workspace][write] Saving monitors for transformation opt_disc with event info {'iteration': 22, 'state': 'optimizing'} [127].
[2023-09-07 20:23:22,926][INFO][workspace][write] Saving monitors for transformation opt_disc with event info {'iteration': 23, 'state': 'optimizing'} [128].
[2023-09-07 20:23:50,971][INFO][workspace][write] Saving monitors for transformation opt_disc with event info {'iteration': 24, 'state': 'optimizing'} [129].
[2023-09-07 20:24:18,799][INFO][workspace][write] Saving monitors for transformation opt_disc with event info {'iteration': 25, 'state': 'optimizing'} [130].
[2023-09-07 20:24:47,155][INFO][workspace][write] Saving monitors for transformation opt_disc with event info {'iteration': 26, 'state': 'optimizing'} [131].
[2023-09-07 20:25:15,317][INFO][workspace][write] Saving monitors for transformation opt_disc with event info {'iteration': 27, 'state': 'optimizing'} [132].
[2023-09-07 20:25:42,886][INFO][workspace][write] Saving monitors for transformation opt_disc with event info {'iteration': 28, 'state': 'optimizing'} [133].
[2023-09-07 20:26:10,970][INFO][workspace][write] Saving monitors for transformation opt_disc with event info {'iteration': 29, 'state': 'optimizing'} [134].
[2023-09-07 20:26:38,786][INFO][workspace][write] Saving monitors for transformation opt_disc with event info {'iteration': 30, 'state': 'optimizing'} [135].
[2023-09-07 20:27:06,365][INFO][workspace][write] Saving monitors for transformation opt_disc with event info {'iteration': 31, 'state': 'optimizing'} [136].
[2023-09-07 20:27:34,695][INFO][workspace][write] Saving monitors for transformation opt_disc with event info {'iteration': 32, 'state': 'optimizing'} [137].
[2023-09-07 20:28:02,691][INFO][workspace][write] Saving monitors for transformation opt_disc with event info {'iteration': 33, 'state': 'optimizing'} [138].
[2023-09-07 20:28:30,378][INFO][workspace][write] Saving monitors for transformation opt_disc with event info {'iteration': 34, 'state': 'optimizing'} [139].
[2023-09-07 20:28:59,064][INFO][workspace][write] Saving monitors for transformation opt_disc with event info {'iteration': 35, 'state': 'optimizing'} [140].
[2023-09-07 20:29:27,500][INFO][workspace][write] Saving monitors for transformation opt_disc with event info {'iteration': 36, 'state': 'optimizing'} [141].
[2023-09-07 20:29:56,743][INFO][workspace][write] Saving monitors for transformation opt_disc with event info {'iteration': 37, 'state': 'optimizing'} [142].
[2023-09-07 20:30:24,560][INFO][workspace][write] Saving monitors for transformation opt_disc with event info {'iteration': 38, 'state': 'optimizing'} [143].
[2023-09-07 20:30:52,182][INFO][workspace][write] Saving monitors for transformation opt_disc with event info {'iteration': 39, 'state': 'optimizing'} [144].
[2023-09-07 20:31:20,132][INFO][workspace][write] Saving monitors for transformation opt_disc with event info {'iteration': 40, 'state': 'optimizing'} [145].
[2023-09-07 20:31:48,041][INFO][workspace][write] Saving monitors for transformation opt_disc with event info {'iteration': 41, 'state': 'optimizing'} [146].
[2023-09-07 20:32:15,709][INFO][workspace][write] Saving monitors for transformation opt_disc with event info {'iteration': 42, 'state': 'optimizing'} [147].
[2023-09-07 20:32:44,090][INFO][workspace][write] Saving monitors for transformation opt_disc with event info {'iteration': 43, 'state': 'optimizing'} [148].
[2023-09-07 20:33:13,264][INFO][workspace][write] Saving monitors for transformation opt_disc with event info {'iteration': 44, 'state': 'optimizing'} [149].
[2023-09-07 20:33:55,318][INFO][workspace][write] Saving monitors for transformation opt_disc with event info {'iteration': 45, 'state': 'optimizing'} [150].
[2023-09-07 20:34:23,257][INFO][workspace][write] Saving monitors for transformation opt_disc with event info {'iteration': 46, 'state': 'optimizing'} [151].
[2023-09-07 20:34:51,958][INFO][workspace][write] Saving monitors for transformation opt_disc with event info {'iteration': 47, 'state': 'optimizing'} [152].
[2023-09-07 20:35:20,067][INFO][workspace][write] Saving monitors for transformation opt_disc with event info {'iteration': 48, 'state': 'optimizing'} [153].
[2023-09-07 20:35:48,177][INFO][workspace][write] Saving monitors for transformation opt_disc with event info {'iteration': 49, 'state': 'optimizing'} [154].
[2023-09-07 20:36:15,892][INFO][workspace][write] Saving monitors for transformation opt_disc with event info {'iteration': 50, 'state': 'optimizing'} [155].
[2023-09-07 20:36:44,163][INFO][workspace][write] Saving monitors for transformation opt_disc with event info {'iteration': 51, 'state': 'optimizing'} [156].
[2023-09-07 20:37:12,270][INFO][workspace][write] Saving monitors for transformation opt_disc with event info {'iteration': 52, 'state': 'optimizing'} [157].
[2023-09-07 20:37:40,603][INFO][workspace][write] Saving monitors for transformation opt_disc with event info {'iteration': 53, 'state': 'optimizing'} [158].
[2023-09-07 20:38:09,057][INFO][workspace][write] Saving monitors for transformation opt_disc with event info {'iteration': 54, 'state': 'optimizing'} [159].
[2023-09-07 20:38:36,792][INFO][workspace][write] Saving monitors for transformation opt_disc with event info {'iteration': 55, 'state': 'optimizing'} [160].
[2023-09-07 20:39:05,186][INFO][workspace][write] Saving monitors for transformation opt_disc with event info {'iteration': 56, 'state': 'optimizing'} [161].
[2023-09-07 20:39:33,068][INFO][workspace][write] Saving monitors for transformation opt_disc with event info {'iteration': 57, 'state': 'optimizing'} [162].
[2023-09-07 20:40:02,312][INFO][workspace][write] Saving monitors for transformation opt_disc with event info {'iteration': 58, 'state': 'optimizing'} [163].
[2023-09-07 20:40:30,321][INFO][workspace][write] Saving monitors for transformation opt_disc with event info {'iteration': 59, 'state': 'optimizing'} [164].
[2023-09-07 20:40:58,250][INFO][workspace][write] Saving monitors for transformation opt_disc with event info {'iteration': 60, 'state': 'optimizing'} [165].
[2023-09-07 20:41:25,941][INFO][workspace][write] Saving monitors for transformation opt_disc with event info {'iteration': 61, 'state': 'optimizing'} [166].
[2023-09-07 20:41:53,797][INFO][workspace][write] Saving monitors for transformation opt_disc with event info {'iteration': 62, 'state': 'optimizing'} [167].
[2023-09-07 20:42:21,668][INFO][workspace][write] Saving monitors for transformation opt_disc with event info {'iteration': 63, 'state': 'optimizing'} [168].
[2023-09-07 20:43:03,381][INFO][workspace][write] Saving monitors for transformation opt_disc with event info {'iteration': 64, 'state': 'optimizing'} [169].
[2023-09-07 20:43:31,957][INFO][workspace][write] Saving monitors for transformation opt_disc with event info {'iteration': 65, 'state': 'optimizing'} [170].
[2023-09-07 20:43:59,995][INFO][workspace][write] Saving monitors for transformation opt_disc with event info {'iteration': 66, 'state': 'optimizing'} [171].
[2023-09-07 20:44:27,856][INFO][workspace][write] Saving monitors for transformation opt_disc with event info {'iteration': 67, 'state': 'optimizing'} [172].
[2023-09-07 20:44:56,733][INFO][workspace][write] Saving monitors for transformation opt_disc with event info {'iteration': 68, 'state': 'optimizing'} [173].
[2023-09-07 20:45:24,808][INFO][workspace][write] Saving monitors for transformation opt_disc with event info {'iteration': 69, 'state': 'optimizing'} [174].
[2023-09-07 20:45:52,484][INFO][workspace][write] Saving monitors for transformation opt_disc with event info {'iteration': 70, 'state': 'optimizing'} [175].
[2023-09-07 20:46:20,767][INFO][workspace][write] Saving monitors for transformation opt_disc with event info {'iteration': 71, 'state': 'optimizing'} [176].
[2023-09-07 20:46:48,689][INFO][workspace][write] Saving monitors for transformation opt_disc with event info {'iteration': 72, 'state': 'optimizing'} [177].
[2023-09-07 20:47:17,321][INFO][workspace][write] Saving monitors for transformation opt_disc with event info {'iteration': 73, 'state': 'optimizing'} [178].
[2023-09-07 20:47:45,422][INFO][workspace][write] Saving monitors for transformation opt_disc with event info {'iteration': 74, 'state': 'optimizing'} [179].
[2023-09-07 20:48:13,428][INFO][workspace][write] Saving monitors for transformation opt_disc with event info {'iteration': 75, 'state': 'optimizing'} [180].
[2023-09-07 20:48:41,633][INFO][workspace][write] Saving monitors for transformation opt_disc with event info {'iteration': 76, 'state': 'optimizing'} [181].
[2023-09-07 20:49:09,682][INFO][workspace][write] Saving monitors for transformation opt_disc with event info {'iteration': 77, 'state': 'optimizing'} [182].
[2023-09-07 20:49:38,081][INFO][workspace][write] Saving monitors for transformation opt_disc with event info {'iteration': 78, 'state': 'optimizing'} [183].
[2023-09-07 20:50:07,769][INFO][workspace][write] Saving monitors for transformation opt_disc with event info {'iteration': 79, 'state': 'optimizing'} [184].
[2023-09-07 20:50:35,762][INFO][workspace][write] Saving monitors for transformation opt_disc with event info {'iteration': 80, 'state': 'optimizing'} [185].
[2023-09-07 20:51:03,666][INFO][workspace][write] Saving monitors for transformation opt_disc with event info {'iteration': 81, 'state': 'optimizing'} [186].
[2023-09-07 20:51:31,930][INFO][workspace][write] Saving monitors for transformation opt_disc with event info {'iteration': 82, 'state': 'optimizing'} [187].
[2023-09-07 20:52:00,081][INFO][workspace][write] Saving monitors for transformation opt_disc with event info {'iteration': 83, 'state': 'optimizing'} [188].
[2023-09-07 20:52:41,870][INFO][workspace][write] Saving monitors for transformation opt_disc with event info {'iteration': 84, 'state': 'optimizing'} [189].
[2023-09-07 20:53:09,910][INFO][workspace][write] Saving monitors for transformation opt_disc with event info {'iteration': 85, 'state': 'optimizing'} [190].
[2023-09-07 20:53:38,092][INFO][workspace][write] Saving monitors for transformation opt_disc with event info {'iteration': 86, 'state': 'optimizing'} [191].
[2023-09-07 20:54:06,831][INFO][workspace][write] Saving monitors for transformation opt_disc with event info {'iteration': 87, 'state': 'optimizing'} [192].
[2023-09-07 20:54:35,084][INFO][workspace][write] Saving monitors for transformation opt_disc with event info {'iteration': 88, 'state': 'optimizing'} [193].
[2023-09-07 20:55:03,459][INFO][workspace][write] Saving monitors for transformation opt_disc with event info {'iteration': 89, 'state': 'optimizing'} [194].
[2023-09-07 20:55:31,447][INFO][workspace][write] Saving monitors for transformation opt_disc with event info {'iteration': 90, 'state': 'optimizing'} [195].
[2023-09-07 20:55:59,312][INFO][workspace][write] Saving monitors for transformation opt_disc with event info {'iteration': 91, 'state': 'optimizing'} [196].
[2023-09-07 20:56:27,799][INFO][workspace][write] Saving monitors for transformation opt_disc with event info {'iteration': 92, 'state': 'optimizing'} [197].
[2023-09-07 20:56:56,212][INFO][workspace][write] Saving monitors for transformation opt_disc with event info {'iteration': 93, 'state': 'optimizing'} [198].
[2023-09-07 20:57:23,907][INFO][workspace][write] Saving monitors for transformation opt_disc with event info {'iteration': 94, 'state': 'optimizing'} [199].
[2023-09-07 20:57:51,737][INFO][workspace][write] Saving monitors for transformation opt_disc with event info {'iteration': 95, 'state': 'optimizing'} [200].
[2023-09-07 20:58:20,066][INFO][workspace][write] Saving monitors for transformation opt_disc with event info {'iteration': 96, 'state': 'optimizing'} [201].
[2023-09-07 20:58:48,229][INFO][workspace][write] Saving monitors for transformation opt_disc with event info {'iteration': 97, 'state': 'optimizing'} [202].
[2023-09-07 20:59:16,292][INFO][workspace][write] Saving monitors for transformation opt_disc with event info {'iteration': 98, 'state': 'optimizing'} [203].
[2023-09-07 20:59:44,391][INFO][workspace][write] Saving monitors for transformation opt_disc with event info {'iteration': 99, 'state': 'optimizing'} [204].
[2023-09-07 21:00:13,221][INFO][workspace][write] Saving monitors for transformation opt_disc with event info {'iteration': 100, 'state': 'optimizing'} [205].
[2023-09-07 21:00:42,768][INFO][workspace][write] Saving monitors for transformation opt_disc with event info {'iteration': 101, 'state': 'optimizing'} [206].
[2023-09-07 21:01:11,064][INFO][workspace][write] Saving monitors for transformation opt_disc with event info {'iteration': 102, 'state': 'optimizing'} [207].
[2023-09-07 21:01:41,768][INFO][workspace][write] Saving monitors for transformation opt_disc with event info {'iteration': 103, 'state': 'optimizing'} [208].
[2023-09-07 21:02:09,817][INFO][workspace][write] Saving monitors for transformation opt_disc with event info {'iteration': 104, 'state': 'optimizing'} [209].
[2023-09-07 21:02:38,208][INFO][workspace][write] Saving monitors for transformation opt_disc with event info {'iteration': 105, 'state': 'optimizing'} [210].
[2023-09-07 21:03:06,289][INFO][workspace][write] Saving monitors for transformation opt_disc with event info {'iteration': 106, 'state': 'optimizing'} [211].
[2023-09-07 21:03:34,354][INFO][workspace][write] Saving monitors for transformation opt_disc with event info {'iteration': 107, 'state': 'optimizing'} [212].
[2023-09-07 21:04:16,032][INFO][workspace][write] Saving monitors for transformation opt_disc with event info {'iteration': 108, 'state': 'optimizing'} [213].
[2023-09-07 21:04:44,124][INFO][workspace][write] Saving monitors for transformation opt_disc with event info {'iteration': 109, 'state': 'optimizing'} [214].
[2023-09-07 21:05:13,531][INFO][workspace][write] Saving monitors for transformation opt_disc with event info {'iteration': 110, 'state': 'optimizing'} [215].
[2023-09-07 21:05:55,094][INFO][workspace][write] Saving monitors for transformation opt_disc with event info {'iteration': 111, 'state': 'optimizing'} [216].
[2023-09-07 21:06:23,154][INFO][workspace][write] Saving monitors for transformation opt_disc with event info {'iteration': 112, 'state': 'optimizing'} [217].
[2023-09-07 21:06:50,943][INFO][workspace][write] Saving monitors for transformation opt_disc with event info {'iteration': 113, 'state': 'optimizing'} [218].
[2023-09-07 21:07:19,127][INFO][workspace][write] Saving monitors for transformation opt_disc with event info {'iteration': 114, 'state': 'optimizing'} [219].
[2023-09-07 21:07:47,248][INFO][workspace][write] Saving monitors for transformation opt_disc with event info {'iteration': 115, 'state': 'optimizing'} [220].
[2023-09-07 21:08:15,587][INFO][workspace][write] Saving monitors for transformation opt_disc with event info {'iteration': 116, 'state': 'optimizing'} [221].
[2023-09-07 21:08:43,469][INFO][workspace][write] Saving monitors for transformation opt_disc with event info {'iteration': 117, 'state': 'optimizing'} [222].
[2023-09-07 21:09:11,456][INFO][workspace][write] Saving monitors for transformation opt_disc with event info {'iteration': 118, 'state': 'optimizing'} [223].
[2023-09-07 21:09:39,623][INFO][workspace][write] Saving monitors for transformation opt_disc with event info {'iteration': 119, 'state': 'optimizing'} [224].
[2023-09-07 21:10:09,339][INFO][workspace][write] Saving monitors for transformation opt_disc with event info {'iteration': 120, 'state': 'optimizing'} [225].
[2023-09-07 21:10:37,432][INFO][workspace][write] Saving monitors for transformation opt_disc with event info {'iteration': 121, 'state': 'optimizing'} [226].
[2023-09-07 21:11:05,649][INFO][workspace][write] Saving monitors for transformation opt_disc with event info {'iteration': 122, 'state': 'optimizing'} [227].
[2023-09-07 21:11:33,855][INFO][workspace][write] Saving monitors for transformation opt_disc with event info {'iteration': 123, 'state': 'optimizing'} [228].
[2023-09-07 21:12:02,034][INFO][workspace][write] Saving monitors for transformation opt_disc with event info {'iteration': 124, 'state': 'optimizing'} [229].
[2023-09-07 21:12:30,207][INFO][workspace][write] Saving monitors for transformation opt_disc with event info {'iteration': 125, 'state': 'optimizing'} [230].
[2023-09-07 21:12:57,759][INFO][workspace][write] Saving monitors for transformation opt_disc with event info {'iteration': 126, 'state': 'optimizing'} [231].
[2023-09-07 21:13:26,363][INFO][workspace][write] Saving monitors for transformation opt_disc with event info {'iteration': 127, 'state': 'optimizing'} [232].
[2023-09-07 21:13:54,123][INFO][workspace][write] Saving monitors for transformation opt_disc with event info {'iteration': 128, 'state': 'optimizing'} [233].
[2023-09-07 21:14:22,166][INFO][workspace][write] Saving monitors for transformation opt_disc with event info {'iteration': 129, 'state': 'optimizing'} [234].
[2023-09-07 21:14:50,896][INFO][workspace][write] Saving monitors for transformation opt_disc with event info {'iteration': 130, 'state': 'optimizing'} [235].
[2023-09-07 21:15:19,125][INFO][workspace][write] Saving monitors for transformation opt_disc with event info {'iteration': 131, 'state': 'optimizing'} [236].
[2023-09-07 21:15:47,073][INFO][workspace][write] Saving monitors for transformation opt_disc with event info {'iteration': 132, 'state': 'optimizing'} [237].
[2023-09-07 21:16:15,172][INFO][workspace][write] Saving monitors for transformation opt_disc with event info {'iteration': 133, 'state': 'optimizing'} [238].
[2023-09-07 21:16:57,057][INFO][workspace][write] Saving monitors for transformation opt_disc with event info {'iteration': 134, 'state': 'optimizing'} [239].
[2023-09-07 21:17:38,688][INFO][workspace][write] Saving monitors for transformation opt_disc with event info {'iteration': 135, 'state': 'optimizing'} [240].
[2023-09-07 21:18:07,124][INFO][workspace][write] Saving monitors for transformation opt_disc with event info {'iteration': 136, 'state': 'optimizing'} [241].
[2023-09-07 21:18:35,140][INFO][workspace][write] Saving monitors for transformation opt_disc with event info {'iteration': 137, 'state': 'optimizing'} [242].
[2023-09-07 21:19:03,032][INFO][workspace][write] Saving monitors for transformation opt_disc with event info {'iteration': 138, 'state': 'optimizing'} [243].
[2023-09-07 21:19:44,958][INFO][workspace][write] Saving monitors for transformation opt_disc with event info {'iteration': 139, 'state': 'optimizing'} [244].
[2023-09-07 21:20:13,842][INFO][workspace][write] Saving monitors for transformation opt_disc with event info {'iteration': 140, 'state': 'optimizing'} [245].
[2023-09-07 21:20:41,938][INFO][workspace][write] Saving monitors for transformation opt_disc with event info {'iteration': 141, 'state': 'optimizing'} [246].
[2023-09-07 21:21:10,024][INFO][workspace][write] Saving monitors for transformation opt_disc with event info {'iteration': 142, 'state': 'optimizing'} [247].
[2023-09-07 21:21:37,966][INFO][workspace][write] Saving monitors for transformation opt_disc with event info {'iteration': 143, 'state': 'optimizing'} [248].
[2023-09-07 21:22:05,798][INFO][workspace][write] Saving monitors for transformation opt_disc with event info {'iteration': 144, 'state': 'optimizing'} [249].
[2023-09-07 21:22:47,748][INFO][workspace][write] Saving monitors for transformation opt_disc with event info {'iteration': 145, 'state': 'optimizing'} [250].
[2023-09-07 21:23:42,963][INFO][workspace][write] Saving monitors for transformation opt_disc with event info {'iteration': 146, 'state': 'optimizing'} [251].
[2023-09-07 21:24:10,928][INFO][workspace][write] Saving monitors for transformation opt_disc with event info {'iteration': 147, 'state': 'optimizing'} [252].
[2023-09-07 21:24:38,793][INFO][workspace][write] Saving monitors for transformation opt_disc with event info {'iteration': 148, 'state': 'optimizing'} [253].
[2023-09-07 21:25:06,963][INFO][workspace][write] Saving monitors for transformation opt_disc with event info {'iteration': 149, 'state': 'optimizing'} [254].
[2023-09-07 21:25:34,504][INFO][workspace][write] Saving monitors for transformation opt_disc with event info {'iteration': 150, 'state': 'optimizing'} [255].
[2023-09-07 21:26:15,911][INFO][workspace][write] Saving monitors for transformation opt_disc with event info {'iteration': 151, 'state': 'optimizing'} [256].
[2023-09-07 21:26:43,775][INFO][workspace][write] Saving monitors for transformation opt_disc with event info {'iteration': 152, 'state': 'optimizing'} [257].
[2023-09-07 21:27:11,786][INFO][workspace][write] Saving monitors for transformation opt_disc with event info {'iteration': 153, 'state': 'optimizing'} [258].
[2023-09-07 21:27:39,363][INFO][workspace][write] Saving monitors for transformation opt_disc with event info {'iteration': 154, 'state': 'optimizing'} [259].
[2023-09-07 21:28:07,390][INFO][workspace][write] Saving monitors for transformation opt_disc with event info {'iteration': 155, 'state': 'optimizing'} [260].
[2023-09-07 21:28:35,117][INFO][workspace][write] Saving monitors for transformation opt_disc with event info {'iteration': 156, 'state': 'optimizing'} [261].
[2023-09-07 21:29:03,089][INFO][workspace][write] Saving monitors for transformation opt_disc with event info {'iteration': 157, 'state': 'optimizing'} [262].
[2023-09-07 21:29:31,143][INFO][workspace][write] Saving monitors for transformation opt_disc with event info {'iteration': 158, 'state': 'optimizing'} [263].
[2023-09-07 21:29:59,890][INFO][workspace][write] Saving monitors for transformation opt_disc with event info {'iteration': 159, 'state': 'optimizing'} [264].
[2023-09-07 21:30:41,600][INFO][workspace][write] Saving monitors for transformation opt_disc with event info {'iteration': 160, 'state': 'optimizing'} [265].
[2023-09-07 21:31:09,743][INFO][workspace][write] Saving monitors for transformation opt_disc with event info {'iteration': 161, 'state': 'optimizing'} [266].
[2023-09-07 21:31:37,748][INFO][workspace][write] Saving monitors for transformation opt_disc with event info {'iteration': 162, 'state': 'optimizing'} [267].
[2023-09-07 21:32:19,671][INFO][workspace][write] Saving monitors for transformation opt_disc with event info {'iteration': 163, 'state': 'optimizing'} [268].
[2023-09-07 21:32:47,554][INFO][workspace][write] Saving monitors for transformation opt_disc with event info {'iteration': 164, 'state': 'optimizing'} [269].
[2023-09-07 21:33:15,554][INFO][workspace][write] Saving monitors for transformation opt_disc with event info {'iteration': 165, 'state': 'optimizing'} [270].
[2023-09-07 21:33:43,529][INFO][workspace][write] Saving monitors for transformation opt_disc with event info {'iteration': 166, 'state': 'optimizing'} [271].
[2023-09-07 21:34:11,373][INFO][workspace][write] Saving monitors for transformation opt_disc with event info {'iteration': 167, 'state': 'optimizing'} [272].
[2023-09-07 21:34:39,057][INFO][workspace][write] Saving monitors for transformation opt_disc with event info {'iteration': 168, 'state': 'optimizing'} [273].
[2023-09-07 21:35:07,046][INFO][workspace][write] Saving monitors for transformation opt_disc with event info {'iteration': 169, 'state': 'optimizing'} [274].
[2023-09-07 21:35:35,099][INFO][workspace][write] Saving monitors for transformation opt_disc with event info {'iteration': 170, 'state': 'optimizing'} [275].
[2023-09-07 21:36:03,067][INFO][workspace][write] Saving monitors for transformation opt_disc with event info {'iteration': 171, 'state': 'optimizing'} [276].
[2023-09-07 21:36:30,954][INFO][workspace][write] Saving monitors for transformation opt_disc with event info {'iteration': 172, 'state': 'optimizing'} [277].
[2023-09-07 21:36:58,752][INFO][workspace][write] Saving monitors for transformation opt_disc with event info {'iteration': 173, 'state': 'optimizing'} [278].
[2023-09-07 21:37:26,735][INFO][workspace][write] Saving monitors for transformation opt_disc with event info {'iteration': 174, 'state': 'optimizing'} [279].
[2023-09-07 21:37:54,520][INFO][workspace][write] Saving monitors for transformation opt_disc with event info {'iteration': 175, 'state': 'optimizing'} [280].
[2023-09-07 21:38:22,530][INFO][workspace][write] Saving monitors for transformation opt_disc with event info {'iteration': 176, 'state': 'optimizing'} [281].
[2023-09-07 21:38:50,476][INFO][workspace][write] Saving monitors for transformation opt_disc with event info {'iteration': 177, 'state': 'optimizing'} [282].
[2023-09-07 21:39:18,491][INFO][workspace][write] Saving monitors for transformation opt_disc with event info {'iteration': 178, 'state': 'optimizing'} [283].
[2023-09-07 21:39:46,315][INFO][workspace][write] Saving monitors for transformation opt_disc with event info {'iteration': 179, 'state': 'optimizing'} [284].
[2023-09-07 21:40:14,122][INFO][workspace][write] Saving monitors for transformation opt_disc with event info {'iteration': 180, 'state': 'optimizing'} [285].
[2023-09-07 21:40:42,077][INFO][workspace][write] Saving monitors for transformation opt_disc with event info {'iteration': 181, 'state': 'optimizing'} [286].
[2023-09-07 21:41:10,127][INFO][workspace][write] Saving monitors for transformation opt_disc with event info {'iteration': 182, 'state': 'optimizing'} [287].
[2023-09-07 21:41:37,939][INFO][workspace][write] Saving monitors for transformation opt_disc with event info {'iteration': 183, 'state': 'optimizing'} [288].
[2023-09-07 21:42:05,791][INFO][workspace][write] Saving monitors for transformation opt_disc with event info {'iteration': 184, 'state': 'optimizing'} [289].
[2023-09-07 21:42:33,796][INFO][workspace][write] Saving monitors for transformation opt_disc with event info {'iteration': 185, 'state': 'optimizing'} [290].
[2023-09-07 21:43:01,790][INFO][workspace][write] Saving monitors for transformation opt_disc with event info {'iteration': 186, 'state': 'optimizing'} [291].
[2023-09-07 21:43:29,563][INFO][workspace][write] Saving monitors for transformation opt_disc with event info {'iteration': 187, 'state': 'optimizing'} [292].
[2023-09-07 21:43:57,566][INFO][workspace][write] Saving monitors for transformation opt_disc with event info {'iteration': 188, 'state': 'optimizing'} [293].
[2023-09-07 21:44:25,222][INFO][workspace][write] Saving monitors for transformation opt_disc with event info {'iteration': 189, 'state': 'optimizing'} [294].
[2023-09-07 21:44:54,789][INFO][workspace][write] Saving monitors for transformation opt_disc with event info {'iteration': 190, 'state': 'optimizing'} [295].
[2023-09-07 21:45:22,742][INFO][workspace][write] Saving monitors for transformation opt_disc with event info {'iteration': 191, 'state': 'optimizing'} [296].
[2023-09-07 21:45:50,485][INFO][workspace][write] Saving monitors for transformation opt_disc with event info {'iteration': 192, 'state': 'optimizing'} [297].
[2023-09-07 21:46:18,323][INFO][workspace][write] Saving monitors for transformation opt_disc with event info {'iteration': 193, 'state': 'optimizing'} [298].
[2023-09-07 21:46:59,978][INFO][workspace][write] Saving monitors for transformation opt_disc with event info {'iteration': 194, 'state': 'optimizing'} [299].
[2023-09-07 21:47:27,552][INFO][workspace][write] Saving monitors for transformation opt_disc with event info {'iteration': 195, 'state': 'optimizing'} [300].
[2023-09-07 21:47:55,466][INFO][workspace][write] Saving monitors for transformation opt_disc with event info {'iteration': 196, 'state': 'optimizing'} [301].
[2023-09-07 21:48:23,283][INFO][workspace][write] Saving monitors for transformation opt_disc with event info {'iteration': 197, 'state': 'optimizing'} [302].
[2023-09-07 21:48:51,307][INFO][workspace][write] Saving monitors for transformation opt_disc with event info {'iteration': 198, 'state': 'optimizing'} [303].
[2023-09-07 21:49:19,305][INFO][workspace][write] Saving monitors for transformation opt_disc with event info {'iteration': 199, 'state': 'optimizing'} [304].
[2023-09-07 21:49:33,754][INFO][workspace][write] Saving monitors for transformation opt_disc with event info {'iteration': 200, 'state': 'optimizing'} [305].
[2023-09-07 21:49:34,151][INFO][workspace][write] Saving monitors for transformation opt_disc with event info {'state': 'end'} [306].
[2023-09-07 21:49:34,541][INFO][workspace][write_checkpoint] Saving checkpoint file: opt_disc.chkpt.pkl
[2023-09-07 21:49:34,691][INFO][solver][run_plan] Spins finished.
