[2023-09-08 14:04:34,913][INFO][solver][run_plan] Setting up workspace.
[2023-09-08 14:04:34,914][INFO][solver][run_plan] Running transformation opt_cont.
[2023-09-08 14:05:03,176][INFO][workspace][write] Saving monitors for transformation opt_cont with event info {'state': 'start'} [1].
[2023-09-08 14:05:43,543][INFO][workspace][write] Saving monitors for transformation opt_cont with event info {'iteration': 1, 'state': 'optimizing'} [2].
[2023-09-08 14:06:10,527][INFO][workspace][write] Saving monitors for transformation opt_cont with event info {'iteration': 2, 'state': 'optimizing'} [3].
[2023-09-08 14:06:38,059][INFO][workspace][write] Saving monitors for transformation opt_cont with event info {'iteration': 3, 'state': 'optimizing'} [4].
[2023-09-08 14:07:05,341][INFO][workspace][write] Saving monitors for transformation opt_cont with event info {'iteration': 4, 'state': 'optimizing'} [5].
[2023-09-08 14:07:59,611][INFO][workspace][write] Saving monitors for transformation opt_cont with event info {'iteration': 5, 'state': 'optimizing'} [6].
[2023-09-08 14:08:53,817][INFO][workspace][write] Saving monitors for transformation opt_cont with event info {'iteration': 6, 'state': 'optimizing'} [7].
[2023-09-08 14:09:48,424][INFO][workspace][write] Saving monitors for transformation opt_cont with event info {'iteration': 7, 'state': 'optimizing'} [8].
[2023-09-08 14:10:15,486][INFO][workspace][write] Saving monitors for transformation opt_cont with event info {'iteration': 8, 'state': 'optimizing'} [9].
[2023-09-08 14:11:09,950][INFO][workspace][write] Saving monitors for transformation opt_cont with event info {'iteration': 9, 'state': 'optimizing'} [10].
[2023-09-08 14:11:37,538][INFO][workspace][write] Saving monitors for transformation opt_cont with event info {'iteration': 10, 'state': 'optimizing'} [11].
[2023-09-08 14:12:04,874][INFO][workspace][write] Saving monitors for transformation opt_cont with event info {'iteration': 11, 'state': 'optimizing'} [12].
[2023-09-08 14:13:00,037][INFO][workspace][write] Saving monitors for transformation opt_cont with event info {'iteration': 12, 'state': 'optimizing'} [13].
[2023-09-08 14:13:55,291][INFO][workspace][write] Saving monitors for transformation opt_cont with event info {'iteration': 13, 'state': 'optimizing'} [14].
[2023-09-08 14:14:51,031][INFO][workspace][write] Saving monitors for transformation opt_cont with event info {'iteration': 14, 'state': 'optimizing'} [15].
[2023-09-08 14:15:18,805][INFO][workspace][write] Saving monitors for transformation opt_cont with event info {'iteration': 15, 'state': 'optimizing'} [16].
[2023-09-08 14:15:46,524][INFO][workspace][write] Saving monitors for transformation opt_cont with event info {'iteration': 16, 'state': 'optimizing'} [17].
[2023-09-08 14:16:14,335][INFO][workspace][write] Saving monitors for transformation opt_cont with event info {'iteration': 17, 'state': 'optimizing'} [18].
[2023-09-08 14:16:42,016][INFO][workspace][write] Saving monitors for transformation opt_cont with event info {'iteration': 18, 'state': 'optimizing'} [19].
[2023-09-08 14:17:09,096][INFO][workspace][write] Saving monitors for transformation opt_cont with event info {'iteration': 19, 'state': 'optimizing'} [20].
[2023-09-08 14:17:36,346][INFO][workspace][write] Saving monitors for transformation opt_cont with event info {'iteration': 20, 'state': 'optimizing'} [21].
[2023-09-08 14:18:30,924][INFO][workspace][write] Saving monitors for transformation opt_cont with event info {'iteration': 21, 'state': 'optimizing'} [22].
[2023-09-08 14:19:24,573][INFO][workspace][write] Saving monitors for transformation opt_cont with event info {'iteration': 22, 'state': 'optimizing'} [23].
[2023-09-08 14:20:19,334][INFO][workspace][write] Saving monitors for transformation opt_cont with event info {'iteration': 23, 'state': 'optimizing'} [24].
[2023-09-08 14:21:13,713][INFO][workspace][write] Saving monitors for transformation opt_cont with event info {'iteration': 24, 'state': 'optimizing'} [25].
[2023-09-08 14:22:07,515][INFO][workspace][write] Saving monitors for transformation opt_cont with event info {'iteration': 25, 'state': 'optimizing'} [26].
[2023-09-08 14:22:34,496][INFO][workspace][write] Saving monitors for transformation opt_cont with event info {'iteration': 26, 'state': 'optimizing'} [27].
[2023-09-08 14:23:02,759][INFO][workspace][write] Saving monitors for transformation opt_cont with event info {'iteration': 27, 'state': 'optimizing'} [28].
[2023-09-08 14:23:29,876][INFO][workspace][write] Saving monitors for transformation opt_cont with event info {'iteration': 28, 'state': 'optimizing'} [29].
[2023-09-08 14:24:23,862][INFO][workspace][write] Saving monitors for transformation opt_cont with event info {'iteration': 29, 'state': 'optimizing'} [30].
[2023-09-08 14:24:51,991][INFO][workspace][write] Saving monitors for transformation opt_cont with event info {'iteration': 30, 'state': 'optimizing'} [31].
[2023-09-08 14:25:19,036][INFO][workspace][write] Saving monitors for transformation opt_cont with event info {'iteration': 31, 'state': 'optimizing'} [32].
[2023-09-08 14:26:13,014][INFO][workspace][write] Saving monitors for transformation opt_cont with event info {'iteration': 32, 'state': 'optimizing'} [33].
[2023-09-08 14:27:06,606][INFO][workspace][write] Saving monitors for transformation opt_cont with event info {'iteration': 33, 'state': 'optimizing'} [34].
[2023-09-08 14:27:33,653][INFO][workspace][write] Saving monitors for transformation opt_cont with event info {'iteration': 34, 'state': 'optimizing'} [35].
[2023-09-08 14:28:54,124][INFO][workspace][write] Saving monitors for transformation opt_cont with event info {'iteration': 35, 'state': 'optimizing'} [36].
[2023-09-08 14:29:49,487][INFO][workspace][write] Saving monitors for transformation opt_cont with event info {'iteration': 36, 'state': 'optimizing'} [37].
[2023-09-08 14:30:16,630][INFO][workspace][write] Saving monitors for transformation opt_cont with event info {'iteration': 37, 'state': 'optimizing'} [38].
[2023-09-08 14:31:10,424][INFO][workspace][write] Saving monitors for transformation opt_cont with event info {'iteration': 38, 'state': 'optimizing'} [39].
[2023-09-08 14:32:03,933][INFO][workspace][write] Saving monitors for transformation opt_cont with event info {'iteration': 39, 'state': 'optimizing'} [40].
[2023-09-08 14:32:30,879][INFO][workspace][write] Saving monitors for transformation opt_cont with event info {'iteration': 40, 'state': 'optimizing'} [41].
[2023-09-08 14:32:57,824][INFO][workspace][write] Saving monitors for transformation opt_cont with event info {'iteration': 41, 'state': 'optimizing'} [42].
[2023-09-08 14:33:24,759][INFO][workspace][write] Saving monitors for transformation opt_cont with event info {'iteration': 42, 'state': 'optimizing'} [43].
[2023-09-08 14:33:51,669][INFO][workspace][write] Saving monitors for transformation opt_cont with event info {'iteration': 43, 'state': 'optimizing'} [44].
[2023-09-08 14:34:18,736][INFO][workspace][write] Saving monitors for transformation opt_cont with event info {'iteration': 44, 'state': 'optimizing'} [45].
[2023-09-08 14:34:45,849][INFO][workspace][write] Saving monitors for transformation opt_cont with event info {'iteration': 45, 'state': 'optimizing'} [46].
[2023-09-08 14:35:13,700][INFO][workspace][write] Saving monitors for transformation opt_cont with event info {'iteration': 46, 'state': 'optimizing'} [47].
[2023-09-08 14:35:41,229][INFO][workspace][write] Saving monitors for transformation opt_cont with event info {'iteration': 47, 'state': 'optimizing'} [48].
[2023-09-08 14:36:08,778][INFO][workspace][write] Saving monitors for transformation opt_cont with event info {'iteration': 48, 'state': 'optimizing'} [49].
[2023-09-08 14:36:36,151][INFO][workspace][write] Saving monitors for transformation opt_cont with event info {'iteration': 49, 'state': 'optimizing'} [50].
[2023-09-08 14:37:03,558][INFO][workspace][write] Saving monitors for transformation opt_cont with event info {'iteration': 50, 'state': 'optimizing'} [51].
[2023-09-08 14:37:04,018][INFO][workspace][write] Saving monitors for transformation opt_cont with event info {'state': 'end'} [52].
[2023-09-08 14:37:04,301][INFO][workspace][write_checkpoint] Saving checkpoint file: opt_cont.chkpt.pkl
[2023-09-08 14:37:04,390][INFO][solver][run_plan] Running transformation opt_cont_disc.
[2023-09-08 14:37:04,465][INFO][workspace][write] Saving monitors for transformation opt_cont_disc with event info {'state': 'start'} [53].
[2023-09-08 14:38:26,509][INFO][workspace][write] Saving monitors for transformation opt_cont_disc with event info {'iteration': 1, 'state': 'optimizing'} [54].
[2023-09-08 14:38:54,067][INFO][workspace][write] Saving monitors for transformation opt_cont_disc with event info {'iteration': 2, 'state': 'optimizing'} [55].
[2023-09-08 14:39:21,580][INFO][workspace][write] Saving monitors for transformation opt_cont_disc with event info {'iteration': 3, 'state': 'optimizing'} [56].
[2023-09-08 14:39:49,431][INFO][workspace][write] Saving monitors for transformation opt_cont_disc with event info {'iteration': 4, 'state': 'optimizing'} [57].
[2023-09-08 14:40:16,154][INFO][workspace][write] Saving monitors for transformation opt_cont_disc with event info {'iteration': 5, 'state': 'optimizing'} [58].
[2023-09-08 14:40:42,994][INFO][workspace][write] Saving monitors for transformation opt_cont_disc with event info {'iteration': 6, 'state': 'optimizing'} [59].
[2023-09-08 14:41:09,836][INFO][workspace][write] Saving monitors for transformation opt_cont_disc with event info {'iteration': 7, 'state': 'optimizing'} [60].
[2023-09-08 14:41:36,802][INFO][workspace][write] Saving monitors for transformation opt_cont_disc with event info {'iteration': 8, 'state': 'optimizing'} [61].
[2023-09-08 14:42:03,875][INFO][workspace][write] Saving monitors for transformation opt_cont_disc with event info {'iteration': 9, 'state': 'optimizing'} [62].
[2023-09-08 14:42:31,770][INFO][workspace][write] Saving monitors for transformation opt_cont_disc with event info {'iteration': 10, 'state': 'optimizing'} [63].
[2023-09-08 14:42:59,662][INFO][workspace][write] Saving monitors for transformation opt_cont_disc with event info {'iteration': 11, 'state': 'optimizing'} [64].
[2023-09-08 14:43:27,537][INFO][workspace][write] Saving monitors for transformation opt_cont_disc with event info {'iteration': 12, 'state': 'optimizing'} [65].
[2023-09-08 14:43:55,004][INFO][workspace][write] Saving monitors for transformation opt_cont_disc with event info {'iteration': 13, 'state': 'optimizing'} [66].
[2023-09-08 14:44:22,023][INFO][workspace][write] Saving monitors for transformation opt_cont_disc with event info {'iteration': 14, 'state': 'optimizing'} [67].
[2023-09-08 14:44:50,128][INFO][workspace][write] Saving monitors for transformation opt_cont_disc with event info {'iteration': 15, 'state': 'optimizing'} [68].
[2023-09-08 14:45:16,888][INFO][workspace][write] Saving monitors for transformation opt_cont_disc with event info {'iteration': 16, 'state': 'optimizing'} [69].
[2023-09-08 14:45:44,469][INFO][workspace][write] Saving monitors for transformation opt_cont_disc with event info {'iteration': 17, 'state': 'optimizing'} [70].
[2023-09-08 14:46:11,942][INFO][workspace][write] Saving monitors for transformation opt_cont_disc with event info {'iteration': 18, 'state': 'optimizing'} [71].
[2023-09-08 14:46:39,062][INFO][workspace][write] Saving monitors for transformation opt_cont_disc with event info {'iteration': 19, 'state': 'optimizing'} [72].
[2023-09-08 14:47:32,316][INFO][workspace][write] Saving monitors for transformation opt_cont_disc with event info {'iteration': 20, 'state': 'optimizing'} [73].
[2023-09-08 14:48:26,056][INFO][workspace][write] Saving monitors for transformation opt_cont_disc with event info {'iteration': 21, 'state': 'optimizing'} [74].
[2023-09-08 14:48:52,922][INFO][workspace][write] Saving monitors for transformation opt_cont_disc with event info {'iteration': 22, 'state': 'optimizing'} [75].
[2023-09-08 14:49:19,842][INFO][workspace][write] Saving monitors for transformation opt_cont_disc with event info {'iteration': 23, 'state': 'optimizing'} [76].
[2023-09-08 14:49:47,485][INFO][workspace][write] Saving monitors for transformation opt_cont_disc with event info {'iteration': 24, 'state': 'optimizing'} [77].
[2023-09-08 14:50:14,656][INFO][workspace][write] Saving monitors for transformation opt_cont_disc with event info {'iteration': 25, 'state': 'optimizing'} [78].
[2023-09-08 14:50:42,007][INFO][workspace][write] Saving monitors for transformation opt_cont_disc with event info {'iteration': 26, 'state': 'optimizing'} [79].
[2023-09-08 14:51:08,923][INFO][workspace][write] Saving monitors for transformation opt_cont_disc with event info {'iteration': 27, 'state': 'optimizing'} [80].
[2023-09-08 14:51:35,670][INFO][workspace][write] Saving monitors for transformation opt_cont_disc with event info {'iteration': 28, 'state': 'optimizing'} [81].
[2023-09-08 14:52:03,051][INFO][workspace][write] Saving monitors for transformation opt_cont_disc with event info {'iteration': 29, 'state': 'optimizing'} [82].
[2023-09-08 14:52:29,904][INFO][workspace][write] Saving monitors for transformation opt_cont_disc with event info {'iteration': 30, 'state': 'optimizing'} [83].
[2023-09-08 14:52:57,199][INFO][workspace][write] Saving monitors for transformation opt_cont_disc with event info {'iteration': 31, 'state': 'optimizing'} [84].
[2023-09-08 14:53:24,783][INFO][workspace][write] Saving monitors for transformation opt_cont_disc with event info {'iteration': 32, 'state': 'optimizing'} [85].
[2023-09-08 14:53:51,595][INFO][workspace][write] Saving monitors for transformation opt_cont_disc with event info {'iteration': 33, 'state': 'optimizing'} [86].
[2023-09-08 14:54:18,750][INFO][workspace][write] Saving monitors for transformation opt_cont_disc with event info {'iteration': 34, 'state': 'optimizing'} [87].
[2023-09-08 14:54:46,090][INFO][workspace][write] Saving monitors for transformation opt_cont_disc with event info {'iteration': 35, 'state': 'optimizing'} [88].
[2023-09-08 14:55:13,209][INFO][workspace][write] Saving monitors for transformation opt_cont_disc with event info {'iteration': 36, 'state': 'optimizing'} [89].
[2023-09-08 14:55:39,935][INFO][workspace][write] Saving monitors for transformation opt_cont_disc with event info {'iteration': 37, 'state': 'optimizing'} [90].
[2023-09-08 14:56:06,689][INFO][workspace][write] Saving monitors for transformation opt_cont_disc with event info {'iteration': 38, 'state': 'optimizing'} [91].
[2023-09-08 14:56:33,497][INFO][workspace][write] Saving monitors for transformation opt_cont_disc with event info {'iteration': 39, 'state': 'optimizing'} [92].
[2023-09-08 14:57:00,845][INFO][workspace][write] Saving monitors for transformation opt_cont_disc with event info {'iteration': 40, 'state': 'optimizing'} [93].
[2023-09-08 14:57:28,273][INFO][workspace][write] Saving monitors for transformation opt_cont_disc with event info {'iteration': 41, 'state': 'optimizing'} [94].
[2023-09-08 14:57:55,734][INFO][workspace][write] Saving monitors for transformation opt_cont_disc with event info {'iteration': 42, 'state': 'optimizing'} [95].
[2023-09-08 14:58:22,632][INFO][workspace][write] Saving monitors for transformation opt_cont_disc with event info {'iteration': 43, 'state': 'optimizing'} [96].
[2023-09-08 14:58:49,401][INFO][workspace][write] Saving monitors for transformation opt_cont_disc with event info {'iteration': 44, 'state': 'optimizing'} [97].
[2023-09-08 14:59:16,578][INFO][workspace][write] Saving monitors for transformation opt_cont_disc with event info {'iteration': 45, 'state': 'optimizing'} [98].
[2023-09-08 14:59:43,470][INFO][workspace][write] Saving monitors for transformation opt_cont_disc with event info {'iteration': 46, 'state': 'optimizing'} [99].
[2023-09-08 15:00:12,834][INFO][workspace][write] Saving monitors for transformation opt_cont_disc with event info {'iteration': 47, 'state': 'optimizing'} [100].
[2023-09-08 15:00:39,768][INFO][workspace][write] Saving monitors for transformation opt_cont_disc with event info {'iteration': 48, 'state': 'optimizing'} [101].
[2023-09-08 15:01:06,708][INFO][workspace][write] Saving monitors for transformation opt_cont_disc with event info {'iteration': 49, 'state': 'optimizing'} [102].
[2023-09-08 15:01:33,808][INFO][workspace][write] Saving monitors for transformation opt_cont_disc with event info {'iteration': 50, 'state': 'optimizing'} [103].
[2023-09-08 15:01:34,254][INFO][workspace][write] Saving monitors for transformation opt_cont_disc with event info {'state': 'end'} [104].
[2023-09-08 15:01:34,565][INFO][workspace][write_checkpoint] Saving checkpoint file: opt_cont_disc.chkpt.pkl
[2023-09-08 15:01:34,667][INFO][solver][run_plan] Running transformation cont_to_disc.
[2023-09-08 15:01:36,409][INFO][workspace][write_checkpoint] Saving checkpoint file: cont_to_disc.chkpt.pkl
[2023-09-08 15:01:36,523][INFO][solver][run_plan] Running transformation opt_disc.
[2023-09-08 15:01:49,734][INFO][workspace][write] Saving monitors for transformation opt_disc with event info {'state': 'start'} [105].
[2023-09-08 15:02:16,605][INFO][workspace][write] Saving monitors for transformation opt_disc with event info {'iteration': 1, 'state': 'optimizing'} [106].
[2023-09-08 15:02:43,520][INFO][workspace][write] Saving monitors for transformation opt_disc with event info {'iteration': 2, 'state': 'optimizing'} [107].
[2023-09-08 15:03:10,585][INFO][workspace][write] Saving monitors for transformation opt_disc with event info {'iteration': 3, 'state': 'optimizing'} [108].
[2023-09-08 15:03:37,447][INFO][workspace][write] Saving monitors for transformation opt_disc with event info {'iteration': 4, 'state': 'optimizing'} [109].
[2023-09-08 15:04:04,876][INFO][workspace][write] Saving monitors for transformation opt_disc with event info {'iteration': 5, 'state': 'optimizing'} [110].
[2023-09-08 15:04:32,124][INFO][workspace][write] Saving monitors for transformation opt_disc with event info {'iteration': 6, 'state': 'optimizing'} [111].
[2023-09-08 15:05:00,308][INFO][workspace][write] Saving monitors for transformation opt_disc with event info {'iteration': 7, 'state': 'optimizing'} [112].
[2023-09-08 15:05:27,364][INFO][workspace][write] Saving monitors for transformation opt_disc with event info {'iteration': 8, 'state': 'optimizing'} [113].
[2023-09-08 15:05:54,048][INFO][workspace][write] Saving monitors for transformation opt_disc with event info {'iteration': 9, 'state': 'optimizing'} [114].
[2023-09-08 15:06:21,676][INFO][workspace][write] Saving monitors for transformation opt_disc with event info {'iteration': 10, 'state': 'optimizing'} [115].
[2023-09-08 15:06:48,340][INFO][workspace][write] Saving monitors for transformation opt_disc with event info {'iteration': 11, 'state': 'optimizing'} [116].
[2023-09-08 15:07:15,989][INFO][workspace][write] Saving monitors for transformation opt_disc with event info {'iteration': 12, 'state': 'optimizing'} [117].
[2023-09-08 15:07:43,059][INFO][workspace][write] Saving monitors for transformation opt_disc with event info {'iteration': 13, 'state': 'optimizing'} [118].
[2023-09-08 15:08:10,015][INFO][workspace][write] Saving monitors for transformation opt_disc with event info {'iteration': 14, 'state': 'optimizing'} [119].
[2023-09-08 15:08:37,252][INFO][workspace][write] Saving monitors for transformation opt_disc with event info {'iteration': 15, 'state': 'optimizing'} [120].
[2023-09-08 15:09:05,008][INFO][workspace][write] Saving monitors for transformation opt_disc with event info {'iteration': 16, 'state': 'optimizing'} [121].
[2023-09-08 15:09:32,307][INFO][workspace][write] Saving monitors for transformation opt_disc with event info {'iteration': 17, 'state': 'optimizing'} [122].
[2023-09-08 15:09:59,803][INFO][workspace][write] Saving monitors for transformation opt_disc with event info {'iteration': 18, 'state': 'optimizing'} [123].
[2023-09-08 15:10:26,737][INFO][workspace][write] Saving monitors for transformation opt_disc with event info {'iteration': 19, 'state': 'optimizing'} [124].
[2023-09-08 15:10:53,817][INFO][workspace][write] Saving monitors for transformation opt_disc with event info {'iteration': 20, 'state': 'optimizing'} [125].
[2023-09-08 15:11:34,434][INFO][workspace][write] Saving monitors for transformation opt_disc with event info {'iteration': 21, 'state': 'optimizing'} [126].
[2023-09-08 15:12:14,996][INFO][workspace][write] Saving monitors for transformation opt_disc with event info {'iteration': 22, 'state': 'optimizing'} [127].
[2023-09-08 15:13:08,132][INFO][workspace][write] Saving monitors for transformation opt_disc with event info {'iteration': 23, 'state': 'optimizing'} [128].
[2023-09-08 15:14:01,959][INFO][workspace][write] Saving monitors for transformation opt_disc with event info {'iteration': 24, 'state': 'optimizing'} [129].
[2023-09-08 15:14:29,129][INFO][workspace][write] Saving monitors for transformation opt_disc with event info {'iteration': 25, 'state': 'optimizing'} [130].
[2023-09-08 15:15:09,814][INFO][workspace][write] Saving monitors for transformation opt_disc with event info {'iteration': 26, 'state': 'optimizing'} [131].
[2023-09-08 15:15:36,702][INFO][workspace][write] Saving monitors for transformation opt_disc with event info {'iteration': 27, 'state': 'optimizing'} [132].
[2023-09-08 15:16:03,726][INFO][workspace][write] Saving monitors for transformation opt_disc with event info {'iteration': 28, 'state': 'optimizing'} [133].
[2023-09-08 15:16:30,706][INFO][workspace][write] Saving monitors for transformation opt_disc with event info {'iteration': 29, 'state': 'optimizing'} [134].
[2023-09-08 15:17:10,664][INFO][workspace][write] Saving monitors for transformation opt_disc with event info {'iteration': 30, 'state': 'optimizing'} [135].
[2023-09-08 15:17:37,363][INFO][workspace][write] Saving monitors for transformation opt_disc with event info {'iteration': 31, 'state': 'optimizing'} [136].
[2023-09-08 15:18:17,533][INFO][workspace][write] Saving monitors for transformation opt_disc with event info {'iteration': 32, 'state': 'optimizing'} [137].
[2023-09-08 15:18:44,957][INFO][workspace][write] Saving monitors for transformation opt_disc with event info {'iteration': 33, 'state': 'optimizing'} [138].
[2023-09-08 15:19:25,172][INFO][workspace][write] Saving monitors for transformation opt_disc with event info {'iteration': 34, 'state': 'optimizing'} [139].
[2023-09-08 15:20:19,415][INFO][workspace][write] Saving monitors for transformation opt_disc with event info {'iteration': 35, 'state': 'optimizing'} [140].
[2023-09-08 15:20:59,664][INFO][workspace][write] Saving monitors for transformation opt_disc with event info {'iteration': 36, 'state': 'optimizing'} [141].
[2023-09-08 15:21:53,262][INFO][workspace][write] Saving monitors for transformation opt_disc with event info {'iteration': 37, 'state': 'optimizing'} [142].
[2023-09-08 15:22:33,259][INFO][workspace][write] Saving monitors for transformation opt_disc with event info {'iteration': 38, 'state': 'optimizing'} [143].
[2023-09-08 15:23:13,445][INFO][workspace][write] Saving monitors for transformation opt_disc with event info {'iteration': 39, 'state': 'optimizing'} [144].
[2023-09-08 15:23:40,820][INFO][workspace][write] Saving monitors for transformation opt_disc with event info {'iteration': 40, 'state': 'optimizing'} [145].
[2023-09-08 15:24:08,341][INFO][workspace][write] Saving monitors for transformation opt_disc with event info {'iteration': 41, 'state': 'optimizing'} [146].
[2023-09-08 15:25:03,033][INFO][workspace][write] Saving monitors for transformation opt_disc with event info {'iteration': 42, 'state': 'optimizing'} [147].
[2023-09-08 15:26:11,761][INFO][workspace][write] Saving monitors for transformation opt_disc with event info {'iteration': 43, 'state': 'optimizing'} [148].
[2023-09-08 15:26:53,496][INFO][workspace][write] Saving monitors for transformation opt_disc with event info {'iteration': 44, 'state': 'optimizing'} [149].
[2023-09-08 15:27:34,699][INFO][workspace][write] Saving monitors for transformation opt_disc with event info {'iteration': 45, 'state': 'optimizing'} [150].
[2023-09-08 15:28:03,117][INFO][workspace][write] Saving monitors for transformation opt_disc with event info {'iteration': 46, 'state': 'optimizing'} [151].
[2023-09-08 15:28:44,562][INFO][workspace][write] Saving monitors for transformation opt_disc with event info {'iteration': 47, 'state': 'optimizing'} [152].
[2023-09-08 15:29:39,944][INFO][workspace][write] Saving monitors for transformation opt_disc with event info {'iteration': 48, 'state': 'optimizing'} [153].
[2023-09-08 15:30:22,365][INFO][workspace][write] Saving monitors for transformation opt_disc with event info {'iteration': 49, 'state': 'optimizing'} [154].
[2023-09-08 15:31:03,842][INFO][workspace][write] Saving monitors for transformation opt_disc with event info {'iteration': 50, 'state': 'optimizing'} [155].
[2023-09-08 15:31:45,521][INFO][workspace][write] Saving monitors for transformation opt_disc with event info {'iteration': 51, 'state': 'optimizing'} [156].
[2023-09-08 15:32:13,100][INFO][workspace][write] Saving monitors for transformation opt_disc with event info {'iteration': 52, 'state': 'optimizing'} [157].
[2023-09-08 15:32:40,454][INFO][workspace][write] Saving monitors for transformation opt_disc with event info {'iteration': 53, 'state': 'optimizing'} [158].
[2023-09-08 15:33:08,008][INFO][workspace][write] Saving monitors for transformation opt_disc with event info {'iteration': 54, 'state': 'optimizing'} [159].
[2023-09-08 15:33:35,117][INFO][workspace][write] Saving monitors for transformation opt_disc with event info {'iteration': 55, 'state': 'optimizing'} [160].
[2023-09-08 15:34:02,535][INFO][workspace][write] Saving monitors for transformation opt_disc with event info {'iteration': 56, 'state': 'optimizing'} [161].
[2023-09-08 15:34:29,640][INFO][workspace][write] Saving monitors for transformation opt_disc with event info {'iteration': 57, 'state': 'optimizing'} [162].
[2023-09-08 15:34:57,119][INFO][workspace][write] Saving monitors for transformation opt_disc with event info {'iteration': 58, 'state': 'optimizing'} [163].
[2023-09-08 15:35:38,091][INFO][workspace][write] Saving monitors for transformation opt_disc with event info {'iteration': 59, 'state': 'optimizing'} [164].
[2023-09-08 15:36:19,108][INFO][workspace][write] Saving monitors for transformation opt_disc with event info {'iteration': 60, 'state': 'optimizing'} [165].
[2023-09-08 15:36:59,845][INFO][workspace][write] Saving monitors for transformation opt_disc with event info {'iteration': 61, 'state': 'optimizing'} [166].
[2023-09-08 15:37:39,988][INFO][workspace][write] Saving monitors for transformation opt_disc with event info {'iteration': 62, 'state': 'optimizing'} [167].
[2023-09-08 15:38:25,393][INFO][workspace][write] Saving monitors for transformation opt_disc with event info {'iteration': 63, 'state': 'optimizing'} [168].
[2023-09-08 15:39:06,319][INFO][workspace][write] Saving monitors for transformation opt_disc with event info {'iteration': 64, 'state': 'optimizing'} [169].
[2023-09-08 15:39:47,339][INFO][workspace][write] Saving monitors for transformation opt_disc with event info {'iteration': 65, 'state': 'optimizing'} [170].
[2023-09-08 15:40:27,736][INFO][workspace][write] Saving monitors for transformation opt_disc with event info {'iteration': 66, 'state': 'optimizing'} [171].
[2023-09-08 15:41:08,005][INFO][workspace][write] Saving monitors for transformation opt_disc with event info {'iteration': 67, 'state': 'optimizing'} [172].
[2023-09-08 15:41:49,097][INFO][workspace][write] Saving monitors for transformation opt_disc with event info {'iteration': 68, 'state': 'optimizing'} [173].
[2023-09-08 15:42:29,003][INFO][workspace][write] Saving monitors for transformation opt_disc with event info {'iteration': 69, 'state': 'optimizing'} [174].
[2023-09-08 15:43:09,209][INFO][workspace][write] Saving monitors for transformation opt_disc with event info {'iteration': 70, 'state': 'optimizing'} [175].
[2023-09-08 15:44:03,153][INFO][workspace][write] Saving monitors for transformation opt_disc with event info {'iteration': 71, 'state': 'optimizing'} [176].
[2023-09-08 15:44:43,357][INFO][workspace][write] Saving monitors for transformation opt_disc with event info {'iteration': 72, 'state': 'optimizing'} [177].
[2023-09-08 15:45:24,452][INFO][workspace][write] Saving monitors for transformation opt_disc with event info {'iteration': 73, 'state': 'optimizing'} [178].
[2023-09-08 15:46:04,535][INFO][workspace][write] Saving monitors for transformation opt_disc with event info {'iteration': 74, 'state': 'optimizing'} [179].
[2023-09-08 15:46:44,624][INFO][workspace][write] Saving monitors for transformation opt_disc with event info {'iteration': 75, 'state': 'optimizing'} [180].
[2023-09-08 15:47:24,852][INFO][workspace][write] Saving monitors for transformation opt_disc with event info {'iteration': 76, 'state': 'optimizing'} [181].
[2023-09-08 15:48:05,020][INFO][workspace][write] Saving monitors for transformation opt_disc with event info {'iteration': 77, 'state': 'optimizing'} [182].
[2023-09-08 15:48:45,164][INFO][workspace][write] Saving monitors for transformation opt_disc with event info {'iteration': 78, 'state': 'optimizing'} [183].
[2023-09-08 15:49:24,927][INFO][workspace][write] Saving monitors for transformation opt_disc with event info {'iteration': 79, 'state': 'optimizing'} [184].
[2023-09-08 15:50:05,749][INFO][workspace][write] Saving monitors for transformation opt_disc with event info {'iteration': 80, 'state': 'optimizing'} [185].
[2023-09-08 15:50:45,723][INFO][workspace][write] Saving monitors for transformation opt_disc with event info {'iteration': 81, 'state': 'optimizing'} [186].
[2023-09-08 15:51:25,776][INFO][workspace][write] Saving monitors for transformation opt_disc with event info {'iteration': 82, 'state': 'optimizing'} [187].
[2023-09-08 15:52:05,699][INFO][workspace][write] Saving monitors for transformation opt_disc with event info {'iteration': 83, 'state': 'optimizing'} [188].
[2023-09-08 15:52:59,254][INFO][workspace][write] Saving monitors for transformation opt_disc with event info {'iteration': 84, 'state': 'optimizing'} [189].
[2023-09-08 15:53:39,314][INFO][workspace][write] Saving monitors for transformation opt_disc with event info {'iteration': 85, 'state': 'optimizing'} [190].
[2023-09-08 15:54:19,273][INFO][workspace][write] Saving monitors for transformation opt_disc with event info {'iteration': 86, 'state': 'optimizing'} [191].
[2023-09-08 15:54:59,713][INFO][workspace][write] Saving monitors for transformation opt_disc with event info {'iteration': 87, 'state': 'optimizing'} [192].
[2023-09-08 15:55:26,447][INFO][workspace][write] Saving monitors for transformation opt_disc with event info {'iteration': 88, 'state': 'optimizing'} [193].
[2023-09-08 15:56:20,509][INFO][workspace][write] Saving monitors for transformation opt_disc with event info {'iteration': 89, 'state': 'optimizing'} [194].
[2023-09-08 15:56:47,220][INFO][workspace][write] Saving monitors for transformation opt_disc with event info {'iteration': 90, 'state': 'optimizing'} [195].
[2023-09-08 15:57:14,034][INFO][workspace][write] Saving monitors for transformation opt_disc with event info {'iteration': 91, 'state': 'optimizing'} [196].
[2023-09-08 15:57:40,681][INFO][workspace][write] Saving monitors for transformation opt_disc with event info {'iteration': 92, 'state': 'optimizing'} [197].
[2023-09-08 15:58:20,491][INFO][workspace][write] Saving monitors for transformation opt_disc with event info {'iteration': 93, 'state': 'optimizing'} [198].
[2023-09-08 15:58:47,218][INFO][workspace][write] Saving monitors for transformation opt_disc with event info {'iteration': 94, 'state': 'optimizing'} [199].
[2023-09-08 15:59:14,125][INFO][workspace][write] Saving monitors for transformation opt_disc with event info {'iteration': 95, 'state': 'optimizing'} [200].
[2023-09-08 15:59:54,929][INFO][workspace][write] Saving monitors for transformation opt_disc with event info {'iteration': 96, 'state': 'optimizing'} [201].
[2023-09-08 16:00:35,044][INFO][workspace][write] Saving monitors for transformation opt_disc with event info {'iteration': 97, 'state': 'optimizing'} [202].
[2023-09-08 16:01:15,589][INFO][workspace][write] Saving monitors for transformation opt_disc with event info {'iteration': 98, 'state': 'optimizing'} [203].
[2023-09-08 16:01:55,897][INFO][workspace][write] Saving monitors for transformation opt_disc with event info {'iteration': 99, 'state': 'optimizing'} [204].
[2023-09-08 16:02:36,350][INFO][workspace][write] Saving monitors for transformation opt_disc with event info {'iteration': 100, 'state': 'optimizing'} [205].
[2023-09-08 16:03:17,268][INFO][workspace][write] Saving monitors for transformation opt_disc with event info {'iteration': 101, 'state': 'optimizing'} [206].
[2023-09-08 16:03:57,181][INFO][workspace][write] Saving monitors for transformation opt_disc with event info {'iteration': 102, 'state': 'optimizing'} [207].
[2023-09-08 16:04:37,008][INFO][workspace][write] Saving monitors for transformation opt_disc with event info {'iteration': 103, 'state': 'optimizing'} [208].
[2023-09-08 16:05:44,599][INFO][workspace][write] Saving monitors for transformation opt_disc with event info {'iteration': 104, 'state': 'optimizing'} [209].
[2023-09-08 16:06:38,348][INFO][workspace][write] Saving monitors for transformation opt_disc with event info {'iteration': 105, 'state': 'optimizing'} [210].
[2023-09-08 16:07:31,646][INFO][workspace][write] Saving monitors for transformation opt_disc with event info {'iteration': 106, 'state': 'optimizing'} [211].
[2023-09-08 16:08:11,581][INFO][workspace][write] Saving monitors for transformation opt_disc with event info {'iteration': 107, 'state': 'optimizing'} [212].
[2023-09-08 16:08:51,617][INFO][workspace][write] Saving monitors for transformation opt_disc with event info {'iteration': 108, 'state': 'optimizing'} [213].
[2023-09-08 16:09:32,209][INFO][workspace][write] Saving monitors for transformation opt_disc with event info {'iteration': 109, 'state': 'optimizing'} [214].
[2023-09-08 16:10:13,262][INFO][workspace][write] Saving monitors for transformation opt_disc with event info {'iteration': 110, 'state': 'optimizing'} [215].
[2023-09-08 16:10:54,789][INFO][workspace][write] Saving monitors for transformation opt_disc with event info {'iteration': 111, 'state': 'optimizing'} [216].
[2023-09-08 16:11:35,763][INFO][workspace][write] Saving monitors for transformation opt_disc with event info {'iteration': 112, 'state': 'optimizing'} [217].
[2023-09-08 16:12:17,069][INFO][workspace][write] Saving monitors for transformation opt_disc with event info {'iteration': 113, 'state': 'optimizing'} [218].
[2023-09-08 16:12:44,597][INFO][workspace][write] Saving monitors for transformation opt_disc with event info {'iteration': 114, 'state': 'optimizing'} [219].
[2023-09-08 16:13:25,781][INFO][workspace][write] Saving monitors for transformation opt_disc with event info {'iteration': 115, 'state': 'optimizing'} [220].
[2023-09-08 16:14:06,813][INFO][workspace][write] Saving monitors for transformation opt_disc with event info {'iteration': 116, 'state': 'optimizing'} [221].
[2023-09-08 16:14:49,479][INFO][workspace][write] Saving monitors for transformation opt_disc with event info {'iteration': 117, 'state': 'optimizing'} [222].
[2023-09-08 16:15:44,717][INFO][workspace][write] Saving monitors for transformation opt_disc with event info {'iteration': 118, 'state': 'optimizing'} [223].
[2023-09-08 16:16:25,918][INFO][workspace][write] Saving monitors for transformation opt_disc with event info {'iteration': 119, 'state': 'optimizing'} [224].
[2023-09-08 16:17:20,543][INFO][workspace][write] Saving monitors for transformation opt_disc with event info {'iteration': 120, 'state': 'optimizing'} [225].
[2023-09-08 16:18:01,711][INFO][workspace][write] Saving monitors for transformation opt_disc with event info {'iteration': 121, 'state': 'optimizing'} [226].
[2023-09-08 16:18:43,174][INFO][workspace][write] Saving monitors for transformation opt_disc with event info {'iteration': 122, 'state': 'optimizing'} [227].
[2023-09-08 16:19:24,801][INFO][workspace][write] Saving monitors for transformation opt_disc with event info {'iteration': 123, 'state': 'optimizing'} [228].
[2023-09-08 16:20:07,771][INFO][workspace][write] Saving monitors for transformation opt_disc with event info {'iteration': 124, 'state': 'optimizing'} [229].
[2023-09-08 16:21:08,069][INFO][workspace][write] Saving monitors for transformation opt_disc with event info {'iteration': 125, 'state': 'optimizing'} [230].
[2023-09-08 16:21:52,347][INFO][workspace][write] Saving monitors for transformation opt_disc with event info {'iteration': 126, 'state': 'optimizing'} [231].
[2023-09-08 16:22:36,488][INFO][workspace][write] Saving monitors for transformation opt_disc with event info {'iteration': 127, 'state': 'optimizing'} [232].
[2023-09-08 16:23:21,948][INFO][workspace][write] Saving monitors for transformation opt_disc with event info {'iteration': 128, 'state': 'optimizing'} [233].
[2023-09-08 16:24:38,525][INFO][workspace][write] Saving monitors for transformation opt_disc with event info {'iteration': 129, 'state': 'optimizing'} [234].
[2023-09-08 16:25:27,481][INFO][workspace][write] Saving monitors for transformation opt_disc with event info {'iteration': 130, 'state': 'optimizing'} [235].
[2023-09-08 16:26:28,416][INFO][workspace][write] Saving monitors for transformation opt_disc with event info {'iteration': 131, 'state': 'optimizing'} [236].
[2023-09-08 16:27:14,972][INFO][workspace][write] Saving monitors for transformation opt_disc with event info {'iteration': 132, 'state': 'optimizing'} [237].
[2023-09-08 16:28:01,029][INFO][workspace][write] Saving monitors for transformation opt_disc with event info {'iteration': 133, 'state': 'optimizing'} [238].
[2023-09-08 16:28:44,287][INFO][workspace][write] Saving monitors for transformation opt_disc with event info {'iteration': 134, 'state': 'optimizing'} [239].
[2023-09-08 16:29:25,731][INFO][workspace][write] Saving monitors for transformation opt_disc with event info {'iteration': 135, 'state': 'optimizing'} [240].
[2023-09-08 16:30:09,816][INFO][workspace][write] Saving monitors for transformation opt_disc with event info {'iteration': 136, 'state': 'optimizing'} [241].
[2023-09-08 16:30:51,422][INFO][workspace][write] Saving monitors for transformation opt_disc with event info {'iteration': 137, 'state': 'optimizing'} [242].
[2023-09-08 16:31:47,465][INFO][workspace][write] Saving monitors for transformation opt_disc with event info {'iteration': 138, 'state': 'optimizing'} [243].
[2023-09-08 16:32:29,777][INFO][workspace][write] Saving monitors for transformation opt_disc with event info {'iteration': 139, 'state': 'optimizing'} [244].
[2023-09-08 16:32:59,747][INFO][workspace][write] Saving monitors for transformation opt_disc with event info {'iteration': 140, 'state': 'optimizing'} [245].
[2023-09-08 16:33:44,554][INFO][workspace][write] Saving monitors for transformation opt_disc with event info {'iteration': 141, 'state': 'optimizing'} [246].
[2023-09-08 16:34:28,062][INFO][workspace][write] Saving monitors for transformation opt_disc with event info {'iteration': 142, 'state': 'optimizing'} [247].
[2023-09-08 16:35:12,286][INFO][workspace][write] Saving monitors for transformation opt_disc with event info {'iteration': 143, 'state': 'optimizing'} [248].
[2023-09-08 16:35:41,993][INFO][workspace][write] Saving monitors for transformation opt_disc with event info {'iteration': 144, 'state': 'optimizing'} [249].
[2023-09-08 16:36:27,558][INFO][workspace][write] Saving monitors for transformation opt_disc with event info {'iteration': 145, 'state': 'optimizing'} [250].
[2023-09-08 16:36:57,771][INFO][workspace][write] Saving monitors for transformation opt_disc with event info {'iteration': 146, 'state': 'optimizing'} [251].
[2023-09-08 16:37:28,742][INFO][workspace][write] Saving monitors for transformation opt_disc with event info {'iteration': 147, 'state': 'optimizing'} [252].
[2023-09-08 16:38:13,740][INFO][workspace][write] Saving monitors for transformation opt_disc with event info {'iteration': 148, 'state': 'optimizing'} [253].
[2023-09-08 16:38:44,355][INFO][workspace][write] Saving monitors for transformation opt_disc with event info {'iteration': 149, 'state': 'optimizing'} [254].
[2023-09-08 16:39:45,469][INFO][workspace][write] Saving monitors for transformation opt_disc with event info {'iteration': 150, 'state': 'optimizing'} [255].
[2023-09-08 16:40:31,416][INFO][workspace][write] Saving monitors for transformation opt_disc with event info {'iteration': 151, 'state': 'optimizing'} [256].
[2023-09-08 16:41:17,827][INFO][workspace][write] Saving monitors for transformation opt_disc with event info {'iteration': 152, 'state': 'optimizing'} [257].
[2023-09-08 16:42:19,127][INFO][workspace][write] Saving monitors for transformation opt_disc with event info {'iteration': 153, 'state': 'optimizing'} [258].
[2023-09-08 16:43:34,813][INFO][workspace][write] Saving monitors for transformation opt_disc with event info {'iteration': 154, 'state': 'optimizing'} [259].
[2023-09-08 16:44:46,118][INFO][workspace][write] Saving monitors for transformation opt_disc with event info {'iteration': 155, 'state': 'optimizing'} [260].
[2023-09-08 16:45:55,072][INFO][workspace][write] Saving monitors for transformation opt_disc with event info {'iteration': 156, 'state': 'optimizing'} [261].
[2023-09-08 16:47:03,755][INFO][workspace][write] Saving monitors for transformation opt_disc with event info {'iteration': 157, 'state': 'optimizing'} [262].
[2023-09-08 16:48:26,122][INFO][workspace][write] Saving monitors for transformation opt_disc with event info {'iteration': 158, 'state': 'optimizing'} [263].
[2023-09-08 16:49:08,102][INFO][workspace][write] Saving monitors for transformation opt_disc with event info {'iteration': 159, 'state': 'optimizing'} [264].
[2023-09-08 16:50:04,883][INFO][workspace][write] Saving monitors for transformation opt_disc with event info {'iteration': 160, 'state': 'optimizing'} [265].
[2023-09-08 16:51:01,071][INFO][workspace][write] Saving monitors for transformation opt_disc with event info {'iteration': 161, 'state': 'optimizing'} [266].
[2023-09-08 16:51:59,773][INFO][workspace][write] Saving monitors for transformation opt_disc with event info {'iteration': 162, 'state': 'optimizing'} [267].
[2023-09-08 16:53:00,705][INFO][workspace][write] Saving monitors for transformation opt_disc with event info {'iteration': 163, 'state': 'optimizing'} [268].
[2023-09-08 16:53:58,962][INFO][workspace][write] Saving monitors for transformation opt_disc with event info {'iteration': 164, 'state': 'optimizing'} [269].
[2023-09-08 16:54:45,111][INFO][workspace][write] Saving monitors for transformation opt_disc with event info {'iteration': 165, 'state': 'optimizing'} [270].
[2023-09-08 16:55:47,738][INFO][workspace][write] Saving monitors for transformation opt_disc with event info {'iteration': 166, 'state': 'optimizing'} [271].
[2023-09-08 16:56:50,382][INFO][workspace][write] Saving monitors for transformation opt_disc with event info {'iteration': 167, 'state': 'optimizing'} [272].
[2023-09-08 16:57:52,237][INFO][workspace][write] Saving monitors for transformation opt_disc with event info {'iteration': 168, 'state': 'optimizing'} [273].
[2023-09-08 16:58:37,742][INFO][workspace][write] Saving monitors for transformation opt_disc with event info {'iteration': 169, 'state': 'optimizing'} [274].
[2023-09-08 16:59:38,857][INFO][workspace][write] Saving monitors for transformation opt_disc with event info {'iteration': 170, 'state': 'optimizing'} [275].
[2023-09-08 17:00:37,218][INFO][workspace][write] Saving monitors for transformation opt_disc with event info {'iteration': 171, 'state': 'optimizing'} [276].
[2023-09-08 17:01:36,729][INFO][workspace][write] Saving monitors for transformation opt_disc with event info {'iteration': 172, 'state': 'optimizing'} [277].
[2023-09-08 17:02:37,587][INFO][workspace][write] Saving monitors for transformation opt_disc with event info {'iteration': 173, 'state': 'optimizing'} [278].
[2023-09-08 17:03:39,758][INFO][workspace][write] Saving monitors for transformation opt_disc with event info {'iteration': 174, 'state': 'optimizing'} [279].
[2023-09-08 17:04:41,146][INFO][workspace][write] Saving monitors for transformation opt_disc with event info {'iteration': 175, 'state': 'optimizing'} [280].
[2023-09-08 17:05:43,104][INFO][workspace][write] Saving monitors for transformation opt_disc with event info {'iteration': 176, 'state': 'optimizing'} [281].
[2023-09-08 17:06:29,438][INFO][workspace][write] Saving monitors for transformation opt_disc with event info {'iteration': 177, 'state': 'optimizing'} [282].
[2023-09-08 17:07:15,767][INFO][workspace][write] Saving monitors for transformation opt_disc with event info {'iteration': 178, 'state': 'optimizing'} [283].
[2023-09-08 17:08:01,490][INFO][workspace][write] Saving monitors for transformation opt_disc with event info {'iteration': 179, 'state': 'optimizing'} [284].
[2023-09-08 17:09:15,593][INFO][workspace][write] Saving monitors for transformation opt_disc with event info {'iteration': 180, 'state': 'optimizing'} [285].
[2023-09-08 17:10:25,988][INFO][workspace][write] Saving monitors for transformation opt_disc with event info {'iteration': 181, 'state': 'optimizing'} [286].
[2023-09-08 17:11:33,362][INFO][workspace][write] Saving monitors for transformation opt_disc with event info {'iteration': 182, 'state': 'optimizing'} [287].
[2023-09-08 17:12:41,443][INFO][workspace][write] Saving monitors for transformation opt_disc with event info {'iteration': 183, 'state': 'optimizing'} [288].
[2023-09-08 17:13:49,316][INFO][workspace][write] Saving monitors for transformation opt_disc with event info {'iteration': 184, 'state': 'optimizing'} [289].
[2023-09-08 17:15:09,942][INFO][workspace][write] Saving monitors for transformation opt_disc with event info {'iteration': 185, 'state': 'optimizing'} [290].
[2023-09-08 17:16:30,859][INFO][workspace][write] Saving monitors for transformation opt_disc with event info {'iteration': 186, 'state': 'optimizing'} [291].
[2023-09-08 17:16:58,174][INFO][workspace][write] Saving monitors for transformation opt_disc with event info {'iteration': 187, 'state': 'optimizing'} [292].
[2023-09-08 17:17:38,636][INFO][workspace][write] Saving monitors for transformation opt_disc with event info {'iteration': 188, 'state': 'optimizing'} [293].
[2023-09-08 17:18:19,015][INFO][workspace][write] Saving monitors for transformation opt_disc with event info {'iteration': 189, 'state': 'optimizing'} [294].
[2023-09-08 17:18:46,458][INFO][workspace][write] Saving monitors for transformation opt_disc with event info {'iteration': 190, 'state': 'optimizing'} [295].
[2023-09-08 17:19:27,277][INFO][workspace][write] Saving monitors for transformation opt_disc with event info {'iteration': 191, 'state': 'optimizing'} [296].
[2023-09-08 17:20:09,477][INFO][workspace][write] Saving monitors for transformation opt_disc with event info {'iteration': 192, 'state': 'optimizing'} [297].
[2023-09-08 17:20:50,354][INFO][workspace][write] Saving monitors for transformation opt_disc with event info {'iteration': 193, 'state': 'optimizing'} [298].
[2023-09-08 17:21:30,940][INFO][workspace][write] Saving monitors for transformation opt_disc with event info {'iteration': 194, 'state': 'optimizing'} [299].
[2023-09-08 17:21:58,773][INFO][workspace][write] Saving monitors for transformation opt_disc with event info {'iteration': 195, 'state': 'optimizing'} [300].
[2023-09-08 17:22:39,011][INFO][workspace][write] Saving monitors for transformation opt_disc with event info {'iteration': 196, 'state': 'optimizing'} [301].
[2023-09-08 17:23:20,192][INFO][workspace][write] Saving monitors for transformation opt_disc with event info {'iteration': 197, 'state': 'optimizing'} [302].
[2023-09-08 17:24:00,724][INFO][workspace][write] Saving monitors for transformation opt_disc with event info {'iteration': 198, 'state': 'optimizing'} [303].
[2023-09-08 17:24:54,557][INFO][workspace][write] Saving monitors for transformation opt_disc with event info {'iteration': 199, 'state': 'optimizing'} [304].
[2023-09-08 17:25:34,386][INFO][workspace][write] Saving monitors for transformation opt_disc with event info {'iteration': 200, 'state': 'optimizing'} [305].
[2023-09-08 17:25:34,886][INFO][workspace][write] Saving monitors for transformation opt_disc with event info {'state': 'end'} [306].
[2023-09-08 17:25:35,166][INFO][workspace][write_checkpoint] Saving checkpoint file: opt_disc.chkpt.pkl
[2023-09-08 17:25:35,264][INFO][solver][run_plan] Spins finished.
