[INFO] - Start loading work: c:\Users\QDG-WS3\Desktop\QDG_Tim\230823_lumapi_try\8a24\8a24_1326.0_bw=40.0
[INFO] - lambda_0 = 1326.0 nm
[INFO] - FWHM = 40.0 nm
[INFO] - FOM_typ = square
[INFO] - MIN_FEATURE_SIZE = 4e-08
[INFO] - N = 10
[INFO] - NH = 2
[INFO] - NL = 2
[INFO] - SOURCE_typ = gaussian_released
[INFO] - alpha = 0.0
[INFO] - maxiter = 100
[INFO] - penalty = [[0.01, 1e-08], [0.02, 1e-07]]
[INFO] - simulation_typ = 2
[INFO] - source_angle = 14.8
[INFO] - start_radius = 1.4e-05
[INFO] - logger = <Logger c:\Users\QDG-WS3\Desktop\QDG_Tim\230823_lumapi_try\8a24\8a24.log (INFO)>
[INFO] - Iter: 0
[INFO] - [1.40e-06 1.60e-01 7.25e-01 5.00e-01 1.90e-05]
[INFO] - maxT = 0.28106
[INFO] - lambda_maxT = 1247.4
[INFO] - FWHM_fit = 21.6
[INFO] - FOM = -0.07037
[INFO] - feature_size = 56.0
[INFO] - Iter: 1
[INFO] - [1.47e-06 1.60e-01 7.25e-01 5.00e-01 1.90e-05]
[INFO] - maxT = 0.19972
[INFO] - lambda_maxT = 1286.1
[INFO] - FWHM_fit = 20.3
[INFO] - FOM = 0.00034
[INFO] - feature_size = 58.8
[INFO] - Iter: 2
[INFO] - [1.40e-06 1.68e-01 7.25e-01 5.00e-01 1.90e-05]
[INFO] - maxT = 0.25840
[INFO] - lambda_maxT = 1252.2
[INFO] - FWHM_fit = 19.5
[INFO] - FOM = -0.02773
[INFO] - feature_size = 58.8
[INFO] - Iter: 3
[INFO] - [1.4000e-06 1.6000e-01 7.6125e-01 5.0000e-01 1.9000e-05]
[INFO] - maxT = 0.24700
[INFO] - lambda_maxT = 1264.6
[INFO] - FWHM_fit = 23.5
[INFO] - FOM = -0.00146
[INFO] - feature_size = 56.0
[INFO] - Iter: 4
[INFO] - [1.40e-06 1.60e-01 7.25e-01 5.25e-01 1.90e-05]
[INFO] - maxT = 0.27643
[INFO] - lambda_maxT = 1253.5
[INFO] - FWHM_fit = 27.0
[INFO] - FOM = -0.00638
[INFO] - feature_size = 53.2
[INFO] - Iter: 5
[INFO] - [1.400e-06 1.600e-01 7.250e-01 5.000e-01 1.995e-05]
[INFO] - maxT = 0.27189
[INFO] - lambda_maxT = 1247.4
[INFO] - FWHM_fit = 21.3
[INFO] - FOM = -0.07502
[INFO] - feature_size = 56.0
[INFO] - Iter: 6
[INFO] - [1.428e-06 1.632e-01 7.395e-01 5.100e-01 1.805e-05]
[INFO] - maxT = 0.20860
[INFO] - lambda_maxT = 1274.6
[INFO] - FWHM_fit = 22.9
[INFO] - FOM = 0.00204
[INFO] - feature_size = 57.1
[INFO] - Iter: 7
[INFO] - [1.4336e-06 1.6384e-01 7.4240e-01 5.1200e-01 1.7670e-05]
[INFO] - maxT = 0.19994
[INFO] - lambda_maxT = 1279.7
[INFO] - FWHM_fit = 23.3
[INFO] - FOM = 0.00895
[INFO] - feature_size = 57.3
[INFO] - Iter: 8
[INFO] - [1.44144e-06 1.64736e-01 7.46460e-01 5.14800e-01 1.84680e-05]
[INFO] - maxT = 0.19513
[INFO] - lambda_maxT = 1287.4
[INFO] - FWHM_fit = 23.9
[INFO] - FOM = 0.01580
[INFO] - feature_size = 57.6
[INFO] - Iter: 9
[INFO] - [1.449728e-06 1.656832e-01 7.507520e-01 5.177600e-01 1.836160e-05]
[INFO] - maxT = 0.17667
[INFO] - lambda_maxT = 1295.2
[INFO] - FWHM_fit = 25.7
[INFO] - FOM = 0.03405
[INFO] - feature_size = 57.9
[INFO] - Iter: 10
[INFO] - [1.4613312e-06 1.5580928e-01 7.5676080e-01 5.2190400e-01 1.8212640e-05]
[INFO] - maxT = 0.19622
[INFO] - lambda_maxT = 1295.2
[INFO] - FWHM_fit = 28.6
[INFO] - FOM = 0.04411
[INFO] - feature_size = 54.4
[INFO] - Iter: 11
[INFO] - [1.47359744e-06 1.53371136e-01 7.63112960e-01 5.26284800e-01
 1.80551680e-05]
[INFO] - maxT = 0.19716
[INFO] - lambda_maxT = 1303.1
[INFO] - FWHM_fit = 33.2
[INFO] - FOM = 0.06991
[INFO] - feature_size = 53.5
[INFO] - Iter: 12
[INFO] - [1.49077018e-06 1.61157734e-01 7.72005984e-01 4.97417920e-01
 1.78347072e-05]
[INFO] - maxT = 0.16569
[INFO] - lambda_maxT = 1317.8
[INFO] - FWHM_fit = 47.4
[INFO] - FOM = 0.07010
[INFO] - feature_size = 60.4
[INFO] - Iter: 13
[INFO] - [1.50892421e-06 1.61389281e-01 7.81407181e-01 4.91901504e-01
 1.76016486e-05]
[INFO] - maxT = 0.19403
[INFO] - lambda_maxT = 1342.6
[INFO] - FWHM_fit = 45.8
[INFO] - FOM = 0.03964
[INFO] - feature_size = 61.9
[INFO] - Iter: 14
[INFO] - [1.52707825e-06 1.61620828e-01 7.40058378e-01 5.21385088e-01
 1.73685901e-05]
[INFO] - maxT = 0.19764
[INFO] - lambda_maxT = 1342.6
[INFO] - FWHM_fit = 57.2
[INFO] - FOM = 0.08175
[INFO] - feature_size = 59.1
[INFO] - Iter: 15
[INFO] - [1.55249390e-06 1.61944994e-01 7.35820053e-01 5.25662106e-01
 1.70423081e-05]
[INFO] - maxT = 0.24185
[INFO] - lambda_maxT = 1356.7
[INFO] - FWHM_fit = 57.4
[INFO] - FOM = 0.05094
[INFO] - feature_size = 59.6
[INFO] - Iter: 16
[INFO] - [1.47990954e-06 1.62269159e-01 7.82331729e-01 5.29939123e-01
 1.67160261e-05]
[INFO] - maxT = 0.17301
[INFO] - lambda_maxT = 1352.5
[INFO] - FWHM_fit = 69.1
[INFO] - FOM = 0.09173
[INFO] - feature_size = 56.4
[INFO] - Iter: 17
[INFO] - [1.48189145e-06 1.62722991e-01 7.93798074e-01 5.35926948e-01
 1.62592313e-05]
[INFO] - maxT = 0.19921
[INFO] - lambda_maxT = 1361.1
[INFO] - FWHM_fit = 68.3
[INFO] - FOM = 0.08383
[INFO] - feature_size = 56.0
[INFO] - Iter: 18
[INFO] - [1.53483336e-06 1.57800823e-01 7.80904420e-01 5.25114772e-01
 1.76644366e-05]
[INFO] - maxT = 0.28205
[INFO] - lambda_maxT = 1364.0
[INFO] - FWHM_fit = 62.2
[INFO] - FOM = 0.06700
[INFO] - feature_size = 57.5
[INFO] - Iter: 19
[INFO] - [1.55274751e-06 1.52804672e-01 7.84613388e-01 5.22296681e-01
 1.66939712e-05]
[INFO] - maxT = 0.26970
[INFO] - lambda_maxT = 1372.7
[INFO] - FWHM_fit = 69.1
[INFO] - FOM = 0.04874
[INFO] - feature_size = 56.7
[INFO] - Iter: 20
[INFO] - [1.53471909e-06 1.55058415e-01 7.78687645e-01 5.21502762e-01
 1.69858062e-05]
[INFO] - maxT = 0.24600
[INFO] - lambda_maxT = 1362.5
[INFO] - FWHM_fit = 66.6
[INFO] - FOM = 0.06862
[INFO] - feature_size = 56.9
[INFO] - Iter: 21
[INFO] - [1.46759644e-06 1.59590086e-01 7.53574258e-01 5.13497105e-01
 1.71196825e-05]
[INFO] - maxT = 0.16710
[INFO] - lambda_maxT = 1300.4
[INFO] - FWHM_fit = 28.4
[INFO] - FOM = 0.05274
[INFO] - feature_size = 57.0
[INFO] - Iter: 22
[INFO] - [1.52306690e-06 1.58113944e-01 7.76121642e-01 5.23081681e-01
 1.75691046e-05]
[INFO] - maxT = 0.24385
[INFO] - lambda_maxT = 1356.7
[INFO] - FWHM_fit = 62.8
[INFO] - FOM = 0.08232
[INFO] - feature_size = 57.4
[INFO] - Iter: 23
[INFO] - [1.46304983e-06 1.63554706e-01 7.54764632e-01 5.17740683e-01
 1.80316322e-05]
[INFO] - maxT = 0.17269
[INFO] - lambda_maxT = 1301.7
[INFO] - FWHM_fit = 29.6
[INFO] - FOM = 0.05563
[INFO] - feature_size = 57.7
[INFO] - Iter: 24
[INFO] - [1.52217697e-06 1.56545266e-01 7.74501118e-01 5.20844398e-01
 1.71688258e-05]
[INFO] - maxT = 0.21982
[INFO] - lambda_maxT = 1355.3
[INFO] - FWHM_fit = 65.5
[INFO] - FOM = 0.08048
[INFO] - feature_size = 57.1
[INFO] - Iter: 25
[INFO] - [1.54360330e-06 1.66511637e-01 7.74894580e-01 5.10782484e-01
 1.66077335e-05]
[INFO] - maxT = 0.25990
[INFO] - lambda_maxT = 1377.1
[INFO] - FWHM_fit = 54.3
[INFO] - FOM = 0.00447
[INFO] - feature_size = 62.9
[INFO] - Iter: 26
[INFO] - [1.48584846e-06 1.55670724e-01 7.65174743e-01 5.23571895e-01
 1.78018670e-05]
[INFO] - maxT = 0.19177
[INFO] - lambda_maxT = 1311.0
[INFO] - FWHM_fit = 55.2
[INFO] - FOM = 0.08947
[INFO] - feature_size = 55.1
[INFO] - Iter: 27
[INFO] - [1.52446188e-06 1.56530234e-01 7.63269060e-01 5.50110954e-01
 1.68150582e-05]
[INFO] - maxT = 0.26139
[INFO] - lambda_maxT = 1361.1
[INFO] - FWHM_fit = 66.5
[INFO] - FOM = 0.08414
[INFO] - feature_size = 53.7
[INFO] - Iter: 28
[INFO] - [1.49396904e-06 1.61136690e-01 7.56281103e-01 5.38391098e-01
 1.73394326e-05]
[INFO] - maxT = 0.18510
[INFO] - lambda_maxT = 1320.5
[INFO] - FWHM_fit = 65.0
[INFO] - FOM = 0.10277
[INFO] - feature_size = 55.6
[INFO] - Iter: 29
[INFO] - [1.48832745e-06 1.62054975e-01 7.52637100e-01 5.41900438e-01
 1.73735540e-05]
[INFO] - maxT = 0.18277
[INFO] - lambda_maxT = 1316.4
[INFO] - FWHM_fit = 63.8
[INFO] - FOM = 0.09985
[INFO] - feature_size = 55.2
[INFO] - Iter: 30
[INFO] - [1.48143997e-06 1.60777110e-01 7.46724363e-01 5.42277582e-01
 1.68472850e-05]
[INFO] - maxT = 0.16966
[INFO] - lambda_maxT = 1309.7
[INFO] - FWHM_fit = 63.3
[INFO] - FOM = 0.08400
[INFO] - feature_size = 54.5
[INFO] - Iter: 31
[INFO] - [1.46283623e-06 1.64059570e-01 7.52959066e-01 5.12114961e-01
 1.76142221e-05]
[INFO] - maxT = 0.16519
[INFO] - lambda_maxT = 1301.7
[INFO] - FWHM_fit = 28.3
[INFO] - FOM = 0.04840
[INFO] - feature_size = 58.5
[INFO] - Iter: 32
[INFO] - [1.51367739e-06 1.57847868e-01 7.61464811e-01 5.43461655e-01
 1.69549119e-05]
[INFO] - maxT = 0.21842
[INFO] - lambda_maxT = 1353.9
[INFO] - FWHM_fit = 69.0
[INFO] - FOM = 0.10148
[INFO] - feature_size = 54.5
[INFO] - Iter: 33
[INFO] - [1.45485952e-06 1.57459792e-01 7.84732322e-01 5.49671453e-01
 1.68952190e-05]
[INFO] - maxT = 0.17260
[INFO] - lambda_maxT = 1311.0
[INFO] - FWHM_fit = 65.9
[INFO] - FOM = 0.09478
[INFO] - feature_size = 51.6
[INFO] - Iter: 34
[INFO] - [1.48986561e-06 1.56976583e-01 7.93269520e-01 5.31736507e-01
 1.74356976e-05]
[INFO] - maxT = 0.20181
[INFO] - lambda_maxT = 1351.0
[INFO] - FWHM_fit = 68.3
[INFO] - FOM = 0.10758
[INFO] - feature_size = 54.8
[INFO] - Iter: 35
[INFO] - [1.49537846e-06 1.53367503e-01 7.62037271e-01 5.44793920e-01
 1.78548251e-05]
[INFO] - maxT = 0.21990
[INFO] - lambda_maxT = 1320.5
[INFO] - FWHM_fit = 59.4
[INFO] - FOM = 0.11672
[INFO] - feature_size = 52.2
[INFO] - Iter: 36
[INFO] - [1.49847225e-06 1.51587172e-01 7.57978379e-01 5.47764880e-01
 1.80825849e-05]
[INFO] - maxT = 0.22999
[INFO] - lambda_maxT = 1321.8
[INFO] - FWHM_fit = 56.7
[INFO] - FOM = 0.12206
[INFO] - feature_size = 51.4
[INFO] - Iter: 37
[INFO] - [1.49448906e-06 1.58332519e-01 7.76315710e-01 5.60838343e-01
 1.68812714e-05]
[INFO] - maxT = 0.26618
[INFO] - lambda_maxT = 1356.7
[INFO] - FWHM_fit = 62.0
[INFO] - FOM = 0.09126
[INFO] - feature_size = 52.0
[INFO] - Iter: 38
[INFO] - [1.48736057e-06 1.56136538e-01 7.67124413e-01 5.30093523e-01
 1.76407627e-05]
[INFO] - maxT = 0.19372
[INFO] - lambda_maxT = 1315.1
[INFO] - FWHM_fit = 60.3
[INFO] - FOM = 0.09929
[INFO] - feature_size = 54.6
[INFO] - Iter: 39
[INFO] - [1.53847843e-06 1.56014148e-01 7.49714968e-01 5.26907612e-01
 1.80861370e-05]
[INFO] - maxT = 0.24335
[INFO] - lambda_maxT = 1345.4
[INFO] - FWHM_fit = 57.3
[INFO] - FOM = 0.09266
[INFO] - feature_size = 56.8
[INFO] - Iter: 40
[INFO] - [1.46949283e-06 1.57206805e-01 7.78604285e-01 5.45687781e-01
 1.71036296e-05]
[INFO] - maxT = 0.17692
[INFO] - lambda_maxT = 1313.7
[INFO] - FWHM_fit = 67.6
[INFO] - FOM = 0.10111
[INFO] - feature_size = 52.5
[INFO] - Iter: 41
[INFO] - [1.46198673e-06 1.55369647e-01 7.79838269e-01 5.34007860e-01
 1.80859311e-05]
[INFO] - maxT = 0.19741
[INFO] - lambda_maxT = 1305.7
[INFO] - FWHM_fit = 51.3
[INFO] - FOM = 0.08211
[INFO] - feature_size = 52.9
[INFO] - Iter: 42
[INFO] - [1.50463152e-06 1.57414179e-01 7.64680166e-01 5.41807241e-01
 1.71528403e-05]
[INFO] - maxT = 0.20280
[INFO] - lambda_maxT = 1348.2
[INFO] - FWHM_fit = 69.2
[INFO] - FOM = 0.10688
[INFO] - feature_size = 54.3
[INFO] - Iter: 43
[INFO] - [1.49521193e-06 1.57592034e-01 7.73200969e-01 5.52061480e-01
 1.72049113e-05]
[INFO] - maxT = 0.23231
[INFO] - lambda_maxT = 1351.0
[INFO] - FWHM_fit = 64.7
[INFO] - FOM = 0.10980
[INFO] - feature_size = 52.8
[INFO] - Iter: 44
[INFO] - [1.52336732e-06 1.56675859e-01 7.59559770e-01 5.39016701e-01
 1.77825571e-05]
[INFO] - maxT = 0.24610
[INFO] - lambda_maxT = 1348.2
[INFO] - FWHM_fit = 63.3
[INFO] - FOM = 0.10976
[INFO] - feature_size = 55.0
[INFO] - Iter: 45
[INFO] - [1.49572294e-06 1.56173156e-01 7.71435730e-01 5.41781025e-01
 1.79852331e-05]
[INFO] - maxT = 0.22229
[INFO] - lambda_maxT = 1325.9
[INFO] - FWHM_fit = 62.0
[INFO] - FOM = 0.11964
[INFO] - feature_size = 53.5
[INFO] - Iter: 46
[INFO] - [1.49394122e-06 1.55924952e-01 7.72786843e-01 5.41775782e-01
 1.81517117e-05]
[INFO] - maxT = 0.22665
[INFO] - lambda_maxT = 1324.6
[INFO] - FWHM_fit = 60.8
[INFO] - FOM = 0.12048
[INFO] - feature_size = 53.4
[INFO] - Iter: 47
[INFO] - [1.51283178e-06 1.56289381e-01 7.34112860e-01 5.55869566e-01
 1.79221900e-05]
[INFO] - maxT = 0.23138
[INFO] - lambda_maxT = 1328.7
[INFO] - FWHM_fit = 57.7
[INFO] - FOM = 0.12260
[INFO] - feature_size = 52.5
[INFO] - Iter: 48
[INFO] - [1.51742501e-06 1.56151941e-01 7.22281528e-01 5.60696178e-01
 1.80194884e-05]
[INFO] - maxT = 0.23830
[INFO] - lambda_maxT = 1327.3
[INFO] - FWHM_fit = 54.3
[INFO] - FOM = 0.12606
[INFO] - feature_size = 52.0
[INFO] - Iter: 49
[INFO] - [1.51811074e-06 1.50135375e-01 7.57501448e-01 5.58137007e-01
 1.82904773e-05]
[INFO] - maxT = 0.31174
[INFO] - lambda_maxT = 1344.0
[INFO] - FWHM_fit = 52.8
[INFO] - FOM = 0.12220
[INFO] - feature_size = 50.4
[INFO] - Iter: 50
[INFO] - [1.52602737e-06 1.50697367e-01 7.34301773e-01 5.46896837e-01
 1.88592251e-05]
[INFO] - maxT = 0.25814
[INFO] - lambda_maxT = 1325.9
[INFO] - FWHM_fit = 48.6
[INFO] - FOM = 0.13172
[INFO] - feature_size = 52.1
[INFO] - Iter: 51
[INFO] - [1.53219046e-06 1.49318434e-01 7.26521934e-01 5.45863908e-01
 1.91900878e-05]
[INFO] - maxT = 0.25867
[INFO] - lambda_maxT = 1324.6
[INFO] - FWHM_fit = 45.4
[INFO] - FOM = 0.12931
[INFO] - feature_size = 51.9
[INFO] - Iter: 52
[INFO] - [1.49893600e-06 1.49222145e-01 7.37839774e-01 5.63093670e-01
 1.87122465e-05]
[INFO] - maxT = 0.25422
[INFO] - lambda_maxT = 1321.8
[INFO] - FWHM_fit = 45.3
[INFO] - FOM = 0.12660
[INFO] - feature_size = 48.9
[INFO] - Iter: 53
[INFO] - [1.49652269e-06 1.55397338e-01 7.32033426e-01 5.45956028e-01
 1.83730339e-05]
[INFO] - maxT = 0.21680
[INFO] - lambda_maxT = 1309.7
[INFO] - FWHM_fit = 38.6
[INFO] - FOM = 0.08878
[INFO] - feature_size = 52.8
[INFO] - Iter: 54
[INFO] - [1.51433283e-06 1.51056218e-01 7.53044544e-01 5.56005336e-01
 1.83049247e-05]
[INFO] - maxT = 0.28314
[INFO] - lambda_maxT = 1338.4
[INFO] - FWHM_fit = 53.8
[INFO] - FOM = 0.13075
[INFO] - feature_size = 50.8
[INFO] - Iter: 55
[INFO] - [1.52250541e-06 1.53733159e-01 7.29582960e-01 5.59624339e-01
 1.86698622e-05]
[INFO] - maxT = 0.27842
[INFO] - lambda_maxT = 1332.8
[INFO] - FWHM_fit = 49.3
[INFO] - FOM = 0.13611
[INFO] - feature_size = 51.5
[INFO] - Iter: 56
[INFO] - [1.53596771e-06 1.48171176e-01 6.99384502e-01 5.72745518e-01
 1.90410656e-05]
[INFO] - maxT = 0.29511
[INFO] - lambda_maxT = 1327.3
[INFO] - FWHM_fit = 41.8
[INFO] - FOM = 0.14040
[INFO] - feature_size = 48.6
[INFO] - Iter: 57
[INFO] - [1.54401666e-06 1.46570780e-01 6.84974256e-01 5.78938417e-01
 1.92522321e-05]
[INFO] - maxT = 0.30341
[INFO] - lambda_maxT = 1325.9
[INFO] - FWHM_fit = 38.8
[INFO] - FOM = 0.14121
[INFO] - feature_size = 47.6
[INFO] - Iter: 58
[INFO] - [1.55078691e-06 1.54061641e-01 7.11834251e-01 5.57770773e-01
 1.85300465e-05]
[INFO] - maxT = 0.29428
[INFO] - lambda_maxT = 1339.8
[INFO] - FWHM_fit = 51.0
[INFO] - FOM = 0.13179
[INFO] - feature_size = 52.8
[INFO] - Iter: 59
[INFO] - [1.54997172e-06 1.53429737e-01 6.80145364e-01 5.65565281e-01
 1.90274171e-05]
[INFO] - maxT = 0.25790
[INFO] - lambda_maxT = 1321.8
[INFO] - FWHM_fit = 41.2
[INFO] - FOM = 0.12332
[INFO] - feature_size = 51.7
[INFO] - Iter: 60
[INFO] - [1.52056963e-06 1.51471584e-01 7.40287187e-01 5.57678326e-01
 1.84313609e-05]
[INFO] - maxT = 0.28134
[INFO] - lambda_maxT = 1335.6
[INFO] - FWHM_fit = 51.8
[INFO] - FOM = 0.13534
[INFO] - feature_size = 50.9
[INFO] - Iter: 61
[INFO] - [1.50143072e-06 1.49388292e-01 7.32736831e-01 5.63762866e-01
 1.87628209e-05]
[INFO] - maxT = 0.25330
[INFO] - lambda_maxT = 1320.5
[INFO] - FWHM_fit = 44.4
[INFO] - FOM = 0.12437
[INFO] - feature_size = 48.9
[INFO] - Iter: 62
[INFO] - [1.54214958e-06 1.53243805e-01 7.15492202e-01 5.58819389e-01
 1.85707821e-05]
[INFO] - maxT = 0.28694
[INFO] - lambda_maxT = 1335.6
[INFO] - FWHM_fit = 50.1
[INFO] - FOM = 0.13468
[INFO] - feature_size = 52.1
[INFO] - Iter: 63
[INFO] - [1.54468245e-06 1.46134737e-01 7.19573824e-01 5.60086745e-01
 1.94938965e-05]
[INFO] - maxT = 0.32057
[INFO] - lambda_maxT = 1334.2
[INFO] - FWHM_fit = 43.3
[INFO] - FOM = 0.14640
[INFO] - feature_size = 49.7
[INFO] - Iter: 64
[INFO] - [1.52097103e-06 1.46199246e-01 7.27995798e-01 5.62470476e-01
 1.93118486e-05]
[INFO] - maxT = 0.29269
[INFO] - lambda_maxT = 1327.3
[INFO] - FWHM_fit = 41.8
[INFO] - FOM = 0.13997
[INFO] - feature_size = 48.6
[INFO] - Iter: 65
[INFO] - [1.54271154e-06 1.45862532e-01 6.98284257e-01 5.65528399e-01
 1.98034650e-05]
[INFO] - maxT = 0.28657
[INFO] - lambda_maxT = 1324.6
[INFO] - FWHM_fit = 39.3
[INFO] - FOM = 0.13451
[INFO] - feature_size = 48.9
[INFO] - Iter: 66
[INFO] - [1.54885821e-06 1.40452706e-01 6.96469003e-01 5.65944011e-01
 2.00184047e-05]
[INFO] - maxT = 0.29540
[INFO] - lambda_maxT = 1321.8
[INFO] - FWHM_fit = 37.0
[INFO] - FOM = 0.13498
[INFO] - feature_size = 47.2
[INFO] - Iter: 67
[INFO] - [1.54424647e-06 1.42776785e-01 7.02263946e-01 5.64838069e-01
 1.97824098e-05]
[INFO] - maxT = 0.29556
[INFO] - lambda_maxT = 1324.6
[INFO] - FWHM_fit = 38.9
[INFO] - FOM = 0.14010
[INFO] - feature_size = 48.0
[INFO] - Iter: 68
[INFO] - [1.55262390e-06 1.40320265e-01 6.78935059e-01 5.85848006e-01
 2.01983157e-05]
[INFO] - maxT = 0.34403
[INFO] - lambda_maxT = 1328.7
[INFO] - FWHM_fit = 34.0
[INFO] - FOM = 0.14083
[INFO] - feature_size = 45.1
[INFO] - Iter: 69
[INFO] - [1.53990467e-06 1.42938194e-01 7.07212896e-01 5.75344286e-01
 1.94120161e-05]
[INFO] - maxT = 0.34386
[INFO] - lambda_maxT = 1334.2
[INFO] - FWHM_fit = 38.8
[INFO] - FOM = 0.14045
[INFO] - feature_size = 46.7
[INFO] - Iter: 70
[INFO] - [1.54039587e-06 1.43449953e-01 7.05650384e-01 5.73626506e-01
 1.94805197e-05]
[INFO] - maxT = 0.33320
[INFO] - lambda_maxT = 1331.4
[INFO] - FWHM_fit = 38.9
[INFO] - FOM = 0.14541
[INFO] - feature_size = 47.1
[INFO] - Iter: 71
[INFO] - [1.52510110e-06 1.49732336e-01 7.37248224e-01 5.50136079e-01
 1.87300470e-05]
[INFO] - maxT = 0.26759
[INFO] - lambda_maxT = 1328.7
[INFO] - FWHM_fit = 49.2
[INFO] - FOM = 0.13477
[INFO] - feature_size = 51.4
[INFO] - Iter: 72
[INFO] - [1.54780741e-06 1.41967378e-01 6.89139863e-01 5.79598419e-01
 1.99413687e-05]
[INFO] - maxT = 0.33175
[INFO] - lambda_maxT = 1328.7
[INFO] - FWHM_fit = 36.2
[INFO] - FOM = 0.14397
[INFO] - feature_size = 46.2
[INFO] - Iter: 73
[INFO] - [1.56748851e-06 1.42160607e-01 6.72645111e-01 5.80364786e-01
 1.98683221e-05]
[INFO] - maxT = 0.34122
[INFO] - lambda_maxT = 1330.1
[INFO] - FWHM_fit = 36.0
[INFO] - FOM = 0.14708
[INFO] - feature_size = 46.8
[INFO] - Iter: 74
[INFO] - [1.57679201e-06 1.41352879e-01 6.61574974e-01 5.83943648e-01
 1.99796168e-05]
[INFO] - maxT = 0.35097
[INFO] - lambda_maxT = 1328.7
[INFO] - FWHM_fit = 34.5
[INFO] - FOM = 0.14618
[INFO] - feature_size = 46.4
[INFO] - Iter: 75
[INFO] - [1.55723129e-06 1.45013506e-01 6.82101374e-01 5.85639425e-01
 1.94766437e-05]
[INFO] - maxT = 0.36964
[INFO] - lambda_maxT = 1337.0
[INFO] - FWHM_fit = 37.2
[INFO] - FOM = 0.12967
[INFO] - feature_size = 46.8
[INFO] - Iter: 76
[INFO] - [1.54651881e-06 1.43168211e-01 6.98735496e-01 5.68478306e-01
 1.97289007e-05]
[INFO] - maxT = 0.30745
[INFO] - lambda_maxT = 1325.9
[INFO] - FWHM_fit = 38.5
[INFO] - FOM = 0.14337
[INFO] - feature_size = 47.8
[INFO] - Iter: 77
[INFO] - [1.55752985e-06 1.40468943e-01 6.56456165e-01 5.93747373e-01
 1.98591587e-05]
[INFO] - maxT = 0.31637
[INFO] - lambda_maxT = 1320.5
[INFO] - FWHM_fit = 32.6
[INFO] - FOM = 0.13180
[INFO] - feature_size = 44.4
[INFO] - Iter: 78
[INFO] - [1.54693075e-06 1.45143223e-01 7.08528233e-01 5.65977355e-01
 1.95578174e-05]
[INFO] - maxT = 0.32571
[INFO] - lambda_maxT = 1332.8
[INFO] - FWHM_fit = 41.0
[INFO] - FOM = 0.14765
[INFO] - feature_size = 48.7
[INFO] - Iter: 79
[INFO] - [1.56443038e-06 1.43831036e-01 6.71530745e-01 5.77147952e-01
 1.99034546e-05]
[INFO] - maxT = 0.31654
[INFO] - lambda_maxT = 1325.9
[INFO] - FWHM_fit = 36.0
[INFO] - FOM = 0.13953
[INFO] - feature_size = 47.6
[INFO] - Iter: 80
[INFO] - [1.54460191e-06 1.43516643e-01 6.99679447e-01 5.74242759e-01
 1.95545333e-05]
[INFO] - maxT = 0.33107
[INFO] - lambda_maxT = 1330.1
[INFO] - FWHM_fit = 38.6
[INFO] - FOM = 0.14676
[INFO] - feature_size = 47.2
[INFO] - Iter: 81
[INFO] - [1.56104369e-06 1.39488553e-01 6.98088949e-01 5.69957778e-01
 2.02526626e-05]
[INFO] - maxT = 0.34990
[INFO] - lambda_maxT = 1332.8
[INFO] - FWHM_fit = 37.2
[INFO] - FOM = 0.14455
[INFO] - feature_size = 46.8
[INFO] - Iter: 82
[INFO] - [1.54699639e-06 1.45331391e-01 6.87269327e-01 5.77366805e-01
 1.94273075e-05]
[INFO] - maxT = 0.31464
[INFO] - lambda_maxT = 1327.3
[INFO] - FWHM_fit = 38.3
[INFO] - FOM = 0.14431
[INFO] - feature_size = 47.5
[INFO] - Iter: 83
[INFO] - [1.55692854e-06 1.45437561e-01 6.93175128e-01 5.68405130e-01
 1.93579015e-05]
[INFO] - maxT = 0.32113
[INFO] - lambda_maxT = 1331.4
[INFO] - FWHM_fit = 41.0
[INFO] - FOM = 0.14821
[INFO] - feature_size = 48.9
[INFO] - Iter: 84
[INFO] - [1.55875277e-06 1.46131598e-01 6.93982181e-01 5.66166473e-01
 1.92412081e-05]
[INFO] - maxT = 0.31356
[INFO] - lambda_maxT = 1331.4
[INFO] - FWHM_fit = 41.6
[INFO] - FOM = 0.14729
[INFO] - feature_size = 49.4
[INFO] - Iter: 85
[INFO] - [1.56180432e-06 1.42379451e-01 6.67645515e-01 5.82997304e-01
 1.96614865e-05]
[INFO] - maxT = 0.32233
[INFO] - lambda_maxT = 1325.9
[INFO] - FWHM_fit = 35.8
[INFO] - FOM = 0.14359
[INFO] - feature_size = 46.4
[INFO] - Iter: 86
[INFO] - [1.56766185e-06 1.41010507e-01 6.81054896e-01 5.73860054e-01
 1.98856681e-05]
[INFO] - maxT = 0.32894
[INFO] - lambda_maxT = 1330.1
[INFO] - FWHM_fit = 37.8
[INFO] - FOM = 0.14511
[INFO] - feature_size = 47.1
[INFO] - Iter: 87
[INFO] - [1.55061285e-06 1.44575236e-01 6.86181802e-01 5.76753124e-01
 1.95075206e-05]
[INFO] - maxT = 0.31639
[INFO] - lambda_maxT = 1327.3
[INFO] - FWHM_fit = 38.2
[INFO] - FOM = 0.14526
[INFO] - feature_size = 47.4
[INFO] - Iter: 88
[INFO] - [1.57246070e-06 1.43248693e-01 6.63245719e-01 5.77988246e-01
 1.97396371e-05]
[INFO] - maxT = 0.31512
[INFO] - lambda_maxT = 1325.9
[INFO] - FWHM_fit = 36.4
[INFO] - FOM = 0.14254
[INFO] - feature_size = 47.5
[INFO] - Iter: 89
[INFO] - [1.54947720e-06 1.43469751e-01 6.93303545e-01 5.74898219e-01
 1.95869265e-05]
[INFO] - maxT = 0.33136
[INFO] - lambda_maxT = 1330.1
[INFO] - FWHM_fit = 38.0
[INFO] - FOM = 0.14776
[INFO] - feature_size = 47.3
[INFO] - Iter: 90
[INFO] - [1.57172715e-06 1.43717740e-01 6.62016890e-01 5.86320664e-01
 1.95084800e-05]
[INFO] - maxT = 0.34805
[INFO] - lambda_maxT = 1330.1
[INFO] - FWHM_fit = 36.1
[INFO] - FOM = 0.14494
[INFO] - feature_size = 46.7
[INFO] - Iter: 91
[INFO] - [1.55093027e-06 1.43264379e-01 6.92309740e-01 5.71600719e-01
 1.96903271e-05]
[INFO] - maxT = 0.31433
[INFO] - lambda_maxT = 1327.3
[INFO] - FWHM_fit = 38.2
[INFO] - FOM = 0.14547
[INFO] - feature_size = 47.6
[INFO] - Iter: 92
[INFO] - [1.55209203e-06 1.44860472e-01 7.02972560e-01 5.67243032e-01
 1.95874304e-05]
[INFO] - maxT = 0.33080
[INFO] - lambda_maxT = 1332.8
[INFO] - FWHM_fit = 40.7
[INFO] - FOM = 0.14729
[INFO] - feature_size = 48.6
[INFO] - Iter: 93
[INFO] - [1.56010467e-06 1.42813629e-01 6.73827748e-01 5.80240306e-01
 1.96485267e-05]
[INFO] - maxT = 0.32199
[INFO] - lambda_maxT = 1325.9
[INFO] - FWHM_fit = 35.9
[INFO] - FOM = 0.14361
[INFO] - feature_size = 46.8
[INFO] - Iter: 94
[INFO] - [1.55379168e-06 1.44426293e-01 6.96790327e-01 5.70000029e-01
 1.96003903e-05]
[INFO] - maxT = 0.32949
[INFO] - lambda_maxT = 1331.4
[INFO] - FWHM_fit = 39.7
[INFO] - FOM = 0.14756
[INFO] - feature_size = 48.2
[INFO] - Iter: 95
[INFO] - [1.55899990e-06 1.43095846e-01 6.77846199e-01 5.78448258e-01
 1.96401028e-05]
[INFO] - maxT = 0.32495
[INFO] - lambda_maxT = 1327.3
[INFO] - FWHM_fit = 36.9
[INFO] - FOM = 0.14564
[INFO] - feature_size = 47.0
[INFO] - Iter: 96
[INFO] - [1.52998750e-06 1.46584230e-01 7.15551592e-01 5.64098532e-01
 1.91334947e-05]
[INFO] - maxT = 0.28660
[INFO] - lambda_maxT = 1325.9
[INFO] - FWHM_fit = 42.7
[INFO] - FOM = 0.14100
[INFO] - feature_size = 48.9
[INFO] - Iter: 97
[INFO] - [1.56860122e-06 1.42268366e-01 6.71020882e-01 5.80470752e-01
 1.98315454e-05]
[INFO] - maxT = 0.34131
[INFO] - lambda_maxT = 1330.1
[INFO] - FWHM_fit = 36.1
[INFO] - FOM = 0.14714
[INFO] - feature_size = 46.8
[INFO] - Iter: 98
[INFO] - [1.55138174e-06 1.43394970e-01 6.90212076e-01 5.75608227e-01
 1.95975617e-05]
[INFO] - maxT = 0.32681
[INFO] - lambda_maxT = 1328.7
[INFO] - FWHM_fit = 38.1
[INFO] - FOM = 0.14721
[INFO] - feature_size = 47.2
[INFO] - Iter: 99
[INFO] - [1.55254420e-06 1.43230672e-01 6.89417031e-01 5.72970226e-01
 1.96802822e-05]
[INFO] - maxT = 0.31664
[INFO] - lambda_maxT = 1327.3
[INFO] - FWHM_fit = 38.1
[INFO] - FOM = 0.14633
[INFO] - feature_size = 47.5
[INFO] - Iter: 100
[INFO] - [1.55229026e-06 1.44279358e-01 6.84514681e-01 5.77092150e-01
 1.95340370e-05]
[INFO] - maxT = 0.31708
[INFO] - lambda_maxT = 1328.7
[INFO] - FWHM_fit = 38.0
[INFO] - FOM = 0.14422
[INFO] - feature_size = 47.4
[INFO] - Iter: 101
[INFO] - [1.55734281e-06 1.44969218e-01 6.90109342e-01 5.70413756e-01
 1.94143418e-05]
[INFO] - maxT = 0.31958
[INFO] - lambda_maxT = 1330.1
[INFO] - FWHM_fit = 39.8
[INFO] - FOM = 0.14759
[INFO] - feature_size = 48.5
[INFO] - Iter: 102
[INFO] - [1.57323359e-06 1.41701472e-01 6.64829219e-01 5.82844570e-01
 1.99117140e-05]
[INFO] - maxT = 0.34233
[INFO] - lambda_maxT = 1328.7
[INFO] - FWHM_fit = 35.4
[INFO] - FOM = 0.14820
[INFO] - feature_size = 46.5
[INFO] - Iter: 103
[INFO] - [1.56511064e-06 1.42277514e-01 6.80450866e-01 5.75021864e-01
 1.97635640e-05]
[INFO] - maxT = 0.33629
[INFO] - lambda_maxT = 1330.1
[INFO] - FWHM_fit = 37.0
[INFO] - FOM = 0.14561
[INFO] - feature_size = 47.3
[INFO] - Iter: 104
[INFO] - [1.56286707e-06 1.42627836e-01 6.81162033e-01 5.75384164e-01
 1.97233968e-05]
[INFO] - maxT = 0.33335
[INFO] - lambda_maxT = 1328.7
[INFO] - FWHM_fit = 37.5
[INFO] - FOM = 0.14632
[INFO] - feature_size = 47.3
[INFO] - Iter: 105
[INFO] - [1.55453382e-06 1.43929035e-01 6.83803514e-01 5.76729850e-01
 1.95742042e-05]
[INFO] - maxT = 0.32297
[INFO] - lambda_maxT = 1328.7
[INFO] - FWHM_fit = 37.7
[INFO] - FOM = 0.14538
[INFO] - feature_size = 47.4
[INFO] - Iter: 106
[INFO] - [1.56140875e-06 1.42855546e-01 6.81624292e-01 5.75619659e-01
 1.96972881e-05]
[INFO] - maxT = 0.33188
[INFO] - lambda_maxT = 1328.7
[INFO] - FWHM_fit = 37.3
[INFO] - FOM = 0.14742
[INFO] - feature_size = 47.3
[INFO] - Iter: 107
[INFO] - [1.56168445e-06 1.40742185e-01 6.71462185e-01 5.83782620e-01
 1.99964378e-05]
[INFO] - maxT = 0.33895
[INFO] - lambda_maxT = 1327.3
[INFO] - FWHM_fit = 34.9
[INFO] - FOM = 0.14528
[INFO] - feature_size = 45.7
[INFO] - Iter: 108
[INFO] - [1.55810260e-06 1.44229487e-01 6.86846090e-01 5.72753307e-01
 1.95162086e-05]
[INFO] - maxT = 0.32116
[INFO] - lambda_maxT = 1328.7
[INFO] - FWHM_fit = 38.6
[INFO] - FOM = 0.14856
[INFO] - feature_size = 48.0
[INFO] - Iter: 109
[INFO] - [1.55966845e-06 1.43069014e-01 6.87325284e-01 5.73470138e-01
 1.97211190e-05]
[INFO] - maxT = 0.33224
[INFO] - lambda_maxT = 1330.1
[INFO] - FWHM_fit = 38.2
[INFO] - FOM = 0.14858
[INFO] - feature_size = 47.6
[INFO] - Iter: 110
[INFO] - [1.57060130e-06 1.42639507e-01 6.73804691e-01 5.75454933e-01
 1.98130830e-05]
[INFO] - maxT = 0.32891
[INFO] - lambda_maxT = 1328.7
[INFO] - FWHM_fit = 37.5
[INFO] - FOM = 0.14847
[INFO] - feature_size = 47.6
[INFO] - Iter: 111
[INFO] - [1.56425130e-06 1.43092515e-01 6.79264633e-01 5.75377610e-01
 1.97596746e-05]
[INFO] - maxT = 0.33250
[INFO] - lambda_maxT = 1328.7
[INFO] - FWHM_fit = 37.1
[INFO] - FOM = 0.14500
[INFO] - feature_size = 47.5
[INFO] - Iter: 112
[INFO] - [1.56190620e-06 1.42897016e-01 6.81211352e-01 5.75577301e-01
 1.97082057e-05]
[INFO] - maxT = 0.33160
[INFO] - lambda_maxT = 1328.7
[INFO] - FWHM_fit = 37.4
[INFO] - FOM = 0.14692
[INFO] - feature_size = 47.4
[INFO] - Iter: 113
[INFO] - [1.56810156e-06 1.42957503e-01 6.76412971e-01 5.74914608e-01
 1.97537081e-05]
[INFO] - maxT = 0.32589
[INFO] - lambda_maxT = 1328.7
[INFO] - FWHM_fit = 37.4
[INFO] - FOM = 0.14540
[INFO] - feature_size = 47.6
[INFO] - Iter: 114
[INFO] - [1.57020739e-06 1.42207075e-01 6.69232593e-01 5.80826317e-01
 1.98326129e-05]
[INFO] - maxT = 0.34145
[INFO] - lambda_maxT = 1328.7
[INFO] - FWHM_fit = 36.2
[INFO] - FOM = 0.14872
[INFO] - feature_size = 46.8
[INFO] - Iter: 115
[INFO] - [1.55935528e-06 1.43301108e-01 6.87229445e-01 5.73326772e-01
 1.96801369e-05]
[INFO] - maxT = 0.33009
[INFO] - lambda_maxT = 1330.1
[INFO] - FWHM_fit = 38.5
[INFO] - FOM = 0.14912
[INFO] - feature_size = 47.7
[INFO] - Iter: 116
[INFO] - [1.55365588e-06 1.43430435e-01 6.88902843e-01 5.72926843e-01
 1.96474675e-05]
[INFO] - maxT = 0.31660
[INFO] - lambda_maxT = 1327.3
[INFO] - FWHM_fit = 38.2
[INFO] - FOM = 0.14603
[INFO] - feature_size = 47.6
[INFO] - Iter: 117
[INFO] - [1.56074752e-06 1.43130334e-01 6.82668652e-01 5.75046389e-01
 1.96610722e-05]
[INFO] - maxT = 0.32667
[INFO] - lambda_maxT = 1328.7
[INFO] - FWHM_fit = 37.7
[INFO] - FOM = 0.14578
[INFO] - feature_size = 47.5
[INFO] - Iter: 118
[INFO] - [1.55272591e-06 1.43561874e-01 6.89538878e-01 5.75037243e-01
 1.95812911e-05]
[INFO] - maxT = 0.32570
[INFO] - lambda_maxT = 1330.1
[INFO] - FWHM_fit = 38.3
[INFO] - FOM = 0.14664
[INFO] - feature_size = 47.4
[INFO] - Iter: 119
[INFO] - [1.55541665e-06 1.43456109e-01 6.87241845e-01 5.75015782e-01
 1.96114641e-05]
[INFO] - maxT = 0.32712
[INFO] - lambda_maxT = 1328.7
[INFO] - FWHM_fit = 38.1
[INFO] - FOM = 0.14698
[INFO] - feature_size = 47.4
[INFO] - Iter: 120
[INFO] - [1.55794760e-06 1.43519352e-01 6.85112474e-01 5.74893219e-01
 1.96540838e-05]
[INFO] - maxT = 0.32676
[INFO] - lambda_maxT = 1328.7
[INFO] - FWHM_fit = 37.8
[INFO] - FOM = 0.14775
[INFO] - feature_size = 47.5
[INFO] - Iter: 121
[INFO] - [1.56429085e-06 1.43218875e-01 6.79687533e-01 5.74874801e-01
 1.97207398e-05]
[INFO] - maxT = 0.33140
[INFO] - lambda_maxT = 1328.7
[INFO] - FWHM_fit = 37.3
[INFO] - FOM = 0.14444
[INFO] - feature_size = 47.6
[INFO] - Iter: 122
[INFO] - [1.55696963e-06 1.43414593e-01 6.85919840e-01 5.74991110e-01
 1.96305873e-05]
[INFO] - maxT = 0.32832
[INFO] - lambda_maxT = 1328.7
[INFO] - FWHM_fit = 37.7
[INFO] - FOM = 0.14751
[INFO] - feature_size = 47.5
[INFO] - Iter: 123
[INFO] - [1.56737712e-06 1.43238211e-01 6.76833334e-01 5.77789448e-01
 1.96779843e-05]
[INFO] - maxT = 0.33537
[INFO] - lambda_maxT = 1331.4
[INFO] - FWHM_fit = 37.9
[INFO] - FOM = 0.14473
[INFO] - feature_size = 47.4
[INFO] - Iter: 124
[INFO] - [1.55605710e-06 1.43396796e-01 6.86790679e-01 5.73777798e-01
 1.96528080e-05]
[INFO] - maxT = 0.32350
[INFO] - lambda_maxT = 1328.7
[INFO] - FWHM_fit = 38.0
[INFO] - FOM = 0.14768
[INFO] - feature_size = 47.6
[INFO] - Iter: 125
[INFO] - [1.56369835e-06 1.43246935e-01 6.80164672e-01 5.75239855e-01
 1.97037527e-05]
[INFO] - maxT = 0.33128
[INFO] - lambda_maxT = 1328.7
[INFO] - FWHM_fit = 37.4
[INFO] - FOM = 0.14520
[INFO] - feature_size = 47.6
[INFO] - Iter: 126
[INFO] - [1.55814716e-06 1.43385253e-01 6.84912686e-01 5.75034641e-01
 1.96433913e-05]
[INFO] - maxT = 0.32846
[INFO] - lambda_maxT = 1328.7
[INFO] - FWHM_fit = 37.7
[INFO] - FOM = 0.14794
[INFO] - feature_size = 47.5
[INFO] - Iter: 127
[INFO] - [1.56544692e-06 1.43260114e-01 6.78542636e-01 5.76955904e-01
 1.96777655e-05]
[INFO] - maxT = 0.33394
[INFO] - lambda_maxT = 1331.4
[INFO] - FWHM_fit = 37.5
[INFO] - FOM = 0.14315
[INFO] - feature_size = 47.4
[INFO] - Iter: 128
[INFO] - [1.55770032e-06 1.43372877e-01 6.85347271e-01 5.74333967e-01
 1.96571755e-05]
[INFO] - maxT = 0.32373
[INFO] - lambda_maxT = 1327.3
[INFO] - FWHM_fit = 37.6
[INFO] - FOM = 0.14716
[INFO] - feature_size = 47.5
[INFO] - Iter: 129
[INFO] - [1.56345750e-06 1.43078968e-01 6.80314760e-01 5.75616782e-01
 1.96777263e-05]
[INFO] - maxT = 0.33128
[INFO] - lambda_maxT = 1330.1
[INFO] - FWHM_fit = 37.7
[INFO] - FOM = 0.14446
[INFO] - feature_size = 47.5
[INFO] - Iter: 130
[INFO] - [1.55891183e-06 1.43442285e-01 6.84272874e-01 5.75019843e-01
 1.96582212e-05]
[INFO] - maxT = 0.32887
[INFO] - lambda_maxT = 1330.1
[INFO] - FWHM_fit = 38.1
[INFO] - FOM = 0.14801
[INFO] - feature_size = 47.5
[INFO] - Iter: 131
[INFO] - [1.56052356e-06 1.43825005e-01 6.83323390e-01 5.74367909e-01
 1.95794895e-05]
[INFO] - maxT = 0.32506
[INFO] - lambda_maxT = 1330.1
[INFO] - FWHM_fit = 38.1
[INFO] - FOM = 0.14551
[INFO] - feature_size = 47.8
[INFO] - Iter: 132
[INFO] - [1.56020173e-06 1.43139716e-01 6.82124336e-01 5.75632437e-01
 1.96922630e-05]
[INFO] - maxT = 0.32714
[INFO] - lambda_maxT = 1328.7
[INFO] - FWHM_fit = 37.4
[INFO] - FOM = 0.14614
[INFO] - feature_size = 47.4
[INFO] - Iter: 133
[INFO] - [1.56152570e-06 1.43082302e-01 6.83630075e-01 5.74826681e-01
 1.97106321e-05]
[INFO] - maxT = 0.33399
[INFO] - lambda_maxT = 1330.1
[INFO] - FWHM_fit = 37.5
[INFO] - FOM = 0.14751
[INFO] - feature_size = 47.5
[INFO] - Iter: 134
[INFO] - [1.56055921e-06 1.43149617e-01 6.81776667e-01 5.76192976e-01
 1.96812356e-05]
[INFO] - maxT = 0.32761
[INFO] - lambda_maxT = 1330.1
[INFO] - FWHM_fit = 37.4
[INFO] - FOM = 0.14513
[INFO] - feature_size = 47.3
[INFO] - Iter: 135
[INFO] - [1.56039956e-06 1.43256896e-01 6.81936498e-01 5.76079839e-01
 1.96897896e-05]
[INFO] - maxT = 0.32958
[INFO] - lambda_maxT = 1328.7
[INFO] - FWHM_fit = 37.3
[INFO] - FOM = 0.14586
[INFO] - feature_size = 47.4
[INFO] - Iter: 136
[INFO] - [1.56458397e-06 1.43054781e-01 6.78322089e-01 5.76500297e-01
 1.97206792e-05]
[INFO] - maxT = 0.33361
[INFO] - lambda_maxT = 1330.1
[INFO] - FWHM_fit = 37.0
[INFO] - FOM = 0.14309
[INFO] - feature_size = 47.4
[INFO] - Iter: 137
[INFO] - [1.56126354e-06 1.43133021e-01 6.81172116e-01 5.76246757e-01
 1.96881382e-05]
[INFO] - maxT = 0.33188
[INFO] - lambda_maxT = 1330.1
[INFO] - FWHM_fit = 37.4
[INFO] - FOM = 0.14727
[INFO] - feature_size = 47.3
[INFO] - Iter: 138
[INFO] - [1.56491561e-06 1.42102600e-01 6.75914857e-01 5.79076903e-01
 1.98658849e-05]
[INFO] - maxT = 0.33474
[INFO] - lambda_maxT = 1330.1
[INFO] - FWHM_fit = 36.4
[INFO] - FOM = 0.14431
[INFO] - feature_size = 46.8
[INFO] - Iter: 139
[INFO] - [1.56129217e-06 1.43523584e-01 6.82026897e-01 5.75191983e-01
 1.96296087e-05]
[INFO] - maxT = 0.32881
[INFO] - lambda_maxT = 1330.1
[INFO] - FWHM_fit = 37.8
[INFO] - FOM = 0.14696
[INFO] - feature_size = 47.6
[INFO] - Iter: 140
[INFO] - [1.56539666e-06 1.42777383e-01 6.77337908e-01 5.77009831e-01
 1.97315123e-05]
[INFO] - maxT = 0.33167
[INFO] - lambda_maxT = 1330.1
[INFO] - FWHM_fit = 37.1
[INFO] - FOM = 0.14304
[INFO] - feature_size = 47.3
[INFO] - Iter: 141
[INFO] - [1.56127405e-06 1.43172982e-01 6.81131745e-01 5.76242587e-01
 1.96970911e-05]
[INFO] - maxT = 0.33152
[INFO] - lambda_maxT = 1328.7
[INFO] - FWHM_fit = 37.3
[INFO] - FOM = 0.14722
[INFO] - feature_size = 47.4
[INFO] - Iter: 142
[INFO] - [1.56449680e-06 1.42370455e-01 6.76889449e-01 5.78317929e-01
 1.98186863e-05]
[INFO] - maxT = 0.33813
[INFO] - lambda_maxT = 1330.1
[INFO] - FWHM_fit = 36.3
[INFO] - FOM = 0.14484
[INFO] - feature_size = 47.0
[INFO] - Iter: 143
[INFO] - [1.56185298e-06 1.43321786e-01 6.81127843e-01 5.75739024e-01
 1.96626972e-05]
[INFO] - maxT = 0.33224
[INFO] - lambda_maxT = 1330.1
[INFO] - FWHM_fit = 37.6
[INFO] - FOM = 0.14751
[INFO] - feature_size = 47.5
[INFO] - Iter: 144
[INFO] - [1.56624773e-06 1.42827150e-01 6.76393413e-01 5.77920109e-01
 1.97442057e-05]
[INFO] - maxT = 0.32960
[INFO] - lambda_maxT = 1330.1
[INFO] - FWHM_fit = 37.6
[INFO] - FOM = 0.14586
[INFO] - feature_size = 47.2
[INFO] - Iter: 145
[INFO] - [1.56125978e-06 1.43085017e-01 6.81121424e-01 5.76032780e-01
 1.97013530e-05]
[INFO] - maxT = 0.33061
[INFO] - lambda_maxT = 1328.7
[INFO] - FWHM_fit = 37.3
[INFO] - FOM = 0.14738
[INFO] - feature_size = 47.4
[INFO] - Iter: 146
[INFO] - [1.56518442e-06 1.42814644e-01 6.77325356e-01 5.77220198e-01
 1.97536163e-05]
[INFO] - maxT = 0.33179
[INFO] - lambda_maxT = 1330.1
[INFO] - FWHM_fit = 37.1
[INFO] - FOM = 0.14320
[INFO] - feature_size = 47.3
[INFO] - Iter: 147
[INFO] - [1.56194969e-06 1.43077305e-01 6.80498933e-01 5.76417109e-01
 1.96995969e-05]
[INFO] - maxT = 0.33297
[INFO] - lambda_maxT = 1328.7
[INFO] - FWHM_fit = 37.2
[INFO] - FOM = 0.14699
[INFO] - feature_size = 47.3
[INFO] - Iter: 148
[INFO] - [1.56509185e-06 1.42863364e-01 6.73614941e-01 5.79276446e-01
 1.97267083e-05]
[INFO] - maxT = 0.32759
[INFO] - lambda_maxT = 1328.7
[INFO] - FWHM_fit = 36.7
[INFO] - FOM = 0.14487
[INFO] - feature_size = 47.0
[INFO] - Iter: 149
[INFO] - [1.56214978e-06 1.43043988e-01 6.81877426e-01 5.75605390e-01
 1.97134455e-05]
[INFO] - maxT = 0.33411
[INFO] - lambda_maxT = 1330.1
[INFO] - FWHM_fit = 37.5
[INFO] - FOM = 0.14632
[INFO] - feature_size = 47.4
[INFO] - Iter: 150
[INFO] - [1.56304930e-06 1.42909429e-01 6.78743658e-01 5.76991487e-01
 1.97276049e-05]
[INFO] - maxT = 0.33372
[INFO] - lambda_maxT = 1330.1
[INFO] - FWHM_fit = 37.3
[INFO] - FOM = 0.14552
[INFO] - feature_size = 47.2
[INFO] - Iter: 151
[INFO] - [1.56306072e-06 1.42979800e-01 6.78751914e-01 5.77159333e-01
 1.97241955e-05]
[INFO] - maxT = 0.33376
[INFO] - lambda_maxT = 1328.7
[INFO] - FWHM_fit = 37.1
[INFO] - FOM = 0.14530
[INFO] - feature_size = 47.2
[INFO] - Iter: 152
[INFO] - [1.56360123e-06 1.42903259e-01 6.78245665e-01 5.77298951e-01
 1.97262001e-05]
[INFO] - maxT = 0.33490
[INFO] - lambda_maxT = 1330.1
[INFO] - FWHM_fit = 37.0
[INFO] - FOM = 0.14420
[INFO] - feature_size = 47.2
[INFO] - Iter: 153
[INFO] - [1.56352386e-06 1.43098844e-01 6.78748793e-01 5.76756482e-01
 1.96966804e-05]
[INFO] - maxT = 0.33364
[INFO] - lambda_maxT = 1330.1
[INFO] - FWHM_fit = 37.2
[INFO] - FOM = 0.14488
[INFO] - feature_size = 47.3
[INFO] - Iter: 154
[INFO] - [1.56326204e-06 1.42907257e-01 6.80750578e-01 5.76026608e-01
 1.97350283e-05]
[INFO] - maxT = 0.33533
[INFO] - lambda_maxT = 1330.1
[INFO] - FWHM_fit = 37.2
[INFO] - FOM = 0.14496
[INFO] - feature_size = 47.4
[INFO] - Iter: 155
[INFO] - [1.56564009e-06 1.42737703e-01 6.76245350e-01 5.77805140e-01
 1.97602487e-05]
[INFO] - maxT = 0.32980
[INFO] - lambda_maxT = 1330.1
[INFO] - FWHM_fit = 37.2
[INFO] - FOM = 0.14402
[INFO] - feature_size = 47.2
[INFO] - Iter: 156
[INFO] - [1.56395803e-06 1.42874287e-01 6.77895610e-01 5.77387534e-01
 1.97321586e-05]
[INFO] - maxT = 0.33515
[INFO] - lambda_maxT = 1330.1
[INFO] - FWHM_fit = 36.8
[INFO] - FOM = 0.14294
[INFO] - feature_size = 47.2
[INFO] - Iter: 157
[INFO] - [1.56449005e-06 1.42825255e-01 6.76848050e-01 5.77892730e-01
 1.97458790e-05]
[INFO] - maxT = 0.33498
[INFO] - lambda_maxT = 1330.1
[INFO] - FWHM_fit = 36.5
[INFO] - FOM = 0.14349
[INFO] - feature_size = 47.2
[INFO] - Iter: 158
[INFO] - [1.56448092e-06 1.42768958e-01 6.76841445e-01 5.77758453e-01
 1.97486065e-05]
[INFO] - maxT = 0.33547
[INFO] - lambda_maxT = 1330.1
[INFO] - FWHM_fit = 36.6
[INFO] - FOM = 0.14451
[INFO] - feature_size = 47.2
[INFO] - Iter: 159
[INFO] - [1.56465111e-06 1.42767220e-01 6.78446981e-01 5.76986550e-01
 1.97545452e-05]
[INFO] - maxT = 0.33643
[INFO] - lambda_maxT = 1330.1
[INFO] - FWHM_fit = 36.6
[INFO] - FOM = 0.14352
[INFO] - feature_size = 47.2
[INFO] - Iter: 160
[INFO] - [1.56486057e-06 1.42920490e-01 6.76845553e-01 5.77570449e-01
 1.97238669e-05]
[INFO] - maxT = 0.33453
[INFO] - lambda_maxT = 1330.1
[INFO] - FWHM_fit = 37.0
[INFO] - FOM = 0.14443
[INFO] - feature_size = 47.2
[INFO] - Iter: 161
[INFO] - [1.56492246e-06 1.42764022e-01 6.76443051e-01 5.78004424e-01
 1.97474827e-05]
[INFO] - maxT = 0.33382
[INFO] - lambda_maxT = 1330.1
[INFO] - FWHM_fit = 36.9
[INFO] - FOM = 0.14413
[INFO] - feature_size = 47.1
[INFO] - Iter: 162
[INFO] - [1.56715893e-06 1.42545851e-01 6.74275799e-01 5.78565747e-01
 1.97769667e-05]
[INFO] - maxT = 0.32990
[INFO] - lambda_maxT = 1330.1
[INFO] - FWHM_fit = 37.3
[INFO] - FOM = 0.14719
[INFO] - feature_size = 47.1
[INFO] - Iter: 163
[INFO] - [1.56800100e-06 1.42515339e-01 6.71008395e-01 5.80103606e-01
 1.97772691e-05]
[INFO] - maxT = 0.33900
[INFO] - lambda_maxT = 1328.7
[INFO] - FWHM_fit = 35.9
[INFO] - FOM = 0.14871
[INFO] - feature_size = 46.9
[INFO] - Iter: 164
[INFO] - [1.56896106e-06 1.42419063e-01 6.70838464e-01 5.79925405e-01
 1.97962462e-05]
[INFO] - maxT = 0.33957
[INFO] - lambda_maxT = 1330.1
[INFO] - FWHM_fit = 36.2
[INFO] - FOM = 0.14680
[INFO] - feature_size = 46.9
[INFO] - Iter: 165
[INFO] - [1.57066315e-06 1.42062024e-01 6.68033125e-01 5.81301362e-01
 1.98488137e-05]
[INFO] - maxT = 0.34080
[INFO] - lambda_maxT = 1328.7
[INFO] - FWHM_fit = 35.9
[INFO] - FOM = 0.14825
[INFO] - feature_size = 46.7
[INFO] - Iter: 166
[INFO] - [1.57351569e-06 1.41930783e-01 6.64513905e-01 5.82530522e-01
 1.98641569e-05]
[INFO] - maxT = 0.34236
[INFO] - lambda_maxT = 1328.7
[INFO] - FWHM_fit = 35.7
[INFO] - FOM = 0.14895
[INFO] - feature_size = 46.6
[INFO] - Iter: 167
[INFO] - [1.57532264e-06 1.41763148e-01 6.62048397e-01 5.83484936e-01
 1.98872670e-05]
[INFO] - maxT = 0.34419
[INFO] - lambda_maxT = 1328.7
[INFO] - FWHM_fit = 35.4
[INFO] - FOM = 0.14812
[INFO] - feature_size = 46.5
[INFO] - Iter: 168
[INFO] - [1.57085740e-06 1.42085366e-01 6.67987063e-01 5.81405617e-01
 1.98436815e-05]
[INFO] - maxT = 0.34325
[INFO] - lambda_maxT = 1328.7
[INFO] - FWHM_fit = 35.9
[INFO] - FOM = 0.14836
[INFO] - feature_size = 46.7
[INFO] - Iter: 169
[INFO] - [1.57413892e-06 1.41774384e-01 6.62034234e-01 5.83901223e-01
 1.98896469e-05]
[INFO] - maxT = 0.34226
[INFO] - lambda_maxT = 1328.7
[INFO] - FWHM_fit = 35.3
[INFO] - FOM = 0.14769
[INFO] - feature_size = 46.4
[INFO] - Iter: 170
[INFO] - [1.57291742e-06 1.41909391e-01 6.64176508e-01 5.82967515e-01
 1.98699279e-05]
[INFO] - maxT = 0.34109
[INFO] - lambda_maxT = 1328.7
[INFO] - FWHM_fit = 35.6
[INFO] - FOM = 0.14812
[INFO] - feature_size = 46.5
[INFO] - Iter: 171
[INFO] - [1.56838043e-06 1.42410844e-01 6.72133525e-01 5.79499455e-01
 1.97966858e-05]
[INFO] - maxT = 0.34104
[INFO] - lambda_maxT = 1330.1
[INFO] - FWHM_fit = 36.1
[INFO] - FOM = 0.14846
[INFO] - feature_size = 47.0
[INFO] - Iter: 172
[INFO] - [1.57212345e-06 1.41997145e-01 6.65568986e-01 5.82360604e-01
 1.98571105e-05]
[INFO] - maxT = 0.33888
[INFO] - lambda_maxT = 1328.7
[INFO] - FWHM_fit = 35.9
[INFO] - FOM = 0.14653
[INFO] - feature_size = 46.6
[INFO] - Iter: 173
[INFO] - [1.57086905e-06 1.42151817e-01 6.68288855e-01 5.81167158e-01
 1.98389217e-05]
[INFO] - maxT = 0.34294
[INFO] - lambda_maxT = 1328.7
[INFO] - FWHM_fit = 36.0
[INFO] - FOM = 0.14835
[INFO] - feature_size = 46.8
[INFO] - Iter: 174
[INFO] - [1.56910393e-06 1.42398428e-01 6.69709497e-01 5.80588990e-01
 1.97946466e-05]
[INFO] - maxT = 0.33843
[INFO] - lambda_maxT = 1328.7
[INFO] - FWHM_fit = 36.3
[INFO] - FOM = 0.14763
[INFO] - feature_size = 46.9
[INFO] - Iter: 175
[INFO] - [1.57138906e-06 1.42054449e-01 6.67292432e-01 5.81630598e-01
 1.98477766e-05]
[INFO] - maxT = 0.34363
[INFO] - lambda_maxT = 1328.7
[INFO] - FWHM_fit = 35.8
[INFO] - FOM = 0.14850
[INFO] - feature_size = 46.7
[INFO] - Iter: 176
[INFO] - [1.57123366e-06 1.42035776e-01 6.67329281e-01 5.81547194e-01
 1.98518823e-05]
[INFO] - maxT = 0.34033
[INFO] - lambda_maxT = 1328.7
[INFO] - FWHM_fit = 35.9
[INFO] - FOM = 0.14812
[INFO] - feature_size = 46.7
[INFO] - Iter: 177
[INFO] - [1.57303708e-06 1.41913669e-01 6.64243987e-01 5.82880116e-01
 1.98687737e-05]
[INFO] - maxT = 0.34276
[INFO] - lambda_maxT = 1328.7
[INFO] - FWHM_fit = 35.5
[INFO] - FOM = 0.14865
[INFO] - feature_size = 46.6
[INFO] - Iter: 178
[INFO] - [1.57491388e-06 1.41636170e-01 6.62957887e-01 5.83313246e-01
 1.99139578e-05]
[INFO] - maxT = 0.34463
[INFO] - lambda_maxT = 1328.7
[INFO] - FWHM_fit = 35.5
[INFO] - FOM = 0.14812
[INFO] - feature_size = 46.5
[INFO] - Iter: 179
[INFO] - [1.57425624e-06 1.41838979e-01 6.63589546e-01 5.83061462e-01
 1.98815523e-05]
[INFO] - maxT = 0.34472
[INFO] - lambda_maxT = 1328.7
[INFO] - FWHM_fit = 35.6
[INFO] - FOM = 0.14846
[INFO] - feature_size = 46.5
[INFO] - Iter: 180
[INFO] - [1.57031297e-06 1.42319709e-01 6.68213603e-01 5.81194697e-01
 1.98065146e-05]
[INFO] - maxT = 0.33907
[INFO] - lambda_maxT = 1328.7
[INFO] - FWHM_fit = 36.3
[INFO] - FOM = 0.14869
[INFO] - feature_size = 46.8
[INFO] - Iter: 181
[INFO] - [1.57413537e-06 1.41871219e-01 6.62852534e-01 5.83351800e-01
 1.98685880e-05]
[INFO] - maxT = 0.34300
[INFO] - lambda_maxT = 1328.7
[INFO] - FWHM_fit = 35.5
[INFO] - FOM = 0.14889
[INFO] - feature_size = 46.5
[INFO] - Iter: 182
[INFO] - [1.57069982e-06 1.42196952e-01 6.67257039e-01 5.81573631e-01
 1.98207716e-05]
[INFO] - maxT = 0.33802
[INFO] - lambda_maxT = 1328.7
[INFO] - FWHM_fit = 36.0
[INFO] - FOM = 0.14770
[INFO] - feature_size = 46.7
[INFO] - Iter: 183
[INFO] - [1.57363387e-06 1.41901625e-01 6.64231357e-01 5.82801092e-01
 1.98709157e-05]
[INFO] - maxT = 0.34321
[INFO] - lambda_maxT = 1328.7
[INFO] - FWHM_fit = 35.6
[INFO] - FOM = 0.14851
[INFO] - feature_size = 46.6
[INFO] - Iter: 184
[INFO] - [1.57446493e-06 1.41920352e-01 6.62329723e-01 5.83472692e-01
 1.98638030e-05]
[INFO] - maxT = 0.34197
[INFO] - lambda_maxT = 1328.7
[INFO] - FWHM_fit = 35.6
[INFO] - FOM = 0.14886
[INFO] - feature_size = 46.5
[INFO] - Iter: 185
[INFO] - [1.57255254e-06 1.42080668e-01 6.64630144e-01 5.82570839e-01
 1.98378187e-05]
[INFO] - maxT = 0.33897
[INFO] - lambda_maxT = 1328.7
[INFO] - FWHM_fit = 35.9
[INFO] - FOM = 0.14788
[INFO] - feature_size = 46.6
[INFO] - Iter: 186
[INFO] - [1.57344464e-06 1.41932957e-01 6.64301145e-01 5.82760797e-01
 1.98651237e-05]
[INFO] - maxT = 0.34274
[INFO] - lambda_maxT = 1328.7
[INFO] - FWHM_fit = 35.6
[INFO] - FOM = 0.14843
[INFO] - feature_size = 46.6
[INFO] - Iter: 187
[INFO] - [1.57401143e-06 1.41883132e-01 6.63184808e-01 5.83187544e-01
 1.98677017e-05]
[INFO] - maxT = 0.34241
[INFO] - lambda_maxT = 1328.7
[INFO] - FWHM_fit = 35.5
[INFO] - FOM = 0.14801
[INFO] - feature_size = 46.5
[INFO] - Iter: 188
[INFO] - [1.57427508e-06 1.41922439e-01 6.62766559e-01 5.83284258e-01
 1.98638737e-05]
[INFO] - maxT = 0.34254
[INFO] - lambda_maxT = 1328.7
[INFO] - FWHM_fit = 35.5
[INFO] - FOM = 0.14882
[INFO] - feature_size = 46.6
[INFO] - Iter: 189
[INFO] - [1.57095351e-06 1.42241924e-01 6.67473663e-01 5.81461862e-01
 1.98180431e-05]
[INFO] - maxT = 0.34104
[INFO] - lambda_maxT = 1328.7
[INFO] - FWHM_fit = 36.0
[INFO] - FOM = 0.14767
[INFO] - feature_size = 46.8
[INFO] - Iter: 190
[INFO] - [1.57313280e-06 1.41917092e-01 6.64297971e-01 5.82810197e-01
 1.98678503e-05]
[INFO] - maxT = 0.34190
[INFO] - lambda_maxT = 1328.7
[INFO] - FWHM_fit = 35.5
[INFO] - FOM = 0.14834
[INFO] - feature_size = 46.6
[INFO] - Iter: 191
[INFO] - [1.57361023e-06 1.41907456e-01 6.64287867e-01 5.82746978e-01
 1.98695639e-05]
[INFO] - maxT = 0.34357
[INFO] - lambda_maxT = 1328.7
[INFO] - FWHM_fit = 35.5
[INFO] - FOM = 0.14828
[INFO] - feature_size = 46.6
[INFO] - Iter: 192
[INFO] - [1.57646458e-06 1.41582437e-01 6.60146780e-01 5.84361938e-01
 1.99152156e-05]
[INFO] - maxT = 0.34609
[INFO] - lambda_maxT = 1328.7
[INFO] - FWHM_fit = 34.6
[INFO] - FOM = 0.14620
[INFO] - feature_size = 46.4
[INFO] - Iter: 193
[INFO] - [1.57191795e-06 1.42126513e-01 6.66191459e-01 5.81969375e-01
 1.98350483e-05]
[INFO] - maxT = 0.34103
[INFO] - lambda_maxT = 1328.7
[INFO] - FWHM_fit = 35.8
[INFO] - FOM = 0.14831
[INFO] - feature_size = 46.7
[INFO] - Iter: 194
[INFO] - [1.57256927e-06 1.42038582e-01 6.65638296e-01 5.82148988e-01
 1.98524955e-05]
[INFO] - maxT = 0.33993
[INFO] - lambda_maxT = 1328.7
[INFO] - FWHM_fit = 35.8
[INFO] - FOM = 0.14721
[INFO] - feature_size = 46.7
[INFO] - Iter: 195
[INFO] - [1.57375905e-06 1.41910335e-01 6.63614168e-01 5.83005797e-01
 1.98650407e-05]
[INFO] - maxT = 0.34233
[INFO] - lambda_maxT = 1328.7
[INFO] - FWHM_fit = 35.5
[INFO] - FOM = 0.14755
[INFO] - feature_size = 46.6
[INFO] - Iter: 196
[INFO] - [1.57412320e-06 1.41924107e-01 6.63116028e-01 5.83133511e-01
 1.98639304e-05]
[INFO] - maxT = 0.34318
[INFO] - lambda_maxT = 1328.7
[INFO] - FWHM_fit = 35.5
[INFO] - FOM = 0.14735
[INFO] - feature_size = 46.6
[INFO] - Iter: 197
[INFO] - [1.57320938e-06 1.41919830e-01 6.64341158e-01 5.82754262e-01
 1.98671116e-05]
[INFO] - maxT = 0.34130
[INFO] - lambda_maxT = 1328.7
[INFO] - FWHM_fit = 35.7
[INFO] - FOM = 0.14807
[INFO] - feature_size = 46.6
[INFO] - Iter: 198
[INFO] - [1.57223750e-06 1.42087367e-01 6.65855948e-01 5.82081605e-01
 1.98408700e-05]
[INFO] - maxT = 0.34098
[INFO] - lambda_maxT = 1328.7
[INFO] - FWHM_fit = 35.9
[INFO] - FOM = 0.14795
[INFO] - feature_size = 46.7
[INFO] - Iter: 199
[INFO] - [1.57359132e-06 1.41912122e-01 6.64333074e-01 5.82703687e-01
 1.98684825e-05]
[INFO] - maxT = 0.34352
[INFO] - lambda_maxT = 1328.7
[INFO] - FWHM_fit = 35.6
[INFO] - FOM = 0.14844
[INFO] - feature_size = 46.6
[INFO] - Iter: 200
[INFO] - [1.57391228e-06 1.41892662e-01 6.63450627e-01 5.83056140e-01
 1.98669928e-05]
[INFO] - maxT = 0.34209
[INFO] - lambda_maxT = 1328.7
[INFO] - FWHM_fit = 35.6
[INFO] - FOM = 0.14793
[INFO] - feature_size = 46.6
[INFO] - Iter: 201
[INFO] - [1.57246327e-06 1.41972998e-01 6.65881857e-01 5.82116975e-01
 1.98591152e-05]
[INFO] - maxT = 0.34252
[INFO] - lambda_maxT = 1328.7
[INFO] - FWHM_fit = 35.9
[INFO] - FOM = 0.14875
[INFO] - feature_size = 46.6
[INFO] - Iter: 202
[INFO] - [1.57209458e-06 1.42036578e-01 6.66519749e-01 5.81818680e-01
 1.98529017e-05]
[INFO] - maxT = 0.34243
[INFO] - lambda_maxT = 1328.7
[INFO] - FWHM_fit = 35.9
[INFO] - FOM = 0.14936
[INFO] - feature_size = 46.7
[INFO] - Iter: 203
[INFO] - [1.57173104e-06 1.42065361e-01 6.67133574e-01 5.81571189e-01
 1.98500835e-05]
[INFO] - maxT = 0.34235
[INFO] - lambda_maxT = 1328.7
[INFO] - FWHM_fit = 35.7
[INFO] - FOM = 0.14828
[INFO] - feature_size = 46.7
[INFO] - Iter: 204
[INFO] - [1.57371220e-06 1.41821557e-01 6.64379949e-01 5.82688046e-01
 1.98838372e-05]
[INFO] - maxT = 0.34549
[INFO] - lambda_maxT = 1328.7
[INFO] - FWHM_fit = 35.5
[INFO] - FOM = 0.14848
[INFO] - feature_size = 46.6
[INFO] - Iter: 205
[INFO] - [1.57294144e-06 1.41949785e-01 6.65910256e-01 5.81988902e-01
 1.98642857e-05]
[INFO] - maxT = 0.34168
[INFO] - lambda_maxT = 1328.7
[INFO] - FWHM_fit = 36.0
[INFO] - FOM = 0.14718
[INFO] - feature_size = 46.7
[INFO] - Iter: 206
[INFO] - [1.57316249e-06 1.41925072e-01 6.64615750e-01 5.82620324e-01
 1.98666171e-05]
[INFO] - maxT = 0.34319
[INFO] - lambda_maxT = 1328.7
[INFO] - FWHM_fit = 35.6
[INFO] - FOM = 0.14824
[INFO] - feature_size = 46.6
[INFO] - Iter: 207
[INFO] - [1.57298833e-06 1.41944543e-01 6.65635664e-01 5.82122840e-01
 1.98647803e-05]
[INFO] - maxT = 0.34259
[INFO] - lambda_maxT = 1328.7
[INFO] - FWHM_fit = 35.9
[INFO] - FOM = 0.14848
[INFO] - feature_size = 46.7
[INFO] - Iter: 208
[INFO] - [1.57231830e-06 1.41970462e-01 6.66439376e-01 5.81807139e-01
 1.98614339e-05]
[INFO] - maxT = 0.34256
[INFO] - lambda_maxT = 1328.7
[INFO] - FWHM_fit = 35.8
[INFO] - FOM = 0.14817
[INFO] - feature_size = 46.7
[INFO] - Iter: 209
[INFO] - [1.57336854e-06 1.41922331e-01 6.64701677e-01 5.82546791e-01
 1.98672490e-05]
[INFO] - maxT = 0.34472
[INFO] - lambda_maxT = 1328.7
[INFO] - FWHM_fit = 35.5
[INFO] - FOM = 0.14765
[INFO] - feature_size = 46.6
[INFO] - Iter: 210
[INFO] - [1.57323147e-06 1.41951942e-01 6.64915074e-01 5.82388154e-01
 1.98619058e-05]
[INFO] - maxT = 0.34239
[INFO] - lambda_maxT = 1328.7
[INFO] - FWHM_fit = 35.8
[INFO] - FOM = 0.14851
[INFO] - feature_size = 46.6
[INFO] - Iter: 211
[INFO] - [1.57238953e-06 1.41985714e-01 6.66009435e-01 5.82057316e-01
 1.98578725e-05]
[INFO] - maxT = 0.34151
[INFO] - lambda_maxT = 1328.7
[INFO] - FWHM_fit = 35.9
[INFO] - FOM = 0.14855
[INFO] - feature_size = 46.7
[INFO] - Iter: 212
[INFO] - [1.57280958e-06 1.41962950e-01 6.65812481e-01 5.82062008e-01
 1.98624046e-05]
[INFO] - maxT = 0.34055
[INFO] - lambda_maxT = 1328.7
[INFO] - FWHM_fit = 35.9
[INFO] - FOM = 0.14757
[INFO] - feature_size = 46.7
[INFO] - Iter: 213
[INFO] - [1.57338867e-06 1.41864561e-01 6.64807909e-01 5.82514173e-01
 1.98776501e-05]
[INFO] - maxT = 0.34275
[INFO] - lambda_maxT = 1328.7
[INFO] - FWHM_fit = 35.5
[INFO] - FOM = 0.14788
[INFO] - feature_size = 46.6
[INFO] - Iter: 214
[INFO] - [1.57329197e-06 1.41937013e-01 6.64770409e-01 5.82526685e-01
 1.98653664e-05]
[INFO] - maxT = 0.34315
[INFO] - lambda_maxT = 1328.7
[INFO] - FWHM_fit = 35.6
[INFO] - FOM = 0.14840
[INFO] - feature_size = 46.6
[INFO] - Iter: 215
[INFO] - [1.57294891e-06 1.41947373e-01 6.64996550e-01 5.82459995e-01
 1.98638740e-05]
[INFO] - maxT = 0.34301
[INFO] - lambda_maxT = 1328.7
[INFO] - FWHM_fit = 35.7
[INFO] - FOM = 0.14840
[INFO] - feature_size = 46.6
[INFO] - Final Parameter: 
[INFO] - [1.57209458e-06 1.42036578e-01 6.66519749e-01 5.81818680e-01
 1.98529017e-05]
[INFO] - Simulate using the optimized paras
[INFO] - Iter: 0
[INFO] - [1.57209458e-06 1.42036578e-01 6.66519749e-01 5.81818680e-01
 1.98529017e-05]
[INFO] - maxT = 0.34243
[INFO] - lambda_maxT = 1328.7
[INFO] - FWHM_fit = 35.9
[INFO] - FOM = 0.14936
[INFO] - feature_size = 46.7
[INFO] - Work done: c:\Users\QDG-WS3\Desktop\QDG_Tim\230823_lumapi_try\8a24\8a24_1326.0_bw=40.0
