[INFO] - Start loading work: c:\Users\QDG-WS3\Desktop\QDG_Tim\230823_lumapi_try\4cb4\4cb4_1326.0_bw=60.0
[INFO] - lambda_0 = 1326.0 nm
[INFO] - FWHM = 60.0 nm
[INFO] - FOM_typ = square
[INFO] - N = 10
[INFO] - NH = 2
[INFO] - NL = 2
[INFO] - SOURCE_typ = gaussian_released
[INFO] - alpha = 0.0
[INFO] - maxiter = 90
[INFO] - penalty = [[0.03, 1e-08], [0.03, 1e-07]]
[INFO] - logger = <Logger c:\Users\QDG-WS3\Desktop\QDG_Tim\230823_lumapi_try\4cb4\4cb4.log (INFO)>
[INFO] - Iter: 0
[INFO] - [1.2e-06 2.1e-01 7.4e-01 5.0e-01 1.5e-05]
[INFO] - maxT = 0.27424
[INFO] - lambda_maxT = 1263.3
[INFO] - FWHM_fit = 71.5
[INFO] - FOM = 0.03840
[INFO] - feature_size = 63.0
[INFO] - Iter: 1
[INFO] - [1.26e-06 2.10e-01 7.40e-01 5.00e-01 1.50e-05]
[INFO] - maxT = 0.26554
[INFO] - lambda_maxT = 1297.8
[INFO] - FWHM_fit = 66.8
[INFO] - FOM = 0.10356
[INFO] - feature_size = 66.2
[INFO] - Iter: 2
[INFO] - [1.200e-06 2.205e-01 7.400e-01 5.000e-01 1.500e-05]
[INFO] - maxT = 0.27508
[INFO] - lambda_maxT = 1264.6
[INFO] - FWHM_fit = 71.4
[INFO] - FOM = 0.03979
[INFO] - feature_size = 66.2
[INFO] - Iter: 3
[INFO] - [1.20e-06 2.10e-01 7.77e-01 5.00e-01 1.50e-05]
[INFO] - maxT = 0.27581
[INFO] - lambda_maxT = 1282.3
[INFO] - FWHM_fit = 66.3
[INFO] - FOM = 0.06797
[INFO] - feature_size = 63.0
[INFO] - Iter: 4
[INFO] - [1.20e-06 2.10e-01 7.40e-01 5.25e-01 1.50e-05]
[INFO] - maxT = 0.25652
[INFO] - lambda_maxT = 1278.4
[INFO] - FWHM_fit = 66.4
[INFO] - FOM = 0.05618
[INFO] - feature_size = 59.8
[INFO] - Iter: 5
[INFO] - [1.200e-06 2.100e-01 7.400e-01 5.000e-01 1.575e-05]
[INFO] - maxT = 0.27173
[INFO] - lambda_maxT = 1260.9
[INFO] - FWHM_fit = 69.4
[INFO] - FOM = 0.03203
[INFO] - feature_size = 63.0
[INFO] - Iter: 6
[INFO] - [1.224e-06 2.142e-01 7.548e-01 5.100e-01 1.425e-05]
[INFO] - maxT = 0.26696
[INFO] - lambda_maxT = 1292.6
[INFO] - FWHM_fit = 67.0
[INFO] - FOM = 0.09337
[INFO] - feature_size = 64.2
[INFO] - Iter: 7
[INFO] - [1.2336e-06 2.1588e-01 7.6072e-01 5.1400e-01 1.4700e-05]
[INFO] - maxT = 0.27080
[INFO] - lambda_maxT = 1301.7
[INFO] - FWHM_fit = 62.2
[INFO] - FOM = 0.11010
[INFO] - feature_size = 64.7
[INFO] - Iter: 8
[INFO] - [1.24032e-06 2.17056e-01 7.64864e-01 5.16800e-01 1.46400e-05]
[INFO] - maxT = 0.26369
[INFO] - lambda_maxT = 1309.7
[INFO] - FWHM_fit = 60.7
[INFO] - FOM = 0.11914
[INFO] - feature_size = 65.0
[INFO] - Iter: 9
[INFO] - [1.249728e-06 2.040024e-01 7.706656e-01 5.207200e-01 1.455600e-05]
[INFO] - maxT = 0.25453
[INFO] - lambda_maxT = 1317.8
[INFO] - FWHM_fit = 58.8
[INFO] - FOM = 0.12243
[INFO] - feature_size = 61.1
[INFO] - Iter: 10
[INFO] - [1.2596736e-06 2.0070288e-01 7.7679872e-01 5.2486400e-01 1.4467200e-05]
[INFO] - maxT = 0.23571
[INFO] - lambda_maxT = 1328.7
[INFO] - FWHM_fit = 57.4
[INFO] - FOM = 0.11545
[INFO] - feature_size = 60.1
[INFO] - Iter: 11
[INFO] - [1.27359744e-06 2.10783552e-01 7.85385088e-01 4.95665600e-01
 1.43428800e-05]
[INFO] - maxT = 0.24900
[INFO] - lambda_maxT = 1323.2
[INFO] - FWHM_fit = 61.8
[INFO] - FOM = 0.12581
[INFO] - feature_size = 67.7
[INFO] - Iter: 12
[INFO] - [1.28831693e-06 2.10940262e-01 7.94462106e-01 4.89798720e-01
 1.42114560e-05]
[INFO] - maxT = 0.22950
[INFO] - lambda_maxT = 1331.4
[INFO] - FWHM_fit = 62.3
[INFO] - FOM = 0.11584
[INFO] - feature_size = 64.8
[INFO] - Iter: 13
[INFO] - [1.30303642e-06 2.11096973e-01 7.51739123e-01 5.18931840e-01
 1.40800320e-05]
[INFO] - maxT = 0.18988
[INFO] - lambda_maxT = 1335.6
[INFO] - FWHM_fit = 64.4
[INFO] - FOM = 0.09541
[INFO] - feature_size = 66.2
[INFO] - Iter: 14
[INFO] - [1.31065098e-06 2.05655762e-01 7.72714772e-01 5.12504576e-01
 1.47620448e-05]
[INFO] - maxT = 0.19779
[INFO] - lambda_maxT = 1342.6
[INFO] - FWHM_fit = 58.9
[INFO] - FOM = 0.08968
[INFO] - feature_size = 65.7
[INFO] - Iter: 15
[INFO] - [1.29548706e-06 2.07151004e-01 7.69579687e-01 5.12066275e-01
 1.46724370e-05]
[INFO] - maxT = 0.21615
[INFO] - lambda_maxT = 1334.2
[INFO] - FWHM_fit = 59.4
[INFO] - FOM = 0.10528
[INFO] - feature_size = 65.5
[INFO] - Iter: 16
[INFO] - [1.28884581e-06 2.08716163e-01 7.99346647e-01 5.27331086e-01
 1.38810196e-05]
[INFO] - maxT = 0.18543
[INFO] - lambda_maxT = 1353.9
[INFO] - FWHM_fit = 55.0
[INFO] - FOM = 0.06909
[INFO] - feature_size = 63.6
[INFO] - Iter: 17
[INFO] - [1.26504802e-06 2.09775329e-01 7.50385663e-01 5.04782940e-01
 1.48041784e-05]
[INFO] - maxT = 0.26208
[INFO] - lambda_maxT = 1308.4
[INFO] - FWHM_fit = 64.0
[INFO] - FOM = 0.11876
[INFO] - feature_size = 65.7
[INFO] - Iter: 18
[INFO] - [1.23061403e-06 2.07090533e-01 7.87066140e-01 5.02739686e-01
 1.50906462e-05]
[INFO] - maxT = 0.27951
[INFO] - lambda_maxT = 1305.7
[INFO] - FWHM_fit = 59.7
[INFO] - FOM = 0.11596
[INFO] - feature_size = 63.4
[INFO] - Iter: 19
[INFO] - [1.21221417e-06 2.11012314e-01 7.76220157e-01 5.05874615e-01
 1.46655249e-05]
[INFO] - maxT = 0.27782
[INFO] - lambda_maxT = 1293.9
[INFO] - FWHM_fit = 63.2
[INFO] - FOM = 0.09307
[INFO] - feature_size = 63.2
[INFO] - Iter: 20
[INFO] - [1.28091431e-06 2.07826733e-01 7.70741770e-01 5.10982735e-01
 1.46712273e-05]
[INFO] - maxT = 0.23425
[INFO] - lambda_maxT = 1328.7
[INFO] - FWHM_fit = 59.5
[INFO] - FOM = 0.11682
[INFO] - feature_size = 65.1
[INFO] - Iter: 21
[INFO] - [1.29720731e-06 2.11367265e-01 7.52203956e-01 5.18498424e-01
 1.40795482e-05]
[INFO] - maxT = 0.19666
[INFO] - lambda_maxT = 1332.8
[INFO] - FWHM_fit = 64.3
[INFO] - FOM = 0.10014
[INFO] - feature_size = 66.0
[INFO] - Iter: 22
[INFO] - [1.24226786e-06 2.07838961e-01 7.80965258e-01 5.05497465e-01
 1.49137040e-05]
[INFO] - maxT = 0.27524
[INFO] - lambda_maxT = 1309.7
[INFO] - FWHM_fit = 59.3
[INFO] - FOM = 0.12336
[INFO] - feature_size = 63.8
[INFO] - Iter: 23
[INFO] - [1.25366126e-06 2.07907922e-01 8.01116271e-01 5.16740980e-01
 1.44098261e-05]
[INFO] - maxT = 0.24522
[INFO] - lambda_maxT = 1332.8
[INFO] - FWHM_fit = 55.6
[INFO] - FOM = 0.11705
[INFO] - feature_size = 63.0
[INFO] - Iter: 24
[INFO] - [1.28372579e-06 1.96968019e-01 8.01138843e-01 5.04700312e-01
 1.44819350e-05]
[INFO] - maxT = 0.22816
[INFO] - lambda_maxT = 1338.4
[INFO] - FWHM_fit = 57.3
[INFO] - FOM = 0.10613
[INFO] - feature_size = 62.6
[INFO] - Iter: 25
[INFO] - [1.24791601e-06 2.13540603e-01 7.71212097e-01 5.14682555e-01
 1.46123386e-05]
[INFO] - maxT = 0.26179
[INFO] - lambda_maxT = 1315.1
[INFO] - FWHM_fit = 59.8
[INFO] - FOM = 0.12369
[INFO] - feature_size = 64.7
[INFO] - Iter: 26
[INFO] - [1.28403719e-06 2.08465715e-01 7.81136320e-01 5.19676882e-01
 1.40876848e-05]
[INFO] - maxT = 0.20759
[INFO] - lambda_maxT = 1339.8
[INFO] - FWHM_fit = 58.5
[INFO] - FOM = 0.09657
[INFO] - feature_size = 64.3
[INFO] - Iter: 27
[INFO] - [1.24957749e-06 2.07948643e-01 7.80995194e-01 5.07978863e-01
 1.47691506e-05]
[INFO] - maxT = 0.26659
[INFO] - lambda_maxT = 1315.1
[INFO] - FWHM_fit = 59.6
[INFO] - FOM = 0.12650
[INFO] - feature_size = 63.9
[INFO] - Iter: 28
[INFO] - [1.27101027e-06 2.08413043e-01 7.52936877e-01 5.04928521e-01
 1.47352925e-05]
[INFO] - maxT = 0.25481
[INFO] - lambda_maxT = 1312.4
[INFO] - FWHM_fit = 62.9
[INFO] - FOM = 0.12067
[INFO] - feature_size = 65.6
[INFO] - Iter: 29
[INFO] - [1.25669734e-06 2.07996318e-01 7.92684877e-01 5.14673800e-01
 1.44667827e-05]
[INFO] - maxT = 0.24742
[INFO] - lambda_maxT = 1328.7
[INFO] - FWHM_fit = 57.1
[INFO] - FOM = 0.12088
[INFO] - feature_size = 63.4
[INFO] - Iter: 30
[INFO] - [1.28026806e-06 2.00562647e-01 7.91430162e-01 5.06983444e-01
 1.44745577e-05]
[INFO] - maxT = 0.23186
[INFO] - lambda_maxT = 1335.6
[INFO] - FWHM_fit = 58.3
[INFO] - FOM = 0.11188
[INFO] - feature_size = 63.3
[INFO] - Iter: 31
[INFO] - [1.25357762e-06 2.11269461e-01 7.74750259e-01 5.13335210e-01
 1.45882270e-05]
[INFO] - maxT = 0.25644
[INFO] - lambda_maxT = 1317.8
[INFO] - FWHM_fit = 59.6
[INFO] - FOM = 0.12432
[INFO] - feature_size = 64.4
[INFO] - Iter: 32
[INFO] - [1.28020663e-06 2.07482935e-01 7.79149091e-01 5.15829675e-01
 1.42453762e-05]
[INFO] - maxT = 0.21877
[INFO] - lambda_maxT = 1335.6
[INFO] - FWHM_fit = 59.0
[INFO] - FOM = 0.10616
[INFO] - feature_size = 64.3
[INFO] - Iter: 33
[INFO] - [1.25493759e-06 2.07867144e-01 7.80672126e-01 5.09352755e-01
 1.46774901e-05]
[INFO] - maxT = 0.26102
[INFO] - lambda_maxT = 1319.1
[INFO] - FWHM_fit = 59.0
[INFO] - FOM = 0.12650
[INFO] - feature_size = 64.0
[INFO] - Iter: 34
[INFO] - [1.26821612e-06 2.17594403e-01 7.84894928e-01 4.92740040e-01
 1.46314429e-05]
[INFO] - maxT = 0.26011
[INFO] - lambda_maxT = 1319.1
[INFO] - FWHM_fit = 61.6
[INFO] - FOM = 0.12892
[INFO] - feature_size = 67.2
[INFO] - Iter: 35
[INFO] - [1.28016750e-06 2.09557799e-01 7.91001257e-01 4.96030761e-01
 1.45277023e-05]
[INFO] - maxT = 0.24259
[INFO] - lambda_maxT = 1330.1
[INFO] - FWHM_fit = 60.2
[INFO] - FOM = 0.12132
[INFO] - feature_size = 66.4
[INFO] - Iter: 36
[INFO] - [1.25253209e-06 2.13692953e-01 8.03113540e-01 4.92402448e-01
 1.43872918e-05]
[INFO] - maxT = 0.26915
[INFO] - lambda_maxT = 1319.1
[INFO] - FWHM_fit = 60.4
[INFO] - FOM = 0.13225
[INFO] - feature_size = 60.7
[INFO] - Iter: 37
[INFO] - [1.24222473e-06 2.13615949e-01 7.87698967e-01 5.05903096e-01
 1.44746528e-05]
[INFO] - maxT = 0.26971
[INFO] - lambda_maxT = 1315.1
[INFO] - FWHM_fit = 59.4
[INFO] - FOM = 0.12725
[INFO] - feature_size = 65.6
[INFO] - Iter: 38
[INFO] - [1.27352751e-06 2.10267975e-01 7.90423356e-01 4.97758420e-01
 1.45184186e-05]
[INFO] - maxT = 0.24932
[INFO] - lambda_maxT = 1325.9
[INFO] - FWHM_fit = 60.0
[INFO] - FOM = 0.12478
[INFO] - feature_size = 66.4
[INFO] - Iter: 39
[INFO] - [1.27489061e-06 2.16266937e-01 8.01928590e-01 4.87943368e-01
 1.42612363e-05]
[INFO] - maxT = 0.24622
[INFO] - lambda_maxT = 1327.3
[INFO] - FWHM_fit = 61.7
[INFO] - FOM = 0.12480
[INFO] - feature_size = 61.6
[INFO] - Iter: 40
[INFO] - [1.28040817e-06 2.19446010e-01 7.93613324e-01 4.71930151e-01
 1.43897251e-05]
[INFO] - maxT = 0.25672
[INFO] - lambda_maxT = 1317.8
[INFO] - FWHM_fit = 65.3
[INFO] - FOM = 0.12946
[INFO] - feature_size = 62.4
[INFO] - Iter: 41
[INFO] - [1.26084674e-06 2.10000014e-01 7.92847355e-01 5.07193661e-01
 1.44532977e-05]
[INFO] - maxT = 0.24928
[INFO] - lambda_maxT = 1327.3
[INFO] - FWHM_fit = 58.8
[INFO] - FOM = 0.12357
[INFO] - feature_size = 65.2
[INFO] - Iter: 42
[INFO] - [1.26594164e-06 2.06810170e-01 8.04584244e-01 4.99645359e-01
 1.41538069e-05]
[INFO] - maxT = 0.24288
[INFO] - lambda_maxT = 1330.1
[INFO] - FWHM_fit = 59.8
[INFO] - FOM = 0.12075
[INFO] - feature_size = 61.8
[INFO] - Iter: 43
[INFO] - [1.26781808e-06 2.15707162e-01 7.88340558e-01 4.93948471e-01
 1.45478566e-05]
[INFO] - maxT = 0.25849
[INFO] - lambda_maxT = 1320.5
[INFO] - FWHM_fit = 61.2
[INFO] - FOM = 0.12888
[INFO] - feature_size = 66.3
[INFO] - Iter: 44
[INFO] - [1.26633967e-06 2.08697410e-01 8.01138614e-01 4.98436928e-01
 1.42373932e-05]
[INFO] - maxT = 0.24609
[INFO] - lambda_maxT = 1328.7
[INFO] - FWHM_fit = 60.1
[INFO] - FOM = 0.12309
[INFO] - feature_size = 62.8
[INFO] - Iter: 45
[INFO] - [1.26755936e-06 2.14480456e-01 7.90580218e-01 4.94733951e-01
 1.44935255e-05]
[INFO] - maxT = 0.25646
[INFO] - lambda_maxT = 1321.8
[INFO] - FWHM_fit = 60.9
[INFO] - FOM = 0.12828
[INFO] - feature_size = 65.7
[INFO] - Iter: 46
[INFO] - [1.28763658e-06 2.11026620e-01 7.81352302e-01 5.00915552e-01
 1.44404514e-05]
[INFO] - maxT = 0.23007
[INFO] - lambda_maxT = 1331.4
[INFO] - FWHM_fit = 60.7
[INFO] - FOM = 0.11502
[INFO] - feature_size = 67.8
[INFO] - Iter: 47
[INFO] - [1.25867537e-06 2.13226345e-01 7.99305324e-01 4.93892241e-01
 1.43965948e-05]
[INFO] - maxT = 0.26325
[INFO] - lambda_maxT = 1321.8
[INFO] - FWHM_fit = 59.9
[INFO] - FOM = 0.13019
[INFO] - feature_size = 62.4
[INFO] - Iter: 48
[INFO] - [1.26905571e-06 2.09737474e-01 7.97375667e-01 4.98247365e-01
 1.42954455e-05]
[INFO] - maxT = 0.24608
[INFO] - lambda_maxT = 1328.7
[INFO] - FWHM_fit = 59.9
[INFO] - FOM = 0.12298
[INFO] - feature_size = 64.1
[INFO] - Iter: 49
[INFO] - [1.26782122e-06 2.13650434e-01 7.91769421e-01 4.95348798e-01
 1.44588615e-05]
[INFO] - maxT = 0.25525
[INFO] - lambda_maxT = 1323.2
[INFO] - FWHM_fit = 60.9
[INFO] - FOM = 0.12799
[INFO] - feature_size = 65.4
[INFO] - Iter: 50
[INFO] - [1.26070714e-06 2.14581130e-01 8.05124530e-01 4.97188995e-01
 1.44924835e-05]
[INFO] - maxT = 0.26041
[INFO] - lambda_maxT = 1327.3
[INFO] - FWHM_fit = 58.7
[INFO] - FOM = 0.12902
[INFO] - feature_size = 61.1
[INFO] - Iter: 51
[INFO] - [1.25812908e-06 2.15340646e-01 8.09072419e-01 4.97493674e-01
 1.45224042e-05]
[INFO] - maxT = 0.26014
[INFO] - lambda_maxT = 1327.3
[INFO] - FWHM_fit = 57.7
[INFO] - FOM = 0.12784
[INFO] - feature_size = 59.8
[INFO] - Iter: 52
[INFO] - [1.27340201e-06 2.17197114e-01 8.02573133e-01 4.81659068e-01
 1.43977402e-05]
[INFO] - maxT = 0.25627
[INFO] - lambda_maxT = 1324.6
[INFO] - FWHM_fit = 62.0
[INFO] - FOM = 0.12966
[INFO] - feature_size = 60.5
[INFO] - Start loading work: c:\Users\QDG-WS3\Desktop\QDG_Tim\230823_lumapi_try\4cb4\4cb4_1326.0_bw=60.0
[INFO] - lambda_0 = 1326.0 nm
[INFO] - FWHM = 60.0 nm
[INFO] - FOM_typ = square
[INFO] - N = 10
[INFO] - NH = 2
[INFO] - NL = 2
[INFO] - SOURCE_typ = gaussian_released
[INFO] - alpha = 0.0
[INFO] - maxiter = 90
[INFO] - penalty = [[0.03, 1e-08], [0.03, 1e-07]]
[INFO] - logger = <Logger c:\Users\QDG-WS3\Desktop\QDG_Tim\230823_lumapi_try\4cb4\4cb4.log (INFO)>
[INFO] - Iter: 0
[INFO] - [1.2e-06 2.1e-01 7.4e-01 5.0e-01 1.5e-05]
[INFO] - maxT = 0.27424
[INFO] - lambda_maxT = 1263.3
[INFO] - FWHM_fit = 71.5
[INFO] - FOM = 0.03840
[INFO] - feature_size = 63.0
[INFO] - Iter: 1
[INFO] - [1.26e-06 2.10e-01 7.40e-01 5.00e-01 1.50e-05]
[INFO] - maxT = 0.26554
[INFO] - lambda_maxT = 1297.8
[INFO] - FWHM_fit = 66.8
[INFO] - FOM = 0.10356
[INFO] - feature_size = 66.2
[INFO] - Iter: 2
[INFO] - [1.200e-06 2.205e-01 7.400e-01 5.000e-01 1.500e-05]
[INFO] - maxT = 0.27508
[INFO] - lambda_maxT = 1264.6
[INFO] - FWHM_fit = 71.4
[INFO] - FOM = 0.03979
[INFO] - feature_size = 66.2
[INFO] - Iter: 3
[INFO] - [1.20e-06 2.10e-01 7.77e-01 5.00e-01 1.50e-05]
[INFO] - maxT = 0.27581
[INFO] - lambda_maxT = 1282.3
[INFO] - FWHM_fit = 66.3
[INFO] - FOM = 0.06797
[INFO] - feature_size = 63.0
[INFO] - Iter: 4
[INFO] - [1.20e-06 2.10e-01 7.40e-01 5.25e-01 1.50e-05]
[INFO] - maxT = 0.25652
[INFO] - lambda_maxT = 1278.4
[INFO] - FWHM_fit = 66.4
[INFO] - FOM = 0.05618
[INFO] - feature_size = 59.8
[INFO] - Iter: 5
[INFO] - [1.200e-06 2.100e-01 7.400e-01 5.000e-01 1.575e-05]
[INFO] - maxT = 0.27173
[INFO] - lambda_maxT = 1260.9
[INFO] - FWHM_fit = 69.4
[INFO] - FOM = 0.03203
[INFO] - feature_size = 63.0
[INFO] - Iter: 6
[INFO] - [1.224e-06 2.142e-01 7.548e-01 5.100e-01 1.425e-05]
[INFO] - maxT = 0.26696
[INFO] - lambda_maxT = 1292.6
[INFO] - FWHM_fit = 67.0
[INFO] - FOM = 0.09337
[INFO] - feature_size = 64.2
[INFO] - Iter: 7
[INFO] - [1.2336e-06 2.1588e-01 7.6072e-01 5.1400e-01 1.4700e-05]
[INFO] - maxT = 0.27080
[INFO] - lambda_maxT = 1301.7
[INFO] - FWHM_fit = 62.2
[INFO] - FOM = 0.11010
[INFO] - feature_size = 64.7
[INFO] - Iter: 8
[INFO] - [1.24032e-06 2.17056e-01 7.64864e-01 5.16800e-01 1.46400e-05]
[INFO] - maxT = 0.26369
[INFO] - lambda_maxT = 1309.7
[INFO] - FWHM_fit = 60.7
[INFO] - FOM = 0.11914
[INFO] - feature_size = 65.0
[INFO] - Iter: 9
[INFO] - [1.249728e-06 2.040024e-01 7.706656e-01 5.207200e-01 1.455600e-05]
[INFO] - maxT = 0.25453
[INFO] - lambda_maxT = 1317.8
[INFO] - FWHM_fit = 58.8
[INFO] - FOM = 0.12243
[INFO] - feature_size = 61.1
[INFO] - Iter: 10
[INFO] - [1.2596736e-06 2.0070288e-01 7.7679872e-01 5.2486400e-01 1.4467200e-05]
[INFO] - maxT = 0.23571
[INFO] - lambda_maxT = 1328.7
[INFO] - FWHM_fit = 57.4
[INFO] - FOM = 0.11545
[INFO] - feature_size = 60.1
[INFO] - Iter: 11
[INFO] - [1.27359744e-06 2.10783552e-01 7.85385088e-01 4.95665600e-01
 1.43428800e-05]
[INFO] - maxT = 0.24900
[INFO] - lambda_maxT = 1323.2
[INFO] - FWHM_fit = 61.8
[INFO] - FOM = 0.12581
[INFO] - feature_size = 67.7
[INFO] - Iter: 12
[INFO] - [1.28831693e-06 2.10940262e-01 7.94462106e-01 4.89798720e-01
 1.42114560e-05]
[INFO] - maxT = 0.22950
[INFO] - lambda_maxT = 1331.4
[INFO] - FWHM_fit = 62.3
[INFO] - FOM = 0.11584
[INFO] - feature_size = 64.8
[INFO] - Iter: 13
[INFO] - [1.30303642e-06 2.11096973e-01 7.51739123e-01 5.18931840e-01
 1.40800320e-05]
[INFO] - maxT = 0.18988
[INFO] - lambda_maxT = 1335.6
[INFO] - FWHM_fit = 64.4
[INFO] - FOM = 0.09541
[INFO] - feature_size = 66.2
[INFO] - Iter: 14
[INFO] - [1.31065098e-06 2.05655762e-01 7.72714772e-01 5.12504576e-01
 1.47620448e-05]
[INFO] - maxT = 0.19779
[INFO] - lambda_maxT = 1342.6
[INFO] - FWHM_fit = 58.9
[INFO] - FOM = 0.08968
[INFO] - feature_size = 65.7
[INFO] - Iter: 15
[INFO] - [1.29548706e-06 2.07151004e-01 7.69579687e-01 5.12066275e-01
 1.46724370e-05]
[INFO] - maxT = 0.21615
[INFO] - lambda_maxT = 1334.2
[INFO] - FWHM_fit = 59.4
[INFO] - FOM = 0.10528
[INFO] - feature_size = 65.5
[INFO] - Iter: 16
[INFO] - [1.28884581e-06 2.08716163e-01 7.99346647e-01 5.27331086e-01
 1.38810196e-05]
[INFO] - maxT = 0.18543
[INFO] - lambda_maxT = 1353.9
[INFO] - FWHM_fit = 55.0
[INFO] - FOM = 0.06909
[INFO] - feature_size = 63.6
[INFO] - Iter: 17
[INFO] - [1.26504802e-06 2.09775329e-01 7.50385663e-01 5.04782940e-01
 1.48041784e-05]
[INFO] - maxT = 0.26208
[INFO] - lambda_maxT = 1308.4
[INFO] - FWHM_fit = 64.0
[INFO] - FOM = 0.11876
[INFO] - feature_size = 65.7
[INFO] - Iter: 18
[INFO] - [1.23061403e-06 2.07090533e-01 7.87066140e-01 5.02739686e-01
 1.50906462e-05]
[INFO] - maxT = 0.27951
[INFO] - lambda_maxT = 1305.7
[INFO] - FWHM_fit = 59.7
[INFO] - FOM = 0.11596
[INFO] - feature_size = 63.4
[INFO] - Iter: 19
[INFO] - [1.21221417e-06 2.11012314e-01 7.76220157e-01 5.05874615e-01
 1.46655249e-05]
[INFO] - maxT = 0.27782
[INFO] - lambda_maxT = 1293.9
[INFO] - FWHM_fit = 63.2
[INFO] - FOM = 0.09307
[INFO] - feature_size = 63.2
[INFO] - Iter: 20
[INFO] - [1.28091431e-06 2.07826733e-01 7.70741770e-01 5.10982735e-01
 1.46712273e-05]
[INFO] - maxT = 0.23425
[INFO] - lambda_maxT = 1328.7
[INFO] - FWHM_fit = 59.5
[INFO] - FOM = 0.11682
[INFO] - feature_size = 65.1
[INFO] - Iter: 21
[INFO] - [1.29720731e-06 2.11367265e-01 7.52203956e-01 5.18498424e-01
 1.40795482e-05]
[INFO] - maxT = 0.19666
[INFO] - lambda_maxT = 1332.8
[INFO] - FWHM_fit = 64.3
[INFO] - FOM = 0.10014
[INFO] - feature_size = 66.0
[INFO] - Iter: 22
[INFO] - [1.24226786e-06 2.07838961e-01 7.80965258e-01 5.05497465e-01
 1.49137040e-05]
[INFO] - maxT = 0.27524
[INFO] - lambda_maxT = 1309.7
[INFO] - FWHM_fit = 59.3
[INFO] - FOM = 0.12336
[INFO] - feature_size = 63.8
[INFO] - Iter: 23
[INFO] - [1.25366126e-06 2.07907922e-01 8.01116271e-01 5.16740980e-01
 1.44098261e-05]
[INFO] - maxT = 0.24522
[INFO] - lambda_maxT = 1332.8
[INFO] - FWHM_fit = 55.6
[INFO] - FOM = 0.11705
[INFO] - feature_size = 63.0
[INFO] - Iter: 24
[INFO] - [1.28372579e-06 1.96968019e-01 8.01138843e-01 5.04700312e-01
 1.44819350e-05]
[INFO] - maxT = 0.22816
[INFO] - lambda_maxT = 1338.4
[INFO] - FWHM_fit = 57.3
[INFO] - FOM = 0.10613
[INFO] - feature_size = 62.6
[INFO] - Iter: 25
[INFO] - [1.24791601e-06 2.13540603e-01 7.71212097e-01 5.14682555e-01
 1.46123386e-05]
[INFO] - maxT = 0.26179
[INFO] - lambda_maxT = 1315.1
[INFO] - FWHM_fit = 59.8
[INFO] - FOM = 0.12369
[INFO] - feature_size = 64.7
[INFO] - Iter: 26
[INFO] - [1.28403719e-06 2.08465715e-01 7.81136320e-01 5.19676882e-01
 1.40876848e-05]
[INFO] - maxT = 0.20759
[INFO] - lambda_maxT = 1339.8
[INFO] - FWHM_fit = 58.5
[INFO] - FOM = 0.09657
[INFO] - feature_size = 64.3
[INFO] - Iter: 27
[INFO] - [1.24957749e-06 2.07948643e-01 7.80995194e-01 5.07978863e-01
 1.47691506e-05]
[INFO] - maxT = 0.26659
[INFO] - lambda_maxT = 1315.1
[INFO] - FWHM_fit = 59.6
[INFO] - FOM = 0.12650
[INFO] - feature_size = 63.9
[INFO] - Iter: 28
[INFO] - [1.27101027e-06 2.08413043e-01 7.52936877e-01 5.04928521e-01
 1.47352925e-05]
[INFO] - maxT = 0.25481
[INFO] - lambda_maxT = 1312.4
[INFO] - FWHM_fit = 62.9
[INFO] - FOM = 0.12067
[INFO] - feature_size = 65.6
[INFO] - Iter: 29
[INFO] - [1.25669734e-06 2.07996318e-01 7.92684877e-01 5.14673800e-01
 1.44667827e-05]
[INFO] - maxT = 0.24742
[INFO] - lambda_maxT = 1328.7
[INFO] - FWHM_fit = 57.1
[INFO] - FOM = 0.12088
[INFO] - feature_size = 63.4
[INFO] - Iter: 30
[INFO] - [1.28026806e-06 2.00562647e-01 7.91430162e-01 5.06983444e-01
 1.44745577e-05]
[INFO] - maxT = 0.23186
[INFO] - lambda_maxT = 1335.6
[INFO] - FWHM_fit = 58.3
[INFO] - FOM = 0.11188
[INFO] - feature_size = 63.3
[INFO] - Iter: 31
[INFO] - [1.25357762e-06 2.11269461e-01 7.74750259e-01 5.13335210e-01
 1.45882270e-05]
[INFO] - maxT = 0.25644
[INFO] - lambda_maxT = 1317.8
[INFO] - FWHM_fit = 59.6
[INFO] - FOM = 0.12432
[INFO] - feature_size = 64.4
[INFO] - Iter: 32
[INFO] - [1.28020663e-06 2.07482935e-01 7.79149091e-01 5.15829675e-01
 1.42453762e-05]
[INFO] - maxT = 0.21877
[INFO] - lambda_maxT = 1335.6
[INFO] - FWHM_fit = 59.0
[INFO] - FOM = 0.10616
[INFO] - feature_size = 64.3
[INFO] - Iter: 33
[INFO] - [1.25493759e-06 2.07867144e-01 7.80672126e-01 5.09352755e-01
 1.46774901e-05]
[INFO] - maxT = 0.26102
[INFO] - lambda_maxT = 1319.1
[INFO] - FWHM_fit = 59.0
[INFO] - FOM = 0.12650
[INFO] - feature_size = 64.0
[INFO] - Iter: 34
[INFO] - [1.26821612e-06 2.17594403e-01 7.84894928e-01 4.92740040e-01
 1.46314429e-05]
[INFO] - maxT = 0.26011
[INFO] - lambda_maxT = 1319.1
[INFO] - FWHM_fit = 61.6
[INFO] - FOM = 0.12892
[INFO] - feature_size = 67.2
[INFO] - Iter: 35
[INFO] - [1.28016750e-06 2.09557799e-01 7.91001257e-01 4.96030761e-01
 1.45277023e-05]
[INFO] - maxT = 0.24259
[INFO] - lambda_maxT = 1330.1
[INFO] - FWHM_fit = 60.2
[INFO] - FOM = 0.12132
[INFO] - feature_size = 66.4
[INFO] - Iter: 36
[INFO] - [1.25253209e-06 2.13692953e-01 8.03113540e-01 4.92402448e-01
 1.43872918e-05]
[INFO] - maxT = 0.26915
[INFO] - lambda_maxT = 1319.1
[INFO] - FWHM_fit = 60.4
[INFO] - FOM = 0.13225
[INFO] - feature_size = 60.7
[INFO] - Iter: 37
[INFO] - [1.24222473e-06 2.13615949e-01 7.87698967e-01 5.05903096e-01
 1.44746528e-05]
[INFO] - maxT = 0.26971
[INFO] - lambda_maxT = 1315.1
[INFO] - FWHM_fit = 59.4
[INFO] - FOM = 0.12725
[INFO] - feature_size = 65.6
[INFO] - Iter: 38
[INFO] - [1.27352751e-06 2.10267975e-01 7.90423356e-01 4.97758420e-01
 1.45184186e-05]
[INFO] - maxT = 0.24932
[INFO] - lambda_maxT = 1325.9
[INFO] - FWHM_fit = 60.0
[INFO] - FOM = 0.12478
[INFO] - feature_size = 66.4
[INFO] - Iter: 39
[INFO] - [1.27489061e-06 2.16266937e-01 8.01928590e-01 4.87943368e-01
 1.42612363e-05]
[INFO] - maxT = 0.24622
[INFO] - lambda_maxT = 1327.3
[INFO] - FWHM_fit = 61.7
[INFO] - FOM = 0.12480
[INFO] - feature_size = 61.6
[INFO] - Iter: 40
[INFO] - [1.28040817e-06 2.19446010e-01 7.93613324e-01 4.71930151e-01
 1.43897251e-05]
[INFO] - maxT = 0.25672
[INFO] - lambda_maxT = 1317.8
[INFO] - FWHM_fit = 65.3
[INFO] - FOM = 0.12946
[INFO] - feature_size = 62.4
[INFO] - Iter: 41
[INFO] - [1.26084674e-06 2.10000014e-01 7.92847355e-01 5.07193661e-01
 1.44532977e-05]
[INFO] - maxT = 0.24928
[INFO] - lambda_maxT = 1327.3
[INFO] - FWHM_fit = 58.8
[INFO] - FOM = 0.12357
[INFO] - feature_size = 65.2
[INFO] - Iter: 42
[INFO] - [1.26594164e-06 2.06810170e-01 8.04584244e-01 4.99645359e-01
 1.41538069e-05]
[INFO] - maxT = 0.24288
[INFO] - lambda_maxT = 1330.1
[INFO] - FWHM_fit = 59.8
[INFO] - FOM = 0.12075
[INFO] - feature_size = 61.8
[INFO] - Iter: 43
[INFO] - [1.26781808e-06 2.15707162e-01 7.88340558e-01 4.93948471e-01
 1.45478566e-05]
[INFO] - maxT = 0.25849
[INFO] - lambda_maxT = 1320.5
[INFO] - FWHM_fit = 61.2
[INFO] - FOM = 0.12888
[INFO] - feature_size = 66.3
[INFO] - Iter: 44
[INFO] - [1.26633967e-06 2.08697410e-01 8.01138614e-01 4.98436928e-01
 1.42373932e-05]
[INFO] - maxT = 0.24609
[INFO] - lambda_maxT = 1328.7
[INFO] - FWHM_fit = 60.1
[INFO] - FOM = 0.12309
[INFO] - feature_size = 62.8
[INFO] - Iter: 45
[INFO] - [1.26755936e-06 2.14480456e-01 7.90580218e-01 4.94733951e-01
 1.44935255e-05]
[INFO] - maxT = 0.25646
[INFO] - lambda_maxT = 1321.8
[INFO] - FWHM_fit = 60.9
[INFO] - FOM = 0.12828
[INFO] - feature_size = 65.7
[INFO] - Iter: 46
[INFO] - [1.28763658e-06 2.11026620e-01 7.81352302e-01 5.00915552e-01
 1.44404514e-05]
[INFO] - maxT = 0.23007
[INFO] - lambda_maxT = 1331.4
[INFO] - FWHM_fit = 60.7
[INFO] - FOM = 0.11502
[INFO] - feature_size = 67.8
[INFO] - Iter: 47
[INFO] - [1.25867537e-06 2.13226345e-01 7.99305324e-01 4.93892241e-01
 1.43965948e-05]
[INFO] - maxT = 0.26325
[INFO] - lambda_maxT = 1321.8
[INFO] - FWHM_fit = 59.9
[INFO] - FOM = 0.13019
[INFO] - feature_size = 62.4
[INFO] - Iter: 48
[INFO] - [1.26905571e-06 2.09737474e-01 7.97375667e-01 4.98247365e-01
 1.42954455e-05]
[INFO] - maxT = 0.24608
[INFO] - lambda_maxT = 1328.7
[INFO] - FWHM_fit = 59.9
[INFO] - FOM = 0.12298
[INFO] - feature_size = 64.1
[INFO] - Iter: 49
[INFO] - [1.26782122e-06 2.13650434e-01 7.91769421e-01 4.95348798e-01
 1.44588615e-05]
[INFO] - maxT = 0.25525
[INFO] - lambda_maxT = 1323.2
[INFO] - FWHM_fit = 60.9
[INFO] - FOM = 0.12799
[INFO] - feature_size = 65.4
[INFO] - Iter: 50
[INFO] - [1.26070714e-06 2.14581130e-01 8.05124530e-01 4.97188995e-01
 1.44924835e-05]
[INFO] - maxT = 0.26041
[INFO] - lambda_maxT = 1327.3
[INFO] - FWHM_fit = 58.7
[INFO] - FOM = 0.12902
[INFO] - feature_size = 61.1
[INFO] - Iter: 51
[INFO] - [1.25812908e-06 2.15340646e-01 8.09072419e-01 4.97493674e-01
 1.45224042e-05]
[INFO] - maxT = 0.26014
[INFO] - lambda_maxT = 1327.3
[INFO] - FWHM_fit = 57.7
[INFO] - FOM = 0.12784
[INFO] - feature_size = 59.8
[INFO] - Iter: 52
[INFO] - [1.27340201e-06 2.17197114e-01 8.02573133e-01 4.81659068e-01
 1.43977402e-05]
[INFO] - maxT = 0.25627
[INFO] - lambda_maxT = 1324.6
[INFO] - FWHM_fit = 62.0
[INFO] - FOM = 0.12966
[INFO] - feature_size = 60.5
[INFO] - Iter: 53
[INFO] - [1.27591307e-06 2.18636534e-01 8.04518289e-01 4.76552149e-01
 1.43866287e-05]
[INFO] - maxT = 0.25718
[INFO] - lambda_maxT = 1323.2
[INFO] - FWHM_fit = 63.1
[INFO] - FOM = 0.13095
[INFO] - feature_size = 59.4
[INFO] - Iter: 54
[INFO] - [1.28146403e-06 2.15559091e-01 7.97422288e-01 4.90067219e-01
 1.44549013e-05]
[INFO] - maxT = 0.24375
[INFO] - lambda_maxT = 1330.1
[INFO] - FWHM_fit = 60.6
[INFO] - FOM = 0.12208
[INFO] - feature_size = 63.6
[INFO] - Iter: 55
[INFO] - [1.26266339e-06 2.13634576e-01 7.98975793e-01 4.93222862e-01
 1.44067984e-05]
[INFO] - maxT = 0.26172
[INFO] - lambda_maxT = 1323.2
[INFO] - FWHM_fit = 60.2
[INFO] - FOM = 0.13041
[INFO] - feature_size = 62.6
[INFO] - Iter: 56
[INFO] - [1.27025504e-06 2.15128659e-01 8.07840739e-01 4.87760287e-01
 1.43718093e-05]
[INFO] - maxT = 0.25502
[INFO] - lambda_maxT = 1327.3
[INFO] - FWHM_fit = 60.3
[INFO] - FOM = 0.12783
[INFO] - feature_size = 59.5
[INFO] - Iter: 57
[INFO] - [1.26133143e-06 2.12056845e-01 8.00046431e-01 4.95092485e-01
 1.46136637e-05]
[INFO] - maxT = 0.26420
[INFO] - lambda_maxT = 1323.2
[INFO] - FWHM_fit = 59.3
[INFO] - FOM = 0.13082
[INFO] - feature_size = 62.4
[INFO] - Iter: 58
[INFO] - [1.27302587e-06 2.14058114e-01 8.03427483e-01 4.90560840e-01
 1.45508478e-05]
[INFO] - maxT = 0.25208
[INFO] - lambda_maxT = 1328.7
[INFO] - FWHM_fit = 59.9
[INFO] - FOM = 0.12607
[INFO] - feature_size = 61.4
[INFO] - Iter: 59
[INFO] - [1.26447682e-06 2.13708695e-01 7.99754838e-01 4.92757008e-01
 1.44320070e-05]
[INFO] - maxT = 0.26163
[INFO] - lambda_maxT = 1323.2
[INFO] - FWHM_fit = 59.8
[INFO] - FOM = 0.13031
[INFO] - feature_size = 62.4
[INFO] - Iter: 60
[INFO] - [1.26324612e-06 2.15104327e-01 8.04614251e-01 4.94083010e-01
 1.44735349e-05]
[INFO] - maxT = 0.26015
[INFO] - lambda_maxT = 1325.9
[INFO] - FWHM_fit = 58.9
[INFO] - FOM = 0.12910
[INFO] - feature_size = 61.0
[INFO] - Iter: 61
[INFO] - [1.27350241e-06 2.11653803e-01 7.92853311e-01 4.94538550e-01
 1.44942829e-05]
[INFO] - maxT = 0.25042
[INFO] - lambda_maxT = 1325.9
[INFO] - FWHM_fit = 60.8
[INFO] - FOM = 0.12606
[INFO] - feature_size = 65.2
[INFO] - Iter: 62
[INFO] - [1.27088444e-06 2.15542350e-01 8.06787218e-01 4.86540043e-01
 1.43769955e-05]
[INFO] - maxT = 0.25615
[INFO] - lambda_maxT = 1325.9
[INFO] - FWHM_fit = 60.4
[INFO] - FOM = 0.12855
[INFO] - feature_size = 59.7
[INFO] - Iter: 63
[INFO] - [1.26374555e-06 2.13084899e-01 8.00551771e-01 4.92405802e-01
 1.45704790e-05]
[INFO] - maxT = 0.26339
[INFO] - lambda_maxT = 1323.2
[INFO] - FWHM_fit = 59.8
[INFO] - FOM = 0.13097
[INFO] - feature_size = 62.1
[INFO] - Iter: 64
[INFO] - [1.26481111e-06 2.14347083e-01 7.99695261e-01 4.90910103e-01
 1.44049868e-05]
[INFO] - maxT = 0.26101
[INFO] - lambda_maxT = 1323.2
[INFO] - FWHM_fit = 60.5
[INFO] - FOM = 0.13037
[INFO] - feature_size = 62.2
[INFO] - Iter: 65
[INFO] - [1.27310110e-06 2.14685914e-01 8.03256613e-01 4.88780485e-01
 1.45202262e-05]
[INFO] - maxT = 0.25348
[INFO] - lambda_maxT = 1327.3
[INFO] - FWHM_fit = 60.4
[INFO] - FOM = 0.12722
[INFO] - feature_size = 61.2
[INFO] - Iter: 66
[INFO] - [1.27165035e-06 2.14626618e-01 8.02633377e-01 4.89153169e-01
 1.45000593e-05]
[INFO] - maxT = 0.25558
[INFO] - lambda_maxT = 1325.9
[INFO] - FWHM_fit = 60.0
[INFO] - FOM = 0.12792
[INFO] - feature_size = 61.4
[INFO] - Iter: 67
[INFO] - [1.27732859e-06 2.16564786e-01 8.03232745e-01 4.85983734e-01
 1.43265661e-05]
[INFO] - maxT = 0.24791
[INFO] - lambda_maxT = 1328.7
[INFO] - FWHM_fit = 61.3
[INFO] - FOM = 0.12517
[INFO] - feature_size = 61.1
[INFO] - Iter: 68
[INFO] - [1.26612258e-06 2.13693879e-01 8.01020942e-01 4.91281940e-01
 1.45277943e-05]
[INFO] - maxT = 0.26252
[INFO] - lambda_maxT = 1324.6
[INFO] - FWHM_fit = 59.6
[INFO] - FOM = 0.13057
[INFO] - feature_size = 61.9
[INFO] - Iter: 69
[INFO] - [1.26476035e-06 2.11051277e-01 8.00590506e-01 5.00579616e-01
 1.45513265e-05]
[INFO] - maxT = 0.25360
[INFO] - lambda_maxT = 1328.7
[INFO] - FWHM_fit = 57.9
[INFO] - FOM = 0.12482
[INFO] - feature_size = 63.1
[INFO] - Iter: 70
[INFO] - [1.27188972e-06 2.16121593e-01 8.02226174e-01 4.84970164e-01
 1.44246178e-05]
[INFO] - maxT = 0.25771
[INFO] - lambda_maxT = 1324.6
[INFO] - FWHM_fit = 61.0
[INFO] - FOM = 0.12966
[INFO] - feature_size = 61.0
[INFO] - Iter: 71
[INFO] - [1.26935677e-06 2.15454745e-01 8.06352625e-01 4.88048636e-01
 1.43963034e-05]
[INFO] - maxT = 0.25653
[INFO] - lambda_maxT = 1325.9
[INFO] - FWHM_fit = 60.5
[INFO] - FOM = 0.12887
[INFO] - feature_size = 60.0
[INFO] - Iter: 72
[INFO] - [1.26996950e-06 2.14722160e-01 8.03029551e-01 4.90139137e-01
 1.44947544e-05]
[INFO] - maxT = 0.25688
[INFO] - lambda_maxT = 1325.9
[INFO] - FWHM_fit = 59.8
[INFO] - FOM = 0.12840
[INFO] - feature_size = 61.3
[INFO] - Iter: 73
[INFO] - [1.26554729e-06 2.13975969e-01 8.01739604e-01 4.91842154e-01
 1.45169424e-05]
[INFO] - maxT = 0.26254
[INFO] - lambda_maxT = 1324.6
[INFO] - FWHM_fit = 59.3
[INFO] - FOM = 0.13043
[INFO] - feature_size = 61.7
[INFO] - Iter: 74
[INFO] - [1.27145115e-06 2.12343908e-01 7.95205499e-01 4.94447442e-01
 1.44901333e-05]
[INFO] - maxT = 0.25114
[INFO] - lambda_maxT = 1325.9
[INFO] - FWHM_fit = 60.5
[INFO] - FOM = 0.12609
[INFO] - feature_size = 64.4
[INFO] - Iter: 75
[INFO] - [1.27137083e-06 2.16778557e-01 8.02981357e-01 4.84143856e-01
 1.44128991e-05]
[INFO] - maxT = 0.25885
[INFO] - lambda_maxT = 1324.6
[INFO] - FWHM_fit = 61.0
[INFO] - FOM = 0.13021
[INFO] - feature_size = 60.6
[INFO] - Iter: 76
[INFO] - [1.26434505e-06 2.18070395e-01 8.12281456e-01 4.84855276e-01
 1.44276404e-05]
[INFO] - maxT = 0.26142
[INFO] - lambda_maxT = 1324.6
[INFO] - FWHM_fit = 60.4
[INFO] - FOM = 0.13105
[INFO] - feature_size = 57.5
[INFO] - Iter: 77
[INFO] - [1.26161506e-06 2.14152482e-01 8.08225638e-01 4.95443429e-01
 1.45107710e-05]
[INFO] - maxT = 0.26114
[INFO] - lambda_maxT = 1327.3
[INFO] - FWHM_fit = 58.5
[INFO] - FOM = 0.12915
[INFO] - feature_size = 59.9
[INFO] - Iter: 78
[INFO] - [1.26966357e-06 2.16318994e-01 8.03899106e-01 4.86121281e-01
 1.44300267e-05]
[INFO] - maxT = 0.25876
[INFO] - lambda_maxT = 1324.6
[INFO] - FWHM_fit = 60.8
[INFO] - FOM = 0.13002
[INFO] - feature_size = 60.5
[INFO] - Iter: 79
[INFO] - [1.26813464e-06 2.15384662e-01 8.06004950e-01 4.89255511e-01
 1.44117497e-05]
[INFO] - maxT = 0.25759
[INFO] - lambda_maxT = 1325.9
[INFO] - FWHM_fit = 60.4
[INFO] - FOM = 0.12925
[INFO] - feature_size = 60.2
[INFO] - Iter: 80
[INFO] - [1.26862483e-06 2.14798593e-01 8.03346491e-01 4.90927911e-01
 1.44905105e-05]
[INFO] - maxT = 0.25591
[INFO] - lambda_maxT = 1325.9
[INFO] - FWHM_fit = 60.2
[INFO] - FOM = 0.12828
[INFO] - feature_size = 61.2
[INFO] - Iter: 81
[INFO] - [1.26412526e-06 2.17477182e-01 8.10748015e-01 4.86700822e-01
 1.44368193e-05]
[INFO] - maxT = 0.26119
[INFO] - lambda_maxT = 1324.6
[INFO] - FWHM_fit = 60.4
[INFO] - FOM = 0.13094
[INFO] - feature_size = 58.2
[INFO] - Iter: 82
[INFO] - [1.26508705e-06 2.14201640e-01 8.02314533e-01 4.92290325e-01
 1.45082609e-05]
[INFO] - maxT = 0.26293
[INFO] - lambda_maxT = 1324.6
[INFO] - FWHM_fit = 59.2
[INFO] - FOM = 0.13048
[INFO] - feature_size = 61.6
[INFO] - Iter: 83
[INFO] - [1.26974589e-06 2.16443711e-01 8.03307936e-01 4.86131687e-01
 1.44250263e-05]
[INFO] - maxT = 0.25866
[INFO] - lambda_maxT = 1324.6
[INFO] - FWHM_fit = 60.9
[INFO] - FOM = 0.13006
[INFO] - feature_size = 60.7
[INFO] - Iter: 84
[INFO] - [1.26194127e-06 2.14342851e-01 8.07503360e-01 4.95171345e-01
 1.45033238e-05]
[INFO] - maxT = 0.25992
[INFO] - lambda_maxT = 1327.3
[INFO] - FWHM_fit = 58.6
[INFO] - FOM = 0.12866
[INFO] - feature_size = 60.1
[INFO] - Iter: 85
[INFO] - [1.26838008e-06 2.16076060e-01 8.04042135e-01 4.87713627e-01
 1.44387283e-05]
[INFO] - maxT = 0.25922
[INFO] - lambda_maxT = 1324.6
[INFO] - FWHM_fit = 60.6
[INFO] - FOM = 0.13017
[INFO] - feature_size = 60.6
[INFO] - Iter: 86
[INFO] - [1.26330708e-06 2.14710501e-01 8.06769161e-01 4.93589405e-01
 1.44896217e-05]
[INFO] - maxT = 0.26124
[INFO] - lambda_maxT = 1327.3
[INFO] - FWHM_fit = 58.6
[INFO] - FOM = 0.12940
[INFO] - feature_size = 60.2
[INFO] - Iter: 87
[INFO] - [1.26749231e-06 2.15837087e-01 8.04519364e-01 4.88741888e-01
 1.44476347e-05]
[INFO] - maxT = 0.26048
[INFO] - lambda_maxT = 1324.6
[INFO] - FWHM_fit = 60.0
[INFO] - FOM = 0.13022
[INFO] - feature_size = 60.5
[INFO] - Iter: 88
[INFO] - [1.26419485e-06 2.14949474e-01 8.06291931e-01 4.92561144e-01
 1.44807154e-05]
[INFO] - maxT = 0.26091
[INFO] - lambda_maxT = 1325.9
[INFO] - FWHM_fit = 59.1
[INFO] - FOM = 0.12963
[INFO] - feature_size = 60.3
[INFO] - Iter: 89
[INFO] - [1.26353536e-06 2.14771951e-01 8.06646445e-01 4.93324995e-01
 1.44873315e-05]
[INFO] - maxT = 0.26064
[INFO] - lambda_maxT = 1327.3
[INFO] - FWHM_fit = 58.9
[INFO] - FOM = 0.12938
[INFO] - feature_size = 60.3
[INFO] - Iter: 90
[INFO] - [1.26624323e-06 2.16884055e-01 8.10087722e-01 4.89121034e-01
 1.44090710e-05]
[INFO] - maxT = 0.26050
[INFO] - lambda_maxT = 1327.3
[INFO] - FWHM_fit = 59.2
[INFO] - FOM = 0.12954
[INFO] - feature_size = 58.8
[INFO] - Iter: 91
[INFO] - [1.26528938e-06 2.14671063e-01 8.03674841e-01 4.91735699e-01
 1.44909027e-05]
[INFO] - maxT = 0.26188
[INFO] - lambda_maxT = 1324.6
[INFO] - FWHM_fit = 59.2
[INFO] - FOM = 0.13015
[INFO] - feature_size = 61.1
[INFO] - Iter: 92
[INFO] - [1.26734668e-06 2.15297624e-01 8.06062346e-01 4.89916638e-01
 1.44255428e-05]
[INFO] - maxT = 0.25867
[INFO] - lambda_maxT = 1325.9
[INFO] - FWHM_fit = 59.8
[INFO] - FOM = 0.12923
[INFO] - feature_size = 60.2
[INFO] - Iter: 93
[INFO] - [1.26343586e-06 2.15073356e-01 8.04949787e-01 4.93778636e-01
 1.44749710e-05]
[INFO] - maxT = 0.26025
[INFO] - lambda_maxT = 1325.9
[INFO] - FWHM_fit = 59.1
[INFO] - FOM = 0.12927
[INFO] - feature_size = 60.8
[INFO] - Iter: 94
[INFO] - [1.26773883e-06 2.14828770e-01 8.03935579e-01 4.91254558e-01
 1.44885515e-05]
[INFO] - maxT = 0.25772
[INFO] - lambda_maxT = 1325.9
[INFO] - FWHM_fit = 59.9
[INFO] - FOM = 0.12884
[INFO] - feature_size = 61.1
[INFO] - Iter: 95
[INFO] - [1.26413918e-06 2.16971640e-01 8.09856798e-01 4.87872887e-01
 1.44455985e-05]
[INFO] - maxT = 0.26119
[INFO] - lambda_maxT = 1325.9
[INFO] - FWHM_fit = 60.1
[INFO] - FOM = 0.13067
[INFO] - feature_size = 58.6
[INFO] - Iter: 96
[INFO] - [1.26490861e-06 2.14351207e-01 8.03110013e-01 4.92344489e-01
 1.45027518e-05]
[INFO] - maxT = 0.26220
[INFO] - lambda_maxT = 1324.6
[INFO] - FWHM_fit = 59.2
[INFO] - FOM = 0.13022
[INFO] - feature_size = 61.3
[INFO] - Iter: 97
[INFO] - [1.26583355e-06 2.16497139e-01 8.09328564e-01 4.89809056e-01
 1.44233999e-05]
[INFO] - maxT = 0.26137
[INFO] - lambda_maxT = 1327.3
[INFO] - FWHM_fit = 59.2
[INFO] - FOM = 0.12993
[INFO] - feature_size = 59.1
[INFO] - Iter: 98
[INFO] - [1.26567169e-06 2.16121601e-01 8.08240318e-01 4.90252757e-01
 1.44372865e-05]
[INFO] - maxT = 0.26145
[INFO] - lambda_maxT = 1327.3
[INFO] - FWHM_fit = 59.2
[INFO] - FOM = 0.13002
[INFO] - feature_size = 59.5
[INFO] - Iter: 99
[INFO] - [1.26507048e-06 2.14726745e-01 8.04198259e-01 4.91900788e-01
 1.44888652e-05]
[INFO] - maxT = 0.26165
[INFO] - lambda_maxT = 1325.9
[INFO] - FWHM_fit = 59.2
[INFO] - FOM = 0.13004
[INFO] - feature_size = 60.9
[INFO] - Iter: 100
[INFO] - [1.26193599e-06 2.15978766e-01 8.08608069e-01 4.91157479e-01
 1.44377256e-05]
[INFO] - maxT = 0.26169
[INFO] - lambda_maxT = 1325.9
[INFO] - FWHM_fit = 59.5
[INFO] - FOM = 0.13034
[INFO] - feature_size = 59.3
[INFO] - Iter: 101
[INFO] - [1.26016386e-06 2.15782369e-01 8.07499592e-01 4.92991736e-01
 1.45056075e-05]
[INFO] - maxT = 0.26265
[INFO] - lambda_maxT = 1325.9
[INFO] - FWHM_fit = 59.1
[INFO] - FOM = 0.13046
[INFO] - feature_size = 59.8
[INFO] - Iter: 102
[INFO] - [1.26276588e-06 2.16290241e-01 8.09632073e-01 4.88814977e-01
 1.44684339e-05]
[INFO] - maxT = 0.26182
[INFO] - lambda_maxT = 1324.6
[INFO] - FWHM_fit = 59.7
[INFO] - FOM = 0.13055
[INFO] - feature_size = 58.8
[INFO] - Iter: 103
[INFO] - [1.26331862e-06 2.15286311e-01 8.05769187e-01 4.92909996e-01
 1.44738270e-05]
[INFO] - maxT = 0.26161
[INFO] - lambda_maxT = 1325.9
[INFO] - FWHM_fit = 59.0
[INFO] - FOM = 0.12987
[INFO] - feature_size = 60.5
[INFO] - Iter: 104
[INFO] - [1.26165640e-06 2.16548858e-01 8.08080831e-01 4.90172011e-01
 1.44599341e-05]
[INFO] - maxT = 0.26218
[INFO] - lambda_maxT = 1324.6
[INFO] - FWHM_fit = 59.8
[INFO] - FOM = 0.13066
[INFO] - feature_size = 59.3
[INFO] - Iter: 105
[INFO] - [1.26375062e-06 2.15229366e-01 8.06604989e-01 4.92143045e-01
 1.44770787e-05]
[INFO] - maxT = 0.26116
[INFO] - lambda_maxT = 1325.9
[INFO] - FWHM_fit = 59.2
[INFO] - FOM = 0.12981
[INFO] - feature_size = 60.1
[INFO] - Iter: 106
[INFO] - [1.26210063e-06 2.16268966e-01 8.07767773e-01 4.90590109e-01
 1.44635708e-05]
[INFO] - maxT = 0.26252
[INFO] - lambda_maxT = 1324.6
[INFO] - FWHM_fit = 59.6
[INFO] - FOM = 0.13075
[INFO] - feature_size = 59.5
[INFO] - Iter: 107
[INFO] - [1.26346188e-06 2.15411296e-01 8.06808476e-01 4.91871281e-01
 1.44747148e-05]
[INFO] - maxT = 0.26152
[INFO] - lambda_maxT = 1325.9
[INFO] - FWHM_fit = 59.2
[INFO] - FOM = 0.13006
[INFO] - feature_size = 60.0
[INFO] - Iter: 108
[INFO] - [1.26258994e-06 2.16262015e-01 8.09019291e-01 4.89407672e-01
 1.44671777e-05]
[INFO] - maxT = 0.26243
[INFO] - lambda_maxT = 1324.6
[INFO] - FWHM_fit = 59.6
[INFO] - FOM = 0.13076
[INFO] - feature_size = 59.0
[INFO] - Iter: 109
[INFO] - [1.26319110e-06 2.15457059e-01 8.06337955e-01 4.92297089e-01
 1.44726633e-05]
[INFO] - maxT = 0.26167
[INFO] - lambda_maxT = 1325.9
[INFO] - FWHM_fit = 59.1
[INFO] - FOM = 0.12996
[INFO] - feature_size = 60.2
[INFO] - Iter: 110
[INFO] - [1.26271746e-06 2.16091267e-01 8.08450523e-01 4.90020579e-01
 1.44683413e-05]
[INFO] - maxT = 0.26238
[INFO] - lambda_maxT = 1324.6
[INFO] - FWHM_fit = 59.6
[INFO] - FOM = 0.13073
[INFO] - feature_size = 59.3
[INFO] - Iter: 111
[INFO] - [1.26310821e-06 2.15568046e-01 8.06707655e-01 4.91898700e-01
 1.44719070e-05]
[INFO] - maxT = 0.26160
[INFO] - lambda_maxT = 1325.9
[INFO] - FWHM_fit = 59.2
[INFO] - FOM = 0.13009
[INFO] - feature_size = 60.0
[INFO] - Iter: 112
[INFO] - [1.26005317e-06 2.17158102e-01 8.11593977e-01 4.90416045e-01
 1.44453562e-05]
[INFO] - maxT = 0.26169
[INFO] - lambda_maxT = 1327.3
[INFO] - FWHM_fit = 59.4
[INFO] - FOM = 0.13037
[INFO] - feature_size = 58.2
[INFO] - Iter: 113
[INFO] - [1.26419245e-06 2.15152232e-01 8.05492510e-01 4.91640958e-01
 1.44812511e-05]
[INFO] - maxT = 0.26190
[INFO] - lambda_maxT = 1325.9
[INFO] - FWHM_fit = 59.3
[INFO] - FOM = 0.13027
[INFO] - feature_size = 60.4
[INFO] - Iter: 114
[INFO] - [1.26195400e-06 2.16369925e-01 8.08457373e-01 4.90353422e-01
 1.44621211e-05]
[INFO] - maxT = 0.26220
[INFO] - lambda_maxT = 1324.6
[INFO] - FWHM_fit = 59.7
[INFO] - FOM = 0.13066
[INFO] - feature_size = 59.3
[INFO] - Iter: 115
[INFO] - [1.26319800e-06 2.15579056e-01 8.07097033e-01 4.91605656e-01
 1.44725109e-05]
[INFO] - maxT = 0.26310
[INFO] - lambda_maxT = 1325.9
[INFO] - FWHM_fit = 59.1
[INFO] - FOM = 0.13077
[INFO] - feature_size = 59.9
[INFO] - Iter: 116
[INFO] - [1.26234358e-06 2.16217580e-01 8.08713946e-01 4.90208786e-01
 1.44651705e-05]
[INFO] - maxT = 0.26249
[INFO] - lambda_maxT = 1325.9
[INFO] - FWHM_fit = 59.5
[INFO] - FOM = 0.13073
[INFO] - feature_size = 59.2
[INFO] - Iter: 117
[INFO] - [1.26051980e-06 2.17059532e-01 8.11217666e-01 4.89893660e-01
 1.44493941e-05]
[INFO] - maxT = 0.26228
[INFO] - lambda_maxT = 1325.9
[INFO] - FWHM_fit = 59.4
[INFO] - FOM = 0.13057
[INFO] - feature_size = 58.3
[INFO] - Iter: 118
[INFO] - [1.26220978e-06 2.16665304e-01 8.09145945e-01 4.89871611e-01
 1.44975869e-05]
[INFO] - maxT = 0.26299
[INFO] - lambda_maxT = 1324.6
[INFO] - FWHM_fit = 59.4
[INFO] - FOM = 0.13088
[INFO] - feature_size = 59.0
[INFO] - Iter: 119
[INFO] - [1.26198391e-06 2.16098910e-01 8.08702198e-01 4.90932452e-01
 1.44482014e-05]
[INFO] - maxT = 0.26177
[INFO] - lambda_maxT = 1325.9
[INFO] - FWHM_fit = 59.5
[INFO] - FOM = 0.13042
[INFO] - feature_size = 59.3
[INFO] - Iter: 120
[INFO] - [1.26216186e-06 2.16545160e-01 8.09051816e-01 4.90096638e-01
 1.44871112e-05]
[INFO] - maxT = 0.26251
[INFO] - lambda_maxT = 1324.6
[INFO] - FWHM_fit = 59.5
[INFO] - FOM = 0.13073
[INFO] - feature_size = 59.1
[INFO] - Iter: 121
[INFO] - [1.26201505e-06 2.16177004e-01 8.08763381e-01 4.90786185e-01
 1.44550106e-05]
[INFO] - maxT = 0.26181
[INFO] - lambda_maxT = 1325.9
[INFO] - FWHM_fit = 59.6
[INFO] - FOM = 0.13045
[INFO] - feature_size = 59.2
[INFO] - Iter: 122
[INFO] - [1.26213072e-06 2.16467067e-01 8.08990633e-01 4.90242905e-01
 1.44803020e-05]
[INFO] - maxT = 0.26218
[INFO] - lambda_maxT = 1324.6
[INFO] - FWHM_fit = 59.5
[INFO] - FOM = 0.13061
[INFO] - feature_size = 59.1
[INFO] - Iter: 123
[INFO] - [1.26203529e-06 2.16227765e-01 8.08803150e-01 4.90691111e-01
 1.44594366e-05]
[INFO] - maxT = 0.26191
[INFO] - lambda_maxT = 1325.9
[INFO] - FWHM_fit = 59.5
[INFO] - FOM = 0.13047
[INFO] - feature_size = 59.2
[INFO] - Iter: 124
[INFO] - [1.26473048e-06 2.17039861e-01 8.10775845e-01 4.87117104e-01
 1.44112367e-05]
[INFO] - maxT = 0.26056
[INFO] - lambda_maxT = 1325.9
[INFO] - FWHM_fit = 60.1
[INFO] - FOM = 0.13038
[INFO] - feature_size = 58.3
[INFO] - Iter: 125
[INFO] - [1.26096302e-06 2.16002430e-01 8.08072936e-01 4.91963675e-01
 1.44890926e-05]
[INFO] - maxT = 0.26421
[INFO] - lambda_maxT = 1324.6
[INFO] - FWHM_fit = 59.1
[INFO] - FOM = 0.13114
[INFO] - feature_size = 59.5
[INFO] - Iter: 126
[INFO] - [1.26251447e-06 2.16089875e-01 8.08390564e-01 4.90488160e-01
 1.44666385e-05]
[INFO] - maxT = 0.26190
[INFO] - lambda_maxT = 1325.9
[INFO] - FWHM_fit = 59.5
[INFO] - FOM = 0.13050
[INFO] - feature_size = 59.3
[INFO] - Iter: 127
[INFO] - [1.26395094e-06 2.16693123e-01 8.09304845e-01 4.88619441e-01
 1.44509810e-05]
[INFO] - maxT = 0.26115
[INFO] - lambda_maxT = 1325.9
[INFO] - FWHM_fit = 59.9
[INFO] - FOM = 0.13051
[INFO] - feature_size = 58.9
[INFO] - Iter: 128
[INFO] - [1.26105544e-06 2.16763437e-01 8.10393539e-01 4.90236059e-01
 1.44540174e-05]
[INFO] - maxT = 0.26242
[INFO] - lambda_maxT = 1325.9
[INFO] - FWHM_fit = 59.2
[INFO] - FOM = 0.13038
[INFO] - feature_size = 58.6
[INFO] - Iter: 129
[INFO] - [1.26226783e-06 2.16098023e-01 8.08461927e-01 4.90874020e-01
 1.44620514e-05]
[INFO] - maxT = 0.26218
[INFO] - lambda_maxT = 1325.9
[INFO] - FWHM_fit = 59.4
[INFO] - FOM = 0.13053
[INFO] - feature_size = 59.3
[INFO] - Iter: 130
[INFO] - [1.26077069e-06 2.15741706e-01 8.07419080e-01 4.92714520e-01
 1.44989881e-05]
[INFO] - maxT = 0.26420
[INFO] - lambda_maxT = 1324.6
[INFO] - FWHM_fit = 59.0
[INFO] - FOM = 0.13106
[INFO] - feature_size = 59.8
[INFO] - Iter: 131
[INFO] - [1.26442398e-06 2.16747700e-01 8.10040083e-01 4.88014814e-01
 1.44234916e-05]
[INFO] - maxT = 0.26107
[INFO] - lambda_maxT = 1325.9
[INFO] - FWHM_fit = 59.8
[INFO] - FOM = 0.13036
[INFO] - feature_size = 58.6
[INFO] - Iter: 132
[INFO] - [1.26378466e-06 2.16571651e-01 8.09581408e-01 4.88837263e-01
 1.44367035e-05]
[INFO] - maxT = 0.26109
[INFO] - lambda_maxT = 1325.9
[INFO] - FWHM_fit = 59.9
[INFO] - FOM = 0.13053
[INFO] - feature_size = 58.8
[INFO] - Iter: 133
[INFO] - [1.26523092e-06 2.15649255e-01 8.06740771e-01 4.89933757e-01
 1.44615367e-05]
[INFO] - maxT = 0.26268
[INFO] - lambda_maxT = 1325.9
[INFO] - FWHM_fit = 59.2
[INFO] - FOM = 0.13057
[INFO] - feature_size = 59.9
[INFO] - Iter: 134
[INFO] - [1.26485847e-06 2.16146568e-01 8.08083830e-01 4.89459894e-01
 1.44468748e-05]
[INFO] - maxT = 0.26200
[INFO] - lambda_maxT = 1325.9
[INFO] - FWHM_fit = 59.5
[INFO] - FOM = 0.13056
[INFO] - feature_size = 59.4
[INFO] - Iter: 135
[INFO] - [1.26378501e-06 2.15324698e-01 8.06681142e-01 4.91664795e-01
 1.44608900e-05]
[INFO] - maxT = 0.26148
[INFO] - lambda_maxT = 1325.9
[INFO] - FWHM_fit = 59.3
[INFO] - FOM = 0.13009
[INFO] - feature_size = 60.1
[INFO] - Iter: 136
[INFO] - [1.26392191e-06 2.16453649e-01 8.08845697e-01 4.89152378e-01
 1.44527150e-05]
[INFO] - maxT = 0.26123
[INFO] - lambda_maxT = 1325.9
[INFO] - FWHM_fit = 59.9
[INFO] - FOM = 0.13055
[INFO] - feature_size = 59.1
[INFO] - Iter: 137
[INFO] - [1.26612975e-06 2.16062048e-01 8.07677569e-01 4.88721559e-01
 1.44460849e-05]
[INFO] - maxT = 0.26282
[INFO] - lambda_maxT = 1325.9
[INFO] - FWHM_fit = 59.4
[INFO] - FOM = 0.13085
[INFO] - feature_size = 59.5
[INFO] - Iter: 138
[INFO] - [1.26690213e-06 2.16054853e-01 8.07520697e-01 4.88291067e-01
 1.44428916e-05]
[INFO] - maxT = 0.26122
[INFO] - lambda_maxT = 1325.9
[INFO] - FWHM_fit = 59.7
[INFO] - FOM = 0.13037
[INFO] - feature_size = 59.5
[INFO] - Iter: 139
[INFO] - [1.26555096e-06 2.15384580e-01 8.05796552e-01 4.90712035e-01
 1.44751855e-05]
[INFO] - maxT = 0.26158
[INFO] - lambda_maxT = 1325.9
[INFO] - FWHM_fit = 59.5
[INFO] - FOM = 0.13024
[INFO] - feature_size = 60.3
[INFO] - Iter: 140
[INFO] - [1.26409376e-06 2.16363913e-01 8.08919058e-01 4.89165348e-01
 1.44434378e-05]
[INFO] - maxT = 0.26201
[INFO] - lambda_maxT = 1325.9
[INFO] - FWHM_fit = 59.7
[INFO] - FOM = 0.13073
[INFO] - feature_size = 59.1
[INFO] - Iter: 141
[INFO] - [1.26548245e-06 2.15466688e-01 8.06561607e-01 4.90402108e-01
 1.44554630e-05]
[INFO] - maxT = 0.26174
[INFO] - lambda_maxT = 1325.9
[INFO] - FWHM_fit = 59.3
[INFO] - FOM = 0.13015
[INFO] - feature_size = 60.0
[INFO] - Iter: 142
[INFO] - [1.26419500e-06 2.16280931e-01 8.08445981e-01 4.89371080e-01
 1.44531959e-05]
[INFO] - maxT = 0.26146
[INFO] - lambda_maxT = 1325.9
[INFO] - FWHM_fit = 59.7
[INFO] - FOM = 0.13046
[INFO] - feature_size = 59.3
[INFO] - Iter: 143
[INFO] - [1.26378435e-06 2.15675655e-01 8.07213140e-01 4.91028837e-01
 1.44672257e-05]
[INFO] - maxT = 0.26216
[INFO] - lambda_maxT = 1325.9
[INFO] - FWHM_fit = 59.5
[INFO] - FOM = 0.13055
[INFO] - feature_size = 59.8
[INFO] - Iter: 144
[INFO] - [1.26450096e-06 2.16303540e-01 8.08670760e-01 4.89076590e-01
 1.44439673e-05]
[INFO] - maxT = 0.26215
[INFO] - lambda_maxT = 1325.9
[INFO] - FWHM_fit = 59.6
[INFO] - FOM = 0.13072
[INFO] - feature_size = 59.2
[INFO] - Iter: 145
[INFO] - [1.26541069e-06 2.15731814e-01 8.06928131e-01 4.89691317e-01
 1.44584463e-05]
[INFO] - maxT = 0.26248
[INFO] - lambda_maxT = 1325.9
[INFO] - FWHM_fit = 59.3
[INFO] - FOM = 0.13059
[INFO] - feature_size = 59.8
[INFO] - Iter: 146
[INFO] - [1.26511273e-06 2.16129664e-01 8.08002578e-01 4.89312227e-01
 1.44467169e-05]
[INFO] - maxT = 0.26168
[INFO] - lambda_maxT = 1325.9
[INFO] - FWHM_fit = 59.5
[INFO] - FOM = 0.13039
[INFO] - feature_size = 59.4
[INFO] - Iter: 147
[INFO] - [1.26436347e-06 2.16375329e-01 8.08612071e-01 4.89066214e-01
 1.44513890e-05]
[INFO] - maxT = 0.26167
[INFO] - lambda_maxT = 1325.9
[INFO] - FWHM_fit = 59.7
[INFO] - FOM = 0.13058
[INFO] - feature_size = 59.2
[INFO] - Iter: 148
[INFO] - [1.26456296e-06 2.15929690e-01 8.07638091e-01 4.89721580e-01
 1.44601284e-05]
[INFO] - maxT = 0.26187
[INFO] - lambda_maxT = 1325.9
[INFO] - FWHM_fit = 59.7
[INFO] - FOM = 0.13055
[INFO] - feature_size = 59.6
[INFO] - Iter: 149
[INFO] - [1.26465917e-06 2.15964686e-01 8.07701876e-01 4.89649943e-01
 1.44577814e-05]
[INFO] - maxT = 0.26233
[INFO] - lambda_maxT = 1325.9
[INFO] - FWHM_fit = 59.6
[INFO] - FOM = 0.13075
[INFO] - feature_size = 59.5
[INFO] - Iter: 150
[INFO] - [1.26624126e-06 2.16499312e-01 8.08623023e-01 4.87453413e-01
 1.44358419e-05]
[INFO] - maxT = 0.26182
[INFO] - lambda_maxT = 1325.9
[INFO] - FWHM_fit = 59.8
[INFO] - FOM = 0.13068
[INFO] - feature_size = 59.1
[INFO] - Iter: 151
[INFO] - [1.26641325e-06 2.15849231e-01 8.07228472e-01 4.88770915e-01
 1.44454597e-05]
[INFO] - maxT = 0.26219
[INFO] - lambda_maxT = 1325.9
[INFO] - FWHM_fit = 59.6
[INFO] - FOM = 0.13071
[INFO] - feature_size = 59.7
[INFO] - Iter: 152
[INFO] - [1.26576707e-06 2.16539713e-01 8.09032549e-01 4.87777651e-01
 1.44332077e-05]
[INFO] - maxT = 0.26170
[INFO] - lambda_maxT = 1325.9
[INFO] - FWHM_fit = 59.7
[INFO] - FOM = 0.13059
[INFO] - feature_size = 59.0
[INFO] - Iter: 153
[INFO] - [1.26547305e-06 2.15873196e-01 8.07296404e-01 4.89356426e-01
 1.44540296e-05]
[INFO] - maxT = 0.26235
[INFO] - lambda_maxT = 1325.9
[INFO] - FWHM_fit = 59.5
[INFO] - FOM = 0.13063
[INFO] - feature_size = 59.7
[INFO] - Iter: 154
[INFO] - [1.26570470e-06 2.16398331e-01 8.08664276e-01 4.88112542e-01
 1.44376245e-05]
[INFO] - maxT = 0.26254
[INFO] - lambda_maxT = 1325.9
[INFO] - FWHM_fit = 59.5
[INFO] - FOM = 0.13081
[INFO] - feature_size = 59.1
[INFO] - Iter: 155
[INFO] - [1.26472187e-06 2.15731823e-01 8.07354159e-01 4.90279207e-01
 1.44565252e-05]
[INFO] - maxT = 0.26241
[INFO] - lambda_maxT = 1325.9
[INFO] - FWHM_fit = 59.3
[INFO] - FOM = 0.13054
[INFO] - feature_size = 59.7
[INFO] - Iter: 156
[INFO] - [1.26597537e-06 2.16365001e-01 8.08400971e-01 4.87947927e-01
 1.44394615e-05]
[INFO] - maxT = 0.26255
[INFO] - lambda_maxT = 1325.9
[INFO] - FWHM_fit = 59.4
[INFO] - FOM = 0.13075
[INFO] - feature_size = 59.2
[INFO] - Iter: 157
[INFO] - [1.26437472e-06 2.16588212e-01 8.09217709e-01 4.88632510e-01
 1.44445081e-05]
[INFO] - maxT = 0.26145
[INFO] - lambda_maxT = 1325.9
[INFO] - FWHM_fit = 59.8
[INFO] - FOM = 0.13053
[INFO] - feature_size = 58.9
[INFO] - Iter: 158
[INFO] - [1.26605651e-06 2.15978553e-01 8.07576588e-01 4.88746694e-01
 1.44452932e-05]
[INFO] - maxT = 0.26256
[INFO] - lambda_maxT = 1325.9
[INFO] - FWHM_fit = 59.4
[INFO] - FOM = 0.13076
[INFO] - feature_size = 59.5
[INFO] - Iter: 159
[INFO] - [1.26690924e-06 2.16003907e-01 8.07337752e-01 4.88194876e-01
 1.44465310e-05]
[INFO] - maxT = 0.26168
[INFO] - lambda_maxT = 1325.9
[INFO] - FWHM_fit = 59.7
[INFO] - FOM = 0.13062
[INFO] - feature_size = 59.6
[INFO] - Iter: 160
[INFO] - [1.26492241e-06 2.16251105e-01 8.08437484e-01 4.88922290e-01
 1.44444159e-05]
[INFO] - maxT = 0.26203
[INFO] - lambda_maxT = 1325.9
[INFO] - FWHM_fit = 59.7
[INFO] - FOM = 0.13071
[INFO] - feature_size = 59.2
[INFO] - Iter: 161
[INFO] - [1.26578971e-06 2.16331074e-01 8.08466934e-01 4.88234346e-01
 1.44393166e-05]
[INFO] - maxT = 0.26211
[INFO] - lambda_maxT = 1325.9
[INFO] - FWHM_fit = 59.5
[INFO] - FOM = 0.13062
[INFO] - feature_size = 59.2
[INFO] - Iter: 162
[INFO] - [1.26607116e-06 2.15995252e-01 8.07596784e-01 4.88741667e-01
 1.44454515e-05]
[INFO] - maxT = 0.26253
[INFO] - lambda_maxT = 1325.9
[INFO] - FWHM_fit = 59.4
[INFO] - FOM = 0.13074
[INFO] - feature_size = 59.5
[INFO] - Iter: 163
[INFO] - [1.26600625e-06 2.16304411e-01 8.08256291e-01 4.88102653e-01
 1.44407862e-05]
[INFO] - maxT = 0.26215
[INFO] - lambda_maxT = 1325.9
[INFO] - FWHM_fit = 59.7
[INFO] - FOM = 0.13077
[INFO] - feature_size = 59.2
[INFO] - Iter: 164
[INFO] - [1.26495328e-06 2.15984158e-01 8.07697015e-01 4.89464266e-01
 1.44554421e-05]
[INFO] - maxT = 0.26247
[INFO] - lambda_maxT = 1325.9
[INFO] - FWHM_fit = 59.4
[INFO] - FOM = 0.13069
[INFO] - feature_size = 59.5
[INFO] - Iter: 165
[INFO] - [1.26482672e-06 2.16255242e-01 8.08472122e-01 4.89005584e-01
 1.44443908e-05]
[INFO] - maxT = 0.26199
[INFO] - lambda_maxT = 1325.9
[INFO] - FWHM_fit = 59.6
[INFO] - FOM = 0.13062
[INFO] - feature_size = 59.2
[INFO] - Iter: 166
[INFO] - [1.26540515e-06 2.15909370e-01 8.07412978e-01 4.89379946e-01
 1.44535456e-05]
[INFO] - maxT = 0.26255
[INFO] - lambda_maxT = 1325.9
[INFO] - FWHM_fit = 59.4
[INFO] - FOM = 0.13063
[INFO] - feature_size = 59.6
[INFO] - Iter: 167
[INFO] - [1.26659952e-06 2.15846854e-01 8.06984133e-01 4.88758453e-01
 1.44521334e-05]
[INFO] - maxT = 0.26254
[INFO] - lambda_maxT = 1325.9
[INFO] - FWHM_fit = 59.6
[INFO] - FOM = 0.13092
[INFO] - feature_size = 59.7
[INFO] - Iter: 168
[INFO] - [1.26695408e-06 2.15765176e-01 8.06686535e-01 4.88709027e-01
 1.44536819e-05]
[INFO] - maxT = 0.26206
[INFO] - lambda_maxT = 1325.9
[INFO] - FWHM_fit = 59.6
[INFO] - FOM = 0.13066
[INFO] - feature_size = 59.8
[INFO] - Iter: 169
[INFO] - [1.26649883e-06 2.16167719e-01 8.07871739e-01 4.88135493e-01
 1.44424136e-05]
[INFO] - maxT = 0.26172
[INFO] - lambda_maxT = 1325.9
[INFO] - FWHM_fit = 59.7
[INFO] - FOM = 0.13056
[INFO] - feature_size = 59.4
[INFO] - Iter: 170
[INFO] - [1.26559654e-06 2.15954581e-01 8.07493261e-01 4.89162167e-01
 1.44515975e-05]
[INFO] - maxT = 0.26236
[INFO] - lambda_maxT = 1325.9
[INFO] - FWHM_fit = 59.4
[INFO] - FOM = 0.13060
[INFO] - feature_size = 59.6
[INFO] - Iter: 171
[INFO] - [1.26622370e-06 2.16019009e-01 8.07538882e-01 4.88728938e-01
 1.44472946e-05]
[INFO] - maxT = 0.26225
[INFO] - lambda_maxT = 1325.9
[INFO] - FWHM_fit = 59.4
[INFO] - FOM = 0.13061
[INFO] - feature_size = 59.6
[INFO] - Iter: 172
[INFO] - [1.26612490e-06 2.16212899e-01 8.08001859e-01 4.88233813e-01
 1.44430556e-05]
[INFO] - maxT = 0.26209
[INFO] - lambda_maxT = 1325.9
[INFO] - FWHM_fit = 59.6
[INFO] - FOM = 0.13064
[INFO] - feature_size = 59.3
[INFO] - Iter: 173
[INFO] - [1.26617683e-06 2.15965572e-01 8.07474254e-01 4.88745024e-01
 1.44467879e-05]
[INFO] - maxT = 0.26229
[INFO] - lambda_maxT = 1325.9
[INFO] - FWHM_fit = 59.5
[INFO] - FOM = 0.13069
[INFO] - feature_size = 59.6
[INFO] - Iter: 174
[INFO] - [1.26528253e-06 2.15956697e-01 8.07554438e-01 4.89323104e-01
 1.44547804e-05]
[INFO] - maxT = 0.26247
[INFO] - lambda_maxT = 1325.9
[INFO] - FWHM_fit = 59.4
[INFO] - FOM = 0.13069
[INFO] - feature_size = 59.6
[INFO] - Iter: 175
[INFO] - [1.26564402e-06 2.15896867e-01 8.07327209e-01 4.89255648e-01
 1.44532632e-05]
[INFO] - maxT = 0.26248
[INFO] - lambda_maxT = 1325.9
[INFO] - FWHM_fit = 59.5
[INFO] - FOM = 0.13069
[INFO] - feature_size = 59.7
[INFO] - Iter: 176
[INFO] - [1.26570742e-06 2.15932546e-01 8.07397876e-01 4.88997479e-01
 1.44527136e-05]
[INFO] - maxT = 0.26289
[INFO] - lambda_maxT = 1325.9
[INFO] - FWHM_fit = 59.4
[INFO] - FOM = 0.13087
[INFO] - feature_size = 59.6
[INFO] - Iter: 177
[INFO] - [1.26563923e-06 2.15626515e-01 8.06693305e-01 4.89798070e-01
 1.44608157e-05]
[INFO] - maxT = 0.26263
[INFO] - lambda_maxT = 1325.9
[INFO] - FWHM_fit = 59.3
[INFO] - FOM = 0.13059
[INFO] - feature_size = 59.9
[INFO] - Iter: 178
[INFO] - [1.26603991e-06 2.16110282e-01 8.07772862e-01 4.88507558e-01
 1.44461636e-05]
[INFO] - maxT = 0.26209
[INFO] - lambda_maxT = 1325.9
[INFO] - FWHM_fit = 59.5
[INFO] - FOM = 0.13062
[INFO] - feature_size = 59.4
[INFO] - Iter: 179
[INFO] - [1.26588584e-06 2.15915408e-01 8.07315127e-01 4.88949673e-01
 1.44525975e-05]
[INFO] - maxT = 0.26259
[INFO] - lambda_maxT = 1325.9
[INFO] - FWHM_fit = 59.5
[INFO] - FOM = 0.13077
[INFO] - feature_size = 59.6
[INFO] - Iter: 180
[INFO] - [1.26583512e-06 2.15886864e-01 8.07258594e-01 4.89156209e-01
 1.44530372e-05]
[INFO] - maxT = 0.26278
[INFO] - lambda_maxT = 1325.9
[INFO] - FWHM_fit = 59.4
[INFO] - FOM = 0.13081
[INFO] - feature_size = 59.7
[INFO] - Iter: 181
[INFO] - [1.26554593e-06 2.15934728e-01 8.07440377e-01 4.89210173e-01
 1.44542510e-05]
[INFO] - maxT = 0.26247
[INFO] - lambda_maxT = 1325.9
[INFO] - FWHM_fit = 59.5
[INFO] - FOM = 0.13071
[INFO] - feature_size = 59.6
[INFO] - Iter: 182
[INFO] - [1.26626137e-06 2.15941828e-01 8.07376230e-01 4.88747710e-01
 1.44478570e-05]
[INFO] - maxT = 0.26239
[INFO] - lambda_maxT = 1325.9
[INFO] - FWHM_fit = 59.5
[INFO] - FOM = 0.13070
[INFO] - feature_size = 59.6
[INFO] - Iter: 183
[INFO] - [1.26621982e-06 2.16139690e-01 8.07798314e-01 4.88338741e-01
 1.44448712e-05]
[INFO] - maxT = 0.26197
[INFO] - lambda_maxT = 1325.9
[INFO] - FWHM_fit = 59.5
[INFO] - FOM = 0.13053
[INFO] - feature_size = 59.4
[INFO] - Iter: 184
[INFO] - [1.26583129e-06 2.15670583e-01 8.06751470e-01 4.89590146e-01
 1.44590793e-05]
[INFO] - maxT = 0.26231
[INFO] - lambda_maxT = 1325.9
[INFO] - FWHM_fit = 59.5
[INFO] - FOM = 0.13063
[INFO] - feature_size = 59.9
[INFO] - Iter: 185
[INFO] - [1.26589928e-06 2.15752677e-01 8.06934668e-01 4.89371150e-01
 1.44565929e-05]
[INFO] - maxT = 0.26259
[INFO] - lambda_maxT = 1325.9
[INFO] - FWHM_fit = 59.4
[INFO] - FOM = 0.13071
[INFO] - feature_size = 59.8
[INFO] - Iter: 186
[INFO] - [1.26564491e-06 2.15792784e-01 8.06996930e-01 4.89430554e-01
 1.44595878e-05]
[INFO] - maxT = 0.26276
[INFO] - lambda_maxT = 1325.9
[INFO] - FWHM_fit = 59.4
[INFO] - FOM = 0.13076
[INFO] - feature_size = 59.8
[INFO] - Iter: 187
[INFO] - [1.26639994e-06 2.15743106e-01 8.06755403e-01 4.89056242e-01
 1.44553285e-05]
[INFO] - maxT = 0.26203
[INFO] - lambda_maxT = 1325.9
[INFO] - FWHM_fit = 59.5
[INFO] - FOM = 0.13052
[INFO] - feature_size = 59.8
[INFO] - Iter: 188
[INFO] - [1.26569538e-06 2.15901194e-01 8.07320507e-01 4.89183235e-01
 1.44544395e-05]
[INFO] - maxT = 0.26248
[INFO] - lambda_maxT = 1325.9
[INFO] - FWHM_fit = 59.5
[INFO] - FOM = 0.13072
[INFO] - feature_size = 59.6
[INFO] - Iter: 189
[INFO] - [1.26596503e-06 2.15984565e-01 8.07415448e-01 4.88820099e-01
 1.44521253e-05]
[INFO] - maxT = 0.26236
[INFO] - lambda_maxT = 1325.9
[INFO] - FWHM_fit = 59.5
[INFO] - FOM = 0.13067
[INFO] - feature_size = 59.6
[INFO] - Iter: 190
[INFO] - [1.26591079e-06 2.15793257e-01 8.07018804e-01 4.89274716e-01
 1.44558110e-05]
[INFO] - maxT = 0.26258
[INFO] - lambda_maxT = 1325.9
[INFO] - FWHM_fit = 59.4
[INFO] - FOM = 0.13067
[INFO] - feature_size = 59.8
[INFO] - Iter: 191
[INFO] - [1.26598800e-06 2.15878862e-01 8.07203701e-01 4.89076657e-01
 1.44528565e-05]
[INFO] - maxT = 0.26226
[INFO] - lambda_maxT = 1325.9
[INFO] - FWHM_fit = 59.4
[INFO] - FOM = 0.13058
[INFO] - feature_size = 59.7
[INFO] - Iter: 192
[INFO] - [1.26602857e-06 2.15901697e-01 8.07248928e-01 4.88911429e-01
 1.44525047e-05]
[INFO] - maxT = 0.26265
[INFO] - lambda_maxT = 1325.9
[INFO] - FWHM_fit = 59.4
[INFO] - FOM = 0.13073
[INFO] - feature_size = 59.7
[INFO] - Iter: 193
[INFO] - [1.26583583e-06 2.15803598e-01 8.06994370e-01 4.89296133e-01
 1.44580969e-05]
[INFO] - maxT = 0.26241
[INFO] - lambda_maxT = 1325.9
[INFO] - FWHM_fit = 59.5
[INFO] - FOM = 0.13067
[INFO] - feature_size = 59.8
[INFO] - Iter: 194
[INFO] - [1.26587621e-06 2.15890326e-01 8.07253232e-01 4.89098279e-01
 1.44539783e-05]
[INFO] - maxT = 0.26259
[INFO] - lambda_maxT = 1325.9
[INFO] - FWHM_fit = 59.4
[INFO] - FOM = 0.13068
[INFO] - feature_size = 59.7
[INFO] - Iter: 195
[INFO] - [1.26603933e-06 2.15771512e-01 8.06944561e-01 4.89248611e-01
 1.44557010e-05]
[INFO] - maxT = 0.26283
[INFO] - lambda_maxT = 1325.9
[INFO] - FWHM_fit = 59.4
[INFO] - FOM = 0.13084
[INFO] - feature_size = 59.8
[INFO] - Iter: 196
[INFO] - [1.26616378e-06 2.15806733e-01 8.06966388e-01 4.89048505e-01
 1.44561092e-05]
[INFO] - maxT = 0.26279
[INFO] - lambda_maxT = 1325.9
[INFO] - FWHM_fit = 59.4
[INFO] - FOM = 0.13078
[INFO] - feature_size = 59.8
[INFO] - Iter: 197
[INFO] - [1.26644714e-06 2.15883251e-01 8.07164527e-01 4.88729977e-01
 1.44500737e-05]
[INFO] - maxT = 0.26246
[INFO] - lambda_maxT = 1325.9
[INFO] - FWHM_fit = 59.4
[INFO] - FOM = 0.13065
[INFO] - feature_size = 59.7
[INFO] - Iter: 198
[INFO] - [1.26594281e-06 2.15817537e-01 8.07024148e-01 4.89197056e-01
 1.44566928e-05]
[INFO] - maxT = 0.26252
[INFO] - lambda_maxT = 1325.9
[INFO] - FWHM_fit = 59.5
[INFO] - FOM = 0.13069
[INFO] - feature_size = 59.8
[INFO] - Iter: 199
[INFO] - [1.26643340e-06 2.15767406e-01 8.06814031e-01 4.88967343e-01
 1.44552781e-05]
[INFO] - maxT = 0.26225
[INFO] - lambda_maxT = 1325.9
[INFO] - FWHM_fit = 59.5
[INFO] - FOM = 0.13060
[INFO] - feature_size = 59.8
[INFO] - Iter: 200
[INFO] - [1.26597372e-06 2.15868815e-01 8.07176372e-01 4.89075365e-01
 1.44542058e-05]
[INFO] - maxT = 0.26256
[INFO] - lambda_maxT = 1325.9
[INFO] - FWHM_fit = 59.3
[INFO] - FOM = 0.13060
[INFO] - feature_size = 59.7
[INFO] - Iter: 201
[INFO] - [1.26615137e-06 2.15786580e-01 8.06952475e-01 4.89150579e-01
 1.44549874e-05]
[INFO] - maxT = 0.26257
[INFO] - lambda_maxT = 1325.9
[INFO] - FWHM_fit = 59.5
[INFO] - FOM = 0.13078
[INFO] - feature_size = 59.8
[INFO] - Iter: 202
[INFO] - [1.26625093e-06 2.15814757e-01 8.06969937e-01 4.88990494e-01
 1.44553141e-05]
[INFO] - maxT = 0.26271
[INFO] - lambda_maxT = 1325.9
[INFO] - FWHM_fit = 59.4
[INFO] - FOM = 0.13077
[INFO] - feature_size = 59.8
[INFO] - Iter: 203
[INFO] - [1.26614276e-06 2.15890728e-01 8.07195969e-01 4.88880834e-01
 1.44524304e-05]
[INFO] - maxT = 0.26241
[INFO] - lambda_maxT = 1325.9
[INFO] - FWHM_fit = 59.5
[INFO] - FOM = 0.13075
[INFO] - feature_size = 59.7
[INFO] - Iter: 204
[INFO] - [1.26607415e-06 2.15823400e-01 8.07016145e-01 4.89109335e-01
 1.44557810e-05]
[INFO] - maxT = 0.26243
[INFO] - lambda_maxT = 1325.9
[INFO] - FWHM_fit = 59.5
[INFO] - FOM = 0.13074
[INFO] - feature_size = 59.8
[INFO] - Iter: 205
[INFO] - [1.26602087e-06 2.15881632e-01 8.07199412e-01 4.89030314e-01
 1.44536093e-05]
[INFO] - maxT = 0.26240
[INFO] - lambda_maxT = 1325.9
[INFO] - FWHM_fit = 59.4
[INFO] - FOM = 0.13062
[INFO] - feature_size = 59.7
[INFO] - Iter: 206
[INFO] - [1.26646662e-06 2.15783296e-01 8.06848052e-01 4.88925565e-01
 1.44546492e-05]
[INFO] - maxT = 0.26199
[INFO] - lambda_maxT = 1325.9
[INFO] - FWHM_fit = 59.6
[INFO] - FOM = 0.13063
[INFO] - feature_size = 59.8
[INFO] - Iter: 207
[INFO] - [1.26638861e-06 2.15800505e-01 8.06909540e-01 4.88943896e-01
 1.44544672e-05]
[INFO] - maxT = 0.26203
[INFO] - lambda_maxT = 1325.9
[INFO] - FWHM_fit = 59.5
[INFO] - FOM = 0.13054
[INFO] - feature_size = 59.8
[INFO] - Iter: 208
[INFO] - [1.26624100e-06 2.15798635e-01 8.06958807e-01 4.89072154e-01
 1.44544166e-05]
[INFO] - maxT = 0.26237
[INFO] - lambda_maxT = 1325.9
[INFO] - FWHM_fit = 59.5
[INFO] - FOM = 0.13069
[INFO] - feature_size = 59.8
[INFO] - Iter: 209
[INFO] - [1.26632065e-06 2.15821176e-01 8.06972776e-01 4.88944086e-01
 1.44546779e-05]
[INFO] - maxT = 0.26204
[INFO] - lambda_maxT = 1325.9
[INFO] - FWHM_fit = 59.6
[INFO] - FOM = 0.13060
[INFO] - feature_size = 59.8
[INFO] - Iter: 210
[INFO] - [1.26623411e-06 2.15881953e-01 8.07153602e-01 4.88856358e-01
 1.44523710e-05]
[INFO] - maxT = 0.26236
[INFO] - lambda_maxT = 1325.9
[INFO] - FWHM_fit = 59.5
[INFO] - FOM = 0.13067
[INFO] - feature_size = 59.7
[INFO] - Iter: 211
[INFO] - [1.26617922e-06 2.15828091e-01 8.07009742e-01 4.89039159e-01
 1.44550514e-05]
[INFO] - maxT = 0.26260
[INFO] - lambda_maxT = 1325.9
[INFO] - FWHM_fit = 59.4
[INFO] - FOM = 0.13077
[INFO] - feature_size = 59.8
[INFO] - Iter: 212
[INFO] - [1.26613660e-06 2.15874676e-01 8.07156356e-01 4.88975942e-01
 1.44533141e-05]
[INFO] - maxT = 0.26235
[INFO] - lambda_maxT = 1325.9
[INFO] - FWHM_fit = 59.4
[INFO] - FOM = 0.13065
[INFO] - feature_size = 59.7
[INFO] - Iter: 213
[INFO] - [1.26623553e-06 2.15870907e-01 8.07132280e-01 4.88936740e-01
 1.44522367e-05]
[INFO] - maxT = 0.26268
[INFO] - lambda_maxT = 1325.9
[INFO] - FWHM_fit = 59.4
[INFO] - FOM = 0.13078
[INFO] - feature_size = 59.7
[INFO] - Iter: 214
[INFO] - [1.26645916e-06 2.15815900e-01 8.06939069e-01 4.88889204e-01
 1.44531695e-05]
[INFO] - maxT = 0.26204
[INFO] - lambda_maxT = 1325.9
[INFO] - FWHM_fit = 59.6
[INFO] - FOM = 0.13063
[INFO] - feature_size = 59.8
[INFO] - Iter: 215
[INFO] - [1.26619305e-06 2.15864390e-01 8.07118331e-01 4.88960762e-01
 1.44532888e-05]
[INFO] - maxT = 0.26258
[INFO] - lambda_maxT = 1325.9
[INFO] - FWHM_fit = 59.4
[INFO] - FOM = 0.13070
[INFO] - feature_size = 59.7
[INFO] - Iter: 216
[INFO] - [1.26634521e-06 2.15801598e-01 8.06927715e-01 4.89050549e-01
 1.44544798e-05]
[INFO] - maxT = 0.26225
[INFO] - lambda_maxT = 1325.9
[INFO] - FWHM_fit = 59.5
[INFO] - FOM = 0.13059
[INFO] - feature_size = 59.8
[INFO] - Iter: 217
[INFO] - [1.26625356e-06 2.15867891e-01 8.07114072e-01 4.88890341e-01
 1.44527401e-05]
[INFO] - maxT = 0.26261
[INFO] - lambda_maxT = 1325.9
[INFO] - FWHM_fit = 59.4
[INFO] - FOM = 0.13076
[INFO] - feature_size = 59.7
[INFO] - Final Parameter: 
[INFO] - [1.26659952e-06 2.15846854e-01 8.06984133e-01 4.88758453e-01
 1.44521334e-05]
[INFO] - Work done: c:\Users\QDG-WS3\Desktop\QDG_Tim\230823_lumapi_try\4cb4\4cb4_1326.0_bw=60.0
