[INFO] - Start loading work: c:\Users\quant\Desktop\QDG_Tim\230823_lumapi_try\38b2\38b2_1326.0_bw=40.0
[INFO] - lambda_0 = 1326.0 nm
[INFO] - FWHM = 40.0 nm
[INFO] - FOM_typ = square
[INFO] - MIN_FEATURE_SIZE = 4e-08
[INFO] - N = 9
[INFO] - NH = 2
[INFO] - NL = 2
[INFO] - SOURCE_typ = gaussian_released
[INFO] - alpha = 0.0
[INFO] - grating_typ = apodized_subw_grating
[INFO] - logger = <Logger c:\Users\quant\Desktop\QDG_Tim\230823_lumapi_try\38b2\38b2.log (INFO)>
[INFO] - maxiter = 100
[INFO] - paras_init = 4e25
[INFO] - penalty = [[0.01, 1e-08], [0.02, 1e-07]]
[INFO] - plot = False
[INFO] - start_radius = 1.2e-05
[INFO] - taper_angle = 24
[INFO] - Iter: 0
[INFO] - [1.10000000e-06 1.10000000e-06 1.31201037e-01 1.31201037e-01
 8.63543525e-01 8.63543525e-01 5.55493635e-01 5.55493635e-01
 1.57454514e-05]
[INFO] - maxT = 0.01798
[INFO] - lambda_maxT = 1345.4
[INFO] - FWHM_fit = 157.0
[INFO] - FOM = 0.01140
[INFO] - feature_size = 32.1
[INFO] - Iter: 1
[INFO] - [1.10000000e-06 1.10000000e-06 1.31201037e-01 1.31201037e-01
 8.63543525e-01 8.63543525e-01 5.55493635e-01 5.55493635e-01
 1.57454514e-05]
[INFO] - maxT = 0.01798
[INFO] - lambda_maxT = 1345.4
[INFO] - FWHM_fit = 157.0
[INFO] - FOM = 0.01140
[INFO] - feature_size = 32.1
[INFO] - Start loading work: c:\Users\quant\Desktop\QDG_Tim\230823_lumapi_try\38b2\38b2_1326.0_bw=40.0
[INFO] - lambda_0 = 1326.0 nm
[INFO] - FWHM = 40.0 nm
[INFO] - FOM_typ = square
[INFO] - MIN_FEATURE_SIZE = 4e-08
[INFO] - N = 9
[INFO] - NH = 2
[INFO] - NL = 2
[INFO] - SOURCE_typ = gaussian_released
[INFO] - alpha = 0.0
[INFO] - grating_typ = apodized_subw_grating
[INFO] - logger = <Logger c:\Users\quant\Desktop\QDG_Tim\230823_lumapi_try\38b2\38b2.log (INFO)>
[INFO] - maxiter = 100
[INFO] - paras_init = 4e25
[INFO] - penalty = [[0.01, 1e-08], [0.02, 1e-07]]
[INFO] - plot = False
[INFO] - start_radius = 1.2e-05
[INFO] - taper_angle = 24
[INFO] - Iter: 0
[INFO] - [1.37584234e-06 1.37584234e-06 1.31201037e-01 1.31201037e-01
 8.63543525e-01 8.63543525e-01 5.55493635e-01 5.55493635e-01
 1.57454514e-05]
[INFO] - maxT = 0.01798
[INFO] - lambda_maxT = 1345.4
[INFO] - FWHM_fit = 157.0
[INFO] - FOM = 0.01140
[INFO] - feature_size = 40.1
[INFO] - Iter: 1
[INFO] - [1.44463445e-06 1.37584234e-06 1.31201037e-01 1.31201037e-01
 8.63543525e-01 8.63543525e-01 5.55493635e-01 5.55493635e-01
 1.57454514e-05]
[INFO] - maxT = 0.01798
[INFO] - lambda_maxT = 1345.4
[INFO] - FWHM_fit = 157.0
[INFO] - FOM = 0.01140
[INFO] - feature_size = 40.1
[INFO] - Iter: 2
[INFO] - [1.37584234e-06 1.44463445e-06 1.31201037e-01 1.31201037e-01
 8.63543525e-01 8.63543525e-01 5.55493635e-01 5.55493635e-01
 1.57454514e-05]
[INFO] - maxT = 0.01798
[INFO] - lambda_maxT = 1345.4
[INFO] - FWHM_fit = 157.0
[INFO] - FOM = 0.01140
[INFO] - feature_size = 40.1
[INFO] - Iter: 3
[INFO] - [1.37584234e-06 1.37584234e-06 1.37761089e-01 1.31201037e-01
 8.63543525e-01 8.63543525e-01 5.55493635e-01 5.55493635e-01
 1.57454514e-05]
[INFO] - maxT = 0.01798
[INFO] - lambda_maxT = 1345.4
[INFO] - FWHM_fit = 157.0
[INFO] - FOM = 0.01140
[INFO] - feature_size = 40.1
[INFO] - Iter: 4
[INFO] - [1.37584234e-06 1.37584234e-06 1.31201037e-01 1.37761089e-01
 8.63543525e-01 8.63543525e-01 5.55493635e-01 5.55493635e-01
 1.57454514e-05]
[INFO] - maxT = 0.01798
[INFO] - lambda_maxT = 1345.4
[INFO] - FWHM_fit = 157.0
[INFO] - FOM = 0.01140
[INFO] - feature_size = 40.1
[INFO] - Iter: 5
[INFO] - [1.37584234e-06 1.37584234e-06 1.31201037e-01 1.31201037e-01
 9.06720702e-01 8.63543525e-01 5.55493635e-01 5.55493635e-01
 1.57454514e-05]
[INFO] - maxT = 0.01798
[INFO] - lambda_maxT = 1345.4
[INFO] - FWHM_fit = 157.0
[INFO] - FOM = 0.01140
[INFO] - feature_size = 35.6
[INFO] - Iter: 6
[INFO] - [1.37584234e-06 1.37584234e-06 1.31201037e-01 1.31201037e-01
 8.63543525e-01 9.06720702e-01 5.55493635e-01 5.55493635e-01
 1.57454514e-05]
[INFO] - maxT = 0.01798
[INFO] - lambda_maxT = 1345.4
[INFO] - FWHM_fit = 157.0
[INFO] - FOM = 0.01140
[INFO] - feature_size = 35.6
[INFO] - Iter: 7
[INFO] - [1.37584234e-06 1.37584234e-06 1.31201037e-01 1.31201037e-01
 8.63543525e-01 8.63543525e-01 5.83268316e-01 5.55493635e-01
 1.57454514e-05]
[INFO] - maxT = 0.01798
[INFO] - lambda_maxT = 1345.4
[INFO] - FWHM_fit = 157.0
[INFO] - FOM = 0.01140
[INFO] - feature_size = 37.6
[INFO] - Iter: 8
[INFO] - [1.37584234e-06 1.37584234e-06 1.31201037e-01 1.31201037e-01
 8.63543525e-01 8.63543525e-01 5.55493635e-01 5.83268316e-01
 1.57454514e-05]
[INFO] - maxT = 0.01798
[INFO] - lambda_maxT = 1345.4
[INFO] - FWHM_fit = 157.0
[INFO] - FOM = 0.01140
[INFO] - feature_size = 37.6
[INFO] - Iter: 9
[INFO] - [1.37584234e-06 1.37584234e-06 1.31201037e-01 1.31201037e-01
 8.63543525e-01 8.63543525e-01 5.55493635e-01 5.55493635e-01
 1.65327239e-05]
[INFO] - maxT = 0.01420
[INFO] - lambda_maxT = 1346.8
[INFO] - FWHM_fit = 155.2
[INFO] - FOM = 0.00899
[INFO] - feature_size = 40.1
[INFO] - Iter: 10
[INFO] - [1.39112947e-06 1.39112947e-06 1.32658827e-01 1.32658827e-01
 8.73138453e-01 8.20366349e-01 5.61665786e-01 5.61665786e-01
 1.59204008e-05]
[INFO] - maxT = 0.01713
[INFO] - lambda_maxT = 1345.4
[INFO] - FWHM_fit = 156.7
[INFO] - FOM = 0.01087
[INFO] - feature_size = 40.4
[INFO] - Iter: 11
[INFO] - [1.39452662e-06 1.39452662e-06 1.32982780e-01 1.32982780e-01
 8.22498555e-01 8.53948597e-01 5.63037375e-01 5.63037375e-01
 1.59592785e-05]
[INFO] - maxT = 0.01695
[INFO] - lambda_maxT = 1345.4
[INFO] - FWHM_fit = 156.6
[INFO] - FOM = 0.01075
[INFO] - feature_size = 40.5
[INFO] - Iter: 12
[INFO] - [1.39867868e-06 1.39867868e-06 1.33378723e-01 1.33378723e-01
 8.56554627e-01 8.51816391e-01 5.64713762e-01 5.30766929e-01
 1.60067956e-05]
[INFO] - maxT = 0.01672
[INFO] - lambda_maxT = 1345.4
[INFO] - FWHM_fit = 156.5
[INFO] - FOM = 0.01061
[INFO] - feature_size = 40.6
[INFO] - Iter: 13
[INFO] - [1.40375342e-06 1.40375342e-06 1.33862653e-01 1.33862653e-01
 8.55001539e-01 8.49210361e-01 5.32815846e-01 5.53046787e-01
 1.60648721e-05]
[INFO] - maxT = 0.01644
[INFO] - lambda_maxT = 1345.4
[INFO] - FWHM_fit = 156.4
[INFO] - FOM = 0.01043
[INFO] - feature_size = 42.0
[INFO] - Start loading work: c:\Users\quant\Desktop\QDG_Tim\230823_lumapi_try\38b2\38b2_1326.0_bw=40.0
[INFO] - lambda_0 = 1326.0 nm
[INFO] - FWHM = 40.0 nm
[INFO] - FOM_typ = square
[INFO] - MIN_FEATURE_SIZE = 4e-08
[INFO] - N = 9
[INFO] - NH = 2
[INFO] - NL = 2
[INFO] - SOURCE_typ = gaussian_released
[INFO] - alpha = 0.0
[INFO] - grating_typ = apodized_subw_grating
[INFO] - logger = <Logger c:\Users\quant\Desktop\QDG_Tim\230823_lumapi_try\38b2\38b2.log (INFO)>
[INFO] - maxiter = 100
[INFO] - paras_init = 4e25
[INFO] - penalty = [[0.01, 1e-08], [0.02, 1e-07]]
[INFO] - plot = False
[INFO] - start_radius = 1.2e-05
[INFO] - taper_angle = 24
[INFO] - Iter: 0
[INFO] - [1.37584234e-06 1.37584234e-06 1.31201037e-01 1.31201037e-01
 8.63543525e-01 8.63543525e-01 5.55493635e-01 5.55493635e-01
 1.57454514e-05]
[INFO] - maxT = 0.01798
[INFO] - lambda_maxT = 1345.4
[INFO] - FWHM_fit = 157.0
[INFO] - FOM = 0.01140
[INFO] - feature_size = 40.1
[INFO] - Iter: 1
[INFO] - [1.44463445e-06 1.37584234e-06 1.31201037e-01 1.31201037e-01
 8.63543525e-01 8.63543525e-01 5.55493635e-01 5.55493635e-01
 1.57454514e-05]
[INFO] - maxT = 0.01798
[INFO] - lambda_maxT = 1345.4
[INFO] - FWHM_fit = 157.0
[INFO] - FOM = 0.01140
[INFO] - feature_size = 40.1
[INFO] - Iter: 2
[INFO] - [1.37584234e-06 1.44463445e-06 1.31201037e-01 1.31201037e-01
 8.63543525e-01 8.63543525e-01 5.55493635e-01 5.55493635e-01
 1.57454514e-05]
[INFO] - maxT = 0.01798
[INFO] - lambda_maxT = 1345.4
[INFO] - FWHM_fit = 157.0
[INFO] - FOM = 0.01140
[INFO] - feature_size = 40.1
[INFO] - Start loading work: c:\Users\quant\Desktop\QDG_Tim\230823_lumapi_try\38b2\38b2_1326.0_bw=40.0
[INFO] - lambda_0 = 1326.0 nm
[INFO] - FWHM = 40.0 nm
[INFO] - FOM_typ = square
[INFO] - MIN_FEATURE_SIZE = 4e-08
[INFO] - N = 9
[INFO] - NH = 2
[INFO] - NL = 2
[INFO] - SOURCE_typ = gaussian_released
[INFO] - alpha = 0.0
[INFO] - grating_typ = apodized_subw_grating
[INFO] - logger = <Logger c:\Users\quant\Desktop\QDG_Tim\230823_lumapi_try\38b2\38b2.log (INFO)>
[INFO] - maxiter = 100
[INFO] - paras_init = 4e25
[INFO] - penalty = [[0.01, 1e-08], [0.02, 1e-07]]
[INFO] - plot = False
[INFO] - start_radius = 1.2e-05
[INFO] - taper_angle = 24
[INFO] - Start loading work: c:\Users\quant\Desktop\QDG_Tim\230823_lumapi_try\38b2\38b2_1326.0_bw=40.0
[INFO] - lambda_0 = 1326.0 nm
[INFO] - FWHM = 40.0 nm
[INFO] - FOM_typ = square
[INFO] - MIN_FEATURE_SIZE = 4e-08
[INFO] - N = 9
[INFO] - NH = 2
[INFO] - NL = 2
[INFO] - SOURCE_typ = gaussian_released
[INFO] - alpha = 0.0
[INFO] - grating_typ = apodized_subw_grating
[INFO] - logger = <Logger c:\Users\quant\Desktop\QDG_Tim\230823_lumapi_try\38b2\38b2.log (INFO)>
[INFO] - maxiter = 100
[INFO] - paras_init = 4e25
[INFO] - penalty = [[0.01, 1e-08], [0.02, 1e-07]]
[INFO] - plot = False
[INFO] - start_radius = 1.2e-05
[INFO] - taper_angle = 24
[INFO] - Iter: 0
[INFO] - [1.37584234e-06 1.37584234e-06 1.31201037e-01 1.31201037e-01
 8.63543525e-01 8.63543525e-01 5.55493635e-01 5.55493635e-01
 1.57454514e-05]
[INFO] - maxT = 0.24249
[INFO] - lambda_maxT = 1325.9
[INFO] - FWHM_fit = 52.8
[INFO] - FOM = 0.12601
[INFO] - feature_size = 40.1
[INFO] - Iter: 1
[INFO] - [1.44463445e-06 1.37584234e-06 1.31201037e-01 1.31201037e-01
 8.63543525e-01 8.63543525e-01 5.55493635e-01 5.55493635e-01
 1.57454514e-05]
[INFO] - maxT = 0.24860
[INFO] - lambda_maxT = 1349.6
[INFO] - FWHM_fit = 60.1
[INFO] - FOM = 0.08341
[INFO] - feature_size = 40.1
[INFO] - Iter: 2
[INFO] - [1.37584234e-06 1.44463445e-06 1.31201037e-01 1.31201037e-01
 8.63543525e-01 8.63543525e-01 5.55493635e-01 5.55493635e-01
 1.57454514e-05]
[INFO] - maxT = 0.23573
[INFO] - lambda_maxT = 1348.2
[INFO] - FWHM_fit = 58.7
[INFO] - FOM = 0.10809
[INFO] - feature_size = 40.1
[INFO] - Iter: 3
[INFO] - [1.37584234e-06 1.37584234e-06 1.37761089e-01 1.31201037e-01
 8.63543525e-01 8.63543525e-01 5.55493635e-01 5.55493635e-01
 1.57454514e-05]
[INFO] - maxT = 0.24287
[INFO] - lambda_maxT = 1328.7
[INFO] - FWHM_fit = 47.6
[INFO] - FOM = 0.12534
[INFO] - feature_size = 40.1
[INFO] - Iter: 4
[INFO] - [1.37584234e-06 1.37584234e-06 1.31201037e-01 1.37761089e-01
 8.63543525e-01 8.63543525e-01 5.55493635e-01 5.55493635e-01
 1.57454514e-05]
[INFO] - maxT = 0.23845
[INFO] - lambda_maxT = 1328.7
[INFO] - FWHM_fit = 52.6
[INFO] - FOM = 0.12452
[INFO] - feature_size = 40.1
[INFO] - Iter: 5
[INFO] - [1.37584234e-06 1.37584234e-06 1.31201037e-01 1.31201037e-01
 9.06720702e-01 8.63543525e-01 5.55493635e-01 5.55493635e-01
 1.57454514e-05]
[INFO] - maxT = 0.24822
[INFO] - lambda_maxT = 1332.8
[INFO] - FWHM_fit = 44.0
[INFO] - FOM = 0.12647
[INFO] - feature_size = 35.6
[INFO] - Iter: 6
[INFO] - [1.37584234e-06 1.37584234e-06 1.31201037e-01 1.31201037e-01
 8.63543525e-01 9.06720702e-01 5.55493635e-01 5.55493635e-01
 1.57454514e-05]
[INFO] - maxT = 0.23900
[INFO] - lambda_maxT = 1334.2
[INFO] - FWHM_fit = 57.0
[INFO] - FOM = 0.12681
[INFO] - feature_size = 35.6
[INFO] - Iter: 7
[INFO] - [1.37584234e-06 1.37584234e-06 1.31201037e-01 1.31201037e-01
 8.63543525e-01 8.63543525e-01 5.83268316e-01 5.55493635e-01
 1.57454514e-05]
[INFO] - maxT = 0.23334
[INFO] - lambda_maxT = 1332.8
[INFO] - FWHM_fit = 48.7
[INFO] - FOM = 0.11926
[INFO] - feature_size = 37.6
[INFO] - Iter: 8
[INFO] - [1.37584234e-06 1.37584234e-06 1.31201037e-01 1.31201037e-01
 8.63543525e-01 8.63543525e-01 5.55493635e-01 5.83268316e-01
 1.57454514e-05]
[INFO] - maxT = 0.23835
[INFO] - lambda_maxT = 1337.0
[INFO] - FWHM_fit = 58.9
[INFO] - FOM = 0.12565
[INFO] - feature_size = 37.6
[INFO] - Iter: 9
[INFO] - [1.37584234e-06 1.37584234e-06 1.31201037e-01 1.31201037e-01
 8.63543525e-01 8.63543525e-01 5.55493635e-01 5.55493635e-01
 1.65327239e-05]
[INFO] - maxT = 0.24194
[INFO] - lambda_maxT = 1325.9
[INFO] - FWHM_fit = 52.4
[INFO] - FOM = 0.12595
[INFO] - feature_size = 40.1
[INFO] - Iter: 10
[INFO] - [1.30705022e-06 1.39112947e-06 1.32658827e-01 1.32658827e-01
 8.73138453e-01 8.73138453e-01 5.61665786e-01 5.61665786e-01
 1.59204008e-05]
[INFO] - maxT = 0.21238
[INFO] - lambda_maxT = 1297.8
[INFO] - FWHM_fit = 65.4
[INFO] - FOM = 0.10191
[INFO] - feature_size = 38.0
[INFO] - Iter: 11
[INFO] - [1.32807003e-06 1.38879394e-06 1.32436109e-01 1.32436109e-01
 8.71672562e-01 8.71672562e-01 5.60722819e-01 5.60722819e-01
 1.58936724e-05]
[INFO] - maxT = 0.22307
[INFO] - lambda_maxT = 1323.2
[INFO] - FWHM_fit = 61.8
[INFO] - FOM = 0.11601
[INFO] - feature_size = 38.6
[INFO] - Iter: 12
[INFO] - [1.36522627e-06 1.39400761e-06 1.32933287e-01 1.32933287e-01
 8.74944906e-01 8.22172802e-01 5.62827827e-01 5.62827827e-01
 1.59533388e-05]
[INFO] - maxT = 0.24268
[INFO] - lambda_maxT = 1328.7
[INFO] - FWHM_fit = 51.0
[INFO] - FOM = 0.12674
[INFO] - feature_size = 39.7
[INFO] - Iter: 13
[INFO] - [1.36286714e-06 1.39804433e-06 1.33318231e-01 1.33318231e-01
 8.24706442e-01 8.56156484e-01 5.64457648e-01 5.64457648e-01
 1.59995360e-05]
[INFO] - maxT = 0.20665
[INFO] - lambda_maxT = 1328.7
[INFO] - FWHM_fit = 60.4
[INFO] - FOM = 0.11396
[INFO] - feature_size = 39.6
[INFO] - Iter: 14
[INFO] - [1.35998377e-06 1.40297811e-06 1.33788719e-01 1.33788719e-01
 8.59253155e-01 8.54514919e-01 5.32502817e-01 5.66449650e-01
 1.60559993e-05]
[INFO] - maxT = 0.19060
[INFO] - lambda_maxT = 1330.1
[INFO] - FWHM_fit = 61.5
[INFO] - FOM = 0.10533
[INFO] - feature_size = 40.7
[INFO] - Iter: 15
[INFO] - [1.35645964e-06 1.32492903e-06 1.34363759e-01 1.34363759e-01
 8.58299739e-01 8.52508562e-01 5.55168428e-01 5.68884321e-01
 1.61250100e-05]
[INFO] - maxT = 0.27412
[INFO] - lambda_maxT = 1304.4
[INFO] - FWHM_fit = 48.7
[INFO] - FOM = 0.09101
[INFO] - feature_size = 38.4
[INFO] - Iter: 16
[INFO] - [1.37288109e-06 1.42634613e-06 1.31684231e-01 1.31684231e-01
 8.62742391e-01 8.61857628e-01 5.55443950e-01 5.57539434e-01
 1.58034395e-05]
[INFO] - maxT = 0.23015
[INFO] - lambda_maxT = 1342.6
[INFO] - FWHM_fit = 59.0
[INFO] - FOM = 0.11607
[INFO] - feature_size = 40.2
[INFO] - Iter: 17
[INFO] - [1.35580159e-06 1.40494421e-06 1.34471136e-01 1.34471136e-01
 8.58121709e-01 8.52133918e-01 5.55157387e-01 5.35392109e-01
 1.61378962e-05]
[INFO] - maxT = 0.22772
[INFO] - lambda_maxT = 1321.8
[INFO] - FWHM_fit = 55.9
[INFO] - FOM = 0.11036
[INFO] - feature_size = 40.6
[INFO] - Iter: 18
[INFO] - [1.37073078e-06 1.37824535e-06 1.32035102e-01 1.32035102e-01
 8.62160648e-01 8.60633413e-01 5.83182554e-01 5.45309100e-01
 1.58455476e-05]
[INFO] - maxT = 0.23637
[INFO] - lambda_maxT = 1327.3
[INFO] - FWHM_fit = 43.7
[INFO] - FOM = 0.12298
[INFO] - feature_size = 37.7
[INFO] - Iter: 19
[INFO] - [1.41212468e-06 1.39008539e-06 1.33298600e-01 1.33298600e-01
 8.47627482e-01 8.41022626e-01 5.59953605e-01 5.47610661e-01
 1.59971801e-05]
[INFO] - maxT = 0.24466
[INFO] - lambda_maxT = 1334.2
[INFO] - FWHM_fit = 41.2
[INFO] - FOM = 0.11879
[INFO] - feature_size = 41.4
[INFO] - Iter: 20
[INFO] - [1.37866258e-06 1.40326510e-06 1.33980384e-01 1.33980384e-01
 8.53909804e-01 8.47703822e-01 5.32331881e-01 5.63535838e-01
 1.60790010e-05]
[INFO] - maxT = 0.19892
[INFO] - lambda_maxT = 1332.8
[INFO] - FWHM_fit = 60.1
[INFO] - FOM = 0.10833
[INFO] - feature_size = 41.0
[INFO] - Iter: 21
[INFO] - [1.37194258e-06 1.38206781e-06 1.32332298e-01 1.32332298e-01
 8.60900102e-01 8.58658059e-01 5.75413701e-01 5.48093740e-01
 1.58812141e-05]
[INFO] - maxT = 0.24281
[INFO] - lambda_maxT = 1327.3
[INFO] - FWHM_fit = 43.8
[INFO] - FOM = 0.12613
[INFO] - feature_size = 38.5
[INFO] - Iter: 22
[INFO] - [1.39717866e-06 1.37148259e-06 1.31069053e-01 1.31069053e-01
 8.58566163e-01 8.57653126e-01 5.64858450e-01 5.76275412e-01
 1.57296119e-05]
[INFO] - maxT = 0.24858
[INFO] - lambda_maxT = 1339.8
[INFO] - FWHM_fit = 48.5
[INFO] - FOM = 0.11696
[INFO] - feature_size = 38.1
[INFO] - Iter: 23
[INFO] - [1.36212308e-06 1.39983202e-06 1.33951373e-01 1.33951373e-01
 8.58189612e-01 8.52977130e-01 5.56639494e-01 5.41638170e-01
 1.60755194e-05]
[INFO] - maxT = 0.22987
[INFO] - lambda_maxT = 1324.6
[INFO] - FWHM_fit = 55.4
[INFO] - FOM = 0.11580
[INFO] - feature_size = 40.4
[INFO] - Iter: 24
[INFO] - [1.37770849e-06 1.34418865e-06 1.34359767e-01 1.34359767e-01
 8.52933752e-01 8.45955972e-01 5.64837564e-01 5.50594474e-01
 1.61245308e-05]
[INFO] - maxT = 0.25814
[INFO] - lambda_maxT = 1311.0
[INFO] - FWHM_fit = 42.6
[INFO] - FOM = 0.10843
[INFO] - feature_size = 40.3
[INFO] - Iter: 25
[INFO] - [1.37361861e-06 1.41379429e-06 1.32092993e-01 1.32092993e-01
 8.61243849e-01 8.59428208e-01 5.56879086e-01 5.56478398e-01
 1.58524951e-05]
[INFO] - maxT = 0.23461
[INFO] - lambda_maxT = 1338.4
[INFO] - FWHM_fit = 57.3
[INFO] - FOM = 0.12130
[INFO] - feature_size = 40.2
[INFO] - Iter: 26
[INFO] - [1.39011165e-06 1.37599043e-06 1.32453491e-01 1.32453491e-01
 8.99089126e-01 8.52384167e-01 5.54139742e-01 5.41903093e-01
 1.58957585e-05]
[INFO] - maxT = 0.24323
[INFO] - lambda_maxT = 1330.1
[INFO] - FWHM_fit = 41.6
[INFO] - FOM = 0.12399
[INFO] - feature_size = 38.9
[INFO] - Iter: 27
[INFO] - [1.38594930e-06 1.37935978e-06 1.32585604e-01 1.32585604e-01
 8.87725104e-01 8.52960493e-01 5.55716088e-01 5.45348928e-01
 1.59116134e-05]
[INFO] - maxT = 0.24372
[INFO] - lambda_maxT = 1328.7
[INFO] - FWHM_fit = 41.0
[INFO] - FOM = 0.12462
[INFO] - feature_size = 40.8
[INFO] - Iter: 28
[INFO] - [1.33503736e-06 1.38156591e-06 1.32314680e-01 1.32314680e-01
 8.85078668e-01 8.70170883e-01 5.57702114e-01 5.58247473e-01
 1.58790997e-05]
[INFO] - maxT = 0.23985
[INFO] - lambda_maxT = 1323.2
[INFO] - FWHM_fit = 58.2
[INFO] - FOM = 0.12293
[INFO] - feature_size = 39.1
[INFO] - Iter: 29
[INFO] - [1.34681459e-06 1.38286750e-06 1.32465001e-01 1.32465001e-01
 8.79356959e-01 8.65717677e-01 5.58046092e-01 5.56622405e-01
 1.58971398e-05]
[INFO] - maxT = 0.24086
[INFO] - lambda_maxT = 1324.6
[INFO] - FWHM_fit = 56.0
[INFO] - FOM = 0.12502
[INFO] - feature_size = 39.4
[INFO] - Iter: 30
[INFO] - [1.36758698e-06 1.35098439e-06 1.33602954e-01 1.33602954e-01
 8.75487436e-01 8.53162961e-01 5.61035968e-01 5.49411737e-01
 1.60337057e-05]
[INFO] - maxT = 0.25764
[INFO] - lambda_maxT = 1315.1
[INFO] - FWHM_fit = 42.7
[INFO] - FOM = 0.11737
[INFO] - feature_size = 40.1
[INFO] - Iter: 31
[INFO] - [1.37269711e-06 1.40419833e-06 1.32323682e-01 1.32323682e-01
 8.63419953e-01 8.58471018e-01 5.57514165e-01 5.55398770e-01
 1.58801801e-05]
[INFO] - maxT = 0.23621
[INFO] - lambda_maxT = 1335.6
[INFO] - FWHM_fit = 56.3
[INFO] - FOM = 0.12407
[INFO] - feature_size = 40.2
[INFO] - Iter: 32
[INFO] - [1.36943068e-06 1.38762877e-06 1.33361735e-01 1.33361735e-01
 8.76391150e-01 8.53891546e-01 5.38523678e-01 5.59419735e-01
 1.60047569e-05]
[INFO] - maxT = 0.23024
[INFO] - lambda_maxT = 1328.7
[INFO] - FWHM_fit = 56.3
[INFO] - FOM = 0.12053
[INFO] - feature_size = 40.8
[INFO] - Iter: 33
[INFO] - [1.38087409e-06 1.36715272e-06 1.31611629e-01 1.31611629e-01
 8.83146426e-01 8.59775678e-01 5.53272148e-01 5.69826764e-01
 1.57947265e-05]
[INFO] - maxT = 0.24715
[INFO] - lambda_maxT = 1332.8
[INFO] - FWHM_fit = 45.5
[INFO] - FOM = 0.12692
[INFO] - feature_size = 38.7
[INFO] - Iter: 34
[INFO] - [1.36498782e-06 1.39483935e-06 1.33593912e-01 1.33593912e-01
 8.62002459e-01 8.54015797e-01 5.56125039e-01 5.45944761e-01
 1.60326205e-05]
[INFO] - maxT = 0.23709
[INFO] - lambda_maxT = 1324.6
[INFO] - FWHM_fit = 54.4
[INFO] - FOM = 0.12089
[INFO] - feature_size = 40.5
[INFO] - Iter: 35
[INFO] - [1.36858689e-06 1.36070663e-06 1.33521594e-01 1.33521594e-01
 8.77601087e-01 8.53291741e-01 5.52088782e-01 5.53965274e-01
 1.60239416e-05]
[INFO] - maxT = 0.25238
[INFO] - lambda_maxT = 1319.1
[INFO] - FWHM_fit = 48.2
[INFO] - FOM = 0.12045
[INFO] - feature_size = 40.5
[INFO] - Iter: 36
[INFO] - [1.37206916e-06 1.39755377e-06 1.32506696e-01 1.32506696e-01
 8.65586515e-01 8.57679740e-01 5.56685287e-01 5.55179763e-01
 1.59021436e-05]
[INFO] - maxT = 0.23695
[INFO] - lambda_maxT = 1332.8
[INFO] - FWHM_fit = 55.3
[INFO] - FOM = 0.12531
[INFO] - feature_size = 40.3
[INFO] - Iter: 37
[INFO] - [1.37243965e-06 1.37948176e-06 1.32293532e-01 1.32293532e-01
 8.62228860e-01 8.58713034e-01 5.75115182e-01 5.49002092e-01
 1.58765618e-05]
[INFO] - maxT = 0.24234
[INFO] - lambda_maxT = 1327.3
[INFO] - FWHM_fit = 44.2
[INFO] - FOM = 0.12639
[INFO] - feature_size = 38.6
[INFO] - Iter: 38
[INFO] - [1.36989039e-06 1.38638408e-06 1.33198537e-01 1.33198537e-01
 8.74227467e-01 8.54628162e-01 5.44114047e-01 5.57828151e-01
 1.59851716e-05]
[INFO] - maxT = 0.23571
[INFO] - lambda_maxT = 1327.3
[INFO] - FWHM_fit = 55.7
[INFO] - FOM = 0.12334
[INFO] - feature_size = 40.8
[INFO] - Iter: 39
[INFO] - [1.40018369e-06 1.38502449e-06 1.33353274e-01 1.33353274e-01
 8.58123164e-01 8.44422566e-01 5.52496758e-01 5.52067366e-01
 1.60037416e-05]
[INFO] - maxT = 0.24138
[INFO] - lambda_maxT = 1331.4
[INFO] - FWHM_fit = 41.5
[INFO] - FOM = 0.12252
[INFO] - feature_size = 41.4
[INFO] - Iter: 40
[INFO] - [1.35496820e-06 1.38319704e-06 1.32600709e-01 1.32600709e-01
 8.76112907e-01 8.62464258e-01 5.57198277e-01 5.55926496e-01
 1.59134261e-05]
[INFO] - maxT = 0.24305
[INFO] - lambda_maxT = 1325.9
[INFO] - FWHM_fit = 55.5
[INFO] - FOM = 0.12708
[INFO] - feature_size = 39.8
[INFO] - Iter: 41
[INFO] - [1.37978388e-06 1.37046546e-06 1.32003651e-01 1.32003651e-01
 8.78613319e-01 8.58001882e-01 5.54656309e-01 5.64963174e-01
 1.58417731e-05]
[INFO] - maxT = 0.24549
[INFO] - lambda_maxT = 1331.4
[INFO] - FWHM_fit = 45.7
[INFO] - FOM = 0.12711
[INFO] - feature_size = 39.4
[INFO] - Iter: 42
[INFO] - [1.36724833e-06 1.39111556e-06 1.33350956e-01 1.33350956e-01
 8.64540229e-01 8.54624782e-01 5.55900649e-01 5.48850351e-01
 1.60034633e-05]
[INFO] - maxT = 0.23881
[INFO] - lambda_maxT = 1325.9
[INFO] - FWHM_fit = 53.4
[INFO] - FOM = 0.12332
[INFO] - feature_size = 40.5
[INFO] - Iter: 43
[INFO] - [1.37163125e-06 1.36632033e-06 1.33278481e-01 1.33278481e-01
 8.74796755e-01 8.53659060e-01 5.53921697e-01 5.54321635e-01
 1.59947655e-05]
[INFO] - maxT = 0.24828
[INFO] - lambda_maxT = 1321.8
[INFO] - FWHM_fit = 48.2
[INFO] - FOM = 0.12388
[INFO] - feature_size = 40.6
[INFO] - Iter: 44
[INFO] - [1.37169815e-06 1.37109210e-06 1.33160569e-01 1.33160569e-01
 8.73389635e-01 8.54273330e-01 5.54343912e-01 5.54452738e-01
 1.59806150e-05]
[INFO] - maxT = 0.24548
[INFO] - lambda_maxT = 1323.2
[INFO] - FWHM_fit = 49.3
[INFO] - FOM = 0.12435
[INFO] - feature_size = 40.7
[INFO] - Iter: 45
[INFO] - [1.37200226e-06 1.39278199e-06 1.32624608e-01 1.32624608e-01
 8.66993635e-01 8.57065469e-01 5.56263072e-01 5.55048660e-01
 1.59162942e-05]
[INFO] - maxT = 0.23884
[INFO] - lambda_maxT = 1331.4
[INFO] - FWHM_fit = 53.8
[INFO] - FOM = 0.12530
[INFO] - feature_size = 40.4
[INFO] - Iter: 46
[INFO] - [1.37174461e-06 1.37440583e-06 1.33078686e-01 1.33078686e-01
 8.72412468e-01 8.54699907e-01 5.54637117e-01 5.54543782e-01
 1.59707882e-05]
[INFO] - maxT = 0.24166
[INFO] - lambda_maxT = 1325.9
[INFO] - FWHM_fit = 49.9
[INFO] - FOM = 0.12407
[INFO] - feature_size = 40.7
[INFO] - Iter: 47
[INFO] - [1.37992266e-06 1.36551054e-06 1.32884201e-01 1.32884201e-01
 8.64875600e-01 8.96394244e-01 5.45958999e-01 5.44832672e-01
 1.59474480e-05]
[INFO] - maxT = 0.24206
[INFO] - lambda_maxT = 1325.9
[INFO] - FWHM_fit = 52.2
[INFO] - FOM = 0.12348
[INFO] - feature_size = 38.5
[INFO] - Iter: 48
[INFO] - [1.36747155e-06 1.38965389e-06 1.32925788e-01 1.32925788e-01
 8.73406540e-01 8.33512189e-01 5.60250645e-01 5.60078567e-01
 1.59524388e-05]
[INFO] - maxT = 0.24123
[INFO] - lambda_maxT = 1328.7
[INFO] - FWHM_fit = 51.8
[INFO] - FOM = 0.12644
[INFO] - feature_size = 40.0
[INFO] - Iter: 49
[INFO] - [1.36744642e-06 1.38674504e-06 1.34999728e-01 1.26981887e-01
 8.78468762e-01 8.48349890e-01 5.54350305e-01 5.53185738e-01
 1.62013327e-05]
[INFO] - maxT = 0.24954
[INFO] - lambda_maxT = 1325.9
[INFO] - FWHM_fit = 50.9
[INFO] - FOM = 0.12838
[INFO] - feature_size = 39.3
[INFO] - Iter: 50
[INFO] - [1.37285526e-06 1.37628351e-06 1.33402493e-01 1.30162961e-01
 8.68727330e-01 8.55870081e-01 5.68004617e-01 5.49819575e-01
 1.60096483e-05]
[INFO] - maxT = 0.24913
[INFO] - lambda_maxT = 1325.9
[INFO] - FWHM_fit = 43.6
[INFO] - FOM = 0.12827
[INFO] - feature_size = 39.6
[INFO] - Iter: 51
[INFO] - [1.35388657e-06 1.38262419e-06 1.34196956e-01 1.30237529e-01
 8.51007965e-01 8.58184325e-01 5.59133359e-01 5.63292275e-01
 1.61049919e-05]
[INFO] - maxT = 0.22908
[INFO] - lambda_maxT = 1323.2
[INFO] - FWHM_fit = 57.5
[INFO] - FOM = 0.11870
[INFO] - feature_size = 39.3
[INFO] - Iter: 52
[INFO] - [1.38105082e-06 1.37985851e-06 1.32831783e-01 1.32226871e-01
 8.82115541e-01 8.53758578e-01 5.56238171e-01 5.48090273e-01
 1.59411573e-05]
[INFO] - maxT = 0.24422
[INFO] - lambda_maxT = 1328.7
[INFO] - FWHM_fit = 42.0
[INFO] - FOM = 0.12571
[INFO] - feature_size = 40.7
[INFO] - Iter: 53
[INFO] - [1.36515097e-06 1.38703412e-06 1.27926070e-01 1.31850059e-01
 8.79316659e-01 8.45426860e-01 5.59521266e-01 5.51502377e-01
 1.63146442e-05]
[INFO] - maxT = 0.24322
[INFO] - lambda_maxT = 1324.6
[INFO] - FWHM_fit = 51.9
[INFO] - FOM = 0.12529
[INFO] - feature_size = 38.5
[INFO] - Iter: 54
[INFO] - [1.37420893e-06 1.37755219e-06 1.36258517e-01 1.31300193e-01
 8.65953310e-01 8.60775701e-01 5.56108967e-01 5.54883859e-01
 1.58324114e-05]
[INFO] - maxT = 0.24283
[INFO] - lambda_maxT = 1327.3
[INFO] - FWHM_fit = 49.4
[INFO] - FOM = 0.12553
[INFO] - feature_size = 40.3
[INFO] - Iter: 55
[INFO] - [1.35842206e-06 1.38250543e-06 1.33616873e-01 1.30618297e-01
 8.57153035e-01 8.56771168e-01 5.58748017e-01 5.60415425e-01
 1.60947724e-05]
[INFO] - maxT = 0.23513
[INFO] - lambda_maxT = 1324.6
[INFO] - FWHM_fit = 56.5
[INFO] - FOM = 0.12140
[INFO] - feature_size = 39.7
[INFO] - Iter: 56
[INFO] - [1.37759365e-06 1.38026290e-06 1.32951727e-01 1.31981116e-01
 8.78301825e-01 8.54218835e-01 5.56621620e-01 5.49973282e-01
 1.59646263e-05]
[INFO] - maxT = 0.24564
[INFO] - lambda_maxT = 1328.7
[INFO] - FWHM_fit = 44.3
[INFO] - FOM = 0.12690
[INFO] - feature_size = 40.6
[INFO] - Iter: 57
[INFO] - [1.37452351e-06 1.36883668e-06 1.33008983e-01 1.29189803e-01
 8.77786480e-01 8.55814753e-01 5.59245755e-01 5.59904886e-01
 1.60238361e-05]
[INFO] - maxT = 0.24868
[INFO] - lambda_maxT = 1327.3
[INFO] - FWHM_fit = 46.3
[INFO] - FOM = 0.12896
[INFO] - feature_size = 38.9
[INFO] - Iter: 58
[INFO] - [1.36835982e-06 1.38771184e-06 1.33298710e-01 1.32715224e-01
 8.66563962e-01 8.54806584e-01 5.56411707e-01 5.50539239e-01
 1.60065758e-05]
[INFO] - maxT = 0.24191
[INFO] - lambda_maxT = 1325.9
[INFO] - FWHM_fit = 52.9
[INFO] - FOM = 0.12457
[INFO] - feature_size = 40.5
[INFO] - Iter: 59
[INFO] - [1.37452841e-06 1.37342204e-06 1.30982206e-01 1.36832947e-01
 8.61212437e-01 8.63524467e-01 5.61254188e-01 5.54981388e-01
 1.57826874e-05]
[INFO] - maxT = 0.24162
[INFO] - lambda_maxT = 1327.3
[INFO] - FWHM_fit = 50.9
[INFO] - FOM = 0.12601
[INFO] - feature_size = 39.5
[INFO] - Iter: 60
[INFO] - [1.36852839e-06 1.38470958e-06 1.34385940e-01 1.28486910e-01
 8.75832379e-01 8.50668228e-01 5.55405065e-01 5.53460074e-01
 1.61373730e-05]
[INFO] - maxT = 0.24763
[INFO] - lambda_maxT = 1325.9
[INFO] - FWHM_fit = 50.6
[INFO] - FOM = 0.12775
[INFO] - feature_size = 39.7
[INFO] - Iter: 61
[INFO] - [1.37473812e-06 1.36941446e-06 1.33380625e-01 1.29902629e-01
 8.66813734e-01 8.82174621e-01 5.54277053e-01 5.46617783e-01
 1.60726777e-05]
[INFO] - maxT = 0.24591
[INFO] - lambda_maxT = 1324.6
[INFO] - FWHM_fit = 50.3
[INFO] - FOM = 0.12559
[INFO] - feature_size = 40.3
[INFO] - Iter: 62
[INFO] - [1.37113029e-06 1.38355332e-06 1.33294824e-01 1.29043940e-01
 8.66563642e-01 8.67092395e-01 5.59810566e-01 5.50391236e-01
 1.60769704e-05]
[INFO] - maxT = 0.24550
[INFO] - lambda_maxT = 1327.3
[INFO] - FWHM_fit = 51.1
[INFO] - FOM = 0.12797
[INFO] - feature_size = 40.1
[INFO] - Iter: 63
[INFO] - [1.37106203e-06 1.38456971e-06 1.33318840e-01 1.28595635e-01
 8.65913772e-01 8.68469338e-01 5.60385394e-01 5.49929842e-01
 1.60887685e-05]
[INFO] - maxT = 0.24460
[INFO] - lambda_maxT = 1327.3
[INFO] - FWHM_fit = 51.7
[INFO] - FOM = 0.12770
[INFO] - feature_size = 40.1
[INFO] - Iter: 64
[INFO] - [1.36733504e-06 1.39168666e-06 1.32973818e-01 1.32029178e-01
 8.72106801e-01 8.36266075e-01 5.61400300e-01 5.59155779e-01
 1.59760349e-05]
[INFO] - maxT = 0.24206
[INFO] - lambda_maxT = 1328.7
[INFO] - FWHM_fit = 51.7
[INFO] - FOM = 0.12656
[INFO] - feature_size = 39.9
[INFO] - Iter: 65
[INFO] - [1.37360710e-06 1.37281716e-06 1.33318474e-01 1.30227518e-01
 8.67622397e-01 8.75160816e-01 5.55365327e-01 5.48533310e-01
 1.60579128e-05]
[INFO] - maxT = 0.24364
[INFO] - lambda_maxT = 1324.6
[INFO] - FWHM_fit = 51.2
[INFO] - FOM = 0.12522
[INFO] - feature_size = 40.4
[INFO] - Iter: 66
[INFO] - [1.37531878e-06 1.37669911e-06 1.31433680e-01 1.30961360e-01
 8.63879094e-01 8.63937844e-01 5.55973294e-01 5.54926701e-01
 1.57822868e-05]
[INFO] - maxT = 0.24123
[INFO] - lambda_maxT = 1327.3
[INFO] - FWHM_fit = 52.3
[INFO] - FOM = 0.12548
[INFO] - feature_size = 40.1
[INFO] - Iter: 67
[INFO] - [1.37531878e-06 1.37669911e-06 1.31433680e-01 1.30961360e-01
 8.63879094e-01 8.63937844e-01 5.55973294e-01 5.54926701e-01
 1.64820846e-05]
[INFO] - maxT = 0.24079
[INFO] - lambda_maxT = 1325.9
[INFO] - FWHM_fit = 51.9
[INFO] - FOM = 0.12551
[INFO] - feature_size = 40.1
[INFO] - Iter: 68
[INFO] - [1.36881749e-06 1.38458111e-06 1.34264705e-01 1.28548802e-01
 8.74802519e-01 8.52493135e-01 5.55894565e-01 5.53119092e-01
 1.61306616e-05]
[INFO] - maxT = 0.24653
[INFO] - lambda_maxT = 1325.9
[INFO] - FWHM_fit = 50.8
[INFO] - FOM = 0.12750
[INFO] - feature_size = 39.8
[INFO] - Iter: 69
[INFO] - [1.35676399e-06 1.38323663e-06 1.32677833e-01 1.32205513e-01
 8.75051877e-01 8.62978495e-01 5.57488531e-01 5.55311467e-01
 1.59315977e-05]
[INFO] - maxT = 0.24443
[INFO] - lambda_maxT = 1325.9
[INFO] - FWHM_fit = 54.6
[INFO] - FOM = 0.12738
[INFO] - feature_size = 39.8
[INFO] - Iter: 70
[INFO] - [1.37266360e-06 1.37709126e-06 1.33390530e-01 1.30038625e-01
 8.68486920e-01 8.57117005e-01 5.67094167e-01 5.49883093e-01
 1.60171285e-05]
[INFO] - maxT = 0.24962
[INFO] - lambda_maxT = 1325.9
[INFO] - FWHM_fit = 44.3
[INFO] - FOM = 0.12878
[INFO] - feature_size = 39.6
[INFO] - Iter: 71
[INFO] - [1.36866765e-06 1.38724978e-06 1.33298278e-01 1.32307304e-01
 8.66563926e-01 8.56171674e-01 5.56789358e-01 5.50522794e-01
 1.60143974e-05]
[INFO] - maxT = 0.24157
[INFO] - lambda_maxT = 1325.9
[INFO] - FWHM_fit = 52.7
[INFO] - FOM = 0.12477
[INFO] - feature_size = 40.4
[INFO] - Iter: 72
[INFO] - [1.37687550e-06 1.38062850e-06 1.32989849e-01 1.31654763e-01
 8.76997583e-01 8.55649231e-01 5.56975947e-01 5.50019721e-01
 1.59771090e-05]
[INFO] - maxT = 0.24664
[INFO] - lambda_maxT = 1327.3
[INFO] - FWHM_fit = 45.2
[INFO] - FOM = 0.12771
[INFO] - feature_size = 40.6
[INFO] - Iter: 73
[INFO] - [1.37386686e-06 1.37821898e-06 1.35929218e-01 1.31049499e-01
 8.66021124e-01 8.61477556e-01 5.56520256e-01 5.54384679e-01
 1.58595846e-05]
[INFO] - maxT = 0.24289
[INFO] - lambda_maxT = 1327.3
[INFO] - FWHM_fit = 49.6
[INFO] - FOM = 0.12554
[INFO] - feature_size = 40.2
[INFO] - Iter: 74
[INFO] - [1.37433725e-06 1.37098544e-06 1.33371092e-01 1.29807219e-01
 8.66785946e-01 8.80498818e-01 5.54891888e-01 5.47037055e-01
 1.60731547e-05]
[INFO] - maxT = 0.24425
[INFO] - lambda_maxT = 1324.6
[INFO] - FWHM_fit = 50.5
[INFO] - FOM = 0.12534
[INFO] - feature_size = 40.3
[INFO] - Iter: 75
[INFO] - [1.36775673e-06 1.39078296e-06 1.33009486e-01 1.31697484e-01
 8.71490894e-01 8.39691221e-01 5.61223663e-01 5.58181941e-01
 1.59872500e-05]
[INFO] - maxT = 0.24250
[INFO] - lambda_maxT = 1328.7
[INFO] - FWHM_fit = 51.6
[INFO] - FOM = 0.12661
[INFO] - feature_size = 39.9
[INFO] - Iter: 76
[INFO] - [1.37333190e-06 1.37401007e-06 1.33315846e-01 1.30096010e-01
 8.67504757e-01 8.74264324e-01 5.55859242e-01 5.48739746e-01
 1.60600303e-05]
[INFO] - maxT = 0.24401
[INFO] - lambda_maxT = 1325.9
[INFO] - FWHM_fit = 50.9
[INFO] - FOM = 0.12598
[INFO] - feature_size = 40.3
[INFO] - Iter: 77
[INFO] - [1.36633368e-06 1.38447172e-06 1.35365156e-01 1.30351044e-01
 8.75203449e-01 8.58546969e-01 5.60116912e-01 5.48917416e-01
 1.63398386e-05]
[INFO] - maxT = 0.24627
[INFO] - lambda_maxT = 1325.9
[INFO] - FWHM_fit = 48.5
[INFO] - FOM = 0.12688
[INFO] - feature_size = 40.7
[INFO] - Iter: 78
[INFO] - [1.36533534e-06 1.38533535e-06 1.35801987e-01 1.30283231e-01
 8.76461711e-01 8.57947983e-01 5.60577314e-01 5.48249718e-01
 1.64017888e-05]
[INFO] - maxT = 0.24672
[INFO] - lambda_maxT = 1325.9
[INFO] - FWHM_fit = 48.6
[INFO] - FOM = 0.12743
[INFO] - feature_size = 40.7
[INFO] - Iter: 79
[INFO] - [1.36588970e-06 1.38453327e-06 1.30841345e-01 1.30092623e-01
 8.75381549e-01 8.60222907e-01 5.60471519e-01 5.48096114e-01
 1.63830306e-05]
[INFO] - maxT = 0.24549
[INFO] - lambda_maxT = 1324.6
[INFO] - FWHM_fit = 51.3
[INFO] - FOM = 0.12682
[INFO] - feature_size = 39.3
[INFO] - Iter: 80
[INFO] - [1.37264813e-06 1.37918367e-06 1.35151904e-01 1.30903309e-01
 8.67451189e-01 8.61285874e-01 5.57123921e-01 5.53423926e-01
 1.59395555e-05]
[INFO] - maxT = 0.24267
[INFO] - lambda_maxT = 1327.3
[INFO] - FWHM_fit = 49.8
[INFO] - FOM = 0.12581
[INFO] - feature_size = 40.3
[INFO] - Iter: 81
[INFO] - [1.36710843e-06 1.38356858e-06 1.31618659e-01 1.30238812e-01
 8.73951484e-01 8.60414590e-01 5.59867853e-01 5.49056867e-01
 1.63030597e-05]
[INFO] - maxT = 0.24631
[INFO] - lambda_maxT = 1325.9
[INFO] - FWHM_fit = 51.0
[INFO] - FOM = 0.12727
[INFO] - feature_size = 39.6
[INFO] - Iter: 82
[INFO] - [1.37180179e-06 1.37985358e-06 1.34612103e-01 1.30801789e-01
 8.68444290e-01 8.61152761e-01 5.57543133e-01 5.52756736e-01
 1.59950909e-05]
[INFO] - maxT = 0.24375
[INFO] - lambda_maxT = 1327.3
[INFO] - FWHM_fit = 50.4
[INFO] - FOM = 0.12653
[INFO] - feature_size = 40.4
[INFO] - Iter: 83
[INFO] - [1.37178539e-06 1.37385887e-06 1.33764246e-01 1.28500259e-01
 8.75256605e-01 8.66635698e-01 5.60369922e-01 5.52454431e-01
 1.62239274e-05]
[INFO] - maxT = 0.24774
[INFO] - lambda_maxT = 1327.3
[INFO] - FWHM_fit = 47.2
[INFO] - FOM = 0.12916
[INFO] - feature_size = 39.5
[INFO] - Iter: 84
[INFO] - [1.36914397e-06 1.38520395e-06 1.33369468e-01 1.31725672e-01
 8.67891975e-01 8.57770344e-01 5.57336389e-01 5.50817905e-01
 1.60464090e-05]
[INFO] - maxT = 0.24181
[INFO] - lambda_maxT = 1327.3
[INFO] - FWHM_fit = 52.4
[INFO] - FOM = 0.12552
[INFO] - feature_size = 40.4
[INFO] - Iter: 85
[INFO] - [1.37048641e-06 1.38375132e-06 1.33573398e-01 1.29181639e-01
 8.67663427e-01 8.66076349e-01 5.59895761e-01 5.50153289e-01
 1.61130614e-05]
[INFO] - maxT = 0.24560
[INFO] - lambda_maxT = 1327.3
[INFO] - FWHM_fit = 50.6
[INFO] - FOM = 0.12782
[INFO] - feature_size = 40.2
[INFO] - Iter: 86
[INFO] - [1.37559326e-06 1.38115149e-06 1.33302309e-01 1.31502371e-01
 8.76938041e-01 8.55904648e-01 5.57376099e-01 5.49823054e-01
 1.60242956e-05]
[INFO] - maxT = 0.24583
[INFO] - lambda_maxT = 1327.3
[INFO] - FWHM_fit = 45.3
[INFO] - FOM = 0.12758
[INFO] - feature_size = 40.6
[INFO] - Iter: 87
[INFO] - [1.35771636e-06 1.38346982e-06 1.33024961e-01 1.31991926e-01
 8.75208526e-01 8.62419549e-01 5.57831730e-01 5.54526828e-01
 1.59838412e-05]
[INFO] - maxT = 0.24297
[INFO] - lambda_maxT = 1325.9
[INFO] - FWHM_fit = 54.6
[INFO] - FOM = 0.12699
[INFO] - feature_size = 39.9
[INFO] - Iter: 88
[INFO] - [1.37184935e-06 1.37800727e-06 1.33658469e-01 1.30065804e-01
 8.69373008e-01 8.57209336e-01 5.66370072e-01 5.49701607e-01
 1.60598685e-05]
[INFO] - maxT = 0.25047
[INFO] - lambda_maxT = 1325.9
[INFO] - FWHM_fit = 44.3
[INFO] - FOM = 0.12894
[INFO] - feature_size = 39.8
[INFO] - Iter: 89
[INFO] - [1.37244339e-06 1.37526843e-06 1.33592084e-01 1.30116812e-01
 8.68499974e-01 8.72451398e-01 5.56383472e-01 5.48685299e-01
 1.60980035e-05]
[INFO] - maxT = 0.24336
[INFO] - lambda_maxT = 1325.9
[INFO] - FWHM_fit = 50.8
[INFO] - FOM = 0.12608
[INFO] - feature_size = 40.4
[INFO] - Iter: 90
[INFO] - [1.36843058e-06 1.38466491e-06 1.34435514e-01 1.28741516e-01
 8.74986874e-01 8.53099229e-01 5.56414870e-01 5.52578050e-01
 1.61607868e-05]
[INFO] - maxT = 0.24749
[INFO] - lambda_maxT = 1325.9
[INFO] - FWHM_fit = 50.8
[INFO] - FOM = 0.12829
[INFO] - feature_size = 39.9
[INFO] - Iter: 91
[INFO] - [1.37420950e-06 1.37765869e-06 1.31919048e-01 1.30886012e-01
 8.65277162e-01 8.63272304e-01 5.56484852e-01 5.54184814e-01
 1.64731629e-05]
[INFO] - maxT = 0.24218
[INFO] - lambda_maxT = 1325.9
[INFO] - FWHM_fit = 51.6
[INFO] - FOM = 0.12582
[INFO] - feature_size = 40.2
[INFO] - Iter: 92
[INFO] - [1.37108329e-06 1.38046267e-06 1.34744312e-01 1.30744171e-01
 8.69335114e-01 8.60796674e-01 5.57880264e-01 5.52255957e-01
 1.60402795e-05]
[INFO] - maxT = 0.24236
[INFO] - lambda_maxT = 1327.3
[INFO] - FWHM_fit = 50.2
[INFO] - FOM = 0.12630
[INFO] - feature_size = 40.4
[INFO] - Iter: 93
[INFO] - [1.36829739e-06 1.38703707e-06 1.33576468e-01 1.32082407e-01
 8.67663680e-01 8.56369041e-01 5.57210242e-01 5.50270230e-01
 1.60574409e-05]
[INFO] - maxT = 0.24272
[INFO] - lambda_maxT = 1325.9
[INFO] - FWHM_fit = 52.1
[INFO] - FOM = 0.12537
[INFO] - feature_size = 40.5
[INFO] - Iter: 94
[INFO] - [1.36766373e-06 1.38316941e-06 1.32563296e-01 1.30333988e-01
 8.73347642e-01 8.60258845e-01 5.59574050e-01 5.49560241e-01
 1.62646648e-05]
[INFO] - maxT = 0.24635
[INFO] - lambda_maxT = 1325.9
[INFO] - FWHM_fit = 50.3
[INFO] - FOM = 0.12743
[INFO] - feature_size = 39.9
[INFO] - Iter: 95
[INFO] - [1.37030881e-06 1.37573553e-06 1.33505991e-01 1.28607215e-01
 8.76282179e-01 8.65550879e-01 5.60769362e-01 5.51388193e-01
 1.62935532e-05]
[INFO] - maxT = 0.24749
[INFO] - lambda_maxT = 1325.9
[INFO] - FWHM_fit = 47.3
[INFO] - FOM = 0.12862
[INFO] - feature_size = 39.7
[INFO] - Iter: 96
[INFO] - [1.36352988e-06 1.38468653e-06 1.35516066e-01 1.29297210e-01
 8.81114256e-01 8.59153966e-01 5.62446866e-01 5.46852137e-01
 1.58379180e-05]
[INFO] - maxT = 0.24812
[INFO] - lambda_maxT = 1325.9
[INFO] - FWHM_fit = 45.2
[INFO] - FOM = 0.12793
[INFO] - feature_size = 40.4
[INFO] - Iter: 97
[INFO] - [1.36234325e-06 1.38546740e-06 1.35915734e-01 1.29120677e-01
 8.82873933e-01 8.58696373e-01 5.63109312e-01 5.46037395e-01
 1.57673352e-05]
[INFO] - maxT = 0.24747
[INFO] - lambda_maxT = 1327.3
[INFO] - FWHM_fit = 44.7
[INFO] - FOM = 0.12793
[INFO] - feature_size = 40.4
[INFO] - Iter: 98
[INFO] - [1.36331521e-06 1.38916971e-06 1.34270581e-01 1.29884277e-01
 8.80694617e-01 8.47019888e-01 5.63895666e-01 5.51944283e-01
 1.61552806e-05]
[INFO] - maxT = 0.24639
[INFO] - lambda_maxT = 1327.3
[INFO] - FWHM_fit = 47.9
[INFO] - FOM = 0.12823
[INFO] - feature_size = 39.9
[INFO] - Iter: 99
[INFO] - [1.35743689e-06 1.38506848e-06 1.34775527e-01 1.28139142e-01
 8.73091345e-01 8.61592246e-01 5.64351832e-01 5.51277911e-01
 1.62580962e-05]
[INFO] - maxT = 0.24619
[INFO] - lambda_maxT = 1324.6
[INFO] - FWHM_fit = 51.7
[INFO] - FOM = 0.12742
[INFO] - feature_size = 39.8
[INFO] - Iter: 100
[INFO] - [1.37281937e-06 1.38174992e-06 1.33527384e-01 1.30988544e-01
 8.76350352e-01 8.56773586e-01 5.58441836e-01 5.50045324e-01
 1.60600152e-05]
[INFO] - maxT = 0.24563
[INFO] - lambda_maxT = 1327.3
[INFO] - FWHM_fit = 46.6
[INFO] - FOM = 0.12664
[INFO] - feature_size = 40.5
[INFO] - Iter: 101
[INFO] - [1.36513473e-06 1.38526326e-06 1.35770218e-01 1.30173673e-01
 8.76978660e-01 8.58081981e-01 5.60785042e-01 5.48094431e-01
 1.63391365e-05]
[INFO] - maxT = 0.24721
[INFO] - lambda_maxT = 1325.9
[INFO] - FWHM_fit = 48.0
[INFO] - FOM = 0.12770
[INFO] - feature_size = 40.7
[INFO] - Iter: 102
[INFO] - [1.36788606e-06 1.38466732e-06 1.34555575e-01 1.28803260e-01
 8.75667694e-01 8.53771978e-01 5.57085092e-01 5.51941838e-01
 1.61249125e-05]
[INFO] - maxT = 0.24707
[INFO] - lambda_maxT = 1325.9
[INFO] - FWHM_fit = 50.3
[INFO] - FOM = 0.12787
[INFO] - feature_size = 40.0
[INFO] - Iter: 103
[INFO] - [1.37092496e-06 1.37874941e-06 1.33864869e-01 1.29980404e-01
 8.70677591e-01 8.57425406e-01 5.65934160e-01 5.49384999e-01
 1.60352074e-05]
[INFO] - maxT = 0.24951
[INFO] - lambda_maxT = 1325.9
[INFO] - FWHM_fit = 44.2
[INFO] - FOM = 0.12870
[INFO] - feature_size = 39.8
[INFO] - Iter: 104
[INFO] - [1.36720441e-06 1.38333798e-06 1.32891382e-01 1.30218791e-01
 8.74210599e-01 8.60136080e-01 5.59893251e-01 5.49259341e-01
 1.62172485e-05]
[INFO] - maxT = 0.24808
[INFO] - lambda_maxT = 1325.9
[INFO] - FWHM_fit = 49.8
[INFO] - FOM = 0.12787
[INFO] - feature_size = 40.0
[INFO] - Iter: 105
[INFO] - [1.36971346e-06 1.38385524e-06 1.33789250e-01 1.29194480e-01
 8.69157964e-01 8.65307195e-01 5.60179217e-01 5.49786494e-01
 1.60824899e-05]
[INFO] - maxT = 0.24607
[INFO] - lambda_maxT = 1327.3
[INFO] - FWHM_fit = 50.8
[INFO] - FOM = 0.12836
[INFO] - feature_size = 40.2
[INFO] - Iter: 106
[INFO] - [1.35836231e-06 1.38360501e-06 1.33301751e-01 1.31692513e-01
 8.75864718e-01 8.62056707e-01 5.58344523e-01 5.53674085e-01
 1.59676275e-05]
[INFO] - maxT = 0.24426
[INFO] - lambda_maxT = 1325.9
[INFO] - FWHM_fit = 54.2
[INFO] - FOM = 0.12730
[INFO] - feature_size = 40.0
[INFO] - Iter: 107
[INFO] - [1.36955560e-06 1.37673009e-06 1.33729333e-01 1.28683881e-01
 8.76819076e-01 8.64840111e-01 5.60955752e-01 5.50884186e-01
 1.62429271e-05]
[INFO] - maxT = 0.24716
[INFO] - lambda_maxT = 1325.9
[INFO] - FWHM_fit = 47.3
[INFO] - FOM = 0.12852
[INFO] - feature_size = 39.8
[INFO] - Iter: 108
[INFO] - [1.36333906e-06 1.38867158e-06 1.34408968e-01 1.29819047e-01
 8.80741244e-01 8.48368119e-01 5.63734689e-01 5.51378489e-01
 1.61200181e-05]
[INFO] - maxT = 0.24689
[INFO] - lambda_maxT = 1327.3
[INFO] - FWHM_fit = 48.1
[INFO] - FOM = 0.12837
[INFO] - feature_size = 40.0
[INFO] - Iter: 109
[INFO] - [1.37425288e-06 1.38154427e-06 1.33548282e-01 1.31257353e-01
 8.77402065e-01 8.56265683e-01 5.57939518e-01 5.49492952e-01
 1.60035870e-05]
[INFO] - maxT = 0.24593
[INFO] - lambda_maxT = 1327.3
[INFO] - FWHM_fit = 44.7
[INFO] - FOM = 0.12711
[INFO] - feature_size = 40.6
[INFO] - Iter: 110
[INFO] - [1.35811389e-06 1.38502604e-06 1.34857809e-01 1.28267816e-01
 8.73982780e-01 8.61321326e-01 5.64140169e-01 5.50786159e-01
 1.62114097e-05]
[INFO] - maxT = 0.24750
[INFO] - lambda_maxT = 1325.9
[INFO] - FWHM_fit = 51.0
[INFO] - FOM = 0.12822
[INFO] - feature_size = 39.9
[INFO] - Iter: 111
[INFO] - [1.36786656e-06 1.37708861e-06 1.34096866e-01 1.29361404e-01
 8.69141720e-01 8.72097381e-01 5.58435105e-01 5.48768993e-01
 1.61152879e-05]
[INFO] - maxT = 0.24896
[INFO] - lambda_maxT = 1324.6
[INFO] - FWHM_fit = 50.1
[INFO] - FOM = 0.12759
[INFO] - feature_size = 40.2
[INFO] - Iter: 112
[INFO] - [1.36403076e-06 1.38690196e-06 1.34361286e-01 1.29749130e-01
 8.78969094e-01 8.51993423e-01 5.62925030e-01 5.50979816e-01
 1.61192954e-05]
[INFO] - maxT = 0.24701
[INFO] - lambda_maxT = 1325.9
[INFO] - FWHM_fit = 48.6
[INFO] - FOM = 0.12820
[INFO] - feature_size = 40.1
[INFO] - Iter: 113
[INFO] - [1.36042228e-06 1.39129052e-06 1.34916935e-01 1.30733291e-01
 8.73541670e-01 8.52770570e-01 5.61651660e-01 5.49284547e-01
 1.59649052e-05]
[INFO] - maxT = 0.24503
[INFO] - lambda_maxT = 1325.9
[INFO] - FWHM_fit = 51.5
[INFO] - FOM = 0.12655
[INFO] - feature_size = 40.2
[INFO] - Iter: 114
[INFO] - [1.36816023e-06 1.37895460e-06 1.33910772e-01 1.28996986e-01
 8.76318361e-01 8.62996153e-01 5.61062071e-01 5.50639797e-01
 1.62004515e-05]
[INFO] - maxT = 0.24700
[INFO] - lambda_maxT = 1325.9
[INFO] - FWHM_fit = 47.7
[INFO] - FOM = 0.12864
[INFO] - feature_size = 40.0
[INFO] - Iter: 115
[INFO] - [1.35991926e-06 1.38307634e-06 1.34884023e-01 1.30178805e-01
 8.82793981e-01 8.51789920e-01 5.62624384e-01 5.50571861e-01
 1.61515561e-05]
[INFO] - maxT = 0.24893
[INFO] - lambda_maxT = 1324.6
[INFO] - FWHM_fit = 47.4
[INFO] - FOM = 0.12837
[INFO] - feature_size = 40.1
[INFO] - Iter: 116
[INFO] - [1.36821712e-06 1.38373624e-06 1.33956507e-01 1.29344863e-01
 8.71241244e-01 8.63242056e-01 5.60552784e-01 5.49906481e-01
 1.60930417e-05]
[INFO] - maxT = 0.24500
[INFO] - lambda_maxT = 1327.3
[INFO] - FWHM_fit = 50.1
[INFO] - FOM = 0.12780
[INFO] - feature_size = 40.3
[INFO] - Iter: 117
[INFO] - [1.36448959e-06 1.38601892e-06 1.34311229e-01 1.29665558e-01
 8.78674569e-01 8.53215948e-01 5.62718035e-01 5.50942036e-01
 1.61283127e-05]
[INFO] - maxT = 0.24732
[INFO] - lambda_maxT = 1327.3
[INFO] - FWHM_fit = 47.6
[INFO] - FOM = 0.12813
[INFO] - feature_size = 40.1
[INFO] - Iter: 118
[INFO] - [1.36404436e-06 1.38404965e-06 1.35337700e-01 1.29263852e-01
 8.80581379e-01 8.59580876e-01 5.62293000e-01 5.47272988e-01
 1.58781995e-05]
[INFO] - maxT = 0.24853
[INFO] - lambda_maxT = 1325.9
[INFO] - FWHM_fit = 45.3
[INFO] - FOM = 0.12807
[INFO] - feature_size = 40.4
[INFO] - Iter: 119
[INFO] - [1.36731061e-06 1.38285094e-06 1.33004647e-01 1.30083034e-01
 8.74444795e-01 8.60453866e-01 5.60023120e-01 5.49412725e-01
 1.62153822e-05]
[INFO] - maxT = 0.24807
[INFO] - lambda_maxT = 1325.9
[INFO] - FWHM_fit = 49.3
[INFO] - FOM = 0.12827
[INFO] - feature_size = 40.0
[INFO] - Iter: 120
[INFO] - [1.36547090e-06 1.38456230e-06 1.35563613e-01 1.30042930e-01
 8.76905294e-01 8.58628000e-01 5.60815823e-01 5.48377249e-01
 1.63237270e-05]
[INFO] - maxT = 0.24816
[INFO] - lambda_maxT = 1325.9
[INFO] - FWHM_fit = 48.1
[INFO] - FOM = 0.12816
[INFO] - feature_size = 40.6
[INFO] - Iter: 121
[INFO] - [1.36791652e-06 1.38403257e-06 1.34483930e-01 1.28824785e-01
 8.75739990e-01 8.54796886e-01 5.57526979e-01 5.51797166e-01
 1.61333057e-05]
[INFO] - maxT = 0.24675
[INFO] - lambda_maxT = 1325.9
[INFO] - FWHM_fit = 49.8
[INFO] - FOM = 0.12772
[INFO] - feature_size = 40.0
[INFO] - Iter: 122
[INFO] - [1.35923015e-06 1.38435144e-06 1.34752583e-01 1.28348835e-01
 8.74242289e-01 8.61507418e-01 5.63798158e-01 5.50769896e-01
 1.62101921e-05]
[INFO] - maxT = 0.24906
[INFO] - lambda_maxT = 1325.9
[INFO] - FWHM_fit = 50.5
[INFO] - FOM = 0.12886
[INFO] - feature_size = 39.9
[INFO] - Iter: 123
[INFO] - [1.37061777e-06 1.37877221e-06 1.33869969e-01 1.29871136e-01
 8.71304343e-01 8.58044378e-01 5.65392817e-01 5.49524421e-01
 1.60535678e-05]
[INFO] - maxT = 0.24932
[INFO] - lambda_maxT = 1325.9
[INFO] - FWHM_fit = 44.9
[INFO] - FOM = 0.12861
[INFO] - feature_size = 39.9
[INFO] - Iter: 124
[INFO] - [1.35945097e-06 1.38308830e-06 1.33369420e-01 1.31393010e-01
 8.75915123e-01 8.62161090e-01 5.58646472e-01 5.53336942e-01
 1.59934968e-05]
[INFO] - maxT = 0.24548
[INFO] - lambda_maxT = 1325.9
[INFO] - FWHM_fit = 53.2
[INFO] - FOM = 0.12749
[INFO] - feature_size = 40.0
[INFO] - Iter: 125
[INFO] - [1.36954088e-06 1.38331072e-06 1.33802752e-01 1.29172536e-01
 8.69953564e-01 8.65050413e-01 5.60277312e-01 5.49881306e-01
 1.60955967e-05]
[INFO] - maxT = 0.24447
[INFO] - lambda_maxT = 1327.3
[INFO] - FWHM_fit = 50.6
[INFO] - FOM = 0.12762
[INFO] - feature_size = 40.2
[INFO] - Iter: 126
[INFO] - [1.36083492e-06 1.38261837e-06 1.34775884e-01 1.30047491e-01
 8.82074468e-01 8.53035057e-01 5.62450794e-01 5.50579410e-01
 1.61569889e-05]
[INFO] - maxT = 0.24723
[INFO] - lambda_maxT = 1325.9
[INFO] - FWHM_fit = 47.9
[INFO] - FOM = 0.12795
[INFO] - feature_size = 40.1
[INFO] - Iter: 127
[INFO] - [1.36507406e-06 1.37915449e-06 1.34370664e-01 1.29639344e-01
 8.74108996e-01 8.64829324e-01 5.59950684e-01 5.49438096e-01
 1.61306454e-05]
[INFO] - maxT = 0.24790
[INFO] - lambda_maxT = 1324.6
[INFO] - FWHM_fit = 50.0
[INFO] - FOM = 0.12740
[INFO] - feature_size = 40.3
[INFO] - Iter: 128
[INFO] - [1.36457889e-06 1.38497019e-06 1.34320309e-01 1.29661553e-01
 8.77977051e-01 8.54990214e-01 5.62295245e-01 5.50712267e-01
 1.61286691e-05]
[INFO] - maxT = 0.24699
[INFO] - lambda_maxT = 1327.3
[INFO] - FWHM_fit = 47.9
[INFO] - FOM = 0.12792
[INFO] - feature_size = 40.1
[INFO] - Iter: 129
[INFO] - [1.36740501e-06 1.38241801e-06 1.33105328e-01 1.29962362e-01
 8.74652969e-01 8.60736343e-01 5.60138559e-01 5.49549066e-01
 1.62137232e-05]
[INFO] - maxT = 0.24721
[INFO] - lambda_maxT = 1325.9
[INFO] - FWHM_fit = 49.3
[INFO] - FOM = 0.12810
[INFO] - feature_size = 40.0
[INFO] - Iter: 130
[INFO] - [1.36022238e-06 1.38375179e-06 1.34659048e-01 1.28420852e-01
 8.74472964e-01 8.61672833e-01 5.63494149e-01 5.50755441e-01
 1.62091098e-05]
[INFO] - maxT = 0.24814
[INFO] - lambda_maxT = 1325.9
[INFO] - FWHM_fit = 50.9
[INFO] - FOM = 0.12874
[INFO] - feature_size = 39.9
[INFO] - Iter: 131
[INFO] - [1.36576971e-06 1.38393922e-06 1.35379964e-01 1.29926714e-01
 8.76840079e-01 8.59113350e-01 5.60843184e-01 5.48628644e-01
 1.63100297e-05]
[INFO] - maxT = 0.24605
[INFO] - lambda_maxT = 1325.9
[INFO] - FWHM_fit = 48.1
[INFO] - FOM = 0.12746
[INFO] - feature_size = 40.6
[INFO] - Iter: 132
[INFO] - [1.36450168e-06 1.38348353e-06 1.35179152e-01 1.29234200e-01
 8.80107710e-01 8.59960351e-01 5.62156230e-01 5.47647078e-01
 1.59140052e-05]
[INFO] - maxT = 0.24826
[INFO] - lambda_maxT = 1325.9
[INFO] - FWHM_fit = 45.9
[INFO] - FOM = 0.12808
[INFO] - feature_size = 40.4
[INFO] - Iter: 133
[INFO] - [1.36164884e-06 1.38221129e-06 1.34679760e-01 1.29930769e-01
 8.81434901e-01 8.54141846e-01 5.62296491e-01 5.50586120e-01
 1.61618181e-05]
[INFO] - maxT = 0.24714
[INFO] - lambda_maxT = 1325.9
[INFO] - FWHM_fit = 48.4
[INFO] - FOM = 0.12756
[INFO] - feature_size = 40.1
[INFO] - Iter: 134
[INFO] - [1.37034471e-06 1.37879248e-06 1.33874503e-01 1.29774008e-01
 8.71861456e-01 8.58594575e-01 5.64911623e-01 5.49648352e-01
 1.60698882e-05]
[INFO] - maxT = 0.24760
[INFO] - lambda_maxT = 1325.9
[INFO] - FWHM_fit = 45.1
[INFO] - FOM = 0.12775
[INFO] - feature_size = 39.9
[INFO] - Iter: 135
[INFO] - [1.36041866e-06 1.38262900e-06 1.33429570e-01 1.31126785e-01
 8.75959927e-01 8.62253874e-01 5.58914872e-01 5.53037259e-01
 1.60164918e-05]
[INFO] - maxT = 0.24644
[INFO] - lambda_maxT = 1325.9
[INFO] - FWHM_fit = 53.4
[INFO] - FOM = 0.12852
[INFO] - feature_size = 40.0
[INFO] - Iter: 136
[INFO] - [1.36794360e-06 1.38346835e-06 1.34420246e-01 1.28843919e-01
 8.75804254e-01 8.55707916e-01 5.57919767e-01 5.51668570e-01
 1.61407664e-05]
[INFO] - maxT = 0.24541
[INFO] - lambda_maxT = 1325.9
[INFO] - FWHM_fit = 49.5
[INFO] - FOM = 0.12746
[INFO] - feature_size = 40.0
[INFO] - Iter: 137
[INFO] - [1.36489744e-06 1.38523399e-06 1.34266733e-01 1.29591272e-01
 8.78412768e-01 8.54302638e-01 5.62534039e-01 5.50908454e-01
 1.61363282e-05]
[INFO] - maxT = 0.24714
[INFO] - lambda_maxT = 1327.3
[INFO] - FWHM_fit = 47.8
[INFO] - FOM = 0.12838
[INFO] - feature_size = 40.1
[INFO] - Iter: 138
[INFO] - [1.36541696e-06 1.37913228e-06 1.34319565e-01 1.29567971e-01
 8.74354481e-01 8.64625638e-01 5.60074172e-01 5.49571618e-01
 1.61384016e-05]
[INFO] - maxT = 0.24802
[INFO] - lambda_maxT = 1324.6
[INFO] - FWHM_fit = 49.8
[INFO] - FOM = 0.12747
[INFO] - feature_size = 40.2
[INFO] - Iter: 139
[INFO] - [1.36497681e-06 1.38430179e-06 1.34274805e-01 1.29587712e-01
 8.77792752e-01 8.55879763e-01 5.62158226e-01 5.50704215e-01
 1.61366449e-05]
[INFO] - maxT = 0.24833
[INFO] - lambda_maxT = 1325.9
[INFO] - FWHM_fit = 48.2
[INFO] - FOM = 0.12848
[INFO] - feature_size = 40.1
[INFO] - Iter: 140
[INFO] - [1.35877683e-06 1.38679809e-06 1.34800752e-01 1.29343836e-01
 8.82223858e-01 8.59730409e-01 5.57084721e-01 5.51066357e-01
 1.62196764e-05]
[INFO] - maxT = 0.24816
[INFO] - lambda_maxT = 1325.9
[INFO] - FWHM_fit = 52.4
[INFO] - FOM = 0.12876
[INFO] - feature_size = 40.3
[INFO] - Iter: 141
[INFO] - [1.35749151e-06 1.38768761e-06 1.34903668e-01 1.29296039e-01
 8.83375236e-01 8.59856613e-01 5.56215065e-01 5.51223913e-01
 1.62363195e-05]
[INFO] - maxT = 0.24688
[INFO] - lambda_maxT = 1325.9
[INFO] - FWHM_fit = 53.1
[INFO] - FOM = 0.12890
[INFO] - feature_size = 40.3
[INFO] - Iter: 142
[INFO] - [1.35885525e-06 1.38305983e-06 1.34362435e-01 1.30374397e-01
 8.79963501e-01 8.63539001e-01 5.63697755e-01 5.48947326e-01
 1.61700323e-05]
[INFO] - maxT = 0.24841
[INFO] - lambda_maxT = 1325.9
[INFO] - FWHM_fit = 49.2
[INFO] - FOM = 0.12866
[INFO] - feature_size = 39.8
[INFO] - Iter: 143
[INFO] - [1.36024375e-06 1.38312225e-06 1.34371268e-01 1.30140574e-01
 8.79328061e-01 8.62342585e-01 5.62815007e-01 5.49363072e-01
 1.61655611e-05]
[INFO] - maxT = 0.24883
[INFO] - lambda_maxT = 1325.9
[INFO] - FWHM_fit = 48.8
[INFO] - FOM = 0.12880
[INFO] - feature_size = 40.0
[INFO] - Iter: 144
[INFO] - [1.35980115e-06 1.38240742e-06 1.33178563e-01 1.29339126e-01
 8.79480561e-01 8.60851174e-01 5.61212520e-01 5.52150458e-01
 1.59686648e-05]
[INFO] - maxT = 0.25011
[INFO] - lambda_maxT = 1325.9
[INFO] - FWHM_fit = 50.8
[INFO] - FOM = 0.12939
[INFO] - feature_size = 39.7
[INFO] - Iter: 145
[INFO] - [1.36485785e-06 1.38370519e-06 1.35043639e-01 1.29836943e-01
 8.77243486e-01 8.59378851e-01 5.60899610e-01 5.49166699e-01
 1.62578768e-05]
[INFO] - maxT = 0.24697
[INFO] - lambda_maxT = 1325.9
[INFO] - FWHM_fit = 48.9
[INFO] - FOM = 0.12813
[INFO] - feature_size = 40.5
[INFO] - Iter: 146
[INFO] - [1.36463513e-06 1.38446733e-06 1.33959629e-01 1.29314221e-01
 8.73954314e-01 8.66986458e-01 5.59448795e-01 5.49877556e-01
 1.61382228e-05]
[INFO] - maxT = 0.24591
[INFO] - lambda_maxT = 1327.3
[INFO] - FWHM_fit = 51.5
[INFO] - FOM = 0.12795
[INFO] - feature_size = 40.3
[INFO] - Iter: 147
[INFO] - [1.36210508e-06 1.38255596e-06 1.34569740e-01 1.29836574e-01
 8.80292033e-01 8.56104217e-01 5.61861427e-01 5.50477867e-01
 1.61582133e-05]
[INFO] - maxT = 0.24772
[INFO] - lambda_maxT = 1325.9
[INFO] - FWHM_fit = 48.0
[INFO] - FOM = 0.12792
[INFO] - feature_size = 40.2
[INFO] - Iter: 148
[INFO] - [1.36417889e-06 1.38412266e-06 1.34069649e-01 1.29408416e-01
 8.75097181e-01 8.65024087e-01 5.59883860e-01 5.49985809e-01
 1.61418276e-05]
[INFO] - maxT = 0.24644
[INFO] - lambda_maxT = 1327.3
[INFO] - FWHM_fit = 51.1
[INFO] - FOM = 0.12831
[INFO] - feature_size = 40.2
[INFO] - Iter: 149
[INFO] - [1.36242191e-06 1.38279532e-06 1.34493337e-01 1.29771161e-01
 8.79498375e-01 8.57466975e-01 5.61559298e-01 5.50402691e-01
 1.61557099e-05]
[INFO] - maxT = 0.24879
[INFO] - lambda_maxT = 1325.9
[INFO] - FWHM_fit = 49.0
[INFO] - FOM = 0.12853
[INFO] - feature_size = 40.2
[INFO] - Iter: 150
[INFO] - [1.36132012e-06 1.38304214e-06 1.33307833e-01 1.30130114e-01
 8.75146097e-01 8.60613869e-01 5.59456405e-01 5.53428956e-01
 1.64397478e-05]
[INFO] - maxT = 0.24577
[INFO] - lambda_maxT = 1325.9
[INFO] - FWHM_fit = 52.5
[INFO] - FOM = 0.12769
[INFO] - feature_size = 40.0
[INFO] - Iter: 151
[INFO] - [1.36401561e-06 1.38341610e-06 1.34893256e-01 1.29371076e-01
 8.79349686e-01 8.60060194e-01 5.61743757e-01 5.48530420e-01
 1.59943270e-05]
[INFO] - maxT = 0.24932
[INFO] - lambda_maxT = 1325.9
[INFO] - FWHM_fit = 46.8
[INFO] - FOM = 0.12845
[INFO] - feature_size = 40.3
[INFO] - Iter: 152
[INFO] - [1.35766359e-06 1.38432946e-06 1.35778975e-01 1.29270555e-01
 8.81644553e-01 8.59687622e-01 5.61830786e-01 5.51300602e-01
 1.60912751e-05]
[INFO] - maxT = 0.24924
[INFO] - lambda_maxT = 1325.9
[INFO] - FWHM_fit = 50.7
[INFO] - FOM = 0.12933
[INFO] - feature_size = 40.1
[INFO] - Iter: 153
[INFO] - [1.35658121e-06 1.38454185e-06 1.36076047e-01 1.29193687e-01
 8.82421395e-01 8.59571098e-01 5.62018812e-01 5.51495217e-01
 1.60776698e-05]
[INFO] - maxT = 0.25019
[INFO] - lambda_maxT = 1325.9
[INFO] - FWHM_fit = 50.3
[INFO] - FOM = 0.13037
[INFO] - feature_size = 40.1
[INFO] - Iter: 154
[INFO] - [1.36403708e-06 1.38317125e-06 1.34540143e-01 1.30983807e-01
 8.83590876e-01 8.58284079e-01 5.58147344e-01 5.50258622e-01
 1.60666795e-05]
[INFO] - maxT = 0.24914
[INFO] - lambda_maxT = 1325.9
[INFO] - FWHM_fit = 48.1
[INFO] - FOM = 0.12851
[INFO] - feature_size = 40.5
[INFO] - Iter: 155
[INFO] - [1.35921921e-06 1.38309920e-06 1.34043665e-01 1.29822574e-01
 8.82230885e-01 8.60334779e-01 5.60130268e-01 5.52090014e-01
 1.59754244e-05]
[INFO] - maxT = 0.24889
[INFO] - lambda_maxT = 1325.9
[INFO] - FWHM_fit = 50.9
[INFO] - FOM = 0.12922
[INFO] - feature_size = 40.1
[INFO] - Iter: 156
[INFO] - [1.35392994e-06 1.38877081e-06 1.35206063e-01 1.30845995e-01
 8.84469904e-01 8.56126060e-01 5.59760740e-01 5.50939186e-01
 1.59828436e-05]
[INFO] - maxT = 0.24974
[INFO] - lambda_maxT = 1325.9
[INFO] - FWHM_fit = 52.4
[INFO] - FOM = 0.12945
[INFO] - feature_size = 40.3
[INFO] - Iter: 157
[INFO] - [1.35583330e-06 1.38549925e-06 1.34293092e-01 1.30799665e-01
 8.82576406e-01 8.58187767e-01 5.58638384e-01 5.53583844e-01
 1.61864162e-05]
[INFO] - maxT = 0.24854
[INFO] - lambda_maxT = 1325.9
[INFO] - FWHM_fit = 52.6
[INFO] - FOM = 0.12951
[INFO] - feature_size = 40.2
[INFO] - Iter: 158
[INFO] - [1.35862506e-06 1.38632132e-06 1.34797708e-01 1.30176632e-01
 8.83319885e-01 8.54982083e-01 5.56638995e-01 5.53689142e-01
 1.60198166e-05]
[INFO] - maxT = 0.24772
[INFO] - lambda_maxT = 1327.3
[INFO] - FWHM_fit = 52.6
[INFO] - FOM = 0.12871
[INFO] - feature_size = 40.3
[INFO] - Iter: 159
[INFO] - [1.35999645e-06 1.38361099e-06 1.34436418e-01 1.30146083e-01
 8.79937923e-01 8.61218064e-01 5.61871449e-01 5.50023999e-01
 1.61432946e-05]
[INFO] - maxT = 0.24927
[INFO] - lambda_maxT = 1325.9
[INFO] - FWHM_fit = 49.4
[INFO] - FOM = 0.12918
[INFO] - feature_size = 40.1
[INFO] - Iter: 160
[INFO] - [1.35278525e-06 1.38498827e-06 1.34930085e-01 1.30853576e-01
 8.85331899e-01 8.62631195e-01 5.57232048e-01 5.52196839e-01
 1.60502104e-05]
[INFO] - maxT = 0.24622
[INFO] - lambda_maxT = 1325.9
[INFO] - FWHM_fit = 53.9
[INFO] - FOM = 0.12812
[INFO] - feature_size = 40.4
[INFO] - Iter: 161
[INFO] - [1.36311421e-06 1.38440667e-06 1.34374917e-01 1.29781108e-01
 8.78944566e-01 8.56911232e-01 5.61405615e-01 5.50932255e-01
 1.61234397e-05]
[INFO] - maxT = 0.24817
[INFO] - lambda_maxT = 1325.9
[INFO] - FWHM_fit = 49.1
[INFO] - FOM = 0.12853
[INFO] - feature_size = 40.2
[INFO] - Iter: 162
[INFO] - [1.35351990e-06 1.38639334e-06 1.34628030e-01 1.29190215e-01
 8.78501261e-01 8.59921801e-01 5.61966990e-01 5.52792128e-01
 1.61327892e-05]
[INFO] - maxT = 0.24808
[INFO] - lambda_maxT = 1325.9
[INFO] - FWHM_fit = 53.1
[INFO] - FOM = 0.12916
[INFO] - feature_size = 39.9
[INFO] - Iter: 163
[INFO] - [1.36243029e-06 1.38366352e-06 1.34553570e-01 1.30709786e-01
 8.82813296e-01 8.58534287e-01 5.58730901e-01 5.50645686e-01
 1.60767796e-05]
[INFO] - maxT = 0.24819
[INFO] - lambda_maxT = 1327.3
[INFO] - FWHM_fit = 49.4
[INFO] - FOM = 0.12864
[INFO] - feature_size = 40.4
[INFO] - Iter: 164
[INFO] - [1.35591640e-06 1.38539287e-06 1.34491198e-01 1.30621223e-01
 8.82559182e-01 8.58341471e-01 5.59013987e-01 5.53351774e-01
 1.61743333e-05]
[INFO] - maxT = 0.24863
[INFO] - lambda_maxT = 1325.9
[INFO] - FWHM_fit = 52.4
[INFO] - FOM = 0.12950
[INFO] - feature_size = 40.2
[INFO] - Iter: 165
[INFO] - [1.35422453e-06 1.38830093e-06 1.35302728e-01 1.30662406e-01
 8.84242292e-01 8.56508842e-01 5.60011637e-01 5.51000967e-01
 1.59933798e-05]
[INFO] - maxT = 0.24881
[INFO] - lambda_maxT = 1325.9
[INFO] - FWHM_fit = 51.8
[INFO] - FOM = 0.12880
[INFO] - feature_size = 40.3
[INFO] - Iter: 166
[INFO] - [1.35892610e-06 1.38325949e-06 1.34269485e-01 1.29752698e-01
 8.82252053e-01 8.60249925e-01 5.60340106e-01 5.52023925e-01
 1.59867850e-05]
[INFO] - maxT = 0.24920
[INFO] - lambda_maxT = 1325.9
[INFO] - FWHM_fit = 51.3
[INFO] - FOM = 0.12945
[INFO] - feature_size = 40.1
[INFO] - Iter: 167
[INFO] - [1.35961698e-06 1.38371442e-06 1.34618599e-01 1.30040261e-01
 8.80213864e-01 8.61035068e-01 5.61887823e-01 5.50187468e-01
 1.61360029e-05]
[INFO] - maxT = 0.24887
[INFO] - lambda_maxT = 1325.9
[INFO] - FWHM_fit = 49.8
[INFO] - FOM = 0.12894
[INFO] - feature_size = 40.1
[INFO] - Iter: 168
[INFO] - [1.35739037e-06 1.38733808e-06 1.35033933e-01 1.29284667e-01
 8.83269254e-01 8.59824889e-01 5.56859926e-01 5.51254058e-01
 1.62186918e-05]
[INFO] - maxT = 0.24698
[INFO] - lambda_maxT = 1325.9
[INFO] - FWHM_fit = 53.2
[INFO] - FOM = 0.12898
[INFO] - feature_size = 40.2
[INFO] - Iter: 169
[INFO] - [1.36238832e-06 1.38442169e-06 1.34563932e-01 1.29715839e-01
 8.79330880e-01 8.57206772e-01 5.61473748e-01 5.50994806e-01
 1.61183541e-05]
[INFO] - maxT = 0.24837
[INFO] - lambda_maxT = 1325.9
[INFO] - FWHM_fit = 48.7
[INFO] - FOM = 0.12910
[INFO] - feature_size = 40.2
[INFO] - Iter: 170
[INFO] - [1.36177295e-06 1.38298937e-06 1.34669194e-01 1.29706997e-01
 8.79823155e-01 8.57700766e-01 5.61610355e-01 5.50524083e-01
 1.61470388e-05]
[INFO] - maxT = 0.24733
[INFO] - lambda_maxT = 1325.9
[INFO] - FWHM_fit = 49.3
[INFO] - FOM = 0.12812
[INFO] - feature_size = 40.2
[INFO] - Iter: 171
[INFO] - [1.35999228e-06 1.38284153e-06 1.33723623e-01 1.30911996e-01
 8.76677868e-01 8.61955788e-01 5.59259754e-01 5.52865921e-01
 1.60232893e-05]
[INFO] - maxT = 0.24786
[INFO] - lambda_maxT = 1325.9
[INFO] - FWHM_fit = 52.6
[INFO] - FOM = 0.12867
[INFO] - feature_size = 40.1
[INFO] - Iter: 172
[INFO] - [1.36320865e-06 1.38332354e-06 1.34710799e-01 1.30784905e-01
 8.83460934e-01 8.58427081e-01 5.58577507e-01 5.50396021e-01
 1.60679007e-05]
[INFO] - maxT = 0.24859
[INFO] - lambda_maxT = 1327.3
[INFO] - FWHM_fit = 48.6
[INFO] - FOM = 0.12889
[INFO] - feature_size = 40.5
[INFO] - Iter: 173
[INFO] - [1.35386005e-06 1.38618762e-06 1.34788921e-01 1.29190601e-01
 8.78936831e-01 8.59882834e-01 5.61972748e-01 5.52648027e-01
 1.61266648e-05]
[INFO] - maxT = 0.24813
[INFO] - lambda_maxT = 1325.9
[INFO] - FWHM_fit = 52.7
[INFO] - FOM = 0.12898
[INFO] - feature_size = 40.0
[INFO] - Iter: 174
[INFO] - [1.35353733e-06 1.38723251e-06 1.34857132e-01 1.30153753e-01
 8.82377649e-01 8.61094053e-01 5.59020431e-01 5.52991953e-01
 1.60429992e-05]
[INFO] - maxT = 0.24893
[INFO] - lambda_maxT = 1325.9
[INFO] - FWHM_fit = 53.7
[INFO] - FOM = 0.13015
[INFO] - feature_size = 40.2
[INFO] - Iter: 175
[INFO] - [1.35388356e-06 1.38835612e-06 1.36054593e-01 1.28780256e-01
 8.86789555e-01 8.56647535e-01 5.61317850e-01 5.50678123e-01
 1.61711286e-05]
[INFO] - maxT = 0.25140
[INFO] - lambda_maxT = 1325.9
[INFO] - FWHM_fit = 50.6
[INFO] - FOM = 0.13039
[INFO] - feature_size = 40.2
[INFO] - Iter: 176
[INFO] - [1.35320482e-06 1.38896886e-06 1.36313590e-01 1.28543396e-01
 8.87913075e-01 8.56057729e-01 5.61546527e-01 5.50435034e-01
 1.61875552e-05]
[INFO] - maxT = 0.25180
[INFO] - lambda_maxT = 1325.9
[INFO] - FWHM_fit = 50.3
[INFO] - FOM = 0.13054
[INFO] - feature_size = 40.1
[INFO] - Iter: 177
[INFO] - [1.35987018e-06 1.38562809e-06 1.35328111e-01 1.30357828e-01
 8.86525312e-01 8.57870465e-01 5.58510140e-01 5.50404240e-01
 1.60812843e-05]
[INFO] - maxT = 0.25152
[INFO] - lambda_maxT = 1327.3
[INFO] - FWHM_fit = 49.8
[INFO] - FOM = 0.13002
[INFO] - feature_size = 40.6
[INFO] - Iter: 178
[INFO] - [1.35477826e-06 1.38610214e-06 1.34871297e-01 1.29368927e-01
 8.80096183e-01 8.59575389e-01 5.61443738e-01 5.52305226e-01
 1.61197317e-05]
[INFO] - maxT = 0.24916
[INFO] - lambda_maxT = 1325.9
[INFO] - FWHM_fit = 52.0
[INFO] - FOM = 0.12948
[INFO] - feature_size = 40.1
[INFO] - Iter: 179
[INFO] - [1.35962876e-06 1.38302616e-06 1.34718430e-01 1.28598583e-01
 8.80298494e-01 8.61925912e-01 5.60789496e-01 5.52341136e-01
 1.62426475e-05]
[INFO] - maxT = 0.24945
[INFO] - lambda_maxT = 1325.9
[INFO] - FWHM_fit = 51.0
[INFO] - FOM = 0.12959
[INFO] - feature_size = 39.8
[INFO] - Iter: 180
[INFO] - [1.35505017e-06 1.38749506e-06 1.35213460e-01 1.30347100e-01
 8.83639767e-01 8.57336450e-01 5.60130476e-01 5.51205715e-01
 1.60314624e-05]
[INFO] - maxT = 0.24939
[INFO] - lambda_maxT = 1325.9
[INFO] - FWHM_fit = 51.8
[INFO] - FOM = 0.12920
[INFO] - feature_size = 40.3
[INFO] - Iter: 181
[INFO] - [1.35322146e-06 1.38845281e-06 1.35534750e-01 1.29288915e-01
 8.85088233e-01 8.56577771e-01 5.58522788e-01 5.53380912e-01
 1.60767931e-05]
[INFO] - maxT = 0.24970
[INFO] - lambda_maxT = 1325.9
[INFO] - FWHM_fit = 53.0
[INFO] - FOM = 0.12998
[INFO] - feature_size = 40.1
[INFO] - Iter: 182
[INFO] - [1.35452165e-06 1.38507687e-06 1.35230710e-01 1.30045453e-01
 8.82437061e-01 8.57066368e-01 5.63920210e-01 5.52786956e-01
 1.59625713e-05]
[INFO] - maxT = 0.24856
[INFO] - lambda_maxT = 1327.3
[INFO] - FWHM_fit = 50.8
[INFO] - FOM = 0.12960
[INFO] - feature_size = 39.9
[INFO] - Iter: 183
[INFO] - [1.35695209e-06 1.38699262e-06 1.35063996e-01 1.29400898e-01
 8.83142113e-01 8.59403448e-01 5.57938581e-01 5.51488251e-01
 1.61795622e-05]
[INFO] - maxT = 0.24768
[INFO] - lambda_maxT = 1325.9
[INFO] - FWHM_fit = 52.7
[INFO] - FOM = 0.12901
[INFO] - feature_size = 40.2
[INFO] - Iter: 184
[INFO] - [1.35495993e-06 1.38542233e-06 1.35200647e-01 1.29929221e-01
 8.82564202e-01 8.57487809e-01 5.62841556e-01 5.52552764e-01
 1.60017008e-05]
[INFO] - maxT = 0.24930
[INFO] - lambda_maxT = 1325.9
[INFO] - FWHM_fit = 50.7
[INFO] - FOM = 0.12962
[INFO] - feature_size = 40.0
[INFO] - Iter: 185
[INFO] - [1.34787294e-06 1.38821563e-06 1.35842203e-01 1.29661699e-01
 8.87093951e-01 8.59746938e-01 5.59610346e-01 5.53392421e-01
 1.60369859e-05]
[INFO] - maxT = 0.24801
[INFO] - lambda_maxT = 1325.9
[INFO] - FWHM_fit = 54.2
[INFO] - FOM = 0.12937
[INFO] - feature_size = 40.2
[INFO] - Iter: 186
[INFO] - [1.35361615e-06 1.38530238e-06 1.35332395e-01 1.28878127e-01
 8.83552660e-01 8.60152924e-01 5.60838033e-01 5.53667446e-01
 1.61251051e-05]
[INFO] - maxT = 0.24946
[INFO] - lambda_maxT = 1325.9
[INFO] - FWHM_fit = 52.4
[INFO] - FOM = 0.13011
[INFO] - feature_size = 39.8
[INFO] - Iter: 187
[INFO] - [1.35483109e-06 1.38716007e-06 1.35231631e-01 1.30122673e-01
 8.83626459e-01 8.57766745e-01 5.60238575e-01 5.51581813e-01
 1.60457689e-05]
[INFO] - maxT = 0.24992
[INFO] - lambda_maxT = 1325.9
[INFO] - FWHM_fit = 51.5
[INFO] - FOM = 0.12957
[INFO] - feature_size = 40.3
[INFO] - Iter: 188
[INFO] - [1.36233964e-06 1.38434725e-06 1.34567969e-01 1.29665967e-01
 8.79327923e-01 8.57302393e-01 5.61497770e-01 5.51078384e-01
 1.61215334e-05]
[INFO] - maxT = 0.24696
[INFO] - lambda_maxT = 1327.3
[INFO] - FWHM_fit = 49.0
[INFO] - FOM = 0.12828
[INFO] - feature_size = 40.2
[INFO] - Iter: 189
[INFO] - [1.35008313e-06 1.38762462e-06 1.35647529e-01 1.29662351e-01
 8.85907474e-01 8.59373466e-01 5.59898702e-01 5.53038887e-01
 1.60499029e-05]
[INFO] - maxT = 0.24795
[INFO] - lambda_maxT = 1325.9
[INFO] - FWHM_fit = 54.0
[INFO] - FOM = 0.12975
[INFO] - feature_size = 40.2
[INFO] - Iter: 190
[INFO] - [1.34932137e-06 1.39027341e-06 1.36446919e-01 1.29554891e-01
 8.84982137e-01 8.56604637e-01 5.60669920e-01 5.52672426e-01
 1.61857605e-05]
[INFO] - maxT = 0.24680
[INFO] - lambda_maxT = 1325.9
[INFO] - FWHM_fit = 53.7
[INFO] - FOM = 0.12914
[INFO] - feature_size = 40.3
[INFO] - Iter: 191
[INFO] - [1.35745871e-06 1.38433106e-06 1.34602149e-01 1.29722477e-01
 8.82669149e-01 8.59693006e-01 5.60390494e-01 5.52123002e-01
 1.60171840e-05]
[INFO] - maxT = 0.24838
[INFO] - lambda_maxT = 1325.9
[INFO] - FWHM_fit = 52.0
[INFO] - FOM = 0.12940
[INFO] - feature_size = 40.2
[INFO] - Iter: 192
[INFO] - [1.35620605e-06 1.38503374e-06 1.36102441e-01 1.29121433e-01
 8.83031582e-01 8.59180723e-01 5.61966336e-01 5.51377419e-01
 1.60898792e-05]
[INFO] - maxT = 0.25090
[INFO] - lambda_maxT = 1325.9
[INFO] - FWHM_fit = 50.2
[INFO] - FOM = 0.13012
[INFO] - feature_size = 40.1
[INFO] - Iter: 193
[INFO] - [1.35350038e-06 1.38742544e-06 1.35018960e-01 1.29974825e-01
 8.82992697e-01 8.60534461e-01 5.59301109e-01 5.52707851e-01
 1.60590610e-05]
[INFO] - maxT = 0.24749
[INFO] - lambda_maxT = 1327.3
[INFO] - FWHM_fit = 53.5
[INFO] - FOM = 0.12926
[INFO] - feature_size = 40.3
[INFO] - Iter: 194
[INFO] - [1.35321961e-06 1.38851015e-06 1.35621288e-01 1.29206079e-01
 8.85402105e-01 8.56519989e-01 5.58858759e-01 5.53053592e-01
 1.60891000e-05]
[INFO] - maxT = 0.24983
[INFO] - lambda_maxT = 1325.9
[INFO] - FWHM_fit = 52.8
[INFO] - FOM = 0.13019
[INFO] - feature_size = 40.1
[INFO] - Iter: 195
[INFO] - [1.35042998e-06 1.38777398e-06 1.35721535e-01 1.29538022e-01
 8.86130319e-01 8.59005050e-01 5.60081794e-01 5.52749570e-01
 1.60651976e-05]
[INFO] - maxT = 0.24936
[INFO] - lambda_maxT = 1325.9
[INFO] - FWHM_fit = 53.5
[INFO] - FOM = 0.12974
[INFO] - feature_size = 40.2
[INFO] - Iter: 196
[INFO] - [1.35476492e-06 1.38581639e-06 1.35324307e-01 1.29775241e-01
 8.83158521e-01 8.57328911e-01 5.62697664e-01 5.52317460e-01
 1.60223513e-05]
[INFO] - maxT = 0.24978
[INFO] - lambda_maxT = 1325.9
[INFO] - FWHM_fit = 50.7
[INFO] - FOM = 0.12978
[INFO] - feature_size = 40.1
[INFO] - Iter: 197
[INFO] - [1.35465039e-06 1.38736105e-06 1.35351849e-01 1.29947198e-01
 8.84102750e-01 8.57576854e-01 5.60383903e-01 5.51454393e-01
 1.60615229e-05]
[INFO] - maxT = 0.25055
[INFO] - lambda_maxT = 1325.9
[INFO] - FWHM_fit = 51.3
[INFO] - FOM = 0.12976
[INFO] - feature_size = 40.3
[INFO] - Iter: 198
[INFO] - [1.35561511e-06 1.38579020e-06 1.34693686e-01 1.30390353e-01
 8.83154059e-01 8.58087722e-01 5.59295380e-01 5.53027692e-01
 1.61758024e-05]
[INFO] - maxT = 0.24799
[INFO] - lambda_maxT = 1325.9
[INFO] - FWHM_fit = 52.3
[INFO] - FOM = 0.12947
[INFO] - feature_size = 40.2
[INFO] - Iter: 199
[INFO] - [1.35460344e-06 1.38642066e-06 1.35031552e-01 1.29277201e-01
 8.80964726e-01 8.59184538e-01 5.61455159e-01 5.52097427e-01
 1.61272676e-05]
[INFO] - maxT = 0.24998
[INFO] - lambda_maxT = 1325.9
[INFO] - FWHM_fit = 51.6
[INFO] - FOM = 0.12930
[INFO] - feature_size = 40.1
[INFO] - Iter: 200
[INFO] - [1.35829040e-06 1.38389387e-06 1.34496608e-01 1.29618331e-01
 8.82881055e-01 8.59784125e-01 5.60474153e-01 5.51847382e-01
 1.60090928e-05]
[INFO] - maxT = 0.24857
[INFO] - lambda_maxT = 1325.9
[INFO] - FWHM_fit = 51.1
[INFO] - FOM = 0.12920
[INFO] - feature_size = 40.1
[INFO] - Iter: 201
[INFO] - [1.35560734e-06 1.38581209e-06 1.35793674e-01 1.29006787e-01
 8.85171346e-01 8.55626792e-01 5.62201041e-01 5.51372142e-01
 1.61248877e-05]
[INFO] - maxT = 0.25068
[INFO] - lambda_maxT = 1325.9
[INFO] - FWHM_fit = 50.5
[INFO] - FOM = 0.13009
[INFO] - feature_size = 40.1
[INFO] - Iter: 202
[INFO] - [1.35022108e-06 1.38976994e-06 1.36604264e-01 1.29227383e-01
 8.85791941e-01 8.55453276e-01 5.61411750e-01 5.52127003e-01
 1.62005881e-05]
[INFO] - maxT = 0.24921
[INFO] - lambda_maxT = 1325.9
[INFO] - FWHM_fit = 52.7
[INFO] - FOM = 0.13000
[INFO] - feature_size = 40.2
[INFO] - Iter: 203
[INFO] - [1.35293418e-06 1.38798743e-06 1.36418811e-01 1.29557441e-01
 8.88780985e-01 8.55223695e-01 5.60421097e-01 5.51883529e-01
 1.60987067e-05]
[INFO] - maxT = 0.25191
[INFO] - lambda_maxT = 1327.3
[INFO] - FWHM_fit = 51.4
[INFO] - FOM = 0.13145
[INFO] - feature_size = 40.3
[INFO] - Iter: 204
[INFO] - [1.35132674e-06 1.38910616e-06 1.37140038e-01 1.28259198e-01
 8.87842079e-01 8.55684060e-01 5.62831036e-01 5.50699006e-01
 1.60330396e-05]
[INFO] - maxT = 0.25057
[INFO] - lambda_maxT = 1325.9
[INFO] - FWHM_fit = 50.3
[INFO] - FOM = 0.13042
[INFO] - feature_size = 40.0
[INFO] - Iter: 205
[INFO] - [1.35671116e-06 1.38741842e-06 1.36427412e-01 1.28827346e-01
 8.85246211e-01 8.54028734e-01 5.62655565e-01 5.50521447e-01
 1.61364981e-05]
[INFO] - maxT = 0.25046
[INFO] - lambda_maxT = 1325.9
[INFO] - FWHM_fit = 48.5
[INFO] - FOM = 0.12961
[INFO] - feature_size = 40.2
[INFO] - Iter: 206
[INFO] - [1.35138961e-06 1.38771966e-06 1.35829378e-01 1.29429447e-01
 8.85995247e-01 8.58244780e-01 5.60475009e-01 5.52409163e-01
 1.60760907e-05]
[INFO] - maxT = 0.25053
[INFO] - lambda_maxT = 1325.9
[INFO] - FWHM_fit = 52.5
[INFO] - FOM = 0.13042
[INFO] - feature_size = 40.2
[INFO] - Iter: 207
[INFO] - [1.35176613e-06 1.38791105e-06 1.36903216e-01 1.28303114e-01
 8.87694335e-01 8.55605358e-01 5.62373701e-01 5.52028796e-01
 1.61434101e-05]
[INFO] - maxT = 0.25068
[INFO] - lambda_maxT = 1325.9
[INFO] - FWHM_fit = 50.1
[INFO] - FOM = 0.13053
[INFO] - feature_size = 39.9
[INFO] - Iter: 208
[INFO] - [1.35420974e-06 1.38744507e-06 1.35588863e-01 1.29696018e-01
 8.84651464e-01 8.57275653e-01 5.60687900e-01 5.51542149e-01
 1.60740335e-05]
[INFO] - maxT = 0.24980
[INFO] - lambda_maxT = 1325.9
[INFO] - FWHM_fit = 51.4
[INFO] - FOM = 0.12976
[INFO] - feature_size = 40.3
[INFO] - Iter: 209
[INFO] - [1.35159130e-06 1.38785846e-06 1.35883179e-01 1.29330997e-01
 8.86208339e-01 8.58001774e-01 5.60594066e-01 5.52189815e-01
 1.60884757e-05]
[INFO] - maxT = 0.24958
[INFO] - lambda_maxT = 1325.9
[INFO] - FWHM_fit = 52.3
[INFO] - FOM = 0.12999
[INFO] - feature_size = 40.2
[INFO] - Iter: 210
[INFO] - [1.35153542e-06 1.38909090e-06 1.37048211e-01 1.28290775e-01
 8.87849968e-01 8.55725579e-01 5.62688312e-01 5.50669676e-01
 1.60502080e-05]
[INFO] - maxT = 0.25109
[INFO] - lambda_maxT = 1327.3
[INFO] - FWHM_fit = 50.2
[INFO] - FOM = 0.13070
[INFO] - feature_size = 40.0
[INFO] - Iter: 211
[INFO] - [1.35321797e-06 1.38856112e-06 1.35698211e-01 1.29132448e-01
 8.85681101e-01 8.56468626e-01 5.59157400e-01 5.52762641e-01
 1.61000395e-05]
[INFO] - maxT = 0.25144
[INFO] - lambda_maxT = 1325.9
[INFO] - FWHM_fit = 52.7
[INFO] - FOM = 0.13091
[INFO] - feature_size = 40.1
[INFO] - Iter: 212
[INFO] - [1.35587258e-06 1.38547097e-06 1.36125902e-01 1.29057206e-01
 8.83573970e-01 8.58833724e-01 5.61919690e-01 5.51272709e-01
 1.61007321e-05]
[INFO] - maxT = 0.24934
[INFO] - lambda_maxT = 1325.9
[INFO] - FWHM_fit = 50.3
[INFO] - FOM = 0.12969
[INFO] - feature_size = 40.1
[INFO] - Iter: 213
[INFO] - [1.35296425e-06 1.38809647e-06 1.36407120e-01 1.29444770e-01
 8.88684550e-01 8.55316365e-01 5.60546145e-01 5.51722586e-01
 1.61085787e-05]
[INFO] - maxT = 0.25283
[INFO] - lambda_maxT = 1325.9
[INFO] - FWHM_fit = 51.4
[INFO] - FOM = 0.13152
[INFO] - feature_size = 40.3
[INFO] - Iter: 214
[INFO] - [1.35534039e-06 1.38616284e-06 1.35851443e-01 1.28955299e-01
 8.85475983e-01 8.55674674e-01 5.62128317e-01 5.51268019e-01
 1.61318508e-05]
[INFO] - maxT = 0.25194
[INFO] - lambda_maxT = 1325.9
[INFO] - FWHM_fit = 49.1
[INFO] - FOM = 0.13039
[INFO] - feature_size = 40.1
[INFO] - Iter: 215
[INFO] - [1.35055260e-06 1.38968093e-06 1.36571967e-01 1.29151384e-01
 8.86027623e-01 8.55520438e-01 5.61426725e-01 5.51939006e-01
 1.61991400e-05]
[INFO] - maxT = 0.25002
[INFO] - lambda_maxT = 1325.9
[INFO] - FWHM_fit = 52.4
[INFO] - FOM = 0.13029
[INFO] - feature_size = 40.2
[INFO] - Iter: 216
[INFO] - [1.35459157e-06 1.38616667e-06 1.35434227e-01 1.29638369e-01
 8.83686805e-01 8.57187669e-01 5.62569760e-01 5.52108302e-01
 1.60407073e-05]
[INFO] - maxT = 0.24904
[INFO] - lambda_maxT = 1327.3
[INFO] - FWHM_fit = 50.5
[INFO] - FOM = 0.12945
[INFO] - feature_size = 40.1
[INFO] - Iter: 217
[INFO] - [1.35448977e-06 1.38753969e-06 1.35458709e-01 1.29791220e-01
 8.84526119e-01 8.57408062e-01 5.60513084e-01 5.51341131e-01
 1.60755265e-05]
[INFO] - maxT = 0.25057
[INFO] - lambda_maxT = 1325.9
[INFO] - FWHM_fit = 51.3
[INFO] - FOM = 0.12987
[INFO] - feature_size = 40.3
[INFO] - Iter: 218
[INFO] - [1.35180156e-06 1.38970672e-06 1.36867624e-01 1.28516630e-01
 8.88744468e-01 8.55924992e-01 5.59768078e-01 5.50914058e-01
 1.61908719e-05]
[INFO] - maxT = 0.25223
[INFO] - lambda_maxT = 1325.9
[INFO] - FWHM_fit = 51.4
[INFO] - FOM = 0.13100
[INFO] - feature_size = 40.1
[INFO] - Iter: 219
[INFO] - [1.35491686e-06 1.38691934e-06 1.35213510e-01 1.29914413e-01
 8.84780083e-01 8.57431395e-01 5.59000584e-01 5.52406990e-01
 1.62126299e-05]
[INFO] - maxT = 0.25053
[INFO] - lambda_maxT = 1325.9
[INFO] - FWHM_fit = 51.9
[INFO] - FOM = 0.13001
[INFO] - feature_size = 40.3
[INFO] - Iter: 220
[INFO] - [1.35036731e-06 1.39086112e-06 1.35933065e-01 1.29338473e-01
 8.89324106e-01 8.54011622e-01 5.59120516e-01 5.52056019e-01
 1.61869719e-05]
[INFO] - maxT = 0.24853
[INFO] - lambda_maxT = 1325.9
[INFO] - FWHM_fit = 53.0
[INFO] - FOM = 0.12926
[INFO] - feature_size = 40.3
[INFO] - Iter: 221
[INFO] - [1.35503150e-06 1.38629447e-06 1.36096441e-01 1.29100178e-01
 8.84452463e-01 8.58097014e-01 5.61492038e-01 5.51392382e-01
 1.61139076e-05]
[INFO] - maxT = 0.25187
[INFO] - lambda_maxT = 1325.9
[INFO] - FWHM_fit = 50.1
[INFO] - FOM = 0.13050
[INFO] - feature_size = 40.1
[INFO] - Iter: 222
[INFO] - [1.35187051e-06 1.38851569e-06 1.36741976e-01 1.28450894e-01
 8.88355589e-01 8.55590384e-01 5.60744668e-01 5.51998987e-01
 1.62207067e-05]
[INFO] - maxT = 0.25095
[INFO] - lambda_maxT = 1325.9
[INFO] - FWHM_fit = 51.7
[INFO] - FOM = 0.13150
[INFO] - feature_size = 40.0
[INFO] - Iter: 223
[INFO] - [1.35483103e-06 1.38834297e-06 1.36508350e-01 1.28715539e-01
 8.87150536e-01 8.54460807e-01 5.60697152e-01 5.51107897e-01
 1.62371422e-05]
[INFO] - maxT = 0.25002
[INFO] - lambda_maxT = 1327.3
[INFO] - FWHM_fit = 50.6
[INFO] - FOM = 0.13009
[INFO] - feature_size = 40.1
[INFO] - Iter: 224
[INFO] - [1.35208626e-06 1.38793248e-06 1.35978691e-01 1.29236968e-01
 8.86352286e-01 8.57460793e-01 5.60609815e-01 5.52024522e-01
 1.61111886e-05]
[INFO] - maxT = 0.25190
[INFO] - lambda_maxT = 1325.9
[INFO] - FWHM_fit = 52.2
[INFO] - FOM = 0.13107
[INFO] - feature_size = 40.2
[INFO] - Iter: 225
[INFO] - [1.35087644e-06 1.38950724e-06 1.37348059e-01 1.27981579e-01
 8.88928170e-01 8.55037719e-01 5.62648242e-01 5.50805728e-01
 1.60904454e-05]
[INFO] - maxT = 0.25114
[INFO] - lambda_maxT = 1325.9
[INFO] - FWHM_fit = 50.3
[INFO] - FOM = 0.13097
[INFO] - feature_size = 39.9
[INFO] - Iter: 226
[INFO] - [1.35531266e-06 1.38670705e-06 1.36162068e-01 1.28484652e-01
 8.88325196e-01 8.56841406e-01 5.60493548e-01 5.51021873e-01
 1.60797810e-05]
[INFO] - maxT = 0.25185
[INFO] - lambda_maxT = 1325.9
[INFO] - FWHM_fit = 49.3
[INFO] - FOM = 0.13057
[INFO] - feature_size = 40.0
[INFO] - Iter: 227
[INFO] - [1.35051872e-06 1.39034606e-06 1.36951620e-01 1.28576148e-01
 8.89509995e-01 8.56946443e-01 5.59428674e-01 5.51638161e-01
 1.61354992e-05]
[INFO] - maxT = 0.24945
[INFO] - lambda_maxT = 1325.9
[INFO] - FWHM_fit = 52.5
[INFO] - FOM = 0.12995
[INFO] - feature_size = 40.1
[INFO] - Iter: 228
[INFO] - [1.35460374e-06 1.38680195e-06 1.36019525e-01 1.28897373e-01
 8.86092290e-01 8.55868972e-01 5.61715872e-01 5.51324568e-01
 1.61324081e-05]
[INFO] - maxT = 0.25154
[INFO] - lambda_maxT = 1325.9
[INFO] - FWHM_fit = 49.5
[INFO] - FOM = 0.12990
[INFO] - feature_size = 40.1
[INFO] - Iter: 229
[INFO] - [1.35199203e-06 1.38846911e-06 1.36704770e-01 1.28561325e-01
 8.88392140e-01 8.55559937e-01 5.60722610e-01 5.51968276e-01
 1.62082480e-05]
[INFO] - maxT = 0.25151
[INFO] - lambda_maxT = 1325.9
[INFO] - FWHM_fit = 51.7
[INFO] - FOM = 0.13171
[INFO] - feature_size = 40.0
[INFO] - Iter: 230
[INFO] - [1.35218381e-06 1.38795070e-06 1.36026294e-01 1.29260057e-01
 8.86611426e-01 8.57222523e-01 5.60602741e-01 5.51990973e-01
 1.61108986e-05]
[INFO] - maxT = 0.25132
[INFO] - lambda_maxT = 1325.9
[INFO] - FWHM_fit = 52.4
[INFO] - FOM = 0.13139
[INFO] - feature_size = 40.2
[INFO] - Iter: 231
[INFO] - [1.35193075e-06 1.38952781e-06 1.36816457e-01 1.28619756e-01
 8.88737811e-01 8.55857366e-01 5.59854530e-01 5.51003894e-01
 1.61817283e-05]
[INFO] - maxT = 0.25287
[INFO] - lambda_maxT = 1325.9
[INFO] - FWHM_fit = 51.2
[INFO] - FOM = 0.13115
[INFO] - feature_size = 40.1
[INFO] - Iter: 232
[INFO] - [1.35318978e-06 1.38850949e-06 1.35776978e-01 1.29167150e-01
 8.86014818e-01 8.56340597e-01 5.59311705e-01 5.52647080e-01
 1.61009883e-05]
[INFO] - maxT = 0.25100
[INFO] - lambda_maxT = 1325.9
[INFO] - FWHM_fit = 52.7
[INFO] - FOM = 0.13081
[INFO] - feature_size = 40.1
[INFO] - Iter: 233
[INFO] - [1.35505173e-06 1.38686143e-06 1.36189296e-01 1.28591331e-01
 8.88365125e-01 8.56671957e-01 5.60499392e-01 5.51099730e-01
 1.60829807e-05]
[INFO] - maxT = 0.25166
[INFO] - lambda_maxT = 1325.9
[INFO] - FWHM_fit = 49.8
[INFO] - FOM = 0.13046
[INFO] - feature_size = 40.0
[INFO] - Iter: 234
[INFO] - [1.35317809e-06 1.38887192e-06 1.36323982e-01 1.28643548e-01
 8.87998795e-01 8.55975355e-01 5.61435373e-01 5.50578095e-01
 1.61787800e-05]
[INFO] - maxT = 0.25204
[INFO] - lambda_maxT = 1325.9
[INFO] - FWHM_fit = 50.4
[INFO] - FOM = 0.13071
[INFO] - feature_size = 40.1
[INFO] - Iter: 235
[INFO] - [1.35110842e-06 1.38935049e-06 1.37243510e-01 1.28144156e-01
 8.88901101e-01 8.55068680e-01 5.62414675e-01 5.50907601e-01
 1.60924603e-05]
[INFO] - maxT = 0.25300
[INFO] - lambda_maxT = 1325.9
[INFO] - FWHM_fit = 50.3
[INFO] - FOM = 0.13141
[INFO] - feature_size = 40.0
[INFO] - Iter: 236
[INFO] - [1.35480181e-06 1.38649469e-06 1.36130960e-01 1.29138466e-01
 8.84922695e-01 8.57788053e-01 5.61386939e-01 5.51429071e-01
 1.61133155e-05]
[INFO] - maxT = 0.25108
[INFO] - lambda_maxT = 1325.9
[INFO] - FWHM_fit = 49.9
[INFO] - FOM = 0.12986
[INFO] - feature_size = 40.2
[INFO] - Iter: 237
[INFO] - [1.35507637e-06 1.38637769e-06 1.35913185e-01 1.29009685e-01
 8.85832490e-01 8.55634862e-01 5.61952520e-01 5.51318526e-01
 1.61292650e-05]
[INFO] - maxT = 0.25178
[INFO] - lambda_maxT = 1325.9
[INFO] - FWHM_fit = 49.2
[INFO] - FOM = 0.13009
[INFO] - feature_size = 40.1
[INFO] - Iter: 238
[INFO] - [1.35112603e-06 1.38995311e-06 1.36624949e-01 1.28515263e-01
 8.90530251e-01 8.54133645e-01 5.60244103e-01 5.51512431e-01
 1.61520018e-05]
[INFO] - maxT = 0.25027
[INFO] - lambda_maxT = 1325.9
[INFO] - FWHM_fit = 51.8
[INFO] - FOM = 0.13057
[INFO] - feature_size = 40.1
[INFO] - Iter: 239
[INFO] - [1.34997360e-06 1.39086465e-06 1.37000895e-01 1.28534172e-01
 8.90664402e-01 8.55953233e-01 5.59298874e-01 5.51666066e-01
 1.61411049e-05]
[INFO] - maxT = 0.25042
[INFO] - lambda_maxT = 1325.9
[INFO] - FWHM_fit = 52.6
[INFO] - FOM = 0.13064
[INFO] - feature_size = 40.1
[INFO] - Iter: 240
[INFO] - [1.34886977e-06 1.39127052e-06 1.36905139e-01 1.28939824e-01
 8.88642718e-01 8.54756421e-01 5.60485220e-01 5.52010715e-01
 1.62003057e-05]
[INFO] - maxT = 0.24836
[INFO] - lambda_maxT = 1325.9
[INFO] - FWHM_fit = 53.1
[INFO] - FOM = 0.12993
[INFO] - feature_size = 40.2
[INFO] - Iter: 241
[INFO] - [1.35410726e-06 1.38753504e-06 1.36298661e-01 1.28644573e-01
 8.88407535e-01 8.56379306e-01 5.60497227e-01 5.51238908e-01
 1.61009054e-05]
[INFO] - maxT = 0.25170
[INFO] - lambda_maxT = 1327.3
[INFO] - FWHM_fit = 50.3
[INFO] - FOM = 0.13063
[INFO] - feature_size = 40.1
[INFO] - Iter: 242
[INFO] - [1.35285623e-06 1.38813788e-06 1.36440192e-01 1.29346609e-01
 8.88652060e-01 8.55343429e-01 5.60565752e-01 5.51749884e-01
 1.61196531e-05]
[INFO] - maxT = 0.25294
[INFO] - lambda_maxT = 1325.9
[INFO] - FWHM_fit = 51.4
[INFO] - FOM = 0.13151
[INFO] - feature_size = 40.2
[INFO] - Iter: 243
[INFO] - [1.35216250e-06 1.38800830e-06 1.36101681e-01 1.29182420e-01
 8.86809283e-01 8.57037791e-01 5.60616060e-01 5.51988451e-01
 1.61217152e-05]
[INFO] - maxT = 0.25211
[INFO] - lambda_maxT = 1325.9
[INFO] - FWHM_fit = 52.1
[INFO] - FOM = 0.13155
[INFO] - feature_size = 40.2
[INFO] - Iter: 244
[INFO] - [1.35120660e-06 1.38925256e-06 1.37183650e-01 1.28190508e-01
 8.88844550e-01 8.55123264e-01 5.62226668e-01 5.51025454e-01
 1.61053256e-05]
[INFO] - maxT = 0.25132
[INFO] - lambda_maxT = 1325.9
[INFO] - FWHM_fit = 50.8
[INFO] - FOM = 0.13076
[INFO] - feature_size = 40.0
[INFO] - Iter: 245
[INFO] - [1.35193756e-06 1.38941017e-06 1.36804047e-01 1.28613264e-01
 8.88699403e-01 8.55824319e-01 5.59950983e-01 5.51111048e-01
 1.61846749e-05]
[INFO] - maxT = 0.25250
[INFO] - lambda_maxT = 1325.9
[INFO] - FWHM_fit = 51.6
[INFO] - FOM = 0.13135
[INFO] - feature_size = 40.1
[INFO] - Iter: 246
[INFO] - [1.35305670e-06 1.38850500e-06 1.35880066e-01 1.29099836e-01
 8.86278965e-01 8.56253857e-01 5.59468472e-01 5.52571657e-01
 1.61129060e-05]
[INFO] - maxT = 0.25073
[INFO] - lambda_maxT = 1325.9
[INFO] - FWHM_fit = 52.4
[INFO] - FOM = 0.13062
[INFO] - feature_size = 40.1
[INFO] - Iter: 247
[INFO] - [1.35304630e-06 1.38882717e-06 1.36366292e-01 1.28634412e-01
 8.88042500e-01 8.55929197e-01 5.61356177e-01 5.50732560e-01
 1.61820542e-05]
[INFO] - maxT = 0.25184
[INFO] - lambda_maxT = 1325.9
[INFO] - FWHM_fit = 50.4
[INFO] - FOM = 0.13062
[INFO] - feature_size = 40.1
[INFO] - Iter: 248
[INFO] - [1.35019787e-06 1.39059848e-06 1.36967992e-01 1.28537189e-01
 8.90411928e-01 8.55909533e-01 5.59457067e-01 5.51699645e-01
 1.61485653e-05]
[INFO] - maxT = 0.24960
[INFO] - lambda_maxT = 1325.9
[INFO] - FWHM_fit = 52.6
[INFO] - FOM = 0.13037
[INFO] - feature_size = 40.1
[INFO] - Iter: 249
[INFO] - [1.35122225e-06 1.38978822e-06 1.36633818e-01 1.28520381e-01
 8.90292683e-01 8.54292122e-01 5.60297271e-01 5.51563081e-01
 1.61582513e-05]
[INFO] - maxT = 0.25069
[INFO] - lambda_maxT = 1327.3
[INFO] - FWHM_fit = 51.4
[INFO] - FOM = 0.13068
[INFO] - feature_size = 40.0
[INFO] - Iter: 250
[INFO] - [1.35471176e-06 1.38704006e-06 1.36246571e-01 1.28587997e-01
 8.88368126e-01 8.56548399e-01 5.60524194e-01 5.51196235e-01
 1.60968993e-05]
[INFO] - maxT = 0.25236
[INFO] - lambda_maxT = 1325.9
[INFO] - FWHM_fit = 49.5
[INFO] - FOM = 0.13079
[INFO] - feature_size = 40.0
[INFO] - Iter: 251
[INFO] - [1.35348165e-06 1.38760038e-06 1.36409573e-01 1.28980411e-01
 8.86262641e-01 8.57603373e-01 5.60788948e-01 5.51557633e-01
 1.61262024e-05]
[INFO] - maxT = 0.25055
[INFO] - lambda_maxT = 1327.3
[INFO] - FWHM_fit = 51.2
[INFO] - FOM = 0.13032
[INFO] - feature_size = 40.1
[INFO] - Iter: 252
[INFO] - [1.35156744e-06 1.38945397e-06 1.36599559e-01 1.28590663e-01
 8.89676982e-01 8.54798008e-01 5.60372388e-01 5.51562248e-01
 1.61533550e-05]
[INFO] - maxT = 0.25071
[INFO] - lambda_maxT = 1327.3
[INFO] - FWHM_fit = 51.7
[INFO] - FOM = 0.13091
[INFO] - feature_size = 40.1
[INFO] - Iter: 253
[INFO] - [1.35313647e-06 1.38793464e-06 1.36443833e-01 1.28910128e-01
 8.86878342e-01 8.57097487e-01 5.60713830e-01 5.51558465e-01
 1.61310987e-05]
[INFO] - maxT = 0.25189
[INFO] - lambda_maxT = 1325.9
[INFO] - FWHM_fit = 51.6
[INFO] - FOM = 0.13103
[INFO] - feature_size = 40.1
[INFO] - Iter: 254
[INFO] - [1.35515905e-06 1.38619816e-06 1.35958920e-01 1.29046478e-01
 8.85358153e-01 8.56249951e-01 5.61908433e-01 5.51389695e-01
 1.61320070e-05]
[INFO] - maxT = 0.25125
[INFO] - lambda_maxT = 1325.9
[INFO] - FWHM_fit = 49.8
[INFO] - FOM = 0.13021
[INFO] - feature_size = 40.1
[INFO] - Iter: 255
[INFO] - [1.35095583e-06 1.38992621e-06 1.36813828e-01 1.28614997e-01
 8.89639824e-01 8.55961542e-01 5.59831581e-01 5.51652292e-01
 1.61460355e-05]
[INFO] - maxT = 0.25106
[INFO] - lambda_maxT = 1325.9
[INFO] - FWHM_fit = 52.0
[INFO] - FOM = 0.13095
[INFO] - feature_size = 40.1
[INFO] - Iter: 256
[INFO] - [1.35409460e-06 1.38769379e-06 1.35661079e-01 1.29487490e-01
 8.87102260e-01 8.57222505e-01 5.58606589e-01 5.52203183e-01
 1.61842933e-05]
[INFO] - maxT = 0.25014
[INFO] - lambda_maxT = 1327.3
[INFO] - FWHM_fit = 52.0
[INFO] - FOM = 0.13044
[INFO] - feature_size = 40.2
[INFO] - Iter: 257
[INFO] - [1.35164782e-06 1.38901441e-06 1.36951035e-01 1.28388658e-01
 8.88578367e-01 8.55443981e-01 5.61673600e-01 5.51205385e-01
 1.61173901e-05]
[INFO] - maxT = 0.25126
[INFO] - lambda_maxT = 1327.3
[INFO] - FWHM_fit = 50.9
[INFO] - FOM = 0.13104
[INFO] - feature_size = 40.0
[INFO] - Iter: 258
[INFO] - [1.35214356e-06 1.38805950e-06 1.36168691e-01 1.29113410e-01
 8.86985156e-01 8.56873585e-01 5.60627899e-01 5.51986210e-01
 1.61313300e-05]
[INFO] - maxT = 0.25234
[INFO] - lambda_maxT = 1325.9
[INFO] - FWHM_fit = 52.1
[INFO] - FOM = 0.13164
[INFO] - feature_size = 40.1
[INFO] - Iter: 259
[INFO] - [1.35276021e-06 1.38817468e-06 1.36469590e-01 1.29259355e-01
 8.88623180e-01 8.55367485e-01 5.60583181e-01 5.51774150e-01
 1.61294970e-05]
[INFO] - maxT = 0.25219
[INFO] - lambda_maxT = 1327.3
[INFO] - FWHM_fit = 51.3
[INFO] - FOM = 0.13150
[INFO] - feature_size = 40.2
[INFO] - Iter: 260
[INFO] - [1.35194361e-06 1.38930561e-06 1.36793016e-01 1.28607493e-01
 8.88665262e-01 8.55794943e-01 5.60036719e-01 5.51206295e-01
 1.61872941e-05]
[INFO] - maxT = 0.25343
[INFO] - lambda_maxT = 1325.9
[INFO] - FWHM_fit = 51.6
[INFO] - FOM = 0.13167
[INFO] - feature_size = 40.1
[INFO] - Iter: 261
[INFO] - [1.35300931e-06 1.38799402e-06 1.36472826e-01 1.28871372e-01
 8.87046541e-01 8.56926648e-01 5.60714806e-01 5.51603999e-01
 1.61396709e-05]
[INFO] - maxT = 0.25126
[INFO] - lambda_maxT = 1327.3
[INFO] - FWHM_fit = 51.1
[INFO] - FOM = 0.13064
[INFO] - feature_size = 40.1
[INFO] - Iter: 262
[INFO] - [1.35107096e-06 1.38976431e-06 1.36801711e-01 1.28609034e-01
 8.89501192e-01 8.55916919e-01 5.59930584e-01 5.51687401e-01
 1.61529480e-05]
[INFO] - maxT = 0.25070
[INFO] - lambda_maxT = 1325.9
[INFO] - FWHM_fit = 51.8
[INFO] - FOM = 0.13077
[INFO] - feature_size = 40.1
[INFO] - Iter: 263
[INFO] - [1.35440957e-06 1.38719884e-06 1.36297482e-01 1.28585034e-01
 8.88370794e-01 8.56438570e-01 5.60546240e-01 5.51282017e-01
 1.61092714e-05]
[INFO] - maxT = 0.25221
[INFO] - lambda_maxT = 1325.9
[INFO] - FWHM_fit = 49.7
[INFO] - FOM = 0.13060
[INFO] - feature_size = 40.0
[INFO] - Iter: 264
[INFO] - [1.35292916e-06 1.38878738e-06 1.36403901e-01 1.28626292e-01
 8.88081349e-01 8.55888168e-01 5.61285781e-01 5.50869861e-01
 1.61849646e-05]
[INFO] - maxT = 0.25203
[INFO] - lambda_maxT = 1325.9
[INFO] - FWHM_fit = 51.0
[INFO] - FOM = 0.13106
[INFO] - feature_size = 40.1
[INFO] - Iter: 265
[INFO] - [1.35293840e-06 1.38850101e-06 1.35971700e-01 1.29040002e-01
 8.86513762e-01 8.56176755e-01 5.59607821e-01 5.52504615e-01
 1.61234996e-05]
[INFO] - maxT = 0.25168
[INFO] - lambda_maxT = 1325.9
[INFO] - FWHM_fit = 52.1
[INFO] - FOM = 0.13091
[INFO] - feature_size = 40.1
[INFO] - Iter: 266
[INFO] - [1.35129387e-06 1.38916551e-06 1.37130442e-01 1.28231710e-01
 8.88794282e-01 8.55171783e-01 5.62059550e-01 5.51130212e-01
 1.61167614e-05]
[INFO] - maxT = 0.25223
[INFO] - lambda_maxT = 1325.9
[INFO] - FWHM_fit = 50.9
[INFO] - FOM = 0.13134
[INFO] - feature_size = 40.0
[INFO] - Iter: 267
[INFO] - [1.35176433e-06 1.38921175e-06 1.36580797e-01 1.28602773e-01
 8.89381707e-01 8.54892940e-01 5.60485280e-01 5.51598009e-01
 1.61589545e-05]
[INFO] - maxT = 0.25285
[INFO] - lambda_maxT = 1325.9
[INFO] - FWHM_fit = 51.3
[INFO] - FOM = 0.13182
[INFO] - feature_size = 40.1
[INFO] - Iter: 268
[INFO] - [1.35162600e-06 1.38934705e-06 1.36592793e-01 1.28572929e-01
 8.89641170e-01 8.54666972e-01 5.60459777e-01 5.51597343e-01
 1.61610971e-05]
[INFO] - maxT = 0.25148
[INFO] - lambda_maxT = 1327.3
[INFO] - FWHM_fit = 51.2
[INFO] - FOM = 0.13094
[INFO] - feature_size = 40.0
[INFO] - Iter: 269
[INFO] - [1.35179213e-06 1.38926155e-06 1.36608745e-01 1.28068883e-01
 8.87973630e-01 8.56346648e-01 5.60595149e-01 5.51388716e-01
 1.61756745e-05]
[INFO] - maxT = 0.25193
[INFO] - lambda_maxT = 1325.9
[INFO] - FWHM_fit = 51.5
[INFO] - FOM = 0.13112
[INFO] - feature_size = 39.9
[INFO] - Iter: 270
[INFO] - [1.35194003e-06 1.38909550e-06 1.36587485e-01 1.28250760e-01
 8.88072867e-01 8.56197054e-01 5.60593320e-01 5.51447601e-01
 1.61686196e-05]
[INFO] - maxT = 0.25268
[INFO] - lambda_maxT = 1325.9
[INFO] - FWHM_fit = 51.6
[INFO] - FOM = 0.13137
[INFO] - feature_size = 40.0
[INFO] - Final Parameter: 
[INFO] - [1.35176433e-06 1.38921175e-06 1.36580797e-01 1.28602773e-01
 8.89381707e-01 8.54892940e-01 5.60485280e-01 5.51598009e-01
 1.61589545e-05]
[INFO] - Work done: c:\Users\quant\Desktop\QDG_Tim\230823_lumapi_try\38b2\38b2_1326.0_bw=40.0
