[INFO] - Start loading work: c:\Users\QDG-WS3\Desktop\QDG_Tim\230823_lumapi_try\5d5e\5d5e_1280.0_bw=40.0
[INFO] - lambda_0 = 1280.0 nm
[INFO] - FWHM = 40.0 nm
[INFO] - FOM_typ = square
[INFO] - MIN_FEATURE_SIZE = 4e-08
[INFO] - N = 9
[INFO] - NH = 2
[INFO] - NL = 2
[INFO] - SOURCE_typ = gaussian_released
[INFO] - alpha = 0.0
[INFO] - grating_typ = subw_grating
[INFO] - logger = <Logger c:\Users\QDG-WS3\Desktop\QDG_Tim\230823_lumapi_try\5d5e\5d5e.log (INFO)>
[INFO] - maxiter = 100
[INFO] - paras_init = None
[INFO] - penalty = [[0.01, 1e-08], [0.02, 1e-07]]
[INFO] - plot = False
[INFO] - start_radius = 1.2e-05
[INFO] - taper_angle = 24
[INFO] - Iter: 0
[INFO] - [1.40e-06 1.60e-01 7.25e-01 5.00e-01 1.60e-05]
[INFO] - maxT = 0.23581
[INFO] - lambda_maxT = 1256.0
[INFO] - FWHM_fit = 29.2
[INFO] - FOM = 0.06011
[INFO] - feature_size = 56.0
[INFO] - Iter: 1
[INFO] - [1.47e-06 1.60e-01 7.25e-01 5.00e-01 1.60e-05]
[INFO] - maxT = 0.11105
[INFO] - lambda_maxT = 1315.4
[INFO] - FWHM_fit = 41.8
[INFO] - FOM = 0.02780
[INFO] - feature_size = 58.8
[INFO] - Iter: 2
[INFO] - [1.40e-06 1.68e-01 7.25e-01 5.00e-01 1.60e-05]
[INFO] - maxT = 0.21241
[INFO] - lambda_maxT = 1261.3
[INFO] - FWHM_fit = 26.3
[INFO] - FOM = 0.05938
[INFO] - feature_size = 58.8
[INFO] - Iter: 3
[INFO] - [1.4000e-06 1.6000e-01 7.6125e-01 5.0000e-01 1.6000e-05]
[INFO] - maxT = 0.14250
[INFO] - lambda_maxT = 1277.5
[INFO] - FWHM_fit = 49.1
[INFO] - FOM = 0.07551
[INFO] - feature_size = 56.0
[INFO] - Iter: 4
[INFO] - [1.40e-06 1.60e-01 7.25e-01 5.25e-01 1.60e-05]
[INFO] - maxT = 0.18001
[INFO] - lambda_maxT = 1266.6
[INFO] - FWHM_fit = 49.8
[INFO] - FOM = 0.08843
[INFO] - feature_size = 53.2
[INFO] - Iter: 5
[INFO] - [1.40e-06 1.60e-01 7.25e-01 5.00e-01 1.68e-05]
[INFO] - maxT = 0.25171
[INFO] - lambda_maxT = 1256.0
[INFO] - FWHM_fit = 27.4
[INFO] - FOM = 0.05846
[INFO] - feature_size = 56.0
[INFO] - Iter: 6
[INFO] - [1.330e-06 1.632e-01 7.395e-01 5.100e-01 1.632e-05]
[INFO] - maxT = 0.28987
[INFO] - lambda_maxT = 1228.8
[INFO] - FWHM_fit = 39.7
[INFO] - FOM = 0.01745
[INFO] - feature_size = 53.2
[INFO] - Iter: 7
[INFO] - [1.445500e-06 1.605600e-01 7.275375e-01 5.017500e-01 1.605600e-05]
[INFO] - maxT = 0.11659
[INFO] - lambda_maxT = 1288.5
[INFO] - FWHM_fit = 42.5
[INFO] - FOM = 0.04949
[INFO] - feature_size = 57.8
[INFO] - Iter: 8
[INFO] - [1.354500e-06 1.626400e-01 7.369625e-01 5.082500e-01 1.626400e-05]
[INFO] - maxT = 0.26448
[INFO] - lambda_maxT = 1241.6
[INFO] - FWHM_fit = 37.6
[INFO] - FOM = 0.04123
[INFO] - feature_size = 54.2
[INFO] - Iter: 9
[INFO] - [1.42957500e-06 1.60924000e-01 7.29186875e-01 5.02887500e-01
 1.60924000e-05]
[INFO] - maxT = 0.14450
[INFO] - lambda_maxT = 1280.2
[INFO] - FWHM_fit = 37.9
[INFO] - FOM = 0.06354
[INFO] - feature_size = 57.2
[INFO] - Iter: 10
[INFO] - [1.4118300e-06 1.6356960e-01 7.4117475e-01 5.1115500e-01 1.5236960e-05]
[INFO] - maxT = 0.13219
[INFO] - lambda_maxT = 1299.7
[INFO] - FWHM_fit = 50.2
[INFO] - FOM = 0.06354
[INFO] - feature_size = 56.4
[INFO] - Iter: 11
[INFO] - [1.4165620e-06 1.6499744e-01 7.4764465e-01 5.1561700e-01 1.5731744e-05]
[INFO] - maxT = 0.13991
[INFO] - lambda_maxT = 1311.1
[INFO] - FWHM_fit = 50.4
[INFO] - FOM = 0.05022
[INFO] - feature_size = 56.6
[INFO] - Iter: 12
[INFO] - [1.40289835e-06 1.60874552e-01 7.28962814e-01 5.02732975e-01
 1.59530552e-05]
[INFO] - maxT = 0.20465
[INFO] - lambda_maxT = 1262.6
[INFO] - FWHM_fit = 32.3
[INFO] - FOM = 0.07209
[INFO] - feature_size = 56.1
[INFO] - Iter: 13
[INFO] - [1.41772134e-06 1.54147261e-01 7.49229776e-01 5.16710190e-01
 1.57129661e-05]
[INFO] - maxT = 0.13045
[INFO] - lambda_maxT = 1306.8
[INFO] - FWHM_fit = 58.9
[INFO] - FOM = 0.06994
[INFO] - feature_size = 52.8
[INFO] - Iter: 14
[INFO] - [1.40824788e-06 1.54808725e-01 7.36277036e-01 5.07777266e-01
 1.66664085e-05]
[INFO] - maxT = 0.19614
[INFO] - lambda_maxT = 1268.0
[INFO] - FWHM_fit = 39.1
[INFO] - FOM = 0.08469
[INFO] - feature_size = 53.7
[INFO] - Iter: 15
[INFO] - [1.39856715e-06 1.64495650e-01 7.23040914e-01 4.98648906e-01
 1.65717794e-05]
[INFO] - maxT = 0.24254
[INFO] - lambda_maxT = 1257.3
[INFO] - FWHM_fit = 25.6
[INFO] - FOM = 0.05287
[INFO] - feature_size = 57.7
[INFO] - Iter: 16
[INFO] - [1.41436936e-06 1.55958229e-01 7.44646725e-01 5.13549465e-01
 1.58632584e-05]
[INFO] - maxT = 0.13309
[INFO] - lambda_maxT = 1277.5
[INFO] - FWHM_fit = 56.0
[INFO] - FOM = 0.07429
[INFO] - feature_size = 53.7
[INFO] - Iter: 17
[INFO] - [1.41797854e-06 1.55801830e-01 7.49581440e-01 5.16952718e-01
 1.62957716e-05]
[INFO] - maxT = 0.12778
[INFO] - lambda_maxT = 1306.8
[INFO] - FWHM_fit = 57.1
[INFO] - FOM = 0.06627
[INFO] - feature_size = 53.4
[INFO] - Iter: 18
[INFO] - [1.40553738e-06 1.59986826e-01 7.32571073e-01 5.05221430e-01
 1.60130306e-05]
[INFO] - maxT = 0.18654
[INFO] - lambda_maxT = 1268.0
[INFO] - FWHM_fit = 37.3
[INFO] - FOM = 0.07839
[INFO] - feature_size = 55.6
[INFO] - Iter: 19
[INFO] - [1.38168685e-06 1.55377512e-01 7.50711059e-01 5.17731765e-01
 1.61246790e-05]
[INFO] - maxT = 0.19004
[INFO] - lambda_maxT = 1262.6
[INFO] - FWHM_fit = 52.9
[INFO] - FOM = 0.09539
[INFO] - feature_size = 51.8
[INFO] - Iter: 20
[INFO] - [1.37210922e-06 1.54268214e-01 7.55015895e-01 5.20700617e-01
 1.61311348e-05]
[INFO] - maxT = 0.20151
[INFO] - lambda_maxT = 1258.6
[INFO] - FWHM_fit = 54.6
[INFO] - FOM = 0.09891
[INFO] - feature_size = 50.7
[INFO] - Iter: 21
[INFO] - [1.39235320e-06 1.54027242e-01 7.56304789e-01 5.21589510e-01
 1.62512901e-05]
[INFO] - maxT = 0.16741
[INFO] - lambda_maxT = 1269.3
[INFO] - FWHM_fit = 56.9
[INFO] - FOM = 0.09318
[INFO] - feature_size = 51.3
[INFO] - Iter: 22
[INFO] - [1.37471476e-06 1.57283444e-01 7.48892363e-01 5.16477492e-01
 1.65562750e-05]
[INFO] - maxT = 0.20747
[INFO] - lambda_maxT = 1259.9
[INFO] - FWHM_fit = 49.2
[INFO] - FOM = 0.09236
[INFO] - feature_size = 52.3
[INFO] - Iter: 23
[INFO] - [1.37897002e-06 1.52155050e-01 7.27346033e-01 5.36617954e-01
 1.66420434e-05]
[INFO] - maxT = 0.24415
[INFO] - lambda_maxT = 1252.0
[INFO] - FWHM_fit = 48.4
[INFO] - FOM = 0.08808
[INFO] - feature_size = 48.6
[INFO] - Iter: 24
[INFO] - [1.38265027e-06 1.53527916e-01 7.33279227e-01 5.30209812e-01
 1.65296858e-05]
[INFO] - maxT = 0.22014
[INFO] - lambda_maxT = 1257.3
[INFO] - FWHM_fit = 50.2
[INFO] - FOM = 0.09342
[INFO] - feature_size = 49.9
[INFO] - Iter: 25
[INFO] - [1.36048310e-06 1.56834001e-01 7.51119874e-01 5.37813706e-01
 1.59209457e-05]
[INFO] - maxT = 0.20502
[INFO] - lambda_maxT = 1256.0
[INFO] - FWHM_fit = 57.2
[INFO] - FOM = 0.10324
[INFO] - feature_size = 49.3
[INFO] - Iter: 26
[INFO] - [1.35093014e-06 1.57239056e-01 7.54088442e-01 5.43820994e-01
 1.57718532e-05]
[INFO] - maxT = 0.21584
[INFO] - lambda_maxT = 1254.7
[INFO] - FWHM_fit = 57.8
[INFO] - FOM = 0.10705
[INFO] - feature_size = 48.5
[INFO] - Iter: 27
[INFO] - [1.34910303e-06 1.50538349e-01 7.74032287e-01 5.28119370e-01
 1.64960955e-05]
[INFO] - maxT = 0.23554
[INFO] - lambda_maxT = 1250.7
[INFO] - FWHM_fit = 55.6
[INFO] - FOM = 0.10066
[INFO] - feature_size = 47.9
[INFO] - Iter: 28
[INFO] - [1.36414358e-06 1.50556867e-01 7.60195893e-01 5.41298630e-01
 1.59157488e-05]
[INFO] - maxT = 0.21266
[INFO] - lambda_maxT = 1258.6
[INFO] - FWHM_fit = 57.7
[INFO] - FOM = 0.11103
[INFO] - feature_size = 47.1
[INFO] - Iter: 29
[INFO] - [1.36202935e-06 1.49211552e-01 7.62456599e-01 5.46262857e-01
 1.57876436e-05]
[INFO] - maxT = 0.21975
[INFO] - lambda_maxT = 1259.9
[INFO] - FWHM_fit = 57.5
[INFO] - FOM = 0.11695
[INFO] - feature_size = 46.1
[INFO] - Iter: 30
[INFO] - [1.34795971e-06 1.52585849e-01 7.87479977e-01 5.33987527e-01
 1.56455211e-05]
[INFO] - maxT = 0.20400
[INFO] - lambda_maxT = 1281.6
[INFO] - FWHM_fit = 58.6
[INFO] - FOM = 0.11640
[INFO] - feature_size = 47.9
[INFO] - Iter: 31
[INFO] - [1.34102160e-06 1.52397436e-01 7.98320127e-01 5.34743071e-01
 1.54686882e-05]
[INFO] - maxT = 0.21557
[INFO] - lambda_maxT = 1282.9
[INFO] - FWHM_fit = 56.9
[INFO] - FOM = 0.12036
[INFO] - feature_size = 47.5
[INFO] - Iter: 32
[INFO] - [1.31772414e-06 1.51434601e-01 7.81260551e-01 5.47869254e-01
 1.56108760e-05]
[INFO] - maxT = 0.26847
[INFO] - lambda_maxT = 1248.1
[INFO] - FWHM_fit = 55.3
[INFO] - FOM = 0.09485
[INFO] - feature_size = 45.1
[INFO] - Iter: 33
[INFO] - [1.37929311e-06 1.53573530e-01 7.60672047e-01 5.26188465e-01
 1.61392176e-05]
[INFO] - maxT = 0.17736
[INFO] - lambda_maxT = 1265.3
[INFO] - FWHM_fit = 58.0
[INFO] - FOM = 0.10114
[INFO] - feature_size = 50.2
[INFO] - Iter: 34
[INFO] - [1.34084167e-06 1.50915755e-01 7.84811905e-01 5.50953285e-01
 1.57342645e-05]
[INFO] - maxT = 0.24082
[INFO] - lambda_maxT = 1261.3
[INFO] - FWHM_fit = 56.2
[INFO] - FOM = 0.13022
[INFO] - feature_size = 45.4
[INFO] - Iter: 35
[INFO] - [1.33458817e-06 1.50245263e-01 7.90771107e-01 5.57003819e-01
 1.56548904e-05]
[INFO] - maxT = 0.24899
[INFO] - lambda_maxT = 1265.3
[INFO] - FWHM_fit = 54.6
[INFO] - FOM = 0.13805
[INFO] - feature_size = 44.4
[INFO] - Iter: 36
[INFO] - [1.35804191e-06 1.54528386e-01 7.72491042e-01 5.55088312e-01
 1.50328217e-05]
[INFO] - maxT = 0.19153
[INFO] - lambda_maxT = 1292.7
[INFO] - FWHM_fit = 57.8
[INFO] - FOM = 0.11244
[INFO] - feature_size = 46.7
[INFO] - Iter: 37
[INFO] - [1.31935136e-06 1.51875148e-01 7.90578880e-01 5.68579156e-01
 1.49471412e-05]
[INFO] - maxT = 0.26596
[INFO] - lambda_maxT = 1263.9
[INFO] - FWHM_fit = 53.4
[INFO] - FOM = 0.14116
[INFO] - feature_size = 43.2
[INFO] - Iter: 38
[INFO] - [1.30736300e-06 1.51535471e-01 7.96560246e-01 5.77057295e-01
 1.47087259e-05]
[INFO] - maxT = 0.28285
[INFO] - lambda_maxT = 1274.7
[INFO] - FWHM_fit = 51.8
[INFO] - FOM = 0.14958
[INFO] - feature_size = 41.9
[INFO] - Iter: 39
[INFO] - [1.33028747e-06 1.45928187e-01 8.14151207e-01 5.64241147e-01
 1.48892547e-05]
[INFO] - maxT = 0.24666
[INFO] - lambda_maxT = 1289.9
[INFO] - FWHM_fit = 53.8
[INFO] - FOM = 0.14234
[INFO] - feature_size = 42.3
[INFO] - Iter: 40
[INFO] - [1.31207392e-06 1.45198778e-01 8.12412672e-01 5.56634963e-01
 1.55708594e-05]
[INFO] - maxT = 0.29877
[INFO] - lambda_maxT = 1258.6
[INFO] - FWHM_fit = 52.3
[INFO] - FOM = 0.13868
[INFO] - feature_size = 42.2
[INFO] - Iter: 41
[INFO] - [1.28810432e-06 1.48910502e-01 8.42429545e-01 5.69609261e-01
 1.47293238e-05]
[INFO] - maxT = 0.30159
[INFO] - lambda_maxT = 1276.1
[INFO] - FWHM_fit = 51.4
[INFO] - FOM = 0.15877
[INFO] - feature_size = 41.3
[INFO] - Iter: 42
[INFO] - [1.27331931e-06 1.48850291e-01 8.58424135e-01 5.74278541e-01
 1.45176599e-05]
[INFO] - maxT = 0.31337
[INFO] - lambda_maxT = 1274.7
[INFO] - FWHM_fit = 52.3
[INFO] - FOM = 0.16472
[INFO] - feature_size = 40.3
[INFO] - Iter: 43
[INFO] - [1.28203115e-06 1.44305760e-01 8.30607620e-01 5.96943236e-01
 1.46678679e-05]
[INFO] - maxT = 0.32189
[INFO] - lambda_maxT = 1278.8
[INFO] - FWHM_fit = 53.3
[INFO] - FOM = 0.18104
[INFO] - feature_size = 37.3
[INFO] - Iter: 44
[INFO] - [1.29896172e-06 1.51147211e-01 8.23793054e-01 5.91174652e-01
 1.42045001e-05]
[INFO] - maxT = 0.26350
[INFO] - lambda_maxT = 1289.9
[INFO] - FWHM_fit = 53.1
[INFO] - FOM = 0.14575
[INFO] - feature_size = 40.1
[INFO] - Iter: 45
[INFO] - [1.26219690e-06 1.46461505e-01 8.58643397e-01 6.04474129e-01
 1.35403130e-05]
[INFO] - maxT = 0.27355
[INFO] - lambda_maxT = 1282.9
[INFO] - FWHM_fit = 60.5
[INFO] - FOM = 0.15885
[INFO] - feature_size = 36.6
[INFO] - Iter: 46
[INFO] - [1.27486537e-06 1.47123663e-01 8.46765746e-01 5.96166825e-01
 1.39103640e-05]
[INFO] - maxT = 0.28721
[INFO] - lambda_maxT = 1282.9
[INFO] - FWHM_fit = 56.6
[INFO] - FOM = 0.16419
[INFO] - feature_size = 37.9
[INFO] - Iter: 47
[INFO] - [1.24432875e-06 1.51256772e-01 8.48309113e-01 6.10007072e-01
 1.39143924e-05]
[INFO] - maxT = 0.32316
[INFO] - lambda_maxT = 1270.7
[INFO] - FWHM_fit = 56.2
[INFO] - FOM = 0.17217
[INFO] - feature_size = 36.7
[INFO] - Iter: 48
[INFO] - [1.25380131e-06 1.46081572e-01 8.48473691e-01 5.90606536e-01
 1.44831040e-05]
[INFO] - maxT = 0.36233
[INFO] - lambda_maxT = 1263.9
[INFO] - FWHM_fit = 52.1
[INFO] - FOM = 0.16383
[INFO] - feature_size = 37.5
[INFO] - Iter: 49
[INFO] - [1.29105865e-06 1.50260724e-01 8.28112165e-01 5.91075232e-01
 1.42532558e-05]
[INFO] - maxT = 0.28139
[INFO] - lambda_maxT = 1285.7
[INFO] - FWHM_fit = 53.2
[INFO] - FOM = 0.15874
[INFO] - feature_size = 39.7
[INFO] - Iter: 50
[INFO] - [1.32712624e-06 1.45573592e-01 8.15878852e-01 5.64201379e-01
 1.49087570e-05]
[INFO] - maxT = 0.25428
[INFO] - lambda_maxT = 1288.5
[INFO] - FWHM_fit = 53.5
[INFO] - FOM = 0.14670
[INFO] - feature_size = 42.1
[INFO] - Iter: 51
[INFO] - [1.25881831e-06 1.50262216e-01 8.42633818e-01 6.01991076e-01
 1.40884062e-05]
[INFO] - maxT = 0.31758
[INFO] - lambda_maxT = 1274.7
[INFO] - FWHM_fit = 54.7
[INFO] - FOM = 0.17416
[INFO] - feature_size = 37.6
[INFO] - Iter: 52
[INFO] - [1.24467411e-06 1.44785591e-01 8.86057147e-01 6.07124669e-01
 1.38662957e-05]
[INFO] - maxT = 0.29885
[INFO] - lambda_maxT = 1280.2
[INFO] - FWHM_fit = 60.6
[INFO] - FOM = 0.17388
[INFO] - feature_size = 35.4
[INFO] - Iter: 53
[INFO] - [1.29639245e-06 1.50354242e-01 8.12222204e-01 5.82319085e-01
 1.45613006e-05]
[INFO] - maxT = 0.29633
[INFO] - lambda_maxT = 1276.1
[INFO] - FWHM_fit = 51.4
[INFO] - FOM = 0.15965
[INFO] - feature_size = 40.7
[INFO] - Iter: 54
[INFO] - [1.28578258e-06 1.50489630e-01 8.22034230e-01 5.82476043e-01
 1.49250321e-05]
[INFO] - maxT = 0.32175
[INFO] - lambda_maxT = 1273.4
[INFO] - FWHM_fit = 50.7
[INFO] - FOM = 0.16718
[INFO] - feature_size = 40.4
[INFO] - Iter: 55
[INFO] - [1.28796602e-06 1.51162824e-01 8.17087927e-01 5.79737887e-01
 1.51279657e-05]
[INFO] - maxT = 0.33112
[INFO] - lambda_maxT = 1269.3
[INFO] - FWHM_fit = 50.0
[INFO] - FOM = 0.16254
[INFO] - feature_size = 40.9
[INFO] - Iter: 56
[INFO] - [1.26747887e-06 1.47444131e-01 8.38256637e-01 5.84127961e-01
 1.48508509e-05]
[INFO] - maxT = 0.35866
[INFO] - lambda_maxT = 1265.3
[INFO] - FWHM_fit = 50.0
[INFO] - FOM = 0.16390
[INFO] - feature_size = 38.9
[INFO] - Iter: 57
[INFO] - [1.28693219e-06 1.49767821e-01 8.29887448e-01 5.89859459e-01
 1.43578349e-05]
[INFO] - maxT = 0.29366
[INFO] - lambda_maxT = 1282.9
[INFO] - FWHM_fit = 52.9
[INFO] - FOM = 0.16529
[INFO] - feature_size = 39.5
[INFO] - Iter: 58
[INFO] - [1.31096476e-06 1.47244882e-01 8.18636437e-01 5.68359470e-01
 1.51234719e-05]
[INFO] - maxT = 0.28637
[INFO] - lambda_maxT = 1280.2
[INFO] - FWHM_fit = 52.1
[INFO] - FOM = 0.15971
[INFO] - feature_size = 41.7
[INFO] - Iter: 59
[INFO] - [1.27921955e-06 1.45909112e-01 8.51613744e-01 5.82447614e-01
 1.48754461e-05]
[INFO] - maxT = 0.32774
[INFO] - lambda_maxT = 1278.8
[INFO] - FWHM_fit = 51.9
[INFO] - FOM = 0.18045
[INFO] - feature_size = 39.0
[INFO] - Iter: 60
[INFO] - [1.27578497e-06 1.45020086e-01 8.59492052e-01 5.82473320e-01
 1.49382753e-05]
[INFO] - maxT = 0.33346
[INFO] - lambda_maxT = 1277.5
[INFO] - FWHM_fit = 52.4
[INFO] - FOM = 0.18413
[INFO] - feature_size = 38.6
[INFO] - Iter: 61
[INFO] - [1.28559475e-06 1.44952050e-01 8.42639018e-01 5.71942502e-01
 1.52859563e-05]
[INFO] - maxT = 0.33433
[INFO] - lambda_maxT = 1272.0
[INFO] - FWHM_fit = 50.6
[INFO] - FOM = 0.16888
[INFO] - feature_size = 39.9
[INFO] - Iter: 62
[INFO] - [1.29192123e-06 1.50672626e-01 8.46731405e-01 5.54858433e-01
 1.52231586e-05]
[INFO] - maxT = 0.29578
[INFO] - lambda_maxT = 1272.0
[INFO] - FWHM_fit = 51.0
[INFO] - FOM = 0.14515
[INFO] - feature_size = 43.3
[INFO] - Iter: 63
[INFO] - [1.28376191e-06 1.45419962e-01 8.33429282e-01 5.89578395e-01
 1.47650438e-05]
[INFO] - maxT = 0.32674
[INFO] - lambda_maxT = 1277.5
[INFO] - FWHM_fit = 52.0
[INFO] - FOM = 0.18040
[INFO] - feature_size = 38.3
[INFO] - Iter: 64
[INFO] - [1.25210648e-06 1.47003536e-01 8.64619727e-01 5.91929769e-01
 1.46241833e-05]
[INFO] - maxT = 0.35764
[INFO] - lambda_maxT = 1269.3
[INFO] - FWHM_fit = 53.0
[INFO] - FOM = 0.18213
[INFO] - feature_size = 37.6
[INFO] - Iter: 65
[INFO] - [1.30066456e-06 1.47202647e-01 8.26683513e-01 5.72484272e-01
 1.50360964e-05]
[INFO] - maxT = 0.29921
[INFO] - lambda_maxT = 1278.8
[INFO] - FWHM_fit = 51.0
[INFO] - FOM = 0.16354
[INFO] - feature_size = 40.9
[INFO] - Iter: 66
[INFO] - [1.30069003e-06 1.44739069e-01 8.12135780e-01 5.85292989e-01
 1.54373700e-05]
[INFO] - maxT = 0.33303
[INFO] - lambda_maxT = 1274.7
[INFO] - FWHM_fit = 49.6
[INFO] - FOM = 0.18036
[INFO] - feature_size = 39.0
[INFO] - Iter: 67
[INFO] - [1.29418974e-06 1.40799505e-01 8.44566305e-01 5.78222266e-01
 1.52349330e-05]
[INFO] - maxT = 0.32722
[INFO] - lambda_maxT = 1278.8
[INFO] - FWHM_fit = 52.0
[INFO] - FOM = 0.18399
[INFO] - feature_size = 38.4
[INFO] - Iter: 68
[INFO] - [1.29781557e-06 1.44676068e-01 8.24732431e-01 5.91267712e-01
 1.48535994e-05]
[INFO] - maxT = 0.30485
[INFO] - lambda_maxT = 1284.3
[INFO] - FWHM_fit = 52.2
[INFO] - FOM = 0.17323
[INFO] - feature_size = 38.4
[INFO] - Iter: 69
[INFO] - [1.28773339e-06 1.44903753e-01 8.39505366e-01 5.75324414e-01
 1.52102938e-05]
[INFO] - maxT = 0.33213
[INFO] - lambda_maxT = 1273.4
[INFO] - FWHM_fit = 50.5
[INFO] - FOM = 0.17422
[INFO] - feature_size = 39.6
[INFO] - Iter: 70
[INFO] - [1.27757329e-06 1.41505914e-01 8.45816678e-01 5.91862000e-01
 1.51731383e-05]
[INFO] - maxT = 0.34684
[INFO] - lambda_maxT = 1277.5
[INFO] - FWHM_fit = 51.1
[INFO] - FOM = 0.19055
[INFO] - feature_size = 36.9
[INFO] - Iter: 71
[INFO] - [1.28161426e-06 1.42502842e-01 8.42468374e-01 5.88470897e-01
 1.51491559e-05]
[INFO] - maxT = 0.34216
[INFO] - lambda_maxT = 1276.1
[INFO] - FWHM_fit = 51.7
[INFO] - FOM = 0.18858
[INFO] - feature_size = 37.6
[INFO] - Iter: 72
[INFO] - [1.29361687e-06 1.42121751e-01 8.42686545e-01 5.74324877e-01
 1.55978358e-05]
[INFO] - maxT = 0.33755
[INFO] - lambda_maxT = 1274.7
[INFO] - FWHM_fit = 50.4
[INFO] - FOM = 0.18372
[INFO] - feature_size = 39.1
[INFO] - Iter: 73
[INFO] - [1.29558787e-06 1.41462108e-01 8.44537997e-01 5.71274174e-01
 1.57643942e-05]
[INFO] - maxT = 0.33705
[INFO] - lambda_maxT = 1274.7
[INFO] - FWHM_fit = 50.2
[INFO] - FOM = 0.18257
[INFO] - feature_size = 39.3
[INFO] - Iter: 74
[INFO] - [1.29278719e-06 1.41261302e-01 8.38623515e-01 5.86958762e-01
 1.53742258e-05]
[INFO] - maxT = 0.33077
[INFO] - lambda_maxT = 1280.2
[INFO] - FWHM_fit = 51.3
[INFO] - FOM = 0.18605
[INFO] - feature_size = 37.7
[INFO] - Iter: 75
[INFO] - [1.30337549e-06 1.43165596e-01 8.34122562e-01 5.73207425e-01
 1.55253917e-05]
[INFO] - maxT = 0.31878
[INFO] - lambda_maxT = 1277.5
[INFO] - FWHM_fit = 51.5
[INFO] - FOM = 0.17888
[INFO] - feature_size = 39.8
[INFO] - Iter: 76
[INFO] - [1.30772773e-06 1.43298147e-01 8.32453400e-01 5.70154731e-01
 1.56006389e-05]
[INFO] - maxT = 0.31121
[INFO] - lambda_maxT = 1277.5
[INFO] - FWHM_fit = 51.3
[INFO] - FOM = 0.17564
[INFO] - feature_size = 40.3
[INFO] - Iter: 77
[INFO] - [1.28537390e-06 1.40299981e-01 8.73249869e-01 5.71551107e-01
 1.52723863e-05]
[INFO] - maxT = 0.32918
[INFO] - lambda_maxT = 1281.6
[INFO] - FWHM_fit = 52.2
[INFO] - FOM = 0.18465
[INFO] - feature_size = 38.6
[INFO] - Iter: 78
[INFO] - [1.29031143e-06 1.43393220e-01 8.60612676e-01 5.63722272e-01
 1.52947947e-05]
[INFO] - maxT = 0.32032
[INFO] - lambda_maxT = 1277.5
[INFO] - FWHM_fit = 51.5
[INFO] - FOM = 0.17308
[INFO] - feature_size = 40.4
[INFO] - Iter: 79
[INFO] - [1.29074469e-06 1.43020134e-01 8.56764573e-01 5.67788658e-01
 1.53086951e-05]
[INFO] - maxT = 0.32173
[INFO] - lambda_maxT = 1278.8
[INFO] - FWHM_fit = 51.0
[INFO] - FOM = 0.17580
[INFO] - feature_size = 39.9
[INFO] - Iter: 80
[INFO] - [1.28753085e-06 1.44743267e-01 8.59549193e-01 5.68285325e-01
 1.54635924e-05]
[INFO] - maxT = 0.32733
[INFO] - lambda_maxT = 1277.5
[INFO] - FWHM_fit = 50.7
[INFO] - FOM = 0.17793
[INFO] - feature_size = 40.2
[INFO] - Iter: 81
[INFO] - [1.28619908e-06 1.45532020e-01 8.62545771e-01 5.66297937e-01
 1.55093243e-05]
[INFO] - maxT = 0.32946
[INFO] - lambda_maxT = 1277.5
[INFO] - FWHM_fit = 50.8
[INFO] - FOM = 0.17810
[INFO] - feature_size = 40.6
[INFO] - Iter: 82
[INFO] - [1.30529286e-06 1.39482824e-01 8.56874565e-01 5.57600106e-01
 1.60766305e-05]
[INFO] - maxT = 0.32009
[INFO] - lambda_maxT = 1270.7
[INFO] - FWHM_fit = 50.9
[INFO] - FOM = 0.17628
[INFO] - feature_size = 40.3
[INFO] - Iter: 83
[INFO] - [1.28378238e-06 1.44784512e-01 8.52534388e-01 5.78099300e-01
 1.50856534e-05]
[INFO] - maxT = 0.32884
[INFO] - lambda_maxT = 1278.8
[INFO] - FWHM_fit = 51.5
[INFO] - FOM = 0.18153
[INFO] - feature_size = 39.2
[INFO] - Iter: 84
[INFO] - [1.29850190e-06 1.46885767e-01 8.26952248e-01 5.71115890e-01
 1.56049972e-05]
[INFO] - maxT = 0.32678
[INFO] - lambda_maxT = 1268.0
[INFO] - FWHM_fit = 50.2
[INFO] - FOM = 0.17035
[INFO] - feature_size = 40.9
[INFO] - Iter: 85
[INFO] - [1.28767130e-06 1.41452493e-01 8.65147785e-01 5.71474944e-01
 1.53305932e-05]
[INFO] - maxT = 0.32807
[INFO] - lambda_maxT = 1280.2
[INFO] - FWHM_fit = 51.7
[INFO] - FOM = 0.18314
[INFO] - feature_size = 39.0
[INFO] - Iter: 86
[INFO] - [1.28512130e-06 1.45719794e-01 8.63908034e-01 5.71473132e-01
 1.49394689e-05]
[INFO] - maxT = 0.31121
[INFO] - lambda_maxT = 1281.6
[INFO] - FWHM_fit = 52.1
[INFO] - FOM = 0.17326
[INFO] - feature_size = 40.1
[INFO] - Iter: 87
[INFO] - [1.29375622e-06 1.42207203e-01 8.47927754e-01 5.71308992e-01
 1.56200322e-05]
[INFO] - maxT = 0.33280
[INFO] - lambda_maxT = 1276.1
[INFO] - FWHM_fit = 50.5
[INFO] - FOM = 0.18200
[INFO] - feature_size = 39.4
[INFO] - Iter: 88
[INFO] - [1.29116910e-06 1.43836596e-01 8.48146731e-01 5.76366781e-01
 1.55197028e-05]
[INFO] - maxT = 0.33270
[INFO] - lambda_maxT = 1278.8
[INFO] - FWHM_fit = 50.6
[INFO] - FOM = 0.18428
[INFO] - feature_size = 39.3
[INFO] - Iter: 89
[INFO] - [1.29125398e-06 1.43999888e-01 8.46423163e-01 5.78082406e-01
 1.55619044e-05]
[INFO] - maxT = 0.33579
[INFO] - lambda_maxT = 1278.8
[INFO] - FWHM_fit = 50.5
[INFO] - FOM = 0.18603
[INFO] - feature_size = 39.2
[INFO] - Iter: 90
[INFO] - [1.28715667e-06 1.45366600e-01 8.56381714e-01 5.75555814e-01
 1.51851146e-05]
[INFO] - maxT = 0.32181
[INFO] - lambda_maxT = 1281.6
[INFO] - FWHM_fit = 51.3
[INFO] - FOM = 0.17959
[INFO] - feature_size = 39.7
[INFO] - Iter: 91
[INFO] - [1.29848023e-06 1.43022128e-01 8.53314010e-01 5.67748110e-01
 1.57592779e-05]
[INFO] - maxT = 0.32349
[INFO] - lambda_maxT = 1280.2
[INFO] - FWHM_fit = 51.0
[INFO] - FOM = 0.18203
[INFO] - feature_size = 40.1
[INFO] - Iter: 92
[INFO] - [1.30141980e-06 1.42669651e-01 8.53469935e-01 5.65677872e-01
 1.58940028e-05]
[INFO] - maxT = 0.31667
[INFO] - lambda_maxT = 1281.6
[INFO] - FWHM_fit = 50.5
[INFO] - FOM = 0.17829
[INFO] - feature_size = 40.3
[INFO] - Iter: 93
[INFO] - [1.27692901e-06 1.44583655e-01 8.79402415e-01 5.70456259e-01
 1.54130940e-05]
[INFO] - maxT = 0.33225
[INFO] - lambda_maxT = 1278.8
[INFO] - FWHM_fit = 51.9
[INFO] - FOM = 0.18413
[INFO] - feature_size = 39.7
[INFO] - Iter: 94
[INFO] - [1.29039740e-06 1.41837886e-01 8.57721864e-01 5.79029076e-01
 1.53906693e-05]
[INFO] - maxT = 0.32462
[INFO] - lambda_maxT = 1284.3
[INFO] - FWHM_fit = 51.9
[INFO] - FOM = 0.18406
[INFO] - feature_size = 38.5
[INFO] - Iter: 95
[INFO] - [1.28693378e-06 1.44885546e-01 8.61701587e-01 5.68525886e-01
 1.54885597e-05]
[INFO] - maxT = 0.32604
[INFO] - lambda_maxT = 1278.8
[INFO] - FWHM_fit = 51.1
[INFO] - FOM = 0.17904
[INFO] - feature_size = 40.2
[INFO] - Iter: 96
[INFO] - [1.28863017e-06 1.47290634e-01 8.53741370e-01 5.72672446e-01
 1.56325870e-05]
[INFO] - maxT = 0.32794
[INFO] - lambda_maxT = 1280.2
[INFO] - FWHM_fit = 50.4
[INFO] - FOM = 0.18168
[INFO] - feature_size = 40.6
[INFO] - Iter: 97
[INFO] - [1.28973420e-06 1.44146140e-01 8.61451305e-01 5.67438229e-01
 1.59570546e-05]
[INFO] - maxT = 0.33290
[INFO] - lambda_maxT = 1277.5
[INFO] - FWHM_fit = 50.4
[INFO] - FOM = 0.18287
[INFO] - feature_size = 40.2
[INFO] - Iter: 98
[INFO] - [1.29107725e-06 1.44331432e-01 8.56031318e-01 5.74033094e-01
 1.58410075e-05]
[INFO] - maxT = 0.33247
[INFO] - lambda_maxT = 1280.2
[INFO] - FWHM_fit = 50.4
[INFO] - FOM = 0.18625
[INFO] - feature_size = 39.7
[INFO] - Iter: 99
[INFO] - [1.29190594e-06 1.44220609e-01 8.54897264e-01 5.75134535e-01
 1.59114970e-05]
[INFO] - maxT = 0.33609
[INFO] - lambda_maxT = 1280.2
[INFO] - FWHM_fit = 50.1
[INFO] - FOM = 0.18708
[INFO] - feature_size = 39.6
[INFO] - Iter: 100
[INFO] - [1.28701784e-06 1.45305378e-01 8.74699383e-01 5.63297426e-01
 1.59074998e-05]
[INFO] - maxT = 0.32703
[INFO] - lambda_maxT = 1280.2
[INFO] - FWHM_fit = 50.6
[INFO] - FOM = 0.18133
[INFO] - feature_size = 40.8
[INFO] - Iter: 101
[INFO] - [1.30537834e-06 1.45010300e-01 8.39838918e-01 5.68060039e-01
 1.62540725e-05]
[INFO] - maxT = 0.31687
[INFO] - lambda_maxT = 1273.4
[INFO] - FWHM_fit = 50.1
[INFO] - FOM = 0.17721
[INFO] - feature_size = 40.9
[INFO] - Iter: 102
[INFO] - [1.28190765e-06 1.44658318e-01 8.72478803e-01 5.70036921e-01
 1.55602653e-05]
[INFO] - maxT = 0.33171
[INFO] - lambda_maxT = 1278.8
[INFO] - FWHM_fit = 51.3
[INFO] - FOM = 0.18446
[INFO] - feature_size = 39.9
[INFO] - Iter: 103
[INFO] - [1.28944253e-06 1.45652687e-01 8.62201028e-01 5.72117546e-01
 1.55513962e-05]
[INFO] - maxT = 0.32004
[INFO] - lambda_maxT = 1284.3
[INFO] - FWHM_fit = 50.9
[INFO] - FOM = 0.17946
[INFO] - feature_size = 40.2
[INFO] - Iter: 104
[INFO] - [1.28968316e-06 1.44409786e-01 8.61582506e-01 5.68257110e-01
 1.58860644e-05]
[INFO] - maxT = 0.33048
[INFO] - lambda_maxT = 1278.8
[INFO] - FWHM_fit = 50.6
[INFO] - FOM = 0.18256
[INFO] - feature_size = 40.2
[INFO] - Iter: 105
[INFO] - [1.29322501e-06 1.44135212e-01 8.43706198e-01 5.78242223e-01
 1.55923768e-05]
[INFO] - maxT = 0.32908
[INFO] - lambda_maxT = 1280.2
[INFO] - FWHM_fit = 50.8
[INFO] - FOM = 0.18479
[INFO] - feature_size = 39.3
[INFO] - Iter: 106
[INFO] - [1.28810410e-06 1.45100599e-01 8.69275576e-01 5.65912765e-01
 1.58523533e-05]
[INFO] - maxT = 0.32486
[INFO] - lambda_maxT = 1281.6
[INFO] - FWHM_fit = 50.4
[INFO] - FOM = 0.18076
[INFO] - feature_size = 40.6
[INFO] - Iter: 107
[INFO] - [1.28390731e-06 1.44570776e-01 8.68962495e-01 5.71056444e-01
 1.56305116e-05]
[INFO] - maxT = 0.33077
[INFO] - lambda_maxT = 1280.2
[INFO] - FWHM_fit = 50.6
[INFO] - FOM = 0.18403
[INFO] - feature_size = 39.8
[INFO] - Iter: 108
[INFO] - [1.29716537e-06 1.43261824e-01 8.53630661e-01 5.69225395e-01
 1.57897217e-05]
[INFO] - maxT = 0.32086
[INFO] - lambda_maxT = 1280.2
[INFO] - FWHM_fit = 51.3
[INFO] - FOM = 0.18143
[INFO] - feature_size = 40.0
[INFO] - Iter: 109
[INFO] - [1.28928532e-06 1.46676629e-01 8.53972549e-01 5.73164864e-01
 1.56883690e-05]
[INFO] - maxT = 0.32753
[INFO] - lambda_maxT = 1280.2
[INFO] - FWHM_fit = 50.1
[INFO] - FOM = 0.18155
[INFO] - feature_size = 40.4
[INFO] - Iter: 110
[INFO] - [1.29012772e-06 1.44371950e-01 8.60245458e-01 5.69632595e-01
 1.58911509e-05]
[INFO] - maxT = 0.32752
[INFO] - lambda_maxT = 1280.2
[INFO] - FWHM_fit = 50.5
[INFO] - FOM = 0.18231
[INFO] - feature_size = 40.1
[INFO] - Iter: 111
[INFO] - [1.28799546e-06 1.45088424e-01 8.70738959e-01 5.65664848e-01
 1.59082993e-05]
[INFO] - maxT = 0.32551
[INFO] - lambda_maxT = 1281.6
[INFO] - FWHM_fit = 50.4
[INFO] - FOM = 0.18126
[INFO] - feature_size = 40.6
[INFO] - Iter: 112
[INFO] - [1.29296120e-06 1.44152291e-01 8.45944411e-01 5.77620685e-01
 1.56562008e-05]
[INFO] - maxT = 0.33071
[INFO] - lambda_maxT = 1278.8
[INFO] - FWHM_fit = 50.4
[INFO] - FOM = 0.18511
[INFO] - feature_size = 39.4
[INFO] - Iter: 113
[INFO] - [1.28886447e-06 1.44924601e-01 8.66399913e-01 5.67757119e-01
 1.58641820e-05]
[INFO] - maxT = 0.32612
[INFO] - lambda_maxT = 1280.2
[INFO] - FWHM_fit = 50.7
[INFO] - FOM = 0.18205
[INFO] - feature_size = 40.4
[INFO] - Iter: 114
[INFO] - [1.28047093e-06 1.46644002e-01 8.68160410e-01 5.73472827e-01
 1.58045625e-05]
[INFO] - maxT = 0.33740
[INFO] - lambda_maxT = 1278.8
[INFO] - FWHM_fit = 50.1
[INFO] - FOM = 0.18667
[INFO] - feature_size = 40.0
[INFO] - Iter: 115
[INFO] - [1.27713204e-06 1.47320438e-01 8.71066360e-01 5.74322314e-01
 1.58075307e-05]
[INFO] - maxT = 0.34168
[INFO] - lambda_maxT = 1278.8
[INFO] - FWHM_fit = 50.1
[INFO] - FOM = 0.18832
[INFO] - feature_size = 40.0
[INFO] - Iter: 116
[INFO] - [1.28348967e-06 1.43486721e-01 8.74656047e-01 5.69996339e-01
 1.59535799e-05]
[INFO] - maxT = 0.33504
[INFO] - lambda_maxT = 1280.2
[INFO] - FWHM_fit = 50.7
[INFO] - FOM = 0.18736
[INFO] - feature_size = 39.6
[INFO] - Iter: 117
[INFO] - [1.28176060e-06 1.44663597e-01 8.65531136e-01 5.76299771e-01
 1.58135260e-05]
[INFO] - maxT = 0.33989
[INFO] - lambda_maxT = 1278.8
[INFO] - FWHM_fit = 50.8
[INFO] - FOM = 0.19000
[INFO] - feature_size = 39.3
[INFO] - Iter: 118
[INFO] - [1.27715051e-06 1.45332906e-01 8.73799863e-01 5.77091167e-01
 1.57555072e-05]
[INFO] - maxT = 0.34133
[INFO] - lambda_maxT = 1280.2
[INFO] - FWHM_fit = 50.8
[INFO] - FOM = 0.19029
[INFO] - feature_size = 39.2
[INFO] - Iter: 119
[INFO] - [1.28066820e-06 1.45438932e-01 8.67017773e-01 5.78081207e-01
 1.60661447e-05]
[INFO] - maxT = 0.34380
[INFO] - lambda_maxT = 1280.2
[INFO] - FWHM_fit = 50.2
[INFO] - FOM = 0.19150
[INFO] - feature_size = 39.3
[INFO] - Iter: 120
[INFO] - [1.28237795e-06 1.45656245e-01 8.71043787e-01 5.73550453e-01
 1.59841778e-05]
[INFO] - maxT = 0.33437
[INFO] - lambda_maxT = 1281.6
[INFO] - FWHM_fit = 50.6
[INFO] - FOM = 0.18806
[INFO] - feature_size = 39.8
[INFO] - Iter: 121
[INFO] - [1.26842140e-06 1.46673488e-01 8.88136269e-01 5.74082057e-01
 1.59152791e-05]
[INFO] - maxT = 0.34711
[INFO] - lambda_maxT = 1278.8
[INFO] - FWHM_fit = 50.6
[INFO] - FOM = 0.19136
[INFO] - feature_size = 39.6
[INFO] - Iter: 122
[INFO] - [1.26372450e-06 1.47164064e-01 8.94784070e-01 5.73871561e-01
 1.59160355e-05]
[INFO] - maxT = 0.34896
[INFO] - lambda_maxT = 1278.8
[INFO] - FWHM_fit = 50.2
[INFO] - FOM = 0.19059
[INFO] - feature_size = 38.2
[INFO] - Iter: 123
[INFO] - [1.27081038e-06 1.48682083e-01 8.73769574e-01 5.80854540e-01
 1.58578759e-05]
[INFO] - maxT = 0.34629
[INFO] - lambda_maxT = 1280.2
[INFO] - FWHM_fit = 50.3
[INFO] - FOM = 0.19182
[INFO] - feature_size = 39.6
[INFO] - Iter: 124
[INFO] - [1.26827452e-06 1.49721155e-01 8.73592279e-01 5.83026180e-01
 1.58387351e-05]
[INFO] - maxT = 0.34798
[INFO] - lambda_maxT = 1280.2
[INFO] - FWHM_fit = 50.3
[INFO] - FOM = 0.19243
[INFO] - feature_size = 39.6
[INFO] - Iter: 125
[INFO] - [1.27359914e-06 1.48591197e-01 8.74542724e-01 5.76133718e-01
 1.60892398e-05]
[INFO] - maxT = 0.34354
[INFO] - lambda_maxT = 1278.8
[INFO] - FWHM_fit = 49.8
[INFO] - FOM = 0.19003
[INFO] - feature_size = 40.1
[INFO] - Iter: 126
[INFO] - [1.26486018e-06 1.49441839e-01 8.78698375e-01 5.80707737e-01
 1.59025940e-05]
[INFO] - maxT = 0.34982
[INFO] - lambda_maxT = 1277.5
[INFO] - FWHM_fit = 51.0
[INFO] - FOM = 0.19390
[INFO] - feature_size = 39.6
[INFO] - Iter: 127
[INFO] - [1.26024671e-06 1.51260315e-01 8.87396630e-01 5.77227595e-01
 1.57552067e-05]
[INFO] - maxT = 0.34790
[INFO] - lambda_maxT = 1278.8
[INFO] - FWHM_fit = 50.2
[INFO] - FOM = 0.18936
[INFO] - feature_size = 40.3
[INFO] - Iter: 128
[INFO] - [1.25702873e-06 1.50954760e-01 8.89880150e-01 5.82148601e-01
 1.59928912e-05]
[INFO] - maxT = 0.35696
[INFO] - lambda_maxT = 1277.5
[INFO] - FWHM_fit = 50.3
[INFO] - FOM = 0.19518
[INFO] - feature_size = 39.6
[INFO] - Iter: 129
[INFO] - [1.25300807e-06 1.51681624e-01 8.93642908e-01 5.83713858e-01
 1.60299633e-05]
[INFO] - maxT = 0.35961
[INFO] - lambda_maxT = 1277.5
[INFO] - FWHM_fit = 50.0
[INFO] - FOM = 0.19543
[INFO] - feature_size = 38.9
[INFO] - Iter: 130
[INFO] - [1.26118230e-06 1.53314218e-01 8.73507795e-01 5.85615475e-01
 1.59161876e-05]
[INFO] - maxT = 0.35569
[INFO] - lambda_maxT = 1277.5
[INFO] - FWHM_fit = 50.2
[INFO] - FOM = 0.19507
[INFO] - feature_size = 40.1
[INFO] - Iter: 131
[INFO] - [1.25973448e-06 1.54642364e-01 8.70582100e-01 5.87922159e-01
 1.59163693e-05]
[INFO] - maxT = 0.35997
[INFO] - lambda_maxT = 1277.5
[INFO] - FWHM_fit = 49.6
[INFO] - FOM = 0.19614
[INFO] - feature_size = 40.1
[INFO] - Iter: 132
[INFO] - [1.26915211e-06 1.50080211e-01 8.67521622e-01 5.86747762e-01
 1.61407250e-05]
[INFO] - maxT = 0.34966
[INFO] - lambda_maxT = 1280.2
[INFO] - FWHM_fit = 49.4
[INFO] - FOM = 0.19327
[INFO] - feature_size = 39.4
[INFO] - Iter: 133
[INFO] - [1.26759366e-06 1.50286729e-01 8.70999748e-01 5.85081733e-01
 1.60732593e-05]
[INFO] - maxT = 0.35133
[INFO] - lambda_maxT = 1280.2
[INFO] - FWHM_fit = 50.0
[INFO] - FOM = 0.19412
[INFO] - feature_size = 39.5
[INFO] - Iter: 134
[INFO] - [1.26563204e-06 1.52236644e-01 8.73140426e-01 5.85017219e-01
 1.60616039e-05]
[INFO] - maxT = 0.35160
[INFO] - lambda_maxT = 1278.8
[INFO] - FWHM_fit = 49.5
[INFO] - FOM = 0.19329
[INFO] - feature_size = 40.0
[INFO] - Iter: 135
[INFO] - [1.25370624e-06 1.54545463e-01 8.76735158e-01 5.93144639e-01
 1.58639037e-05]
[INFO] - maxT = 0.35795
[INFO] - lambda_maxT = 1278.8
[INFO] - FWHM_fit = 50.4
[INFO] - FOM = 0.19688
[INFO] - feature_size = 39.4
[INFO] - Iter: 136
[INFO] - [1.25320354e-06 1.55345229e-01 8.78942753e-01 5.90299561e-01
 1.61244759e-05]
[INFO] - maxT = 0.36091
[INFO] - lambda_maxT = 1277.5
[INFO] - FWHM_fit = 49.8
[INFO] - FOM = 0.19722
[INFO] - feature_size = 39.9
[INFO] - Iter: 137
[INFO] - [1.25018935e-06 1.56470044e-01 8.80012848e-01 5.91754237e-01
 1.61816240e-05]
[INFO] - maxT = 0.36465
[INFO] - lambda_maxT = 1276.1
[INFO] - FWHM_fit = 49.5
[INFO] - FOM = 0.19795
[INFO] - feature_size = 39.9
[INFO] - Iter: 138
[INFO] - [1.26171358e-06 1.56317738e-01 8.58707962e-01 5.95019394e-01
 1.60458129e-05]
[INFO] - maxT = 0.35139
[INFO] - lambda_maxT = 1278.8
[INFO] - FWHM_fit = 49.0
[INFO] - FOM = 0.19267
[INFO] - feature_size = 39.9
[INFO] - Iter: 139
[INFO] - [1.24879661e-06 1.59398172e-01 8.72671649e-01 5.96061326e-01
 1.59544662e-05]
[INFO] - maxT = 0.36116
[INFO] - lambda_maxT = 1277.5
[INFO] - FWHM_fit = 49.7
[INFO] - FOM = 0.19679
[INFO] - feature_size = 40.2
[INFO] - Iter: 140
[INFO] - [1.24503720e-06 1.61220461e-01 8.73006029e-01 5.98257245e-01
 1.59307076e-05]
[INFO] - maxT = 0.36516
[INFO] - lambda_maxT = 1276.1
[INFO] - FWHM_fit = 49.4
[INFO] - FOM = 0.19696
[INFO] - feature_size = 40.3
[INFO] - Iter: 141
[INFO] - [1.24950991e-06 1.54599337e-01 8.90548911e-01 5.86540438e-01
 1.59453740e-05]
[INFO] - maxT = 0.35842
[INFO] - lambda_maxT = 1277.5
[INFO] - FWHM_fit = 50.4
[INFO] - FOM = 0.19538
[INFO] - feature_size = 39.9
[INFO] - Iter: 142
[INFO] - [1.25583872e-06 1.56393161e-01 8.78047216e-01 5.85773513e-01
 1.61598712e-05]
[INFO] - maxT = 0.35649
[INFO] - lambda_maxT = 1277.5
[INFO] - FWHM_fit = 49.8
[INFO] - FOM = 0.19443
[INFO] - feature_size = 40.7
[INFO] - Iter: 143
[INFO] - [1.23999559e-06 1.60364588e-01 8.83604664e-01 5.94203450e-01
 1.60014780e-05]
[INFO] - maxT = 0.36866
[INFO] - lambda_maxT = 1274.7
[INFO] - FWHM_fit = 49.7
[INFO] - FOM = 0.19677
[INFO] - feature_size = 40.3
[INFO] - Iter: 144
[INFO] - [1.24345166e-06 1.57796641e-01 8.80920853e-01 5.96819131e-01
 1.58398534e-05]
[INFO] - maxT = 0.36565
[INFO] - lambda_maxT = 1276.1
[INFO] - FWHM_fit = 50.7
[INFO] - FOM = 0.19910
[INFO] - feature_size = 39.6
[INFO] - Iter: 145
[INFO] - [1.24561940e-06 1.57551032e-01 8.80417966e-01 5.94886148e-01
 1.58958565e-05]
[INFO] - maxT = 0.36849
[INFO] - lambda_maxT = 1276.1
[INFO] - FWHM_fit = 50.0
[INFO] - FOM = 0.19875
[INFO] - feature_size = 39.8
[INFO] - Iter: 146
[INFO] - [1.26154431e-06 1.52699792e-01 8.74088726e-01 5.88662274e-01
 1.59559980e-05]
[INFO] - maxT = 0.35099
[INFO] - lambda_maxT = 1280.2
[INFO] - FWHM_fit = 50.4
[INFO] - FOM = 0.19443
[INFO] - feature_size = 39.6
[INFO] - Iter: 147
[INFO] - [1.24376662e-06 1.59023248e-01 8.81939375e-01 5.93233744e-01
 1.59935190e-05]
[INFO] - maxT = 0.36589
[INFO] - lambda_maxT = 1274.7
[INFO] - FWHM_fit = 50.0
[INFO] - FOM = 0.19735
[INFO] - feature_size = 40.2
[INFO] - Iter: 148
[INFO] - [1.24973267e-06 1.60234608e-01 8.63700665e-01 5.99002608e-01
 1.60313601e-05]
[INFO] - maxT = 0.36155
[INFO] - lambda_maxT = 1276.1
[INFO] - FWHM_fit = 48.7
[INFO] - FOM = 0.19490
[INFO] - feature_size = 40.1
[INFO] - Iter: 149
[INFO] - [1.24954889e-06 1.55585509e-01 8.85850468e-01 5.88721318e-01
 1.59604215e-05]
[INFO] - maxT = 0.35923
[INFO] - lambda_maxT = 1277.5
[INFO] - FWHM_fit = 50.3
[INFO] - FOM = 0.19613
[INFO] - feature_size = 40.0
[INFO] - Iter: 150
[INFO] - [1.25778888e-06 1.54435600e-01 8.73874638e-01 5.90504331e-01
 1.59699760e-05]
[INFO] - maxT = 0.35260
[INFO] - lambda_maxT = 1278.8
[INFO] - FWHM_fit = 49.6
[INFO] - FOM = 0.19377
[INFO] - feature_size = 39.8
[INFO] - Iter: 151
[INFO] - [1.24622051e-06 1.58220410e-01 8.80528046e-01 5.92756097e-01
 1.59893990e-05]
[INFO] - maxT = 0.36836
[INFO] - lambda_maxT = 1274.7
[INFO] - FWHM_fit = 50.0
[INFO] - FOM = 0.19844
[INFO] - feature_size = 40.1
[INFO] - Iter: 152
[INFO] - [1.25617654e-06 1.56175568e-01 8.75440078e-01 5.87999907e-01
 1.61050555e-05]
[INFO] - maxT = 0.35700
[INFO] - lambda_maxT = 1277.5
[INFO] - FWHM_fit = 49.5
[INFO] - FOM = 0.19487
[INFO] - feature_size = 40.4
[INFO] - Iter: 153
[INFO] - [1.24746690e-06 1.57310326e-01 8.79546836e-01 5.93681056e-01
 1.59324663e-05]
[INFO] - maxT = 0.36579
[INFO] - lambda_maxT = 1276.1
[INFO] - FWHM_fit = 49.9
[INFO] - FOM = 0.19789
[INFO] - feature_size = 39.9
[INFO] - Iter: 154
[INFO] - [1.25432904e-06 1.56416274e-01 8.76311208e-01 5.89204999e-01
 1.60684457e-05]
[INFO] - maxT = 0.35995
[INFO] - lambda_maxT = 1277.5
[INFO] - FWHM_fit = 49.6
[INFO] - FOM = 0.19596
[INFO] - feature_size = 40.3
[INFO] - Iter: 155
[INFO] - [1.25312817e-06 1.56572733e-01 8.76877443e-01 5.89988309e-01
 1.60446493e-05]
[INFO] - maxT = 0.36216
[INFO] - lambda_maxT = 1277.5
[INFO] - FWHM_fit = 49.4
[INFO] - FOM = 0.19617
[INFO] - feature_size = 40.2
[INFO] - Iter: 156
[INFO] - [1.25367876e-06 1.58535980e-01 8.66418367e-01 5.94671534e-01
 1.60741816e-05]
[INFO] - maxT = 0.35750
[INFO] - lambda_maxT = 1277.5
[INFO] - FWHM_fit = 49.0
[INFO] - FOM = 0.19421
[INFO] - feature_size = 40.3
[INFO] - Iter: 157
[INFO] - [1.25027162e-06 1.56101842e-01 8.82449850e-01 5.89762605e-01
 1.59803295e-05]
[INFO] - maxT = 0.36263
[INFO] - lambda_maxT = 1277.5
[INFO] - FWHM_fit = 49.8
[INFO] - FOM = 0.19717
[INFO] - feature_size = 40.0
[INFO] - Iter: 158
[INFO] - [1.23970802e-06 1.60062916e-01 8.86433834e-01 5.96206871e-01
 1.61438179e-05]
[INFO] - maxT = 0.36557
[INFO] - lambda_maxT = 1276.1
[INFO] - FWHM_fit = 49.8
[INFO] - FOM = 0.19829
[INFO] - feature_size = 40.1
[INFO] - Iter: 159
[INFO] - [1.23570273e-06 1.61147026e-01 8.89604181e-01 5.97863813e-01
 1.61893077e-05]
[INFO] - maxT = 0.37095
[INFO] - lambda_maxT = 1274.7
[INFO] - FWHM_fit = 49.8
[INFO] - FOM = 0.19934
[INFO] - feature_size = 40.0
[INFO] - Iter: 160
[INFO] - [1.23934416e-06 1.59962264e-01 8.85229186e-01 5.97290922e-01
 1.60734013e-05]
[INFO] - maxT = 0.36747
[INFO] - lambda_maxT = 1276.1
[INFO] - FWHM_fit = 50.1
[INFO] - FOM = 0.19907
[INFO] - feature_size = 39.9
[INFO] - Iter: 161
[INFO] - [1.23658736e-06 1.60640171e-01 8.86899535e-01 5.98751445e-01
 1.60791517e-05]
[INFO] - maxT = 0.36845
[INFO] - lambda_maxT = 1274.7
[INFO] - FWHM_fit = 50.4
[INFO] - FOM = 0.19932
[INFO] - feature_size = 39.9
[INFO] - Iter: 162
[INFO] - [1.23794490e-06 1.61461842e-01 8.84180317e-01 5.97739669e-01
 1.58931375e-05]
[INFO] - maxT = 0.36753
[INFO] - lambda_maxT = 1274.7
[INFO] - FWHM_fit = 50.4
[INFO] - FOM = 0.19804
[INFO] - feature_size = 40.2
[INFO] - Iter: 163
[INFO] - [1.24804657e-06 1.57343608e-01 8.80742155e-01 5.92801687e-01
 1.61311389e-05]
[INFO] - maxT = 0.36415
[INFO] - lambda_maxT = 1277.5
[INFO] - FWHM_fit = 49.8
[INFO] - FOM = 0.19801
[INFO] - feature_size = 40.0
[INFO] - Iter: 164
[INFO] - [1.24264416e-06 1.59360755e-01 8.83750763e-01 5.96756045e-01
 1.61420585e-05]
[INFO] - maxT = 0.36465
[INFO] - lambda_maxT = 1277.5
[INFO] - FWHM_fit = 49.8
[INFO] - FOM = 0.19892
[INFO] - feature_size = 39.9
[INFO] - Iter: 165
[INFO] - [1.24192889e-06 1.59588824e-01 8.84395306e-01 5.97556035e-01
 1.61725903e-05]
[INFO] - maxT = 0.36204
[INFO] - lambda_maxT = 1276.1
[INFO] - FWHM_fit = 50.2
[INFO] - FOM = 0.19812
[INFO] - feature_size = 39.9
[INFO] - Iter: 166
[INFO] - [1.23760709e-06 1.58168026e-01 8.96038805e-01 5.93728703e-01
 1.62520281e-05]
[INFO] - maxT = 0.36661
[INFO] - lambda_maxT = 1274.7
[INFO] - FWHM_fit = 50.2
[INFO] - FOM = 0.19764
[INFO] - feature_size = 38.2
[INFO] - Iter: 167
[INFO] - [1.24683844e-06 1.59182897e-01 8.76760901e-01 5.95653117e-01
 1.60065396e-05]
[INFO] - maxT = 0.36606
[INFO] - lambda_maxT = 1276.1
[INFO] - FWHM_fit = 49.8
[INFO] - FOM = 0.19796
[INFO] - feature_size = 40.1
[INFO] - Iter: 168
[INFO] - [1.23956525e-06 1.58383302e-01 8.91949553e-01 5.94136912e-01
 1.61999548e-05]
[INFO] - maxT = 0.36780
[INFO] - lambda_maxT = 1276.1
[INFO] - FWHM_fit = 50.1
[INFO] - FOM = 0.19892
[INFO] - feature_size = 39.8
[INFO] - Iter: 169
[INFO] - [1.24556563e-06 1.59042967e-01 8.79418915e-01 5.95387781e-01
 1.60403872e-05]
[INFO] - maxT = 0.36857
[INFO] - lambda_maxT = 1276.1
[INFO] - FWHM_fit = 49.4
[INFO] - FOM = 0.19897
[INFO] - feature_size = 40.1
[INFO] - Iter: 170
[INFO] - [1.23424968e-06 1.62640807e-01 8.85048230e-01 6.02277494e-01
 1.62501879e-05]
[INFO] - maxT = 0.37060
[INFO] - lambda_maxT = 1274.7
[INFO] - FWHM_fit = 50.0
[INFO] - FOM = 0.20068
[INFO] - feature_size = 39.9
[INFO] - Final Parameter: 
[INFO] - [1.24264416e-06 1.59360755e-01 8.83750763e-01 5.96756045e-01
 1.61420585e-05]
[INFO] - Work done: c:\Users\QDG-WS3\Desktop\QDG_Tim\230823_lumapi_try\5d5e\5d5e_1280.0_bw=40.0
